[0.021s] Invoking command in '/home/sparklab/sparklab/gnss-ros_ws/build/realsense2_camera': CMAKE_PREFIX_PATH=/home/sparklab/sparklab/gnss-ros_ws/install/realsense2_camera_msgs:/home/sparklab/sparklab/gnss-ros_ws/install/velodyne:/home/sparklab/sparklab/gnss-ros_ws/install/velodyne_pointcloud:/home/sparklab/sparklab/gnss-ros_ws/install/velodyne_driver:/home/sparklab/sparklab/gnss-ros_ws/install/velodyne_msgs:/home/sparklab/sparklab/gnss-ros_ws/install/velodyne_laserscan:/home/sparklab/sparklab/gnss-ros_ws/install/realsense2_description:/home/sparklab/sparklab/gnss-ros_ws/install/realsense2_camera:/opt/ros/humble LD_LIBRARY_PATH=/home/sparklab/sparklab/gnss-ros_ws/install/realsense2_camera_msgs/lib:/home/sparklab/sparklab/gnss-ros_ws/install/velodyne_pointcloud/lib:/home/sparklab/sparklab/gnss-ros_ws/install/velodyne_driver/lib:/home/sparklab/sparklab/gnss-ros_ws/install/velodyne_msgs/lib:/home/sparklab/sparklab/gnss-ros_ws/install/velodyne_laserscan/lib:/home/sparklab/sparklab/gnss-ros_ws/install/realsense2_camera/lib:/opt/ros/humble/opt/rviz_ogre_vendor/lib:/opt/ros/humble/lib/x86_64-linux-gnu:/opt/ros/humble/lib /usr/bin/cmake --build /home/sparklab/sparklab/gnss-ros_ws/build/realsense2_camera -- -j4 -l4
[0.124s] [  9%] Built target gtest_main
[0.133s] [ 72%] Built target realsense2_camera
[0.141s] [ 81%] Built target gtest
[0.143s] [ 90%] Built target realsense2_camera_node
[0.169s] [100%] Built target gtest_template
[0.182s] Invoked command in '/home/sparklab/sparklab/gnss-ros_ws/build/realsense2_camera' returned '0': CMAKE_PREFIX_PATH=/home/sparklab/sparklab/gnss-ros_ws/install/realsense2_camera_msgs:/home/sparklab/sparklab/gnss-ros_ws/install/velodyne:/home/sparklab/sparklab/gnss-ros_ws/install/velodyne_pointcloud:/home/sparklab/sparklab/gnss-ros_ws/install/velodyne_driver:/home/sparklab/sparklab/gnss-ros_ws/install/velodyne_msgs:/home/sparklab/sparklab/gnss-ros_ws/install/velodyne_laserscan:/home/sparklab/sparklab/gnss-ros_ws/install/realsense2_description:/home/sparklab/sparklab/gnss-ros_ws/install/realsense2_camera:/opt/ros/humble LD_LIBRARY_PATH=/home/sparklab/sparklab/gnss-ros_ws/install/realsense2_camera_msgs/lib:/home/sparklab/sparklab/gnss-ros_ws/install/velodyne_pointcloud/lib:/home/sparklab/sparklab/gnss-ros_ws/install/velodyne_driver/lib:/home/sparklab/sparklab/gnss-ros_ws/install/velodyne_msgs/lib:/home/sparklab/sparklab/gnss-ros_ws/install/velodyne_laserscan/lib:/home/sparklab/sparklab/gnss-ros_ws/install/realsense2_camera/lib:/opt/ros/humble/opt/rviz_ogre_vendor/lib:/opt/ros/humble/lib/x86_64-linux-gnu:/opt/ros/humble/lib /usr/bin/cmake --build /home/sparklab/sparklab/gnss-ros_ws/build/realsense2_camera -- -j4 -l4
[0.192s] Invoking command in '/home/sparklab/sparklab/gnss-ros_ws/build/realsense2_camera': CMAKE_PREFIX_PATH=/home/sparklab/sparklab/gnss-ros_ws/install/realsense2_camera_msgs:/home/sparklab/sparklab/gnss-ros_ws/install/velodyne:/home/sparklab/sparklab/gnss-ros_ws/install/velodyne_pointcloud:/home/sparklab/sparklab/gnss-ros_ws/install/velodyne_driver:/home/sparklab/sparklab/gnss-ros_ws/install/velodyne_msgs:/home/sparklab/sparklab/gnss-ros_ws/install/velodyne_laserscan:/home/sparklab/sparklab/gnss-ros_ws/install/realsense2_description:/home/sparklab/sparklab/gnss-ros_ws/install/realsense2_camera:/opt/ros/humble LD_LIBRARY_PATH=/home/sparklab/sparklab/gnss-ros_ws/install/realsense2_camera_msgs/lib:/home/sparklab/sparklab/gnss-ros_ws/install/velodyne_pointcloud/lib:/home/sparklab/sparklab/gnss-ros_ws/install/velodyne_driver/lib:/home/sparklab/sparklab/gnss-ros_ws/install/velodyne_msgs/lib:/home/sparklab/sparklab/gnss-ros_ws/install/velodyne_laserscan/lib:/home/sparklab/sparklab/gnss-ros_ws/install/realsense2_camera/lib:/opt/ros/humble/opt/rviz_ogre_vendor/lib:/opt/ros/humble/lib/x86_64-linux-gnu:/opt/ros/humble/lib /usr/bin/cmake --install /home/sparklab/sparklab/gnss-ros_ws/build/realsense2_camera
[0.200s] -- Install configuration: "Release"
[0.200s] -- Execute custom install script
[0.201s] -- Up-to-date symlink: /home/sparklab/sparklab/gnss-ros_ws/install/realsense2_camera/lib/realsense2_camera/realsense2_camera_node
[0.201s] -- Up-to-date symlink: /home/sparklab/sparklab/gnss-ros_ws/install/realsense2_camera/lib/librealsense2_camera.so
[0.201s] -- Up-to-date symlink: /home/sparklab/sparklab/gnss-ros_ws/install/realsense2_camera/include/base_realsense_node.h
[0.201s] -- Up-to-date symlink: /home/sparklab/sparklab/gnss-ros_ws/install/realsense2_camera/include/constants.h
[0.202s] -- Up-to-date symlink: /home/sparklab/sparklab/gnss-ros_ws/install/realsense2_camera/include/dynamic_params.h
[0.202s] -- Up-to-date symlink: /home/sparklab/sparklab/gnss-ros_ws/install/realsense2_camera/include/gl_window.h
[0.202s] -- Up-to-date symlink: /home/sparklab/sparklab/gnss-ros_ws/install/realsense2_camera/include/image_publisher.h
[0.202s] -- Up-to-date symlink: /home/sparklab/sparklab/gnss-ros_ws/install/realsense2_camera/include/named_filter.h
[0.202s] -- Up-to-date symlink: /home/sparklab/sparklab/gnss-ros_ws/install/realsense2_camera/include/profile_manager.h
[0.203s] -- Up-to-date symlink: /home/sparklab/sparklab/gnss-ros_ws/install/realsense2_camera/include/realsense_node_factory.h
[0.203s] -- Up-to-date symlink: /home/sparklab/sparklab/gnss-ros_ws/install/realsense2_camera/include/ros_param_backend.h
[0.203s] -- Up-to-date symlink: /home/sparklab/sparklab/gnss-ros_ws/install/realsense2_camera/include/ros_sensor.h
[0.203s] -- Up-to-date symlink: /home/sparklab/sparklab/gnss-ros_ws/install/realsense2_camera/include/ros_utils.h
[0.203s] -- Up-to-date symlink: /home/sparklab/sparklab/gnss-ros_ws/install/realsense2_camera/include/sensor_params.h
[0.204s] -- Up-to-date symlink: /home/sparklab/sparklab/gnss-ros_ws/install/realsense2_camera/share/realsense2_camera/launch/default.rviz
[0.204s] -- Up-to-date symlink: /home/sparklab/sparklab/gnss-ros_ws/install/realsense2_camera/share/realsense2_camera/launch/rs_intra_process_demo_launch.py
[0.204s] -- Up-to-date symlink: /home/sparklab/sparklab/gnss-ros_ws/install/realsense2_camera/share/realsense2_camera/launch/rs_launch.py
[0.204s] -- Up-to-date symlink: /home/sparklab/sparklab/gnss-ros_ws/install/realsense2_camera/share/realsense2_camera/launch/rs_multi_camera_launch.py
[0.205s] -- Up-to-date symlink: /home/sparklab/sparklab/gnss-ros_ws/install/realsense2_camera/share/realsense2_camera/examples/align_depth/README.md
[0.205s] -- Up-to-date symlink: /home/sparklab/sparklab/gnss-ros_ws/install/realsense2_camera/share/realsense2_camera/examples/align_depth/rs_align_depth_launch.py
[0.205s] -- Up-to-date symlink: /home/sparklab/sparklab/gnss-ros_ws/install/realsense2_camera/share/realsense2_camera/examples/dual_camera/README.md
[0.206s] -- Up-to-date symlink: /home/sparklab/sparklab/gnss-ros_ws/install/realsense2_camera/share/realsense2_camera/examples/dual_camera/rs_dual_camera_launch.py
[0.206s] -- Up-to-date symlink: /home/sparklab/sparklab/gnss-ros_ws/install/realsense2_camera/share/realsense2_camera/examples/dual_camera/rviz/dual_camera_pointcloud.rviz
[0.206s] -- Up-to-date symlink: /home/sparklab/sparklab/gnss-ros_ws/install/realsense2_camera/share/realsense2_camera/examples/launch_from_rosbag/README.md
[0.206s] -- Up-to-date symlink: /home/sparklab/sparklab/gnss-ros_ws/install/realsense2_camera/share/realsense2_camera/examples/launch_from_rosbag/rs_launch_from_rosbag.py
[0.206s] -- Up-to-date symlink: /home/sparklab/sparklab/gnss-ros_ws/install/realsense2_camera/share/realsense2_camera/examples/launch_params_from_file/README.md
[0.207s] -- Up-to-date symlink: /home/sparklab/sparklab/gnss-ros_ws/install/realsense2_camera/share/realsense2_camera/examples/launch_params_from_file/config/config.yaml
[0.207s] -- Up-to-date symlink: /home/sparklab/sparklab/gnss-ros_ws/install/realsense2_camera/share/realsense2_camera/examples/launch_params_from_file/rs_launch_get_params_from_yaml.py
[0.207s] -- Up-to-date symlink: /home/sparklab/sparklab/gnss-ros_ws/install/realsense2_camera/share/realsense2_camera/examples/pointcloud/README.md
[0.207s] -- Up-to-date symlink: /home/sparklab/sparklab/gnss-ros_ws/install/realsense2_camera/share/realsense2_camera/examples/pointcloud/rs_d405_pointcloud_launch.py
[0.207s] -- Up-to-date symlink: /home/sparklab/sparklab/gnss-ros_ws/install/realsense2_camera/share/realsense2_camera/examples/pointcloud/rs_d455_pointcloud_launch.py
[0.208s] -- Up-to-date symlink: /home/sparklab/sparklab/gnss-ros_ws/install/realsense2_camera/share/realsense2_camera/examples/pointcloud/rs_pointcloud_launch.py
[0.208s] -- Up-to-date symlink: /home/sparklab/sparklab/gnss-ros_ws/install/realsense2_camera/share/realsense2_camera/examples/pointcloud/rviz/pointcloud.rviz
[0.208s] -- Up-to-date symlink: /home/sparklab/sparklab/gnss-ros_ws/install/realsense2_camera/share/realsense2_camera/examples/pointcloud/rviz/urdf_pointcloud.rviz
[0.208s] -- Up-to-date symlink: /home/sparklab/sparklab/gnss-ros_ws/install/realsense2_camera/share/realsense2_camera/environment/library_path.sh
[0.209s] -- Up-to-date symlink: /home/sparklab/sparklab/gnss-ros_ws/install/realsense2_camera/share/realsense2_camera/environment/library_path.dsv
[0.209s] -- Up-to-date symlink: /home/sparklab/sparklab/gnss-ros_ws/install/realsense2_camera/share/ament_index/resource_index/package_run_dependencies/realsense2_camera
[0.209s] -- Up-to-date symlink: /home/sparklab/sparklab/gnss-ros_ws/install/realsense2_camera/share/ament_index/resource_index/parent_prefix_path/realsense2_camera
[0.209s] -- Up-to-date symlink: /home/sparklab/sparklab/gnss-ros_ws/install/realsense2_camera/share/realsense2_camera/environment/ament_prefix_path.sh
[0.210s] -- Up-to-date symlink: /home/sparklab/sparklab/gnss-ros_ws/install/realsense2_camera/share/realsense2_camera/environment/ament_prefix_path.dsv
[0.210s] -- Up-to-date symlink: /home/sparklab/sparklab/gnss-ros_ws/install/realsense2_camera/share/realsense2_camera/environment/path.sh
[0.210s] -- Up-to-date symlink: /home/sparklab/sparklab/gnss-ros_ws/install/realsense2_camera/share/realsense2_camera/environment/path.dsv
[0.210s] -- Up-to-date symlink: /home/sparklab/sparklab/gnss-ros_ws/install/realsense2_camera/share/realsense2_camera/local_setup.bash
[0.211s] -- Up-to-date symlink: /home/sparklab/sparklab/gnss-ros_ws/install/realsense2_camera/share/realsense2_camera/local_setup.sh
[0.211s] -- Up-to-date symlink: /home/sparklab/sparklab/gnss-ros_ws/install/realsense2_camera/share/realsense2_camera/local_setup.zsh
[0.211s] -- Up-to-date symlink: /home/sparklab/sparklab/gnss-ros_ws/install/realsense2_camera/share/realsense2_camera/local_setup.dsv
[0.211s] -- Symlinking: /home/sparklab/sparklab/gnss-ros_ws/install/realsense2_camera/share/realsense2_camera/package.dsv
[0.220s] -- Up-to-date symlink: /home/sparklab/sparklab/gnss-ros_ws/install/realsense2_camera/share/ament_index/resource_index/packages/realsense2_camera
[0.221s] -- Up-to-date symlink: /home/sparklab/sparklab/gnss-ros_ws/install/realsense2_camera/share/ament_index/resource_index/rclcpp_components/realsense2_camera
[0.221s] -- Up-to-date symlink: /home/sparklab/sparklab/gnss-ros_ws/install/realsense2_camera/share/realsense2_camera/cmake/ament_cmake_export_include_directories-extras.cmake
[0.221s] -- Up-to-date symlink: /home/sparklab/sparklab/gnss-ros_ws/install/realsense2_camera/share/realsense2_camera/cmake/ament_cmake_export_libraries-extras.cmake
[0.221s] -- Up-to-date symlink: /home/sparklab/sparklab/gnss-ros_ws/install/realsense2_camera/share/realsense2_camera/cmake/ament_cmake_export_dependencies-extras.cmake
[0.222s] -- Up-to-date symlink: /home/sparklab/sparklab/gnss-ros_ws/install/realsense2_camera/share/realsense2_camera/cmake/realsense2_cameraConfig.cmake
[0.222s] -- Up-to-date symlink: /home/sparklab/sparklab/gnss-ros_ws/install/realsense2_camera/share/realsense2_camera/cmake/realsense2_cameraConfig-version.cmake
[0.222s] -- Up-to-date symlink: /home/sparklab/sparklab/gnss-ros_ws/install/realsense2_camera/share/realsense2_camera/package.xml
[0.225s] Invoked command in '/home/sparklab/sparklab/gnss-ros_ws/build/realsense2_camera' returned '0': CMAKE_PREFIX_PATH=/home/sparklab/sparklab/gnss-ros_ws/install/realsense2_camera_msgs:/home/sparklab/sparklab/gnss-ros_ws/install/velodyne:/home/sparklab/sparklab/gnss-ros_ws/install/velodyne_pointcloud:/home/sparklab/sparklab/gnss-ros_ws/install/velodyne_driver:/home/sparklab/sparklab/gnss-ros_ws/install/velodyne_msgs:/home/sparklab/sparklab/gnss-ros_ws/install/velodyne_laserscan:/home/sparklab/sparklab/gnss-ros_ws/install/realsense2_description:/home/sparklab/sparklab/gnss-ros_ws/install/realsense2_camera:/opt/ros/humble LD_LIBRARY_PATH=/home/sparklab/sparklab/gnss-ros_ws/install/realsense2_camera_msgs/lib:/home/sparklab/sparklab/gnss-ros_ws/install/velodyne_pointcloud/lib:/home/sparklab/sparklab/gnss-ros_ws/install/velodyne_driver/lib:/home/sparklab/sparklab/gnss-ros_ws/install/velodyne_msgs/lib:/home/sparklab/sparklab/gnss-ros_ws/install/velodyne_laserscan/lib:/home/sparklab/sparklab/gnss-ros_ws/install/realsense2_camera/lib:/opt/ros/humble/opt/rviz_ogre_vendor/lib:/opt/ros/humble/lib/x86_64-linux-gnu:/opt/ros/humble/lib /usr/bin/cmake --install /home/sparklab/sparklab/gnss-ros_ws/build/realsense2_camera
