[0.020s] Invoking command in '/home/sparklab/sparklab/gnss-ros_ws/build/realsense2_camera_msgs': CMAKE_PREFIX_PATH=/opt/ros/humble /usr/bin/cmake --build /home/sparklab/sparklab/gnss-ros_ws/build/realsense2_camera_msgs -- -j4 -l4
[0.058s] [35m[1mConsolidate compiler generated dependencies of target realsense2_camera_msgs__rosidl_generator_c[0m
[0.066s] [  1%] Built target realsense2_camera_msgs__cpp
[0.070s] [ 12%] Built target realsense2_camera_msgs__rosidl_generator_c
[0.072s] [ 12%] Built target ament_cmake_python_symlink_realsense2_camera_msgs
[0.078s] [35m[1mConsolidate compiler generated dependencies of target realsense2_camera_msgs__rosidl_typesupport_cpp[0m
[0.082s] [35m[1mConsolidate compiler generated dependencies of target realsense2_camera_msgs__rosidl_typesupport_fastrtps_cpp[0m
[0.089s] [35m[1mConsolidate compiler generated dependencies of target realsense2_camera_msgs__rosidl_typesupport_introspection_cpp[0m
[0.090s] [35m[1mConsolidate compiler generated dependencies of target realsense2_camera_msgs__rosidl_typesupport_fastrtps_c[0m
[0.100s] [ 30%] Built target realsense2_camera_msgs__rosidl_typesupport_fastrtps_cpp
[0.100s] [ 34%] Built target realsense2_camera_msgs__rosidl_typesupport_cpp
[0.106s] [ 46%] Built target realsense2_camera_msgs__rosidl_typesupport_introspection_cpp
[0.107s] [ 57%] Built target realsense2_camera_msgs__rosidl_typesupport_fastrtps_c
[0.112s] [35m[1mConsolidate compiler generated dependencies of target realsense2_camera_msgs__rosidl_typesupport_c[0m
[0.113s] [35m[1mConsolidate compiler generated dependencies of target realsense2_camera_msgs__rosidl_typesupport_introspection_c[0m
[0.123s] [ 68%] Built target realsense2_camera_msgs__rosidl_typesupport_c
[0.126s] [ 79%] Built target realsense2_camera_msgs__rosidl_typesupport_introspection_c
[0.144s] [ 79%] Built target realsense2_camera_msgs
[0.163s] [ 80%] Built target realsense2_camera_msgs__py
[0.173s] [35m[1mConsolidate compiler generated dependencies of target realsense2_camera_msgs__rosidl_generator_py[0m
[0.189s] [ 90%] Built target realsense2_camera_msgs__rosidl_generator_py
[0.199s] [35m[1mConsolidate compiler generated dependencies of target realsense2_camera_msgs__rosidl_typesupport_fastrtps_c__pyext[0m
[0.200s] [35m[1mConsolidate compiler generated dependencies of target realsense2_camera_msgs__rosidl_typesupport_c__pyext[0m
[0.201s] [35m[1mConsolidate compiler generated dependencies of target realsense2_camera_msgs__rosidl_typesupport_introspection_c__pyext[0m
[0.215s] [ 93%] Built target realsense2_camera_msgs__rosidl_typesupport_introspection_c__pyext
[0.215s] [ 96%] Built target realsense2_camera_msgs__rosidl_typesupport_c__pyext
[0.218s] [100%] Built target realsense2_camera_msgs__rosidl_typesupport_fastrtps_c__pyext
[0.340s] running egg_info
[0.340s] writing realsense2_camera_msgs.egg-info/PKG-INFO
[0.340s] writing dependency_links to realsense2_camera_msgs.egg-info/dependency_links.txt
[0.341s] writing top-level names to realsense2_camera_msgs.egg-info/top_level.txt
[0.343s] reading manifest file 'realsense2_camera_msgs.egg-info/SOURCES.txt'
[0.343s] writing manifest file 'realsense2_camera_msgs.egg-info/SOURCES.txt'
[0.367s] [100%] Built target ament_cmake_python_build_realsense2_camera_msgs_egg
[0.377s] Invoked command in '/home/sparklab/sparklab/gnss-ros_ws/build/realsense2_camera_msgs' returned '0': CMAKE_PREFIX_PATH=/opt/ros/humble /usr/bin/cmake --build /home/sparklab/sparklab/gnss-ros_ws/build/realsense2_camera_msgs -- -j4 -l4
[0.386s] Invoking command in '/home/sparklab/sparklab/gnss-ros_ws/build/realsense2_camera_msgs': CMAKE_PREFIX_PATH=/opt/ros/humble /usr/bin/cmake --install /home/sparklab/sparklab/gnss-ros_ws/build/realsense2_camera_msgs
[0.393s] -- Install configuration: ""
[0.393s] -- Execute custom install script
[0.393s] -- Up-to-date symlink: /home/sparklab/sparklab/gnss-ros_ws/install/realsense2_camera_msgs/share/ament_index/resource_index/rosidl_interfaces/realsense2_camera_msgs
[0.394s] -- Up-to-date symlink: /home/sparklab/sparklab/gnss-ros_ws/install/realsense2_camera_msgs/include/realsense2_camera_msgs/realsense2_camera_msgs/msg/detail/extrinsics__functions.h
[0.394s] -- Up-to-date symlink: /home/sparklab/sparklab/gnss-ros_ws/install/realsense2_camera_msgs/include/realsense2_camera_msgs/realsense2_camera_msgs/msg/detail/extrinsics__struct.h
[0.394s] -- Up-to-date symlink: /home/sparklab/sparklab/gnss-ros_ws/install/realsense2_camera_msgs/include/realsense2_camera_msgs/realsense2_camera_msgs/msg/detail/extrinsics__type_support.h
[0.395s] -- Up-to-date symlink: /home/sparklab/sparklab/gnss-ros_ws/install/realsense2_camera_msgs/include/realsense2_camera_msgs/realsense2_camera_msgs/msg/detail/imu_info__functions.h
[0.395s] -- Up-to-date symlink: /home/sparklab/sparklab/gnss-ros_ws/install/realsense2_camera_msgs/include/realsense2_camera_msgs/realsense2_camera_msgs/msg/detail/imu_info__struct.h
[0.395s] -- Up-to-date symlink: /home/sparklab/sparklab/gnss-ros_ws/install/realsense2_camera_msgs/include/realsense2_camera_msgs/realsense2_camera_msgs/msg/detail/imu_info__type_support.h
[0.395s] -- Up-to-date symlink: /home/sparklab/sparklab/gnss-ros_ws/install/realsense2_camera_msgs/include/realsense2_camera_msgs/realsense2_camera_msgs/msg/detail/metadata__functions.h
[0.395s] -- Up-to-date symlink: /home/sparklab/sparklab/gnss-ros_ws/install/realsense2_camera_msgs/include/realsense2_camera_msgs/realsense2_camera_msgs/msg/detail/metadata__struct.h
[0.395s] -- Up-to-date symlink: /home/sparklab/sparklab/gnss-ros_ws/install/realsense2_camera_msgs/include/realsense2_camera_msgs/realsense2_camera_msgs/msg/detail/metadata__type_support.h
[0.395s] -- Up-to-date symlink: /home/sparklab/sparklab/gnss-ros_ws/install/realsense2_camera_msgs/include/realsense2_camera_msgs/realsense2_camera_msgs/msg/detail/rgbd__functions.h
[0.396s] -- Up-to-date symlink: /home/sparklab/sparklab/gnss-ros_ws/install/realsense2_camera_msgs/include/realsense2_camera_msgs/realsense2_camera_msgs/msg/detail/rgbd__struct.h
[0.396s] -- Up-to-date symlink: /home/sparklab/sparklab/gnss-ros_ws/install/realsense2_camera_msgs/include/realsense2_camera_msgs/realsense2_camera_msgs/msg/detail/rgbd__type_support.h
[0.396s] -- Up-to-date symlink: /home/sparklab/sparklab/gnss-ros_ws/install/realsense2_camera_msgs/include/realsense2_camera_msgs/realsense2_camera_msgs/msg/extrinsics.h
[0.396s] -- Up-to-date symlink: /home/sparklab/sparklab/gnss-ros_ws/install/realsense2_camera_msgs/include/realsense2_camera_msgs/realsense2_camera_msgs/msg/imu_info.h
[0.396s] -- Up-to-date symlink: /home/sparklab/sparklab/gnss-ros_ws/install/realsense2_camera_msgs/include/realsense2_camera_msgs/realsense2_camera_msgs/msg/metadata.h
[0.396s] -- Up-to-date symlink: /home/sparklab/sparklab/gnss-ros_ws/install/realsense2_camera_msgs/include/realsense2_camera_msgs/realsense2_camera_msgs/msg/rgbd.h
[0.396s] -- Up-to-date symlink: /home/sparklab/sparklab/gnss-ros_ws/install/realsense2_camera_msgs/include/realsense2_camera_msgs/realsense2_camera_msgs/msg/rosidl_generator_c__visibility_control.h
[0.396s] -- Up-to-date symlink: /home/sparklab/sparklab/gnss-ros_ws/install/realsense2_camera_msgs/include/realsense2_camera_msgs/realsense2_camera_msgs/srv/detail/device_info__functions.h
[0.397s] -- Up-to-date symlink: /home/sparklab/sparklab/gnss-ros_ws/install/realsense2_camera_msgs/include/realsense2_camera_msgs/realsense2_camera_msgs/srv/detail/device_info__struct.h
[0.397s] -- Up-to-date symlink: /home/sparklab/sparklab/gnss-ros_ws/install/realsense2_camera_msgs/include/realsense2_camera_msgs/realsense2_camera_msgs/srv/detail/device_info__type_support.h
[0.397s] -- Up-to-date symlink: /home/sparklab/sparklab/gnss-ros_ws/install/realsense2_camera_msgs/include/realsense2_camera_msgs/realsense2_camera_msgs/srv/device_info.h
[0.397s] -- Up-to-date symlink: /home/sparklab/sparklab/gnss-ros_ws/install/realsense2_camera_msgs/share/realsense2_camera_msgs/environment/library_path.sh
[0.397s] -- Up-to-date symlink: /home/sparklab/sparklab/gnss-ros_ws/install/realsense2_camera_msgs/share/realsense2_camera_msgs/environment/library_path.dsv
[0.398s] -- Up-to-date symlink: /home/sparklab/sparklab/gnss-ros_ws/install/realsense2_camera_msgs/include/realsense2_camera_msgs/realsense2_camera_msgs/msg/detail/extrinsics__rosidl_typesupport_fastrtps_c.h
[0.398s] -- Up-to-date symlink: /home/sparklab/sparklab/gnss-ros_ws/install/realsense2_camera_msgs/include/realsense2_camera_msgs/realsense2_camera_msgs/msg/detail/imu_info__rosidl_typesupport_fastrtps_c.h
[0.398s] -- Up-to-date symlink: /home/sparklab/sparklab/gnss-ros_ws/install/realsense2_camera_msgs/include/realsense2_camera_msgs/realsense2_camera_msgs/msg/detail/metadata__rosidl_typesupport_fastrtps_c.h
[0.399s] -- Up-to-date symlink: /home/sparklab/sparklab/gnss-ros_ws/install/realsense2_camera_msgs/include/realsense2_camera_msgs/realsense2_camera_msgs/msg/detail/rgbd__rosidl_typesupport_fastrtps_c.h
[0.399s] -- Up-to-date symlink: /home/sparklab/sparklab/gnss-ros_ws/install/realsense2_camera_msgs/include/realsense2_camera_msgs/realsense2_camera_msgs/msg/rosidl_typesupport_fastrtps_c__visibility_control.h
[0.399s] -- Up-to-date symlink: /home/sparklab/sparklab/gnss-ros_ws/install/realsense2_camera_msgs/include/realsense2_camera_msgs/realsense2_camera_msgs/srv/detail/device_info__rosidl_typesupport_fastrtps_c.h
[0.399s] -- Up-to-date symlink: /home/sparklab/sparklab/gnss-ros_ws/install/realsense2_camera_msgs/include/realsense2_camera_msgs/realsense2_camera_msgs/msg/detail/extrinsics__rosidl_typesupport_introspection_c.h
[0.399s] -- Up-to-date symlink: /home/sparklab/sparklab/gnss-ros_ws/install/realsense2_camera_msgs/include/realsense2_camera_msgs/realsense2_camera_msgs/msg/detail/imu_info__rosidl_typesupport_introspection_c.h
[0.400s] -- Up-to-date symlink: /home/sparklab/sparklab/gnss-ros_ws/install/realsense2_camera_msgs/include/realsense2_camera_msgs/realsense2_camera_msgs/msg/detail/metadata__rosidl_typesupport_introspection_c.h
[0.400s] -- Up-to-date symlink: /home/sparklab/sparklab/gnss-ros_ws/install/realsense2_camera_msgs/include/realsense2_camera_msgs/realsense2_camera_msgs/msg/detail/rgbd__rosidl_typesupport_introspection_c.h
[0.400s] -- Up-to-date symlink: /home/sparklab/sparklab/gnss-ros_ws/install/realsense2_camera_msgs/include/realsense2_camera_msgs/realsense2_camera_msgs/msg/rosidl_typesupport_introspection_c__visibility_control.h
[0.400s] -- Up-to-date symlink: /home/sparklab/sparklab/gnss-ros_ws/install/realsense2_camera_msgs/include/realsense2_camera_msgs/realsense2_camera_msgs/srv/detail/device_info__rosidl_typesupport_introspection_c.h
[0.401s] -- Up-to-date symlink: /home/sparklab/sparklab/gnss-ros_ws/install/realsense2_camera_msgs/include/realsense2_camera_msgs/realsense2_camera_msgs/msg/detail/extrinsics__builder.hpp
[0.401s] -- Up-to-date symlink: /home/sparklab/sparklab/gnss-ros_ws/install/realsense2_camera_msgs/include/realsense2_camera_msgs/realsense2_camera_msgs/msg/detail/extrinsics__struct.hpp
[0.401s] -- Up-to-date symlink: /home/sparklab/sparklab/gnss-ros_ws/install/realsense2_camera_msgs/include/realsense2_camera_msgs/realsense2_camera_msgs/msg/detail/extrinsics__traits.hpp
[0.401s] -- Up-to-date symlink: /home/sparklab/sparklab/gnss-ros_ws/install/realsense2_camera_msgs/include/realsense2_camera_msgs/realsense2_camera_msgs/msg/detail/extrinsics__type_support.hpp
[0.401s] -- Up-to-date symlink: /home/sparklab/sparklab/gnss-ros_ws/install/realsense2_camera_msgs/include/realsense2_camera_msgs/realsense2_camera_msgs/msg/detail/imu_info__builder.hpp
[0.401s] -- Up-to-date symlink: /home/sparklab/sparklab/gnss-ros_ws/install/realsense2_camera_msgs/include/realsense2_camera_msgs/realsense2_camera_msgs/msg/detail/imu_info__struct.hpp
[0.402s] -- Up-to-date symlink: /home/sparklab/sparklab/gnss-ros_ws/install/realsense2_camera_msgs/include/realsense2_camera_msgs/realsense2_camera_msgs/msg/detail/imu_info__traits.hpp
[0.402s] -- Up-to-date symlink: /home/sparklab/sparklab/gnss-ros_ws/install/realsense2_camera_msgs/include/realsense2_camera_msgs/realsense2_camera_msgs/msg/detail/imu_info__type_support.hpp
[0.402s] -- Up-to-date symlink: /home/sparklab/sparklab/gnss-ros_ws/install/realsense2_camera_msgs/include/realsense2_camera_msgs/realsense2_camera_msgs/msg/detail/metadata__builder.hpp
[0.402s] -- Up-to-date symlink: /home/sparklab/sparklab/gnss-ros_ws/install/realsense2_camera_msgs/include/realsense2_camera_msgs/realsense2_camera_msgs/msg/detail/metadata__struct.hpp
[0.402s] -- Up-to-date symlink: /home/sparklab/sparklab/gnss-ros_ws/install/realsense2_camera_msgs/include/realsense2_camera_msgs/realsense2_camera_msgs/msg/detail/metadata__traits.hpp
[0.402s] -- Up-to-date symlink: /home/sparklab/sparklab/gnss-ros_ws/install/realsense2_camera_msgs/include/realsense2_camera_msgs/realsense2_camera_msgs/msg/detail/metadata__type_support.hpp
[0.402s] -- Up-to-date symlink: /home/sparklab/sparklab/gnss-ros_ws/install/realsense2_camera_msgs/include/realsense2_camera_msgs/realsense2_camera_msgs/msg/detail/rgbd__builder.hpp
[0.403s] -- Up-to-date symlink: /home/sparklab/sparklab/gnss-ros_ws/install/realsense2_camera_msgs/include/realsense2_camera_msgs/realsense2_camera_msgs/msg/detail/rgbd__struct.hpp
[0.403s] -- Up-to-date symlink: /home/sparklab/sparklab/gnss-ros_ws/install/realsense2_camera_msgs/include/realsense2_camera_msgs/realsense2_camera_msgs/msg/detail/rgbd__traits.hpp
[0.403s] -- Up-to-date symlink: /home/sparklab/sparklab/gnss-ros_ws/install/realsense2_camera_msgs/include/realsense2_camera_msgs/realsense2_camera_msgs/msg/detail/rgbd__type_support.hpp
[0.403s] -- Up-to-date symlink: /home/sparklab/sparklab/gnss-ros_ws/install/realsense2_camera_msgs/include/realsense2_camera_msgs/realsense2_camera_msgs/msg/extrinsics.hpp
[0.403s] -- Up-to-date symlink: /home/sparklab/sparklab/gnss-ros_ws/install/realsense2_camera_msgs/include/realsense2_camera_msgs/realsense2_camera_msgs/msg/imu_info.hpp
[0.403s] -- Up-to-date symlink: /home/sparklab/sparklab/gnss-ros_ws/install/realsense2_camera_msgs/include/realsense2_camera_msgs/realsense2_camera_msgs/msg/metadata.hpp
[0.403s] -- Up-to-date symlink: /home/sparklab/sparklab/gnss-ros_ws/install/realsense2_camera_msgs/include/realsense2_camera_msgs/realsense2_camera_msgs/msg/rgbd.hpp
[0.404s] -- Up-to-date symlink: /home/sparklab/sparklab/gnss-ros_ws/install/realsense2_camera_msgs/include/realsense2_camera_msgs/realsense2_camera_msgs/msg/rosidl_generator_cpp__visibility_control.hpp
[0.404s] -- Up-to-date symlink: /home/sparklab/sparklab/gnss-ros_ws/install/realsense2_camera_msgs/include/realsense2_camera_msgs/realsense2_camera_msgs/srv/detail/device_info__builder.hpp
[0.404s] -- Up-to-date symlink: /home/sparklab/sparklab/gnss-ros_ws/install/realsense2_camera_msgs/include/realsense2_camera_msgs/realsense2_camera_msgs/srv/detail/device_info__struct.hpp
[0.404s] -- Up-to-date symlink: /home/sparklab/sparklab/gnss-ros_ws/install/realsense2_camera_msgs/include/realsense2_camera_msgs/realsense2_camera_msgs/srv/detail/device_info__traits.hpp
[0.404s] -- Up-to-date symlink: /home/sparklab/sparklab/gnss-ros_ws/install/realsense2_camera_msgs/include/realsense2_camera_msgs/realsense2_camera_msgs/srv/detail/device_info__type_support.hpp
[0.404s] -- Up-to-date symlink: /home/sparklab/sparklab/gnss-ros_ws/install/realsense2_camera_msgs/include/realsense2_camera_msgs/realsense2_camera_msgs/srv/device_info.hpp
[0.405s] -- Up-to-date symlink: /home/sparklab/sparklab/gnss-ros_ws/install/realsense2_camera_msgs/include/realsense2_camera_msgs/realsense2_camera_msgs/msg/detail/extrinsics__rosidl_typesupport_fastrtps_cpp.hpp
[0.405s] -- Up-to-date symlink: /home/sparklab/sparklab/gnss-ros_ws/install/realsense2_camera_msgs/include/realsense2_camera_msgs/realsense2_camera_msgs/msg/detail/imu_info__rosidl_typesupport_fastrtps_cpp.hpp
[0.405s] -- Up-to-date symlink: /home/sparklab/sparklab/gnss-ros_ws/install/realsense2_camera_msgs/include/realsense2_camera_msgs/realsense2_camera_msgs/msg/detail/metadata__rosidl_typesupport_fastrtps_cpp.hpp
[0.406s] -- Up-to-date symlink: /home/sparklab/sparklab/gnss-ros_ws/install/realsense2_camera_msgs/include/realsense2_camera_msgs/realsense2_camera_msgs/msg/detail/rgbd__rosidl_typesupport_fastrtps_cpp.hpp
[0.406s] -- Up-to-date symlink: /home/sparklab/sparklab/gnss-ros_ws/install/realsense2_camera_msgs/include/realsense2_camera_msgs/realsense2_camera_msgs/msg/rosidl_typesupport_fastrtps_cpp__visibility_control.h
[0.406s] -- Up-to-date symlink: /home/sparklab/sparklab/gnss-ros_ws/install/realsense2_camera_msgs/include/realsense2_camera_msgs/realsense2_camera_msgs/srv/detail/device_info__rosidl_typesupport_fastrtps_cpp.hpp
[0.406s] -- Up-to-date symlink: /home/sparklab/sparklab/gnss-ros_ws/install/realsense2_camera_msgs/include/realsense2_camera_msgs/realsense2_camera_msgs/msg/detail/extrinsics__rosidl_typesupport_introspection_cpp.hpp
[0.406s] -- Up-to-date symlink: /home/sparklab/sparklab/gnss-ros_ws/install/realsense2_camera_msgs/include/realsense2_camera_msgs/realsense2_camera_msgs/msg/detail/imu_info__rosidl_typesupport_introspection_cpp.hpp
[0.407s] -- Up-to-date symlink: /home/sparklab/sparklab/gnss-ros_ws/install/realsense2_camera_msgs/include/realsense2_camera_msgs/realsense2_camera_msgs/msg/detail/metadata__rosidl_typesupport_introspection_cpp.hpp
[0.407s] -- Up-to-date symlink: /home/sparklab/sparklab/gnss-ros_ws/install/realsense2_camera_msgs/include/realsense2_camera_msgs/realsense2_camera_msgs/msg/detail/rgbd__rosidl_typesupport_introspection_cpp.hpp
[0.407s] -- Up-to-date symlink: /home/sparklab/sparklab/gnss-ros_ws/install/realsense2_camera_msgs/include/realsense2_camera_msgs/realsense2_camera_msgs/srv/detail/device_info__rosidl_typesupport_introspection_cpp.hpp
[0.407s] -- Up-to-date symlink: /home/sparklab/sparklab/gnss-ros_ws/install/realsense2_camera_msgs/share/realsense2_camera_msgs/environment/pythonpath.sh
[0.407s] -- Up-to-date symlink: /home/sparklab/sparklab/gnss-ros_ws/install/realsense2_camera_msgs/share/realsense2_camera_msgs/environment/pythonpath.dsv
[0.408s] -- Up-to-date symlink: /home/sparklab/sparklab/gnss-ros_ws/install/realsense2_camera_msgs/local/lib/python3.10/dist-packages/realsense2_camera_msgs-4.55.1-py3.10.egg-info/PKG-INFO
[0.408s] -- Up-to-date symlink: /home/sparklab/sparklab/gnss-ros_ws/install/realsense2_camera_msgs/local/lib/python3.10/dist-packages/realsense2_camera_msgs-4.55.1-py3.10.egg-info/SOURCES.txt
[0.408s] -- Up-to-date symlink: /home/sparklab/sparklab/gnss-ros_ws/install/realsense2_camera_msgs/local/lib/python3.10/dist-packages/realsense2_camera_msgs-4.55.1-py3.10.egg-info/dependency_links.txt
[0.408s] -- Up-to-date symlink: /home/sparklab/sparklab/gnss-ros_ws/install/realsense2_camera_msgs/local/lib/python3.10/dist-packages/realsense2_camera_msgs-4.55.1-py3.10.egg-info/top_level.txt
[0.409s] -- Up-to-date symlink: /home/sparklab/sparklab/gnss-ros_ws/install/realsense2_camera_msgs/local/lib/python3.10/dist-packages/realsense2_camera_msgs/__init__.py
[0.409s] -- Up-to-date symlink: /home/sparklab/sparklab/gnss-ros_ws/install/realsense2_camera_msgs/local/lib/python3.10/dist-packages/realsense2_camera_msgs/_realsense2_camera_msgs_s.ep.rosidl_typesupport_c.c
[0.409s] -- Up-to-date symlink: /home/sparklab/sparklab/gnss-ros_ws/install/realsense2_camera_msgs/local/lib/python3.10/dist-packages/realsense2_camera_msgs/_realsense2_camera_msgs_s.ep.rosidl_typesupport_fastrtps_c.c
[0.409s] -- Up-to-date symlink: /home/sparklab/sparklab/gnss-ros_ws/install/realsense2_camera_msgs/local/lib/python3.10/dist-packages/realsense2_camera_msgs/_realsense2_camera_msgs_s.ep.rosidl_typesupport_introspection_c.c
[0.410s] -- Up-to-date symlink: /home/sparklab/sparklab/gnss-ros_ws/install/realsense2_camera_msgs/local/lib/python3.10/dist-packages/realsense2_camera_msgs/librealsense2_camera_msgs__rosidl_generator_py.so
[0.410s] -- Up-to-date symlink: /home/sparklab/sparklab/gnss-ros_ws/install/realsense2_camera_msgs/local/lib/python3.10/dist-packages/realsense2_camera_msgs/msg/__init__.py
[0.410s] -- Up-to-date symlink: /home/sparklab/sparklab/gnss-ros_ws/install/realsense2_camera_msgs/local/lib/python3.10/dist-packages/realsense2_camera_msgs/msg/_extrinsics.py
[0.410s] -- Up-to-date symlink: /home/sparklab/sparklab/gnss-ros_ws/install/realsense2_camera_msgs/local/lib/python3.10/dist-packages/realsense2_camera_msgs/msg/_extrinsics_s.c
[0.410s] -- Up-to-date symlink: /home/sparklab/sparklab/gnss-ros_ws/install/realsense2_camera_msgs/local/lib/python3.10/dist-packages/realsense2_camera_msgs/msg/_imu_info.py
[0.410s] -- Up-to-date symlink: /home/sparklab/sparklab/gnss-ros_ws/install/realsense2_camera_msgs/local/lib/python3.10/dist-packages/realsense2_camera_msgs/msg/_imu_info_s.c
[0.410s] -- Up-to-date symlink: /home/sparklab/sparklab/gnss-ros_ws/install/realsense2_camera_msgs/local/lib/python3.10/dist-packages/realsense2_camera_msgs/msg/_metadata.py
[0.411s] -- Up-to-date symlink: /home/sparklab/sparklab/gnss-ros_ws/install/realsense2_camera_msgs/local/lib/python3.10/dist-packages/realsense2_camera_msgs/msg/_metadata_s.c
[0.411s] -- Up-to-date symlink: /home/sparklab/sparklab/gnss-ros_ws/install/realsense2_camera_msgs/local/lib/python3.10/dist-packages/realsense2_camera_msgs/msg/_rgbd.py
[0.411s] -- Up-to-date symlink: /home/sparklab/sparklab/gnss-ros_ws/install/realsense2_camera_msgs/local/lib/python3.10/dist-packages/realsense2_camera_msgs/msg/_rgbd_s.c
[0.411s] -- Up-to-date symlink: /home/sparklab/sparklab/gnss-ros_ws/install/realsense2_camera_msgs/local/lib/python3.10/dist-packages/realsense2_camera_msgs/realsense2_camera_msgs_s__rosidl_typesupport_c.cpython-310-x86_64-linux-gnu.so
[0.411s] -- Up-to-date symlink: /home/sparklab/sparklab/gnss-ros_ws/install/realsense2_camera_msgs/local/lib/python3.10/dist-packages/realsense2_camera_msgs/realsense2_camera_msgs_s__rosidl_typesupport_fastrtps_c.cpython-310-x86_64-linux-gnu.so
[0.411s] -- Up-to-date symlink: /home/sparklab/sparklab/gnss-ros_ws/install/realsense2_camera_msgs/local/lib/python3.10/dist-packages/realsense2_camera_msgs/realsense2_camera_msgs_s__rosidl_typesupport_introspection_c.cpython-310-x86_64-linux-gnu.so
[0.411s] -- Up-to-date symlink: /home/sparklab/sparklab/gnss-ros_ws/install/realsense2_camera_msgs/local/lib/python3.10/dist-packages/realsense2_camera_msgs/srv/__init__.py
[0.412s] -- Up-to-date symlink: /home/sparklab/sparklab/gnss-ros_ws/install/realsense2_camera_msgs/local/lib/python3.10/dist-packages/realsense2_camera_msgs/srv/_device_info.py
[0.412s] -- Up-to-date symlink: /home/sparklab/sparklab/gnss-ros_ws/install/realsense2_camera_msgs/local/lib/python3.10/dist-packages/realsense2_camera_msgs/srv/_device_info_s.c
[0.412s] -- Up-to-date symlink: /home/sparklab/sparklab/gnss-ros_ws/install/realsense2_camera_msgs/local/lib/python3.10/dist-packages/realsense2_camera_msgs/realsense2_camera_msgs_s__rosidl_typesupport_fastrtps_c.cpython-310-x86_64-linux-gnu.so
[0.412s] -- Up-to-date symlink: /home/sparklab/sparklab/gnss-ros_ws/install/realsense2_camera_msgs/local/lib/python3.10/dist-packages/realsense2_camera_msgs/realsense2_camera_msgs_s__rosidl_typesupport_introspection_c.cpython-310-x86_64-linux-gnu.so
[0.413s] -- Up-to-date symlink: /home/sparklab/sparklab/gnss-ros_ws/install/realsense2_camera_msgs/local/lib/python3.10/dist-packages/realsense2_camera_msgs/realsense2_camera_msgs_s__rosidl_typesupport_c.cpython-310-x86_64-linux-gnu.so
[0.413s] -- Up-to-date symlink: /home/sparklab/sparklab/gnss-ros_ws/install/realsense2_camera_msgs/share/realsense2_camera_msgs/msg/IMUInfo.idl
[0.413s] -- Up-to-date symlink: /home/sparklab/sparklab/gnss-ros_ws/install/realsense2_camera_msgs/share/realsense2_camera_msgs/msg/Extrinsics.idl
[0.413s] -- Up-to-date symlink: /home/sparklab/sparklab/gnss-ros_ws/install/realsense2_camera_msgs/share/realsense2_camera_msgs/msg/Metadata.idl
[0.413s] -- Up-to-date symlink: /home/sparklab/sparklab/gnss-ros_ws/install/realsense2_camera_msgs/share/realsense2_camera_msgs/msg/RGBD.idl
[0.414s] -- Up-to-date symlink: /home/sparklab/sparklab/gnss-ros_ws/install/realsense2_camera_msgs/share/realsense2_camera_msgs/srv/DeviceInfo.idl
[0.414s] -- Up-to-date symlink: /home/sparklab/sparklab/gnss-ros_ws/install/realsense2_camera_msgs/share/realsense2_camera_msgs/msg/IMUInfo.msg
[0.414s] -- Up-to-date symlink: /home/sparklab/sparklab/gnss-ros_ws/install/realsense2_camera_msgs/share/realsense2_camera_msgs/msg/Extrinsics.msg
[0.414s] -- Up-to-date symlink: /home/sparklab/sparklab/gnss-ros_ws/install/realsense2_camera_msgs/share/realsense2_camera_msgs/msg/Metadata.msg
[0.414s] -- Up-to-date symlink: /home/sparklab/sparklab/gnss-ros_ws/install/realsense2_camera_msgs/share/realsense2_camera_msgs/msg/RGBD.msg
[0.414s] -- Up-to-date symlink: /home/sparklab/sparklab/gnss-ros_ws/install/realsense2_camera_msgs/share/realsense2_camera_msgs/srv/DeviceInfo.srv
[0.415s] -- Up-to-date symlink: /home/sparklab/sparklab/gnss-ros_ws/install/realsense2_camera_msgs/share/realsense2_camera_msgs/srv/DeviceInfo_Request.msg
[0.415s] -- Up-to-date symlink: /home/sparklab/sparklab/gnss-ros_ws/install/realsense2_camera_msgs/share/realsense2_camera_msgs/srv/DeviceInfo_Response.msg
[0.415s] -- Up-to-date symlink: /home/sparklab/sparklab/gnss-ros_ws/install/realsense2_camera_msgs/share/ament_index/resource_index/package_run_dependencies/realsense2_camera_msgs
[0.415s] -- Up-to-date symlink: /home/sparklab/sparklab/gnss-ros_ws/install/realsense2_camera_msgs/share/ament_index/resource_index/parent_prefix_path/realsense2_camera_msgs
[0.415s] -- Up-to-date symlink: /home/sparklab/sparklab/gnss-ros_ws/install/realsense2_camera_msgs/share/realsense2_camera_msgs/environment/ament_prefix_path.sh
[0.416s] -- Up-to-date symlink: /home/sparklab/sparklab/gnss-ros_ws/install/realsense2_camera_msgs/share/realsense2_camera_msgs/environment/ament_prefix_path.dsv
[0.416s] -- Up-to-date symlink: /home/sparklab/sparklab/gnss-ros_ws/install/realsense2_camera_msgs/share/realsense2_camera_msgs/environment/path.sh
[0.416s] -- Up-to-date symlink: /home/sparklab/sparklab/gnss-ros_ws/install/realsense2_camera_msgs/share/realsense2_camera_msgs/environment/path.dsv
[0.416s] -- Up-to-date symlink: /home/sparklab/sparklab/gnss-ros_ws/install/realsense2_camera_msgs/share/realsense2_camera_msgs/local_setup.bash
[0.416s] -- Up-to-date symlink: /home/sparklab/sparklab/gnss-ros_ws/install/realsense2_camera_msgs/share/realsense2_camera_msgs/local_setup.sh
[0.416s] -- Up-to-date symlink: /home/sparklab/sparklab/gnss-ros_ws/install/realsense2_camera_msgs/share/realsense2_camera_msgs/local_setup.zsh
[0.417s] -- Up-to-date symlink: /home/sparklab/sparklab/gnss-ros_ws/install/realsense2_camera_msgs/share/realsense2_camera_msgs/local_setup.dsv
[0.417s] -- Symlinking: /home/sparklab/sparklab/gnss-ros_ws/install/realsense2_camera_msgs/share/realsense2_camera_msgs/package.dsv
[0.424s] -- Up-to-date symlink: /home/sparklab/sparklab/gnss-ros_ws/install/realsense2_camera_msgs/share/ament_index/resource_index/packages/realsense2_camera_msgs
[0.425s] -- Up-to-date symlink: /home/sparklab/sparklab/gnss-ros_ws/install/realsense2_camera_msgs/share/realsense2_camera_msgs/cmake/rosidl_cmake-extras.cmake
[0.425s] -- Up-to-date symlink: /home/sparklab/sparklab/gnss-ros_ws/install/realsense2_camera_msgs/share/realsense2_camera_msgs/cmake/ament_cmake_export_dependencies-extras.cmake
[0.425s] -- Up-to-date symlink: /home/sparklab/sparklab/gnss-ros_ws/install/realsense2_camera_msgs/share/realsense2_camera_msgs/cmake/ament_cmake_export_include_directories-extras.cmake
[0.425s] -- Up-to-date symlink: /home/sparklab/sparklab/gnss-ros_ws/install/realsense2_camera_msgs/share/realsense2_camera_msgs/cmake/ament_cmake_export_libraries-extras.cmake
[0.425s] -- Up-to-date symlink: /home/sparklab/sparklab/gnss-ros_ws/install/realsense2_camera_msgs/share/realsense2_camera_msgs/cmake/ament_cmake_export_targets-extras.cmake
[0.425s] -- Up-to-date symlink: /home/sparklab/sparklab/gnss-ros_ws/install/realsense2_camera_msgs/share/realsense2_camera_msgs/cmake/rosidl_cmake_export_typesupport_targets-extras.cmake
[0.426s] -- Up-to-date symlink: /home/sparklab/sparklab/gnss-ros_ws/install/realsense2_camera_msgs/share/realsense2_camera_msgs/cmake/rosidl_cmake_export_typesupport_libraries-extras.cmake
[0.426s] -- Up-to-date symlink: /home/sparklab/sparklab/gnss-ros_ws/install/realsense2_camera_msgs/share/realsense2_camera_msgs/cmake/realsense2_camera_msgsConfig.cmake
[0.426s] -- Up-to-date symlink: /home/sparklab/sparklab/gnss-ros_ws/install/realsense2_camera_msgs/share/realsense2_camera_msgs/cmake/realsense2_camera_msgsConfig-version.cmake
[0.426s] -- Up-to-date symlink: /home/sparklab/sparklab/gnss-ros_ws/install/realsense2_camera_msgs/share/realsense2_camera_msgs/package.xml
[0.426s] -- Up-to-date: /home/sparklab/sparklab/gnss-ros_ws/install/realsense2_camera_msgs/lib/librealsense2_camera_msgs__rosidl_generator_c.so
[0.427s] -- Up-to-date: /home/sparklab/sparklab/gnss-ros_ws/install/realsense2_camera_msgs/lib/librealsense2_camera_msgs__rosidl_typesupport_fastrtps_c.so
[0.427s] -- Up-to-date: /home/sparklab/sparklab/gnss-ros_ws/install/realsense2_camera_msgs/lib/librealsense2_camera_msgs__rosidl_typesupport_introspection_c.so
[0.428s] -- Up-to-date: /home/sparklab/sparklab/gnss-ros_ws/install/realsense2_camera_msgs/lib/librealsense2_camera_msgs__rosidl_typesupport_c.so
[0.428s] -- Up-to-date: /home/sparklab/sparklab/gnss-ros_ws/install/realsense2_camera_msgs/lib/librealsense2_camera_msgs__rosidl_typesupport_fastrtps_cpp.so
[0.428s] -- Up-to-date: /home/sparklab/sparklab/gnss-ros_ws/install/realsense2_camera_msgs/lib/librealsense2_camera_msgs__rosidl_typesupport_introspection_cpp.so
[0.429s] -- Up-to-date: /home/sparklab/sparklab/gnss-ros_ws/install/realsense2_camera_msgs/lib/librealsense2_camera_msgs__rosidl_typesupport_cpp.so
[0.460s] Listing '/home/sparklab/sparklab/gnss-ros_ws/install/realsense2_camera_msgs/local/lib/python3.10/dist-packages/realsense2_camera_msgs'...
[0.460s] Listing '/home/sparklab/sparklab/gnss-ros_ws/install/realsense2_camera_msgs/local/lib/python3.10/dist-packages/realsense2_camera_msgs/msg'...
[0.460s] Listing '/home/sparklab/sparklab/gnss-ros_ws/install/realsense2_camera_msgs/local/lib/python3.10/dist-packages/realsense2_camera_msgs/srv'...
[0.464s] -- Up-to-date: /home/sparklab/sparklab/gnss-ros_ws/install/realsense2_camera_msgs/lib/librealsense2_camera_msgs__rosidl_generator_py.so
[0.465s] -- Up-to-date: /home/sparklab/sparklab/gnss-ros_ws/install/realsense2_camera_msgs/share/realsense2_camera_msgs/cmake/export_realsense2_camera_msgs__rosidl_generator_cExport.cmake
[0.465s] -- Up-to-date: /home/sparklab/sparklab/gnss-ros_ws/install/realsense2_camera_msgs/share/realsense2_camera_msgs/cmake/export_realsense2_camera_msgs__rosidl_generator_cExport-noconfig.cmake
[0.465s] -- Up-to-date: /home/sparklab/sparklab/gnss-ros_ws/install/realsense2_camera_msgs/share/realsense2_camera_msgs/cmake/export_realsense2_camera_msgs__rosidl_typesupport_fastrtps_cExport.cmake
[0.465s] -- Up-to-date: /home/sparklab/sparklab/gnss-ros_ws/install/realsense2_camera_msgs/share/realsense2_camera_msgs/cmake/export_realsense2_camera_msgs__rosidl_typesupport_fastrtps_cExport-noconfig.cmake
[0.465s] -- Up-to-date: /home/sparklab/sparklab/gnss-ros_ws/install/realsense2_camera_msgs/share/realsense2_camera_msgs/cmake/realsense2_camera_msgs__rosidl_typesupport_introspection_cExport.cmake
[0.465s] -- Up-to-date: /home/sparklab/sparklab/gnss-ros_ws/install/realsense2_camera_msgs/share/realsense2_camera_msgs/cmake/realsense2_camera_msgs__rosidl_typesupport_introspection_cExport-noconfig.cmake
[0.465s] -- Up-to-date: /home/sparklab/sparklab/gnss-ros_ws/install/realsense2_camera_msgs/share/realsense2_camera_msgs/cmake/realsense2_camera_msgs__rosidl_typesupport_cExport.cmake
[0.465s] -- Up-to-date: /home/sparklab/sparklab/gnss-ros_ws/install/realsense2_camera_msgs/share/realsense2_camera_msgs/cmake/realsense2_camera_msgs__rosidl_typesupport_cExport-noconfig.cmake
[0.466s] -- Up-to-date: /home/sparklab/sparklab/gnss-ros_ws/install/realsense2_camera_msgs/share/realsense2_camera_msgs/cmake/export_realsense2_camera_msgs__rosidl_generator_cppExport.cmake
[0.466s] -- Up-to-date: /home/sparklab/sparklab/gnss-ros_ws/install/realsense2_camera_msgs/share/realsense2_camera_msgs/cmake/export_realsense2_camera_msgs__rosidl_typesupport_fastrtps_cppExport.cmake
[0.466s] -- Up-to-date: /home/sparklab/sparklab/gnss-ros_ws/install/realsense2_camera_msgs/share/realsense2_camera_msgs/cmake/export_realsense2_camera_msgs__rosidl_typesupport_fastrtps_cppExport-noconfig.cmake
[0.466s] -- Up-to-date: /home/sparklab/sparklab/gnss-ros_ws/install/realsense2_camera_msgs/share/realsense2_camera_msgs/cmake/realsense2_camera_msgs__rosidl_typesupport_introspection_cppExport.cmake
[0.466s] -- Up-to-date: /home/sparklab/sparklab/gnss-ros_ws/install/realsense2_camera_msgs/share/realsense2_camera_msgs/cmake/realsense2_camera_msgs__rosidl_typesupport_introspection_cppExport-noconfig.cmake
[0.466s] -- Up-to-date: /home/sparklab/sparklab/gnss-ros_ws/install/realsense2_camera_msgs/share/realsense2_camera_msgs/cmake/realsense2_camera_msgs__rosidl_typesupport_cppExport.cmake
[0.466s] -- Up-to-date: /home/sparklab/sparklab/gnss-ros_ws/install/realsense2_camera_msgs/share/realsense2_camera_msgs/cmake/realsense2_camera_msgs__rosidl_typesupport_cppExport-noconfig.cmake
[0.466s] -- Up-to-date: /home/sparklab/sparklab/gnss-ros_ws/install/realsense2_camera_msgs/share/realsense2_camera_msgs/cmake/export_realsense2_camera_msgs__rosidl_generator_pyExport.cmake
[0.466s] -- Up-to-date: /home/sparklab/sparklab/gnss-ros_ws/install/realsense2_camera_msgs/share/realsense2_camera_msgs/cmake/export_realsense2_camera_msgs__rosidl_generator_pyExport-noconfig.cmake
[0.468s] Invoked command in '/home/sparklab/sparklab/gnss-ros_ws/build/realsense2_camera_msgs' returned '0': CMAKE_PREFIX_PATH=/opt/ros/humble /usr/bin/cmake --install /home/sparklab/sparklab/gnss-ros_ws/build/realsense2_camera_msgs
