[0.022s] Invoking command in '/home/sparklab/sparklab/gnss-ros_ws/build/ublox_serialization': CMAKE_PREFIX_PATH=${CMAKE_PREFIX_PATH}:/opt/ros/humble /usr/bin/cmake /home/sparklab/sparklab/gnss-ros_ws/src/GNSS-ROS/ublox/ublox_serialization -DAMENT_CMAKE_SYMLINK_INSTALL=1 -DCMAKE_INSTALL_PREFIX=/home/sparklab/sparklab/gnss-ros_ws/install/ublox_serialization
[0.098s] -- The C compiler identification is GNU 11.4.0
[0.191s] -- The CXX compiler identification is GNU 11.4.0
[0.207s] -- Detecting C compiler ABI info
[0.345s] -- Detecting C compiler ABI info - done
[0.348s] -- Check for working C compiler: /usr/bin/cc - skipped
[0.348s] -- Detecting C compile features
[0.349s] -- Detecting C compile features - done
[0.352s] -- Detecting CXX compiler ABI info
[0.536s] -- Detecting CXX compiler ABI info - done
[0.545s] -- Check for working CXX compiler: /usr/bin/c++ - skipped
[0.545s] -- Detecting CXX compile features
[0.546s] -- Detecting CXX compile features - done
[0.550s] -- Found ament_cmake: 1.3.11 (/opt/ros/humble/share/ament_cmake/cmake)
[0.736s] -- Found Python3: /usr/bin/python3 (found version "3.10.12") found components: Interpreter 
[0.805s] -- Override CMake install command with custom implementation using symlinks instead of copying resources
[0.952s] -- Configuring done
[0.961s] -- Generating done
[0.966s] -- Build files have been written to: /home/sparklab/sparklab/gnss-ros_ws/build/ublox_serialization
[0.971s] Invoked command in '/home/sparklab/sparklab/gnss-ros_ws/build/ublox_serialization' returned '0': CMAKE_PREFIX_PATH=${CMAKE_PREFIX_PATH}:/opt/ros/humble /usr/bin/cmake /home/sparklab/sparklab/gnss-ros_ws/src/GNSS-ROS/ublox/ublox_serialization -DAMENT_CMAKE_SYMLINK_INSTALL=1 -DCMAKE_INSTALL_PREFIX=/home/sparklab/sparklab/gnss-ros_ws/install/ublox_serialization
[0.971s] Invoking command in '/home/sparklab/sparklab/gnss-ros_ws/build/ublox_serialization': CMAKE_PREFIX_PATH=${CMAKE_PREFIX_PATH}:/opt/ros/humble /usr/bin/cmake --build /home/sparklab/sparklab/gnss-ros_ws/build/ublox_serialization -- -j4 -l4
[1.018s] Invoked command in '/home/sparklab/sparklab/gnss-ros_ws/build/ublox_serialization' returned '0': CMAKE_PREFIX_PATH=${CMAKE_PREFIX_PATH}:/opt/ros/humble /usr/bin/cmake --build /home/sparklab/sparklab/gnss-ros_ws/build/ublox_serialization -- -j4 -l4
[1.018s] Invoking command in '/home/sparklab/sparklab/gnss-ros_ws/build/ublox_serialization': CMAKE_PREFIX_PATH=${CMAKE_PREFIX_PATH}:/opt/ros/humble /usr/bin/cmake --install /home/sparklab/sparklab/gnss-ros_ws/build/ublox_serialization
[1.027s] -- Install configuration: ""
[1.027s] -- Execute custom install script
[1.027s] -- Symlinking: /home/sparklab/sparklab/gnss-ros_ws/install/ublox_serialization/include/ublox_serialization/ublox_serialization/checksum.hpp
[1.034s] -- Symlinking: /home/sparklab/sparklab/gnss-ros_ws/install/ublox_serialization/include/ublox_serialization/ublox_serialization/serialization.hpp
[1.059s] -- Symlinking: /home/sparklab/sparklab/gnss-ros_ws/install/ublox_serialization/share/ament_index/resource_index/package_run_dependencies/ublox_serialization
[1.061s] -- Symlinking: /home/sparklab/sparklab/gnss-ros_ws/install/ublox_serialization/share/ament_index/resource_index/parent_prefix_path/ublox_serialization
[1.071s] -- Symlinking: /home/sparklab/sparklab/gnss-ros_ws/install/ublox_serialization/share/ublox_serialization/environment/ament_prefix_path.sh
[1.080s] -- Symlinking: /home/sparklab/sparklab/gnss-ros_ws/install/ublox_serialization/share/ublox_serialization/environment/ament_prefix_path.dsv
[1.088s] -- Symlinking: /home/sparklab/sparklab/gnss-ros_ws/install/ublox_serialization/share/ublox_serialization/environment/path.sh
[1.097s] -- Symlinking: /home/sparklab/sparklab/gnss-ros_ws/install/ublox_serialization/share/ublox_serialization/environment/path.dsv
[1.106s] -- Symlinking: /home/sparklab/sparklab/gnss-ros_ws/install/ublox_serialization/share/ublox_serialization/local_setup.bash
[1.115s] -- Symlinking: /home/sparklab/sparklab/gnss-ros_ws/install/ublox_serialization/share/ublox_serialization/local_setup.sh
[1.130s] -- Symlinking: /home/sparklab/sparklab/gnss-ros_ws/install/ublox_serialization/share/ublox_serialization/local_setup.zsh
[1.149s] -- Symlinking: /home/sparklab/sparklab/gnss-ros_ws/install/ublox_serialization/share/ublox_serialization/local_setup.dsv
[1.158s] -- Symlinking: /home/sparklab/sparklab/gnss-ros_ws/install/ublox_serialization/share/ublox_serialization/package.dsv
[1.180s] -- Symlinking: /home/sparklab/sparklab/gnss-ros_ws/install/ublox_serialization/share/ament_index/resource_index/packages/ublox_serialization
[1.189s] -- Symlinking: /home/sparklab/sparklab/gnss-ros_ws/install/ublox_serialization/share/ublox_serialization/cmake/ament_cmake_export_include_directories-extras.cmake
[1.209s] -- Symlinking: /home/sparklab/sparklab/gnss-ros_ws/install/ublox_serialization/share/ublox_serialization/cmake/ament_cmake_export_targets-extras.cmake
[1.220s] -- Symlinking: /home/sparklab/sparklab/gnss-ros_ws/install/ublox_serialization/share/ublox_serialization/cmake/ublox_serializationConfig.cmake
[1.228s] -- Symlinking: /home/sparklab/sparklab/gnss-ros_ws/install/ublox_serialization/share/ublox_serialization/cmake/ublox_serializationConfig-version.cmake
[1.238s] -- Symlinking: /home/sparklab/sparklab/gnss-ros_ws/install/ublox_serialization/share/ublox_serialization/package.xml
[1.247s] -- Installing: /home/sparklab/sparklab/gnss-ros_ws/install/ublox_serialization/share/ublox_serialization/cmake/export_ublox_serializationExport.cmake
[1.254s] Invoked command in '/home/sparklab/sparklab/gnss-ros_ws/build/ublox_serialization' returned '0': CMAKE_PREFIX_PATH=${CMAKE_PREFIX_PATH}:/opt/ros/humble /usr/bin/cmake --install /home/sparklab/sparklab/gnss-ros_ws/build/ublox_serialization
