[0.000000] (-) TimerEvent: {}
[0.000132] (realsense2_camera_msgs) JobQueued: {'identifier': 'realsense2_camera_msgs', 'dependencies': OrderedDict()}
[0.000181] (realsense2_camera) JobQueued: {'identifier': 'realsense2_camera', 'dependencies': OrderedDict([('realsense2_camera_msgs', '/home/sparklab/sparklab/gnss-ros_ws/install/realsense2_camera_msgs')])}
[0.000230] (realsense2_description) JobQueued: {'identifier': 'realsense2_description', 'dependencies': OrderedDict([('realsense2_camera_msgs', '/home/sparklab/sparklab/gnss-ros_ws/install/realsense2_camera_msgs')])}
[0.000285] (realsense2_camera_msgs) JobStarted: {'identifier': 'realsense2_camera_msgs'}
[0.017124] (realsense2_camera_msgs) JobProgress: {'identifier': 'realsense2_camera_msgs', 'progress': 'cmake'}
[0.017508] (realsense2_camera_msgs) Command: {'cmd': ['/usr/bin/cmake', '/home/sparklab/sparklab/gnss-ros_ws/src/realsense-ros/realsense2_camera_msgs', '-DAMENT_CMAKE_SYMLINK_INSTALL=1', '-DCMAKE_INSTALL_PREFIX=/home/sparklab/sparklab/gnss-ros_ws/install/realsense2_camera_msgs'], 'cwd': '/home/sparklab/sparklab/gnss-ros_ws/build/realsense2_camera_msgs', 'env': OrderedDict([('PYTHONIOENCODING', 'utf-8'), ('HOSTNAME', '6764024e662c'), ('SHLVL', '1'), ('LD_LIBRARY_PATH', '/opt/ros/humble/opt/rviz_ogre_vendor/lib:/opt/ros/humble/lib/x86_64-linux-gnu:/opt/ros/humble/lib'), ('HOME', '/home/sparklab'), ('OLDPWD', '/home/sparklab/sparklab'), ('ROS_PYTHON_VERSION', '3'), ('ROS_DISTRO', 'humble'), ('_', '/usr/bin/colcon'), ('ROS_VERSION', '2'), ('TERM', 'xterm'), ('ROS_LOCALHOST_ONLY', '0'), ('PATH', '/opt/ros/humble/bin:/usr/local/sbin:/usr/local/bin:/usr/sbin:/usr/bin:/sbin:/bin'), ('LANG', 'en_US.UTF-8'), ('AMENT_PREFIX_PATH', '/opt/ros/humble'), ('PWD', '/home/sparklab/sparklab/gnss-ros_ws/build/realsense2_camera_msgs'), ('PYTHONPATH', '/opt/ros/humble/lib/python3.10/site-packages:/opt/ros/humble/local/lib/python3.10/dist-packages'), ('COLCON', '1'), ('CMAKE_PREFIX_PATH', '/opt/ros/humble')]), 'shell': False}
[0.069737] (realsense2_camera_msgs) StdoutLine: {'line': b'-- The C compiler identification is GNU 11.4.0\n'}
[0.099281] (-) TimerEvent: {}
[0.123742] (realsense2_camera_msgs) StdoutLine: {'line': b'-- The CXX compiler identification is GNU 11.4.0\n'}
[0.130762] (realsense2_camera_msgs) StdoutLine: {'line': b'-- Detecting C compiler ABI info\n'}
[0.191915] (realsense2_camera_msgs) StdoutLine: {'line': b'-- Detecting C compiler ABI info - done\n'}
[0.199375] (-) TimerEvent: {}
[0.199713] (realsense2_camera_msgs) StdoutLine: {'line': b'-- Check for working C compiler: /usr/bin/cc - skipped\n'}
[0.200066] (realsense2_camera_msgs) StdoutLine: {'line': b'-- Detecting C compile features\n'}
[0.200446] (realsense2_camera_msgs) StdoutLine: {'line': b'-- Detecting C compile features - done\n'}
[0.203632] (realsense2_camera_msgs) StdoutLine: {'line': b'-- Detecting CXX compiler ABI info\n'}
[0.276079] (realsense2_camera_msgs) StdoutLine: {'line': b'-- Detecting CXX compiler ABI info - done\n'}
[0.284159] (realsense2_camera_msgs) StdoutLine: {'line': b'-- Check for working CXX compiler: /usr/bin/c++ - skipped\n'}
[0.284459] (realsense2_camera_msgs) StdoutLine: {'line': b'-- Detecting CXX compile features\n'}
[0.284949] (realsense2_camera_msgs) StdoutLine: {'line': b'-- Detecting CXX compile features - done\n'}
[0.287778] (realsense2_camera_msgs) StdoutLine: {'line': b'-- Found ament_cmake: 1.3.11 (/opt/ros/humble/share/ament_cmake/cmake)\n'}
[0.299484] (-) TimerEvent: {}
[0.399727] (-) TimerEvent: {}
[0.431807] (realsense2_camera_msgs) StdoutLine: {'line': b'-- Found Python3: /usr/bin/python3 (found version "3.10.12") found components: Interpreter \n'}
[0.495157] (realsense2_camera_msgs) StdoutLine: {'line': b'-- Override CMake install command with custom implementation using symlinks instead of copying resources\n'}
[0.499826] (-) TimerEvent: {}
[0.524178] (realsense2_camera_msgs) StdoutLine: {'line': b'-- Found rosidl_default_generators: 1.2.0 (/opt/ros/humble/share/rosidl_default_generators/cmake)\n'}
[0.527652] (realsense2_camera_msgs) StdoutLine: {'line': b'-- Using all available rosidl_typesupport_c: rosidl_typesupport_fastrtps_c;rosidl_typesupport_introspection_c\n'}
[0.534929] (realsense2_camera_msgs) StdoutLine: {'line': b'-- Found rosidl_adapter: 3.1.6 (/opt/ros/humble/share/rosidl_adapter/cmake)\n'}
[0.578532] (realsense2_camera_msgs) StdoutLine: {'line': b'-- Using all available rosidl_typesupport_cpp: rosidl_typesupport_fastrtps_cpp;rosidl_typesupport_introspection_cpp\n'}
[0.599931] (-) TimerEvent: {}
[0.618139] (realsense2_camera_msgs) StdoutLine: {'line': b'-- Found builtin_interfaces: 1.2.1 (/opt/ros/humble/share/builtin_interfaces/cmake)\n'}
[0.633204] (realsense2_camera_msgs) StdoutLine: {'line': b'-- Found std_msgs: 4.8.0 (/opt/ros/humble/share/std_msgs/cmake)\n'}
[0.648052] (realsense2_camera_msgs) StdoutLine: {'line': b'-- Found sensor_msgs: 4.8.0 (/opt/ros/humble/share/sensor_msgs/cmake)\n'}
[0.700047] (-) TimerEvent: {}
[0.800299] (-) TimerEvent: {}
[0.900539] (-) TimerEvent: {}
[1.000789] (-) TimerEvent: {}
[1.020245] (realsense2_camera_msgs) StdoutLine: {'line': b'-- Found ament_cmake_cppcheck: 0.12.12 (/opt/ros/humble/share/ament_cmake_cppcheck/cmake)\n'}
[1.023329] (realsense2_camera_msgs) StdoutLine: {'line': b'-- Found ament_cmake_cpplint: 0.12.12 (/opt/ros/humble/share/ament_cmake_cpplint/cmake)\n'}
[1.026564] (realsense2_camera_msgs) StdoutLine: {'line': b'-- Found ament_cmake_uncrustify: 0.12.12 (/opt/ros/humble/share/ament_cmake_uncrustify/cmake)\n'}
[1.030297] (realsense2_camera_msgs) StdoutLine: {'line': b'-- Found ament_cmake_ros: 0.10.0 (/opt/ros/humble/share/ament_cmake_ros/cmake)\n'}
[1.100902] (-) TimerEvent: {}
[1.201149] (-) TimerEvent: {}
[1.301394] (-) TimerEvent: {}
[1.330575] (realsense2_camera_msgs) StdoutLine: {'line': b'-- Using all available rosidl_typesupport_c: rosidl_typesupport_fastrtps_c;rosidl_typesupport_introspection_c\n'}
[1.401517] (-) TimerEvent: {}
[1.501766] (-) TimerEvent: {}
[1.602021] (-) TimerEvent: {}
[1.702274] (-) TimerEvent: {}
[1.718779] (realsense2_camera_msgs) StdoutLine: {'line': b'-- Using all available rosidl_typesupport_cpp: rosidl_typesupport_fastrtps_cpp;rosidl_typesupport_introspection_cpp\n'}
[1.742361] (realsense2_camera_msgs) StdoutLine: {'line': b'-- Found PythonInterp: /usr/bin/python3 (found suitable version "3.10.12", minimum required is "3.6") \n'}
[1.744503] (realsense2_camera_msgs) StdoutLine: {'line': b'-- Found python_cmake_module: 0.10.0 (/opt/ros/humble/share/python_cmake_module/cmake)\n'}
[1.770723] (realsense2_camera_msgs) StdoutLine: {'line': b'-- Found PythonLibs: /usr/lib/x86_64-linux-gnu/libpython3.10.so (found suitable version "3.10.12", minimum required is "3.5") \n'}
[1.770958] (realsense2_camera_msgs) StdoutLine: {'line': b'-- Using PYTHON_EXECUTABLE: /usr/bin/python3\n'}
[1.771056] (realsense2_camera_msgs) StdoutLine: {'line': b'-- Using PYTHON_INCLUDE_DIRS: /usr/include/python3.10\n'}
[1.771128] (realsense2_camera_msgs) StdoutLine: {'line': b'-- Using PYTHON_LIBRARIES: /usr/lib/x86_64-linux-gnu/libpython3.10.so\n'}
[1.791512] (realsense2_camera_msgs) StdoutLine: {'line': b'-- Found PythonExtra: .so  \n'}
[1.802370] (-) TimerEvent: {}
[1.871746] (realsense2_camera_msgs) StdoutLine: {'line': b'-- Found ament_cmake_flake8: 0.12.12 (/opt/ros/humble/share/ament_cmake_flake8/cmake)\n'}
[1.874682] (realsense2_camera_msgs) StdoutLine: {'line': b'-- Found ament_cmake_pep257: 0.12.12 (/opt/ros/humble/share/ament_cmake_pep257/cmake)\n'}
[1.889651] (realsense2_camera_msgs) StdoutLine: {'line': b'-- Configuring done\n'}
[1.902491] (-) TimerEvent: {}
[1.939240] (realsense2_camera_msgs) StdoutLine: {'line': b'-- Generating done\n'}
[1.953484] (realsense2_camera_msgs) StdoutLine: {'line': b'-- Build files have been written to: /home/sparklab/sparklab/gnss-ros_ws/build/realsense2_camera_msgs\n'}
[1.961324] (realsense2_camera_msgs) CommandEnded: {'returncode': 0}
[1.961896] (realsense2_camera_msgs) JobProgress: {'identifier': 'realsense2_camera_msgs', 'progress': 'build'}
[1.963061] (realsense2_camera_msgs) Command: {'cmd': ['/usr/bin/cmake', '--build', '/home/sparklab/sparklab/gnss-ros_ws/build/realsense2_camera_msgs', '--', '-j4', '-l4'], 'cwd': '/home/sparklab/sparklab/gnss-ros_ws/build/realsense2_camera_msgs', 'env': OrderedDict([('PYTHONIOENCODING', 'utf-8'), ('HOSTNAME', '6764024e662c'), ('SHLVL', '1'), ('LD_LIBRARY_PATH', '/opt/ros/humble/opt/rviz_ogre_vendor/lib:/opt/ros/humble/lib/x86_64-linux-gnu:/opt/ros/humble/lib'), ('HOME', '/home/sparklab'), ('OLDPWD', '/home/sparklab/sparklab'), ('ROS_PYTHON_VERSION', '3'), ('ROS_DISTRO', 'humble'), ('_', '/usr/bin/colcon'), ('ROS_VERSION', '2'), ('TERM', 'xterm'), ('ROS_LOCALHOST_ONLY', '0'), ('PATH', '/opt/ros/humble/bin:/usr/local/sbin:/usr/local/bin:/usr/sbin:/usr/bin:/sbin:/bin'), ('LANG', 'en_US.UTF-8'), ('AMENT_PREFIX_PATH', '/opt/ros/humble'), ('PWD', '/home/sparklab/sparklab/gnss-ros_ws/build/realsense2_camera_msgs'), ('PYTHONPATH', '/opt/ros/humble/lib/python3.10/site-packages:/opt/ros/humble/local/lib/python3.10/dist-packages'), ('COLCON', '1'), ('CMAKE_PREFIX_PATH', '/opt/ros/humble')]), 'shell': False}
[1.999536] (realsense2_camera_msgs) StdoutLine: {'line': b'[  1%] \x1b[34m\x1b[1mGenerating C code for ROS interfaces\x1b[0m\n'}
[2.002581] (-) TimerEvent: {}
[2.009057] (realsense2_camera_msgs) StdoutLine: {'line': b'[  3%] \x1b[34m\x1b[1mGenerating C++ code for ROS interfaces\x1b[0m\n'}
[2.016090] (realsense2_camera_msgs) StdoutLine: {'line': b'[  3%] Built target ament_cmake_python_symlink_realsense2_camera_msgs\n'}
[2.102665] (-) TimerEvent: {}
[2.203249] (-) TimerEvent: {}
[2.251328] (realsense2_camera_msgs) StdoutLine: {'line': b'running egg_info\n'}
[2.251979] (realsense2_camera_msgs) StdoutLine: {'line': b'creating realsense2_camera_msgs.egg-info\n'}
[2.252123] (realsense2_camera_msgs) StdoutLine: {'line': b'writing realsense2_camera_msgs.egg-info/PKG-INFO\n'}
[2.252334] (realsense2_camera_msgs) StdoutLine: {'line': b'writing dependency_links to realsense2_camera_msgs.egg-info/dependency_links.txt\n'}
[2.252456] (realsense2_camera_msgs) StdoutLine: {'line': b'writing top-level names to realsense2_camera_msgs.egg-info/top_level.txt\n'}
[2.252640] (realsense2_camera_msgs) StdoutLine: {'line': b"writing manifest file 'realsense2_camera_msgs.egg-info/SOURCES.txt'\n"}
[2.255161] (realsense2_camera_msgs) StdoutLine: {'line': b"reading manifest file 'realsense2_camera_msgs.egg-info/SOURCES.txt'\n"}
[2.255683] (realsense2_camera_msgs) StdoutLine: {'line': b"writing manifest file 'realsense2_camera_msgs.egg-info/SOURCES.txt'\n"}
[2.281142] (realsense2_camera_msgs) StdoutLine: {'line': b'[  3%] Built target ament_cmake_python_build_realsense2_camera_msgs_egg\n'}
[2.303384] (-) TimerEvent: {}
[2.403597] (-) TimerEvent: {}
[2.503843] (-) TimerEvent: {}
[2.604107] (-) TimerEvent: {}
[2.628449] (realsense2_camera_msgs) StdoutLine: {'line': b'[  3%] Built target realsense2_camera_msgs__cpp\n'}
[2.638445] (realsense2_camera_msgs) StdoutLine: {'line': b'[  9%] \x1b[34m\x1b[1mGenerating C++ type support dispatch for ROS interfaces\x1b[0m\n'}
[2.638774] (realsense2_camera_msgs) StdoutLine: {'line': b'[  9%] \x1b[34m\x1b[1mGenerating C++ type support for eProsima Fast-RTPS\x1b[0m\n'}
[2.638858] (realsense2_camera_msgs) StdoutLine: {'line': b'[  9%] \x1b[32mBuilding C object CMakeFiles/realsense2_camera_msgs__rosidl_generator_c.dir/rosidl_generator_c/realsense2_camera_msgs/msg/detail/imu_info__functions.c.o\x1b[0m\n'}
[2.638938] (realsense2_camera_msgs) StdoutLine: {'line': b'[  9%] \x1b[34m\x1b[1mGenerating C++ introspection for ROS interfaces\x1b[0m\n'}
[2.704194] (-) TimerEvent: {}
[2.716599] (realsense2_camera_msgs) StdoutLine: {'line': b'[ 11%] \x1b[32mBuilding C object CMakeFiles/realsense2_camera_msgs__rosidl_generator_c.dir/rosidl_generator_c/realsense2_camera_msgs/msg/detail/extrinsics__functions.c.o\x1b[0m\n'}
[2.768804] (realsense2_camera_msgs) StdoutLine: {'line': b'[ 12%] \x1b[32mBuilding C object CMakeFiles/realsense2_camera_msgs__rosidl_generator_c.dir/rosidl_generator_c/realsense2_camera_msgs/msg/detail/metadata__functions.c.o\x1b[0m\n'}
[2.804285] (-) TimerEvent: {}
[2.820359] (realsense2_camera_msgs) StdoutLine: {'line': b'[ 14%] \x1b[32mBuilding C object CMakeFiles/realsense2_camera_msgs__rosidl_generator_c.dir/rosidl_generator_c/realsense2_camera_msgs/msg/detail/rgbd__functions.c.o\x1b[0m\n'}
[2.880673] (realsense2_camera_msgs) StdoutLine: {'line': b'[ 15%] \x1b[32mBuilding C object CMakeFiles/realsense2_camera_msgs__rosidl_generator_c.dir/rosidl_generator_c/realsense2_camera_msgs/srv/detail/device_info__functions.c.o\x1b[0m\n'}
[2.904373] (-) TimerEvent: {}
[2.944405] (realsense2_camera_msgs) StdoutLine: {'line': b'[ 17%] \x1b[32m\x1b[1mLinking C shared library librealsense2_camera_msgs__rosidl_generator_c.so\x1b[0m\n'}
[2.985077] (realsense2_camera_msgs) StdoutLine: {'line': b'[ 17%] Built target realsense2_camera_msgs__rosidl_generator_c\n'}
[2.995535] (realsense2_camera_msgs) StdoutLine: {'line': b'[ 19%] \x1b[34m\x1b[1mGenerating C type support for eProsima Fast-RTPS\x1b[0m\n'}
[3.004462] (-) TimerEvent: {}
[3.080901] (realsense2_camera_msgs) StdoutLine: {'line': b'[ 20%] \x1b[32mBuilding CXX object CMakeFiles/realsense2_camera_msgs__rosidl_typesupport_cpp.dir/rosidl_typesupport_cpp/realsense2_camera_msgs/msg/imu_info__type_support.cpp.o\x1b[0m\n'}
[3.104554] (-) TimerEvent: {}
[3.160884] (realsense2_camera_msgs) StdoutLine: {'line': b'[ 22%] \x1b[32mBuilding CXX object CMakeFiles/realsense2_camera_msgs__rosidl_typesupport_introspection_cpp.dir/rosidl_typesupport_introspection_cpp/realsense2_camera_msgs/msg/detail/imu_info__type_support.cpp.o\x1b[0m\n'}
[3.204646] (-) TimerEvent: {}
[3.229049] (realsense2_camera_msgs) StdoutLine: {'line': b'[ 23%] \x1b[32mBuilding CXX object CMakeFiles/realsense2_camera_msgs__rosidl_typesupport_fastrtps_cpp.dir/rosidl_typesupport_fastrtps_cpp/realsense2_camera_msgs/msg/detail/dds_fastrtps/imu_info__type_support.cpp.o\x1b[0m\n'}
[3.304740] (-) TimerEvent: {}
[3.404983] (-) TimerEvent: {}
[3.412724] (realsense2_camera_msgs) StdoutLine: {'line': b'[ 25%] \x1b[32mBuilding CXX object CMakeFiles/realsense2_camera_msgs__rosidl_typesupport_cpp.dir/rosidl_typesupport_cpp/realsense2_camera_msgs/msg/extrinsics__type_support.cpp.o\x1b[0m\n'}
[3.505091] (-) TimerEvent: {}
[3.576328] (realsense2_camera_msgs) StdoutLine: {'line': b'[ 26%] \x1b[32mBuilding CXX object CMakeFiles/realsense2_camera_msgs__rosidl_typesupport_fastrtps_c.dir/rosidl_typesupport_fastrtps_c/realsense2_camera_msgs/msg/detail/imu_info__type_support_c.cpp.o\x1b[0m\n'}
[3.596969] (realsense2_camera_msgs) StdoutLine: {'line': b'[ 28%] \x1b[32mBuilding CXX object CMakeFiles/realsense2_camera_msgs__rosidl_typesupport_introspection_cpp.dir/rosidl_typesupport_introspection_cpp/realsense2_camera_msgs/msg/detail/extrinsics__type_support.cpp.o\x1b[0m\n'}
[3.605190] (-) TimerEvent: {}
[3.669600] (realsense2_camera_msgs) StdoutLine: {'line': b'[ 30%] \x1b[32mBuilding CXX object CMakeFiles/realsense2_camera_msgs__rosidl_typesupport_fastrtps_cpp.dir/rosidl_typesupport_fastrtps_cpp/realsense2_camera_msgs/msg/detail/dds_fastrtps/extrinsics__type_support.cpp.o\x1b[0m\n'}
[3.699680] (realsense2_camera_msgs) StdoutLine: {'line': b'[ 31%] \x1b[32mBuilding CXX object CMakeFiles/realsense2_camera_msgs__rosidl_typesupport_cpp.dir/rosidl_typesupport_cpp/realsense2_camera_msgs/msg/metadata__type_support.cpp.o\x1b[0m\n'}
[3.705287] (-) TimerEvent: {}
[3.805542] (-) TimerEvent: {}
[3.905816] (-) TimerEvent: {}
[3.956772] (realsense2_camera_msgs) StdoutLine: {'line': b'[ 33%] \x1b[32mBuilding CXX object CMakeFiles/realsense2_camera_msgs__rosidl_typesupport_fastrtps_c.dir/rosidl_typesupport_fastrtps_c/realsense2_camera_msgs/msg/detail/extrinsics__type_support_c.cpp.o\x1b[0m\n'}
[3.989419] (realsense2_camera_msgs) StdoutLine: {'line': b'[ 34%] \x1b[32mBuilding CXX object CMakeFiles/realsense2_camera_msgs__rosidl_typesupport_cpp.dir/rosidl_typesupport_cpp/realsense2_camera_msgs/msg/rgbd__type_support.cpp.o\x1b[0m\n'}
[4.005910] (-) TimerEvent: {}
[4.012602] (realsense2_camera_msgs) StdoutLine: {'line': b'[ 36%] \x1b[32mBuilding CXX object CMakeFiles/realsense2_camera_msgs__rosidl_typesupport_introspection_cpp.dir/rosidl_typesupport_introspection_cpp/realsense2_camera_msgs/msg/detail/metadata__type_support.cpp.o\x1b[0m\n'}
[4.095895] (realsense2_camera_msgs) StdoutLine: {'line': b'[ 38%] \x1b[32mBuilding CXX object CMakeFiles/realsense2_camera_msgs__rosidl_typesupport_fastrtps_cpp.dir/rosidl_typesupport_fastrtps_cpp/realsense2_camera_msgs/msg/detail/dds_fastrtps/metadata__type_support.cpp.o\x1b[0m\n'}
[4.106011] (-) TimerEvent: {}
[4.206290] (-) TimerEvent: {}
[4.282033] (realsense2_camera_msgs) StdoutLine: {'line': b'[ 39%] \x1b[32mBuilding CXX object CMakeFiles/realsense2_camera_msgs__rosidl_typesupport_cpp.dir/rosidl_typesupport_cpp/realsense2_camera_msgs/srv/device_info__type_support.cpp.o\x1b[0m\n'}
[4.306393] (-) TimerEvent: {}
[4.328429] (realsense2_camera_msgs) StdoutLine: {'line': b'[ 41%] \x1b[32mBuilding CXX object CMakeFiles/realsense2_camera_msgs__rosidl_typesupport_fastrtps_c.dir/rosidl_typesupport_fastrtps_c/realsense2_camera_msgs/msg/detail/metadata__type_support_c.cpp.o\x1b[0m\n'}
[4.406504] (-) TimerEvent: {}
[4.420420] (realsense2_camera_msgs) StdoutLine: {'line': b'[ 42%] \x1b[32mBuilding CXX object CMakeFiles/realsense2_camera_msgs__rosidl_typesupport_introspection_cpp.dir/rosidl_typesupport_introspection_cpp/realsense2_camera_msgs/msg/detail/rgbd__type_support.cpp.o\x1b[0m\n'}
[4.506653] (-) TimerEvent: {}
[4.519218] (realsense2_camera_msgs) StdoutLine: {'line': b'[ 44%] \x1b[32mBuilding CXX object CMakeFiles/realsense2_camera_msgs__rosidl_typesupport_fastrtps_cpp.dir/rosidl_typesupport_fastrtps_cpp/realsense2_camera_msgs/msg/detail/dds_fastrtps/rgbd__type_support.cpp.o\x1b[0m\n'}
[4.572891] (realsense2_camera_msgs) StdoutLine: {'line': b'[ 46%] \x1b[32m\x1b[1mLinking CXX shared library librealsense2_camera_msgs__rosidl_typesupport_cpp.so\x1b[0m\n'}
[4.606747] (-) TimerEvent: {}
[4.621416] (realsense2_camera_msgs) StdoutLine: {'line': b'[ 46%] Built target realsense2_camera_msgs__rosidl_typesupport_cpp\n'}
[4.633777] (realsense2_camera_msgs) StdoutLine: {'line': b'[ 47%] \x1b[34m\x1b[1mGenerating C introspection for ROS interfaces\x1b[0m\n'}
[4.706836] (-) TimerEvent: {}
[4.710205] (realsense2_camera_msgs) StdoutLine: {'line': b'[ 49%] \x1b[32mBuilding CXX object CMakeFiles/realsense2_camera_msgs__rosidl_typesupport_fastrtps_c.dir/rosidl_typesupport_fastrtps_c/realsense2_camera_msgs/msg/detail/rgbd__type_support_c.cpp.o\x1b[0m\n'}
[4.806934] (-) TimerEvent: {}
[4.860056] (realsense2_camera_msgs) StdoutLine: {'line': b'[ 50%] \x1b[32mBuilding CXX object CMakeFiles/realsense2_camera_msgs__rosidl_typesupport_introspection_cpp.dir/rosidl_typesupport_introspection_cpp/realsense2_camera_msgs/srv/detail/device_info__type_support.cpp.o\x1b[0m\n'}
[4.907027] (-) TimerEvent: {}
[4.952462] (realsense2_camera_msgs) StdoutLine: {'line': b'[ 52%] \x1b[32mBuilding CXX object CMakeFiles/realsense2_camera_msgs__rosidl_typesupport_fastrtps_cpp.dir/rosidl_typesupport_fastrtps_cpp/realsense2_camera_msgs/srv/detail/dds_fastrtps/device_info__type_support.cpp.o\x1b[0m\n'}
[5.007120] (-) TimerEvent: {}
[5.087231] (realsense2_camera_msgs) StdoutLine: {'line': b'[ 53%] \x1b[32mBuilding CXX object CMakeFiles/realsense2_camera_msgs__rosidl_typesupport_fastrtps_c.dir/rosidl_typesupport_fastrtps_c/realsense2_camera_msgs/srv/detail/device_info__type_support_c.cpp.o\x1b[0m\n'}
[5.107218] (-) TimerEvent: {}
[5.189061] (realsense2_camera_msgs) StdoutLine: {'line': b'[ 55%] \x1b[32mBuilding C object CMakeFiles/realsense2_camera_msgs__rosidl_typesupport_introspection_c.dir/rosidl_typesupport_introspection_c/realsense2_camera_msgs/msg/detail/imu_info__type_support.c.o\x1b[0m\n'}
[5.207326] (-) TimerEvent: {}
[5.241113] (realsense2_camera_msgs) StdoutLine: {'line': b'[ 57%] \x1b[32mBuilding C object CMakeFiles/realsense2_camera_msgs__rosidl_typesupport_introspection_c.dir/rosidl_typesupport_introspection_c/realsense2_camera_msgs/msg/detail/extrinsics__type_support.c.o\x1b[0m\n'}
[5.266982] (realsense2_camera_msgs) StdoutLine: {'line': b'[ 58%] \x1b[32m\x1b[1mLinking CXX shared library librealsense2_camera_msgs__rosidl_typesupport_introspection_cpp.so\x1b[0m\n'}
[5.282126] (realsense2_camera_msgs) StdoutLine: {'line': b'[ 60%] \x1b[32mBuilding C object CMakeFiles/realsense2_camera_msgs__rosidl_typesupport_introspection_c.dir/rosidl_typesupport_introspection_c/realsense2_camera_msgs/msg/detail/metadata__type_support.c.o\x1b[0m\n'}
[5.307472] (-) TimerEvent: {}
[5.323935] (realsense2_camera_msgs) StdoutLine: {'line': b'[ 61%] \x1b[32mBuilding C object CMakeFiles/realsense2_camera_msgs__rosidl_typesupport_introspection_c.dir/rosidl_typesupport_introspection_c/realsense2_camera_msgs/msg/detail/rgbd__type_support.c.o\x1b[0m\n'}
[5.362499] (realsense2_camera_msgs) StdoutLine: {'line': b'[ 61%] Built target realsense2_camera_msgs__rosidl_typesupport_introspection_cpp\n'}
[5.373266] (realsense2_camera_msgs) StdoutLine: {'line': b'[ 65%] \x1b[34m\x1b[1mGenerating C type support dispatch for ROS interfaces\x1b[0m\n'}
[5.373462] (realsense2_camera_msgs) StdoutLine: {'line': b'[ 65%] \x1b[32mBuilding C object CMakeFiles/realsense2_camera_msgs__rosidl_typesupport_introspection_c.dir/rosidl_typesupport_introspection_c/realsense2_camera_msgs/srv/detail/device_info__type_support.c.o\x1b[0m\n'}
[5.407551] (-) TimerEvent: {}
[5.409624] (realsense2_camera_msgs) StdoutLine: {'line': b'[ 66%] \x1b[32m\x1b[1mLinking CXX shared library librealsense2_camera_msgs__rosidl_typesupport_fastrtps_cpp.so\x1b[0m\n'}
[5.425156] (realsense2_camera_msgs) StdoutLine: {'line': b'[ 68%] \x1b[32m\x1b[1mLinking C shared library librealsense2_camera_msgs__rosidl_typesupport_introspection_c.so\x1b[0m\n'}
[5.470376] (realsense2_camera_msgs) StdoutLine: {'line': b'[ 68%] Built target realsense2_camera_msgs__rosidl_typesupport_introspection_c\n'}
[5.502575] (realsense2_camera_msgs) StdoutLine: {'line': b'[ 68%] Built target realsense2_camera_msgs__rosidl_typesupport_fastrtps_cpp\n'}
[5.506014] (realsense2_camera_msgs) StdoutLine: {'line': b'[ 69%] \x1b[32m\x1b[1mLinking CXX shared library librealsense2_camera_msgs__rosidl_typesupport_fastrtps_c.so\x1b[0m\n'}
[5.507651] (-) TimerEvent: {}
[5.586347] (realsense2_camera_msgs) StdoutLine: {'line': b'[ 69%] Built target realsense2_camera_msgs__rosidl_typesupport_fastrtps_c\n'}
[5.607763] (-) TimerEvent: {}
[5.707989] (-) TimerEvent: {}
[5.773550] (realsense2_camera_msgs) StdoutLine: {'line': b'[ 73%] \x1b[32mBuilding CXX object CMakeFiles/realsense2_camera_msgs__rosidl_typesupport_c.dir/rosidl_typesupport_c/realsense2_camera_msgs/msg/imu_info__type_support.cpp.o\x1b[0m\n'}
[5.773715] (realsense2_camera_msgs) StdoutLine: {'line': b'[ 73%] \x1b[32mBuilding CXX object CMakeFiles/realsense2_camera_msgs__rosidl_typesupport_c.dir/rosidl_typesupport_c/realsense2_camera_msgs/msg/extrinsics__type_support.cpp.o\x1b[0m\n'}
[5.773912] (realsense2_camera_msgs) StdoutLine: {'line': b'[ 74%] \x1b[32mBuilding CXX object CMakeFiles/realsense2_camera_msgs__rosidl_typesupport_c.dir/rosidl_typesupport_c/realsense2_camera_msgs/msg/rgbd__type_support.cpp.o\x1b[0m\n'}
[5.780421] (realsense2_camera_msgs) StdoutLine: {'line': b'[ 76%] \x1b[32mBuilding CXX object CMakeFiles/realsense2_camera_msgs__rosidl_typesupport_c.dir/rosidl_typesupport_c/realsense2_camera_msgs/msg/metadata__type_support.cpp.o\x1b[0m\n'}
[5.807954] (realsense2_camera_msgs) StdoutLine: {'line': b'[ 77%] \x1b[32mBuilding CXX object CMakeFiles/realsense2_camera_msgs__rosidl_typesupport_c.dir/rosidl_typesupport_c/realsense2_camera_msgs/srv/device_info__type_support.cpp.o\x1b[0m\n'}
[5.808111] (-) TimerEvent: {}
[5.840744] (realsense2_camera_msgs) StdoutLine: {'line': b'[ 79%] \x1b[32m\x1b[1mLinking CXX shared library librealsense2_camera_msgs__rosidl_typesupport_c.so\x1b[0m\n'}
[5.882415] (realsense2_camera_msgs) StdoutLine: {'line': b'[ 79%] Built target realsense2_camera_msgs__rosidl_typesupport_c\n'}
[5.899934] (realsense2_camera_msgs) StdoutLine: {'line': b'[ 79%] Built target realsense2_camera_msgs\n'}
[5.908238] (-) TimerEvent: {}
[5.918296] (realsense2_camera_msgs) StdoutLine: {'line': b'[ 80%] \x1b[34m\x1b[1mGenerating Python code for ROS interfaces\x1b[0m\n'}
[6.008353] (-) TimerEvent: {}
[6.108599] (-) TimerEvent: {}
[6.208857] (-) TimerEvent: {}
[6.309111] (-) TimerEvent: {}
[6.409342] (-) TimerEvent: {}
[6.509566] (-) TimerEvent: {}
[6.609823] (-) TimerEvent: {}
[6.710039] (-) TimerEvent: {}
[6.800237] (realsense2_camera_msgs) StdoutLine: {'line': b'[ 80%] Built target realsense2_camera_msgs__py\n'}
[6.810159] (-) TimerEvent: {}
[6.818026] (realsense2_camera_msgs) StdoutLine: {'line': b'[ 84%] \x1b[32mBuilding C object CMakeFiles/realsense2_camera_msgs__rosidl_generator_py.dir/rosidl_generator_py/realsense2_camera_msgs/msg/_extrinsics_s.c.o\x1b[0m\n'}
[6.818207] (realsense2_camera_msgs) StdoutLine: {'line': b'[ 84%] \x1b[32mBuilding C object CMakeFiles/realsense2_camera_msgs__rosidl_generator_py.dir/rosidl_generator_py/realsense2_camera_msgs/msg/_imu_info_s.c.o\x1b[0m\n'}
[6.820726] (realsense2_camera_msgs) StdoutLine: {'line': b'[ 85%] \x1b[32mBuilding C object CMakeFiles/realsense2_camera_msgs__rosidl_generator_py.dir/rosidl_generator_py/realsense2_camera_msgs/msg/_metadata_s.c.o\x1b[0m\n'}
[6.825022] (realsense2_camera_msgs) StdoutLine: {'line': b'[ 87%] \x1b[32mBuilding C object CMakeFiles/realsense2_camera_msgs__rosidl_generator_py.dir/rosidl_generator_py/realsense2_camera_msgs/msg/_rgbd_s.c.o\x1b[0m\n'}
[6.910253] (-) TimerEvent: {}
[6.969150] (realsense2_camera_msgs) StdoutLine: {'line': b'[ 88%] \x1b[32mBuilding C object CMakeFiles/realsense2_camera_msgs__rosidl_generator_py.dir/rosidl_generator_py/realsense2_camera_msgs/srv/_device_info_s.c.o\x1b[0m\n'}
[7.010383] (-) TimerEvent: {}
[7.087410] (realsense2_camera_msgs) StdoutLine: {'line': b'[ 90%] \x1b[32m\x1b[1mLinking C shared library rosidl_generator_py/realsense2_camera_msgs/librealsense2_camera_msgs__rosidl_generator_py.so\x1b[0m\n'}
[7.110511] (-) TimerEvent: {}
[7.130122] (realsense2_camera_msgs) StdoutLine: {'line': b'[ 90%] Built target realsense2_camera_msgs__rosidl_generator_py\n'}
[7.148160] (realsense2_camera_msgs) StdoutLine: {'line': b'[ 93%] \x1b[32mBuilding C object CMakeFiles/realsense2_camera_msgs__rosidl_typesupport_fastrtps_c__pyext.dir/rosidl_generator_py/realsense2_camera_msgs/_realsense2_camera_msgs_s.ep.rosidl_typesupport_fastrtps_c.c.o\x1b[0m\n'}
[7.148324] (realsense2_camera_msgs) StdoutLine: {'line': b'[ 93%] \x1b[32mBuilding C object CMakeFiles/realsense2_camera_msgs__rosidl_typesupport_introspection_c__pyext.dir/rosidl_generator_py/realsense2_camera_msgs/_realsense2_camera_msgs_s.ep.rosidl_typesupport_introspection_c.c.o\x1b[0m\n'}
[7.153153] (realsense2_camera_msgs) StdoutLine: {'line': b'[ 95%] \x1b[32mBuilding C object CMakeFiles/realsense2_camera_msgs__rosidl_typesupport_c__pyext.dir/rosidl_generator_py/realsense2_camera_msgs/_realsense2_camera_msgs_s.ep.rosidl_typesupport_c.c.o\x1b[0m\n'}
[7.210604] (-) TimerEvent: {}
[7.286582] (realsense2_camera_msgs) StdoutLine: {'line': b'[ 96%] \x1b[32m\x1b[1mLinking C shared library rosidl_generator_py/realsense2_camera_msgs/realsense2_camera_msgs_s__rosidl_typesupport_fastrtps_c.cpython-310-x86_64-linux-gnu.so\x1b[0m\n'}
[7.289118] (realsense2_camera_msgs) StdoutLine: {'line': b'[100%] \x1b[32m\x1b[1mLinking C shared library rosidl_generator_py/realsense2_camera_msgs/realsense2_camera_msgs_s__rosidl_typesupport_introspection_c.cpython-310-x86_64-linux-gnu.so\x1b[0m\n'}
[7.289270] (realsense2_camera_msgs) StdoutLine: {'line': b'[100%] \x1b[32m\x1b[1mLinking C shared library rosidl_generator_py/realsense2_camera_msgs/realsense2_camera_msgs_s__rosidl_typesupport_c.cpython-310-x86_64-linux-gnu.so\x1b[0m\n'}
[7.310727] (-) TimerEvent: {}
[7.330445] (realsense2_camera_msgs) StdoutLine: {'line': b'[100%] Built target realsense2_camera_msgs__rosidl_typesupport_fastrtps_c__pyext\n'}
[7.332172] (realsense2_camera_msgs) StdoutLine: {'line': b'[100%] Built target realsense2_camera_msgs__rosidl_typesupport_c__pyext\n'}
[7.340092] (realsense2_camera_msgs) StdoutLine: {'line': b'[100%] Built target realsense2_camera_msgs__rosidl_typesupport_introspection_c__pyext\n'}
[7.350378] (realsense2_camera_msgs) CommandEnded: {'returncode': 0}
[7.351211] (realsense2_camera_msgs) JobProgress: {'identifier': 'realsense2_camera_msgs', 'progress': 'install'}
[7.358490] (realsense2_camera_msgs) Command: {'cmd': ['/usr/bin/cmake', '--install', '/home/sparklab/sparklab/gnss-ros_ws/build/realsense2_camera_msgs'], 'cwd': '/home/sparklab/sparklab/gnss-ros_ws/build/realsense2_camera_msgs', 'env': OrderedDict([('PYTHONIOENCODING', 'utf-8'), ('HOSTNAME', '6764024e662c'), ('SHLVL', '1'), ('LD_LIBRARY_PATH', '/opt/ros/humble/opt/rviz_ogre_vendor/lib:/opt/ros/humble/lib/x86_64-linux-gnu:/opt/ros/humble/lib'), ('HOME', '/home/sparklab'), ('OLDPWD', '/home/sparklab/sparklab'), ('ROS_PYTHON_VERSION', '3'), ('ROS_DISTRO', 'humble'), ('_', '/usr/bin/colcon'), ('ROS_VERSION', '2'), ('TERM', 'xterm'), ('ROS_LOCALHOST_ONLY', '0'), ('PATH', '/opt/ros/humble/bin:/usr/local/sbin:/usr/local/bin:/usr/sbin:/usr/bin:/sbin:/bin'), ('LANG', 'en_US.UTF-8'), ('AMENT_PREFIX_PATH', '/opt/ros/humble'), ('PWD', '/home/sparklab/sparklab/gnss-ros_ws/build/realsense2_camera_msgs'), ('PYTHONPATH', '/opt/ros/humble/lib/python3.10/site-packages:/opt/ros/humble/local/lib/python3.10/dist-packages'), ('COLCON', '1'), ('CMAKE_PREFIX_PATH', '/opt/ros/humble')]), 'shell': False}
[7.365848] (realsense2_camera_msgs) StdoutLine: {'line': b'-- Install configuration: ""\n'}
[7.366429] (realsense2_camera_msgs) StdoutLine: {'line': b'-- Execute custom install script\n'}
[7.366715] (realsense2_camera_msgs) StdoutLine: {'line': b'-- Symlinking: /home/sparklab/sparklab/gnss-ros_ws/install/realsense2_camera_msgs/share/ament_index/resource_index/rosidl_interfaces/realsense2_camera_msgs\n'}
[7.374798] (realsense2_camera_msgs) StdoutLine: {'line': b'-- Symlinking: /home/sparklab/sparklab/gnss-ros_ws/install/realsense2_camera_msgs/include/realsense2_camera_msgs/realsense2_camera_msgs/msg/detail/extrinsics__functions.h\n'}
[7.382097] (realsense2_camera_msgs) StdoutLine: {'line': b'-- Symlinking: /home/sparklab/sparklab/gnss-ros_ws/install/realsense2_camera_msgs/include/realsense2_camera_msgs/realsense2_camera_msgs/msg/detail/extrinsics__struct.h\n'}
[7.389412] (realsense2_camera_msgs) StdoutLine: {'line': b'-- Symlinking: /home/sparklab/sparklab/gnss-ros_ws/install/realsense2_camera_msgs/include/realsense2_camera_msgs/realsense2_camera_msgs/msg/detail/extrinsics__type_support.h\n'}
[7.396673] (realsense2_camera_msgs) StdoutLine: {'line': b'-- Symlinking: /home/sparklab/sparklab/gnss-ros_ws/install/realsense2_camera_msgs/include/realsense2_camera_msgs/realsense2_camera_msgs/msg/detail/imu_info__functions.h\n'}
[7.403994] (realsense2_camera_msgs) StdoutLine: {'line': b'-- Symlinking: /home/sparklab/sparklab/gnss-ros_ws/install/realsense2_camera_msgs/include/realsense2_camera_msgs/realsense2_camera_msgs/msg/detail/imu_info__struct.h\n'}
[7.410837] (-) TimerEvent: {}
[7.411232] (realsense2_camera_msgs) StdoutLine: {'line': b'-- Symlinking: /home/sparklab/sparklab/gnss-ros_ws/install/realsense2_camera_msgs/include/realsense2_camera_msgs/realsense2_camera_msgs/msg/detail/imu_info__type_support.h\n'}
[7.418635] (realsense2_camera_msgs) StdoutLine: {'line': b'-- Symlinking: /home/sparklab/sparklab/gnss-ros_ws/install/realsense2_camera_msgs/include/realsense2_camera_msgs/realsense2_camera_msgs/msg/detail/metadata__functions.h\n'}
[7.425833] (realsense2_camera_msgs) StdoutLine: {'line': b'-- Symlinking: /home/sparklab/sparklab/gnss-ros_ws/install/realsense2_camera_msgs/include/realsense2_camera_msgs/realsense2_camera_msgs/msg/detail/metadata__struct.h\n'}
[7.432999] (realsense2_camera_msgs) StdoutLine: {'line': b'-- Symlinking: /home/sparklab/sparklab/gnss-ros_ws/install/realsense2_camera_msgs/include/realsense2_camera_msgs/realsense2_camera_msgs/msg/detail/metadata__type_support.h\n'}
[7.440207] (realsense2_camera_msgs) StdoutLine: {'line': b'-- Symlinking: /home/sparklab/sparklab/gnss-ros_ws/install/realsense2_camera_msgs/include/realsense2_camera_msgs/realsense2_camera_msgs/msg/detail/rgbd__functions.h\n'}
[7.447430] (realsense2_camera_msgs) StdoutLine: {'line': b'-- Symlinking: /home/sparklab/sparklab/gnss-ros_ws/install/realsense2_camera_msgs/include/realsense2_camera_msgs/realsense2_camera_msgs/msg/detail/rgbd__struct.h\n'}
[7.454645] (realsense2_camera_msgs) StdoutLine: {'line': b'-- Symlinking: /home/sparklab/sparklab/gnss-ros_ws/install/realsense2_camera_msgs/include/realsense2_camera_msgs/realsense2_camera_msgs/msg/detail/rgbd__type_support.h\n'}
[7.461955] (realsense2_camera_msgs) StdoutLine: {'line': b'-- Symlinking: /home/sparklab/sparklab/gnss-ros_ws/install/realsense2_camera_msgs/include/realsense2_camera_msgs/realsense2_camera_msgs/msg/extrinsics.h\n'}
[7.469256] (realsense2_camera_msgs) StdoutLine: {'line': b'-- Symlinking: /home/sparklab/sparklab/gnss-ros_ws/install/realsense2_camera_msgs/include/realsense2_camera_msgs/realsense2_camera_msgs/msg/imu_info.h\n'}
[7.476545] (realsense2_camera_msgs) StdoutLine: {'line': b'-- Symlinking: /home/sparklab/sparklab/gnss-ros_ws/install/realsense2_camera_msgs/include/realsense2_camera_msgs/realsense2_camera_msgs/msg/metadata.h\n'}
[7.483924] (realsense2_camera_msgs) StdoutLine: {'line': b'-- Symlinking: /home/sparklab/sparklab/gnss-ros_ws/install/realsense2_camera_msgs/include/realsense2_camera_msgs/realsense2_camera_msgs/msg/rgbd.h\n'}
[7.491177] (realsense2_camera_msgs) StdoutLine: {'line': b'-- Symlinking: /home/sparklab/sparklab/gnss-ros_ws/install/realsense2_camera_msgs/include/realsense2_camera_msgs/realsense2_camera_msgs/msg/rosidl_generator_c__visibility_control.h\n'}
[7.498503] (realsense2_camera_msgs) StdoutLine: {'line': b'-- Symlinking: /home/sparklab/sparklab/gnss-ros_ws/install/realsense2_camera_msgs/include/realsense2_camera_msgs/realsense2_camera_msgs/srv/detail/device_info__functions.h\n'}
[7.505904] (realsense2_camera_msgs) StdoutLine: {'line': b'-- Symlinking: /home/sparklab/sparklab/gnss-ros_ws/install/realsense2_camera_msgs/include/realsense2_camera_msgs/realsense2_camera_msgs/srv/detail/device_info__struct.h\n'}
[7.510951] (-) TimerEvent: {}
[7.513105] (realsense2_camera_msgs) StdoutLine: {'line': b'-- Symlinking: /home/sparklab/sparklab/gnss-ros_ws/install/realsense2_camera_msgs/include/realsense2_camera_msgs/realsense2_camera_msgs/srv/detail/device_info__type_support.h\n'}
[7.520387] (realsense2_camera_msgs) StdoutLine: {'line': b'-- Symlinking: /home/sparklab/sparklab/gnss-ros_ws/install/realsense2_camera_msgs/include/realsense2_camera_msgs/realsense2_camera_msgs/srv/device_info.h\n'}
[7.527886] (realsense2_camera_msgs) StdoutLine: {'line': b'-- Symlinking: /home/sparklab/sparklab/gnss-ros_ws/install/realsense2_camera_msgs/share/realsense2_camera_msgs/environment/library_path.sh\n'}
[7.535166] (realsense2_camera_msgs) StdoutLine: {'line': b'-- Symlinking: /home/sparklab/sparklab/gnss-ros_ws/install/realsense2_camera_msgs/share/realsense2_camera_msgs/environment/library_path.dsv\n'}
[7.543096] (realsense2_camera_msgs) StdoutLine: {'line': b'-- Symlinking: /home/sparklab/sparklab/gnss-ros_ws/install/realsense2_camera_msgs/include/realsense2_camera_msgs/realsense2_camera_msgs/msg/detail/extrinsics__rosidl_typesupport_fastrtps_c.h\n'}
[7.550388] (realsense2_camera_msgs) StdoutLine: {'line': b'-- Symlinking: /home/sparklab/sparklab/gnss-ros_ws/install/realsense2_camera_msgs/include/realsense2_camera_msgs/realsense2_camera_msgs/msg/detail/imu_info__rosidl_typesupport_fastrtps_c.h\n'}
[7.557626] (realsense2_camera_msgs) StdoutLine: {'line': b'-- Symlinking: /home/sparklab/sparklab/gnss-ros_ws/install/realsense2_camera_msgs/include/realsense2_camera_msgs/realsense2_camera_msgs/msg/detail/metadata__rosidl_typesupport_fastrtps_c.h\n'}
[7.564994] (realsense2_camera_msgs) StdoutLine: {'line': b'-- Symlinking: /home/sparklab/sparklab/gnss-ros_ws/install/realsense2_camera_msgs/include/realsense2_camera_msgs/realsense2_camera_msgs/msg/detail/rgbd__rosidl_typesupport_fastrtps_c.h\n'}
[7.572191] (realsense2_camera_msgs) StdoutLine: {'line': b'-- Symlinking: /home/sparklab/sparklab/gnss-ros_ws/install/realsense2_camera_msgs/include/realsense2_camera_msgs/realsense2_camera_msgs/msg/rosidl_typesupport_fastrtps_c__visibility_control.h\n'}
[7.579479] (realsense2_camera_msgs) StdoutLine: {'line': b'-- Symlinking: /home/sparklab/sparklab/gnss-ros_ws/install/realsense2_camera_msgs/include/realsense2_camera_msgs/realsense2_camera_msgs/srv/detail/device_info__rosidl_typesupport_fastrtps_c.h\n'}
[7.587177] (realsense2_camera_msgs) StdoutLine: {'line': b'-- Symlinking: /home/sparklab/sparklab/gnss-ros_ws/install/realsense2_camera_msgs/include/realsense2_camera_msgs/realsense2_camera_msgs/msg/detail/extrinsics__rosidl_typesupport_introspection_c.h\n'}
[7.594562] (realsense2_camera_msgs) StdoutLine: {'line': b'-- Symlinking: /home/sparklab/sparklab/gnss-ros_ws/install/realsense2_camera_msgs/include/realsense2_camera_msgs/realsense2_camera_msgs/msg/detail/imu_info__rosidl_typesupport_introspection_c.h\n'}
[7.601746] (realsense2_camera_msgs) StdoutLine: {'line': b'-- Symlinking: /home/sparklab/sparklab/gnss-ros_ws/install/realsense2_camera_msgs/include/realsense2_camera_msgs/realsense2_camera_msgs/msg/detail/metadata__rosidl_typesupport_introspection_c.h\n'}
[7.608907] (realsense2_camera_msgs) StdoutLine: {'line': b'-- Symlinking: /home/sparklab/sparklab/gnss-ros_ws/install/realsense2_camera_msgs/include/realsense2_camera_msgs/realsense2_camera_msgs/msg/detail/rgbd__rosidl_typesupport_introspection_c.h\n'}
[7.611058] (-) TimerEvent: {}
[7.616232] (realsense2_camera_msgs) StdoutLine: {'line': b'-- Symlinking: /home/sparklab/sparklab/gnss-ros_ws/install/realsense2_camera_msgs/include/realsense2_camera_msgs/realsense2_camera_msgs/msg/rosidl_typesupport_introspection_c__visibility_control.h\n'}
[7.623488] (realsense2_camera_msgs) StdoutLine: {'line': b'-- Symlinking: /home/sparklab/sparklab/gnss-ros_ws/install/realsense2_camera_msgs/include/realsense2_camera_msgs/realsense2_camera_msgs/srv/detail/device_info__rosidl_typesupport_introspection_c.h\n'}
[7.631211] (realsense2_camera_msgs) StdoutLine: {'line': b'-- Symlinking: /home/sparklab/sparklab/gnss-ros_ws/install/realsense2_camera_msgs/include/realsense2_camera_msgs/realsense2_camera_msgs/msg/detail/extrinsics__builder.hpp\n'}
[7.638398] (realsense2_camera_msgs) StdoutLine: {'line': b'-- Symlinking: /home/sparklab/sparklab/gnss-ros_ws/install/realsense2_camera_msgs/include/realsense2_camera_msgs/realsense2_camera_msgs/msg/detail/extrinsics__struct.hpp\n'}
[7.645570] (realsense2_camera_msgs) StdoutLine: {'line': b'-- Symlinking: /home/sparklab/sparklab/gnss-ros_ws/install/realsense2_camera_msgs/include/realsense2_camera_msgs/realsense2_camera_msgs/msg/detail/extrinsics__traits.hpp\n'}
[7.652872] (realsense2_camera_msgs) StdoutLine: {'line': b'-- Symlinking: /home/sparklab/sparklab/gnss-ros_ws/install/realsense2_camera_msgs/include/realsense2_camera_msgs/realsense2_camera_msgs/msg/detail/extrinsics__type_support.hpp\n'}
[7.660110] (realsense2_camera_msgs) StdoutLine: {'line': b'-- Symlinking: /home/sparklab/sparklab/gnss-ros_ws/install/realsense2_camera_msgs/include/realsense2_camera_msgs/realsense2_camera_msgs/msg/detail/imu_info__builder.hpp\n'}
[7.667326] (realsense2_camera_msgs) StdoutLine: {'line': b'-- Symlinking: /home/sparklab/sparklab/gnss-ros_ws/install/realsense2_camera_msgs/include/realsense2_camera_msgs/realsense2_camera_msgs/msg/detail/imu_info__struct.hpp\n'}
[7.674561] (realsense2_camera_msgs) StdoutLine: {'line': b'-- Symlinking: /home/sparklab/sparklab/gnss-ros_ws/install/realsense2_camera_msgs/include/realsense2_camera_msgs/realsense2_camera_msgs/msg/detail/imu_info__traits.hpp\n'}
[7.681714] (realsense2_camera_msgs) StdoutLine: {'line': b'-- Symlinking: /home/sparklab/sparklab/gnss-ros_ws/install/realsense2_camera_msgs/include/realsense2_camera_msgs/realsense2_camera_msgs/msg/detail/imu_info__type_support.hpp\n'}
[7.688939] (realsense2_camera_msgs) StdoutLine: {'line': b'-- Symlinking: /home/sparklab/sparklab/gnss-ros_ws/install/realsense2_camera_msgs/include/realsense2_camera_msgs/realsense2_camera_msgs/msg/detail/metadata__builder.hpp\n'}
[7.696173] (realsense2_camera_msgs) StdoutLine: {'line': b'-- Symlinking: /home/sparklab/sparklab/gnss-ros_ws/install/realsense2_camera_msgs/include/realsense2_camera_msgs/realsense2_camera_msgs/msg/detail/metadata__struct.hpp\n'}
[7.703411] (realsense2_camera_msgs) StdoutLine: {'line': b'-- Symlinking: /home/sparklab/sparklab/gnss-ros_ws/install/realsense2_camera_msgs/include/realsense2_camera_msgs/realsense2_camera_msgs/msg/detail/metadata__traits.hpp\n'}
[7.710659] (realsense2_camera_msgs) StdoutLine: {'line': b'-- Symlinking: /home/sparklab/sparklab/gnss-ros_ws/install/realsense2_camera_msgs/include/realsense2_camera_msgs/realsense2_camera_msgs/msg/detail/metadata__type_support.hpp\n'}
[7.711150] (-) TimerEvent: {}
[7.717849] (realsense2_camera_msgs) StdoutLine: {'line': b'-- Symlinking: /home/sparklab/sparklab/gnss-ros_ws/install/realsense2_camera_msgs/include/realsense2_camera_msgs/realsense2_camera_msgs/msg/detail/rgbd__builder.hpp\n'}
[7.725053] (realsense2_camera_msgs) StdoutLine: {'line': b'-- Symlinking: /home/sparklab/sparklab/gnss-ros_ws/install/realsense2_camera_msgs/include/realsense2_camera_msgs/realsense2_camera_msgs/msg/detail/rgbd__struct.hpp\n'}
[7.732249] (realsense2_camera_msgs) StdoutLine: {'line': b'-- Symlinking: /home/sparklab/sparklab/gnss-ros_ws/install/realsense2_camera_msgs/include/realsense2_camera_msgs/realsense2_camera_msgs/msg/detail/rgbd__traits.hpp\n'}
[7.739499] (realsense2_camera_msgs) StdoutLine: {'line': b'-- Symlinking: /home/sparklab/sparklab/gnss-ros_ws/install/realsense2_camera_msgs/include/realsense2_camera_msgs/realsense2_camera_msgs/msg/detail/rgbd__type_support.hpp\n'}
[7.746709] (realsense2_camera_msgs) StdoutLine: {'line': b'-- Symlinking: /home/sparklab/sparklab/gnss-ros_ws/install/realsense2_camera_msgs/include/realsense2_camera_msgs/realsense2_camera_msgs/msg/extrinsics.hpp\n'}
[7.753860] (realsense2_camera_msgs) StdoutLine: {'line': b'-- Symlinking: /home/sparklab/sparklab/gnss-ros_ws/install/realsense2_camera_msgs/include/realsense2_camera_msgs/realsense2_camera_msgs/msg/imu_info.hpp\n'}
[7.761079] (realsense2_camera_msgs) StdoutLine: {'line': b'-- Symlinking: /home/sparklab/sparklab/gnss-ros_ws/install/realsense2_camera_msgs/include/realsense2_camera_msgs/realsense2_camera_msgs/msg/metadata.hpp\n'}
[7.768348] (realsense2_camera_msgs) StdoutLine: {'line': b'-- Symlinking: /home/sparklab/sparklab/gnss-ros_ws/install/realsense2_camera_msgs/include/realsense2_camera_msgs/realsense2_camera_msgs/msg/rgbd.hpp\n'}
[7.775609] (realsense2_camera_msgs) StdoutLine: {'line': b'-- Symlinking: /home/sparklab/sparklab/gnss-ros_ws/install/realsense2_camera_msgs/include/realsense2_camera_msgs/realsense2_camera_msgs/msg/rosidl_generator_cpp__visibility_control.hpp\n'}
[7.782771] (realsense2_camera_msgs) StdoutLine: {'line': b'-- Symlinking: /home/sparklab/sparklab/gnss-ros_ws/install/realsense2_camera_msgs/include/realsense2_camera_msgs/realsense2_camera_msgs/srv/detail/device_info__builder.hpp\n'}
[7.789933] (realsense2_camera_msgs) StdoutLine: {'line': b'-- Symlinking: /home/sparklab/sparklab/gnss-ros_ws/install/realsense2_camera_msgs/include/realsense2_camera_msgs/realsense2_camera_msgs/srv/detail/device_info__struct.hpp\n'}
[7.797167] (realsense2_camera_msgs) StdoutLine: {'line': b'-- Symlinking: /home/sparklab/sparklab/gnss-ros_ws/install/realsense2_camera_msgs/include/realsense2_camera_msgs/realsense2_camera_msgs/srv/detail/device_info__traits.hpp\n'}
[7.804398] (realsense2_camera_msgs) StdoutLine: {'line': b'-- Symlinking: /home/sparklab/sparklab/gnss-ros_ws/install/realsense2_camera_msgs/include/realsense2_camera_msgs/realsense2_camera_msgs/srv/detail/device_info__type_support.hpp\n'}
[7.811276] (-) TimerEvent: {}
[7.811675] (realsense2_camera_msgs) StdoutLine: {'line': b'-- Symlinking: /home/sparklab/sparklab/gnss-ros_ws/install/realsense2_camera_msgs/include/realsense2_camera_msgs/realsense2_camera_msgs/srv/device_info.hpp\n'}
[7.819526] (realsense2_camera_msgs) StdoutLine: {'line': b'-- Symlinking: /home/sparklab/sparklab/gnss-ros_ws/install/realsense2_camera_msgs/include/realsense2_camera_msgs/realsense2_camera_msgs/msg/detail/extrinsics__rosidl_typesupport_fastrtps_cpp.hpp\n'}
[7.826686] (realsense2_camera_msgs) StdoutLine: {'line': b'-- Symlinking: /home/sparklab/sparklab/gnss-ros_ws/install/realsense2_camera_msgs/include/realsense2_camera_msgs/realsense2_camera_msgs/msg/detail/imu_info__rosidl_typesupport_fastrtps_cpp.hpp\n'}
[7.833880] (realsense2_camera_msgs) StdoutLine: {'line': b'-- Symlinking: /home/sparklab/sparklab/gnss-ros_ws/install/realsense2_camera_msgs/include/realsense2_camera_msgs/realsense2_camera_msgs/msg/detail/metadata__rosidl_typesupport_fastrtps_cpp.hpp\n'}
[7.841093] (realsense2_camera_msgs) StdoutLine: {'line': b'-- Symlinking: /home/sparklab/sparklab/gnss-ros_ws/install/realsense2_camera_msgs/include/realsense2_camera_msgs/realsense2_camera_msgs/msg/detail/rgbd__rosidl_typesupport_fastrtps_cpp.hpp\n'}
[7.848354] (realsense2_camera_msgs) StdoutLine: {'line': b'-- Symlinking: /home/sparklab/sparklab/gnss-ros_ws/install/realsense2_camera_msgs/include/realsense2_camera_msgs/realsense2_camera_msgs/msg/rosidl_typesupport_fastrtps_cpp__visibility_control.h\n'}
[7.855599] (realsense2_camera_msgs) StdoutLine: {'line': b'-- Symlinking: /home/sparklab/sparklab/gnss-ros_ws/install/realsense2_camera_msgs/include/realsense2_camera_msgs/realsense2_camera_msgs/srv/detail/device_info__rosidl_typesupport_fastrtps_cpp.hpp\n'}
[7.863187] (realsense2_camera_msgs) StdoutLine: {'line': b'-- Symlinking: /home/sparklab/sparklab/gnss-ros_ws/install/realsense2_camera_msgs/include/realsense2_camera_msgs/realsense2_camera_msgs/msg/detail/extrinsics__rosidl_typesupport_introspection_cpp.hpp\n'}
[7.870415] (realsense2_camera_msgs) StdoutLine: {'line': b'-- Symlinking: /home/sparklab/sparklab/gnss-ros_ws/install/realsense2_camera_msgs/include/realsense2_camera_msgs/realsense2_camera_msgs/msg/detail/imu_info__rosidl_typesupport_introspection_cpp.hpp\n'}
[7.877604] (realsense2_camera_msgs) StdoutLine: {'line': b'-- Symlinking: /home/sparklab/sparklab/gnss-ros_ws/install/realsense2_camera_msgs/include/realsense2_camera_msgs/realsense2_camera_msgs/msg/detail/metadata__rosidl_typesupport_introspection_cpp.hpp\n'}
[7.884833] (realsense2_camera_msgs) StdoutLine: {'line': b'-- Symlinking: /home/sparklab/sparklab/gnss-ros_ws/install/realsense2_camera_msgs/include/realsense2_camera_msgs/realsense2_camera_msgs/msg/detail/rgbd__rosidl_typesupport_introspection_cpp.hpp\n'}
[7.892008] (realsense2_camera_msgs) StdoutLine: {'line': b'-- Symlinking: /home/sparklab/sparklab/gnss-ros_ws/install/realsense2_camera_msgs/include/realsense2_camera_msgs/realsense2_camera_msgs/srv/detail/device_info__rosidl_typesupport_introspection_cpp.hpp\n'}
[7.899341] (realsense2_camera_msgs) StdoutLine: {'line': b'-- Symlinking: /home/sparklab/sparklab/gnss-ros_ws/install/realsense2_camera_msgs/share/realsense2_camera_msgs/environment/pythonpath.sh\n'}
[7.906622] (realsense2_camera_msgs) StdoutLine: {'line': b'-- Symlinking: /home/sparklab/sparklab/gnss-ros_ws/install/realsense2_camera_msgs/share/realsense2_camera_msgs/environment/pythonpath.dsv\n'}
[7.911385] (-) TimerEvent: {}
[7.914180] (realsense2_camera_msgs) StdoutLine: {'line': b'-- Symlinking: /home/sparklab/sparklab/gnss-ros_ws/install/realsense2_camera_msgs/local/lib/python3.10/dist-packages/realsense2_camera_msgs-4.55.1-py3.10.egg-info/PKG-INFO\n'}
[7.921510] (realsense2_camera_msgs) StdoutLine: {'line': b'-- Symlinking: /home/sparklab/sparklab/gnss-ros_ws/install/realsense2_camera_msgs/local/lib/python3.10/dist-packages/realsense2_camera_msgs-4.55.1-py3.10.egg-info/SOURCES.txt\n'}
[7.928782] (realsense2_camera_msgs) StdoutLine: {'line': b'-- Symlinking: /home/sparklab/sparklab/gnss-ros_ws/install/realsense2_camera_msgs/local/lib/python3.10/dist-packages/realsense2_camera_msgs-4.55.1-py3.10.egg-info/dependency_links.txt\n'}
[7.935980] (realsense2_camera_msgs) StdoutLine: {'line': b'-- Symlinking: /home/sparklab/sparklab/gnss-ros_ws/install/realsense2_camera_msgs/local/lib/python3.10/dist-packages/realsense2_camera_msgs-4.55.1-py3.10.egg-info/top_level.txt\n'}
[7.943982] (realsense2_camera_msgs) StdoutLine: {'line': b'-- Symlinking: /home/sparklab/sparklab/gnss-ros_ws/install/realsense2_camera_msgs/local/lib/python3.10/dist-packages/realsense2_camera_msgs/__init__.py\n'}
[7.951261] (realsense2_camera_msgs) StdoutLine: {'line': b'-- Symlinking: /home/sparklab/sparklab/gnss-ros_ws/install/realsense2_camera_msgs/local/lib/python3.10/dist-packages/realsense2_camera_msgs/_realsense2_camera_msgs_s.ep.rosidl_typesupport_c.c\n'}
[7.958410] (realsense2_camera_msgs) StdoutLine: {'line': b'-- Symlinking: /home/sparklab/sparklab/gnss-ros_ws/install/realsense2_camera_msgs/local/lib/python3.10/dist-packages/realsense2_camera_msgs/_realsense2_camera_msgs_s.ep.rosidl_typesupport_fastrtps_c.c\n'}
[7.965666] (realsense2_camera_msgs) StdoutLine: {'line': b'-- Symlinking: /home/sparklab/sparklab/gnss-ros_ws/install/realsense2_camera_msgs/local/lib/python3.10/dist-packages/realsense2_camera_msgs/_realsense2_camera_msgs_s.ep.rosidl_typesupport_introspection_c.c\n'}
[7.972886] (realsense2_camera_msgs) StdoutLine: {'line': b'-- Symlinking: /home/sparklab/sparklab/gnss-ros_ws/install/realsense2_camera_msgs/local/lib/python3.10/dist-packages/realsense2_camera_msgs/librealsense2_camera_msgs__rosidl_generator_py.so\n'}
[7.980119] (realsense2_camera_msgs) StdoutLine: {'line': b'-- Symlinking: /home/sparklab/sparklab/gnss-ros_ws/install/realsense2_camera_msgs/local/lib/python3.10/dist-packages/realsense2_camera_msgs/msg/__init__.py\n'}
[7.987380] (realsense2_camera_msgs) StdoutLine: {'line': b'-- Symlinking: /home/sparklab/sparklab/gnss-ros_ws/install/realsense2_camera_msgs/local/lib/python3.10/dist-packages/realsense2_camera_msgs/msg/_extrinsics.py\n'}
[7.994642] (realsense2_camera_msgs) StdoutLine: {'line': b'-- Symlinking: /home/sparklab/sparklab/gnss-ros_ws/install/realsense2_camera_msgs/local/lib/python3.10/dist-packages/realsense2_camera_msgs/msg/_extrinsics_s.c\n'}
[8.001763] (realsense2_camera_msgs) StdoutLine: {'line': b'-- Symlinking: /home/sparklab/sparklab/gnss-ros_ws/install/realsense2_camera_msgs/local/lib/python3.10/dist-packages/realsense2_camera_msgs/msg/_imu_info.py\n'}
[8.008955] (realsense2_camera_msgs) StdoutLine: {'line': b'-- Symlinking: /home/sparklab/sparklab/gnss-ros_ws/install/realsense2_camera_msgs/local/lib/python3.10/dist-packages/realsense2_camera_msgs/msg/_imu_info_s.c\n'}
[8.011486] (-) TimerEvent: {}
[8.016221] (realsense2_camera_msgs) StdoutLine: {'line': b'-- Symlinking: /home/sparklab/sparklab/gnss-ros_ws/install/realsense2_camera_msgs/local/lib/python3.10/dist-packages/realsense2_camera_msgs/msg/_metadata.py\n'}
[8.023405] (realsense2_camera_msgs) StdoutLine: {'line': b'-- Symlinking: /home/sparklab/sparklab/gnss-ros_ws/install/realsense2_camera_msgs/local/lib/python3.10/dist-packages/realsense2_camera_msgs/msg/_metadata_s.c\n'}
[8.030626] (realsense2_camera_msgs) StdoutLine: {'line': b'-- Symlinking: /home/sparklab/sparklab/gnss-ros_ws/install/realsense2_camera_msgs/local/lib/python3.10/dist-packages/realsense2_camera_msgs/msg/_rgbd.py\n'}
[8.037806] (realsense2_camera_msgs) StdoutLine: {'line': b'-- Symlinking: /home/sparklab/sparklab/gnss-ros_ws/install/realsense2_camera_msgs/local/lib/python3.10/dist-packages/realsense2_camera_msgs/msg/_rgbd_s.c\n'}
[8.045030] (realsense2_camera_msgs) StdoutLine: {'line': b'-- Symlinking: /home/sparklab/sparklab/gnss-ros_ws/install/realsense2_camera_msgs/local/lib/python3.10/dist-packages/realsense2_camera_msgs/realsense2_camera_msgs_s__rosidl_typesupport_c.cpython-310-x86_64-linux-gnu.so\n'}
[8.052310] (realsense2_camera_msgs) StdoutLine: {'line': b'-- Symlinking: /home/sparklab/sparklab/gnss-ros_ws/install/realsense2_camera_msgs/local/lib/python3.10/dist-packages/realsense2_camera_msgs/realsense2_camera_msgs_s__rosidl_typesupport_fastrtps_c.cpython-310-x86_64-linux-gnu.so\n'}
[8.059581] (realsense2_camera_msgs) StdoutLine: {'line': b'-- Symlinking: /home/sparklab/sparklab/gnss-ros_ws/install/realsense2_camera_msgs/local/lib/python3.10/dist-packages/realsense2_camera_msgs/realsense2_camera_msgs_s__rosidl_typesupport_introspection_c.cpython-310-x86_64-linux-gnu.so\n'}
[8.066830] (realsense2_camera_msgs) StdoutLine: {'line': b'-- Symlinking: /home/sparklab/sparklab/gnss-ros_ws/install/realsense2_camera_msgs/local/lib/python3.10/dist-packages/realsense2_camera_msgs/srv/__init__.py\n'}
[8.073996] (realsense2_camera_msgs) StdoutLine: {'line': b'-- Symlinking: /home/sparklab/sparklab/gnss-ros_ws/install/realsense2_camera_msgs/local/lib/python3.10/dist-packages/realsense2_camera_msgs/srv/_device_info.py\n'}
[8.081202] (realsense2_camera_msgs) StdoutLine: {'line': b'-- Symlinking: /home/sparklab/sparklab/gnss-ros_ws/install/realsense2_camera_msgs/local/lib/python3.10/dist-packages/realsense2_camera_msgs/srv/_device_info_s.c\n'}
[8.088703] (realsense2_camera_msgs) StdoutLine: {'line': b'-- Up-to-date symlink: /home/sparklab/sparklab/gnss-ros_ws/install/realsense2_camera_msgs/local/lib/python3.10/dist-packages/realsense2_camera_msgs/realsense2_camera_msgs_s__rosidl_typesupport_fastrtps_c.cpython-310-x86_64-linux-gnu.so\n'}
[8.088991] (realsense2_camera_msgs) StdoutLine: {'line': b'-- Up-to-date symlink: /home/sparklab/sparklab/gnss-ros_ws/install/realsense2_camera_msgs/local/lib/python3.10/dist-packages/realsense2_camera_msgs/realsense2_camera_msgs_s__rosidl_typesupport_introspection_c.cpython-310-x86_64-linux-gnu.so\n'}
[8.089299] (realsense2_camera_msgs) StdoutLine: {'line': b'-- Up-to-date symlink: /home/sparklab/sparklab/gnss-ros_ws/install/realsense2_camera_msgs/local/lib/python3.10/dist-packages/realsense2_camera_msgs/realsense2_camera_msgs_s__rosidl_typesupport_c.cpython-310-x86_64-linux-gnu.so\n'}
[8.089503] (realsense2_camera_msgs) StdoutLine: {'line': b'-- Symlinking: /home/sparklab/sparklab/gnss-ros_ws/install/realsense2_camera_msgs/share/realsense2_camera_msgs/msg/IMUInfo.idl\n'}
[8.096837] (realsense2_camera_msgs) StdoutLine: {'line': b'-- Symlinking: /home/sparklab/sparklab/gnss-ros_ws/install/realsense2_camera_msgs/share/realsense2_camera_msgs/msg/Extrinsics.idl\n'}
[8.104100] (realsense2_camera_msgs) StdoutLine: {'line': b'-- Symlinking: /home/sparklab/sparklab/gnss-ros_ws/install/realsense2_camera_msgs/share/realsense2_camera_msgs/msg/Metadata.idl\n'}
[8.111404] (realsense2_camera_msgs) StdoutLine: {'line': b'-- Symlinking: /home/sparklab/sparklab/gnss-ros_ws/install/realsense2_camera_msgs/share/realsense2_camera_msgs/msg/RGBD.idl\n'}
[8.111548] (-) TimerEvent: {}
[8.118850] (realsense2_camera_msgs) StdoutLine: {'line': b'-- Symlinking: /home/sparklab/sparklab/gnss-ros_ws/install/realsense2_camera_msgs/share/realsense2_camera_msgs/srv/DeviceInfo.idl\n'}
[8.126088] (realsense2_camera_msgs) StdoutLine: {'line': b'-- Symlinking: /home/sparklab/sparklab/gnss-ros_ws/install/realsense2_camera_msgs/share/realsense2_camera_msgs/msg/IMUInfo.msg\n'}
[8.133448] (realsense2_camera_msgs) StdoutLine: {'line': b'-- Symlinking: /home/sparklab/sparklab/gnss-ros_ws/install/realsense2_camera_msgs/share/realsense2_camera_msgs/msg/Extrinsics.msg\n'}
[8.140691] (realsense2_camera_msgs) StdoutLine: {'line': b'-- Symlinking: /home/sparklab/sparklab/gnss-ros_ws/install/realsense2_camera_msgs/share/realsense2_camera_msgs/msg/Metadata.msg\n'}
[8.148007] (realsense2_camera_msgs) StdoutLine: {'line': b'-- Symlinking: /home/sparklab/sparklab/gnss-ros_ws/install/realsense2_camera_msgs/share/realsense2_camera_msgs/msg/RGBD.msg\n'}
[8.155280] (realsense2_camera_msgs) StdoutLine: {'line': b'-- Symlinking: /home/sparklab/sparklab/gnss-ros_ws/install/realsense2_camera_msgs/share/realsense2_camera_msgs/srv/DeviceInfo.srv\n'}
[8.162589] (realsense2_camera_msgs) StdoutLine: {'line': b'-- Symlinking: /home/sparklab/sparklab/gnss-ros_ws/install/realsense2_camera_msgs/share/realsense2_camera_msgs/srv/DeviceInfo_Request.msg\n'}
[8.169778] (realsense2_camera_msgs) StdoutLine: {'line': b'-- Symlinking: /home/sparklab/sparklab/gnss-ros_ws/install/realsense2_camera_msgs/share/realsense2_camera_msgs/srv/DeviceInfo_Response.msg\n'}
[8.177187] (realsense2_camera_msgs) StdoutLine: {'line': b'-- Symlinking: /home/sparklab/sparklab/gnss-ros_ws/install/realsense2_camera_msgs/share/ament_index/resource_index/package_run_dependencies/realsense2_camera_msgs\n'}
[8.184569] (realsense2_camera_msgs) StdoutLine: {'line': b'-- Symlinking: /home/sparklab/sparklab/gnss-ros_ws/install/realsense2_camera_msgs/share/ament_index/resource_index/parent_prefix_path/realsense2_camera_msgs\n'}
[8.191898] (realsense2_camera_msgs) StdoutLine: {'line': b'-- Symlinking: /home/sparklab/sparklab/gnss-ros_ws/install/realsense2_camera_msgs/share/realsense2_camera_msgs/environment/ament_prefix_path.sh\n'}
[8.199209] (realsense2_camera_msgs) StdoutLine: {'line': b'-- Symlinking: /home/sparklab/sparklab/gnss-ros_ws/install/realsense2_camera_msgs/share/realsense2_camera_msgs/environment/ament_prefix_path.dsv\n'}
[8.206445] (realsense2_camera_msgs) StdoutLine: {'line': b'-- Symlinking: /home/sparklab/sparklab/gnss-ros_ws/install/realsense2_camera_msgs/share/realsense2_camera_msgs/environment/path.sh\n'}
[8.211669] (-) TimerEvent: {}
[8.213801] (realsense2_camera_msgs) StdoutLine: {'line': b'-- Symlinking: /home/sparklab/sparklab/gnss-ros_ws/install/realsense2_camera_msgs/share/realsense2_camera_msgs/environment/path.dsv\n'}
[8.221135] (realsense2_camera_msgs) StdoutLine: {'line': b'-- Symlinking: /home/sparklab/sparklab/gnss-ros_ws/install/realsense2_camera_msgs/share/realsense2_camera_msgs/local_setup.bash\n'}
[8.228393] (realsense2_camera_msgs) StdoutLine: {'line': b'-- Symlinking: /home/sparklab/sparklab/gnss-ros_ws/install/realsense2_camera_msgs/share/realsense2_camera_msgs/local_setup.sh\n'}
[8.235685] (realsense2_camera_msgs) StdoutLine: {'line': b'-- Symlinking: /home/sparklab/sparklab/gnss-ros_ws/install/realsense2_camera_msgs/share/realsense2_camera_msgs/local_setup.zsh\n'}
[8.242960] (realsense2_camera_msgs) StdoutLine: {'line': b'-- Symlinking: /home/sparklab/sparklab/gnss-ros_ws/install/realsense2_camera_msgs/share/realsense2_camera_msgs/local_setup.dsv\n'}
[8.250182] (realsense2_camera_msgs) StdoutLine: {'line': b'-- Symlinking: /home/sparklab/sparklab/gnss-ros_ws/install/realsense2_camera_msgs/share/realsense2_camera_msgs/package.dsv\n'}
[8.257481] (realsense2_camera_msgs) StdoutLine: {'line': b'-- Symlinking: /home/sparklab/sparklab/gnss-ros_ws/install/realsense2_camera_msgs/share/ament_index/resource_index/packages/realsense2_camera_msgs\n'}
[8.264903] (realsense2_camera_msgs) StdoutLine: {'line': b'-- Symlinking: /home/sparklab/sparklab/gnss-ros_ws/install/realsense2_camera_msgs/share/realsense2_camera_msgs/cmake/rosidl_cmake-extras.cmake\n'}
[8.272196] (realsense2_camera_msgs) StdoutLine: {'line': b'-- Symlinking: /home/sparklab/sparklab/gnss-ros_ws/install/realsense2_camera_msgs/share/realsense2_camera_msgs/cmake/ament_cmake_export_dependencies-extras.cmake\n'}
[8.279476] (realsense2_camera_msgs) StdoutLine: {'line': b'-- Symlinking: /home/sparklab/sparklab/gnss-ros_ws/install/realsense2_camera_msgs/share/realsense2_camera_msgs/cmake/ament_cmake_export_include_directories-extras.cmake\n'}
[8.286729] (realsense2_camera_msgs) StdoutLine: {'line': b'-- Symlinking: /home/sparklab/sparklab/gnss-ros_ws/install/realsense2_camera_msgs/share/realsense2_camera_msgs/cmake/ament_cmake_export_libraries-extras.cmake\n'}
[8.294053] (realsense2_camera_msgs) StdoutLine: {'line': b'-- Symlinking: /home/sparklab/sparklab/gnss-ros_ws/install/realsense2_camera_msgs/share/realsense2_camera_msgs/cmake/ament_cmake_export_targets-extras.cmake\n'}
[8.301355] (realsense2_camera_msgs) StdoutLine: {'line': b'-- Symlinking: /home/sparklab/sparklab/gnss-ros_ws/install/realsense2_camera_msgs/share/realsense2_camera_msgs/cmake/rosidl_cmake_export_typesupport_targets-extras.cmake\n'}
[8.308666] (realsense2_camera_msgs) StdoutLine: {'line': b'-- Symlinking: /home/sparklab/sparklab/gnss-ros_ws/install/realsense2_camera_msgs/share/realsense2_camera_msgs/cmake/rosidl_cmake_export_typesupport_libraries-extras.cmake\n'}
[8.311775] (-) TimerEvent: {}
[8.316045] (realsense2_camera_msgs) StdoutLine: {'line': b'-- Symlinking: /home/sparklab/sparklab/gnss-ros_ws/install/realsense2_camera_msgs/share/realsense2_camera_msgs/cmake/realsense2_camera_msgsConfig.cmake\n'}
[8.323371] (realsense2_camera_msgs) StdoutLine: {'line': b'-- Symlinking: /home/sparklab/sparklab/gnss-ros_ws/install/realsense2_camera_msgs/share/realsense2_camera_msgs/cmake/realsense2_camera_msgsConfig-version.cmake\n'}
[8.330654] (realsense2_camera_msgs) StdoutLine: {'line': b'-- Symlinking: /home/sparklab/sparklab/gnss-ros_ws/install/realsense2_camera_msgs/share/realsense2_camera_msgs/package.xml\n'}
[8.337876] (realsense2_camera_msgs) StdoutLine: {'line': b'-- Installing: /home/sparklab/sparklab/gnss-ros_ws/install/realsense2_camera_msgs/lib/librealsense2_camera_msgs__rosidl_generator_c.so\n'}
[8.338390] (realsense2_camera_msgs) StdoutLine: {'line': b'-- Set runtime path of "/home/sparklab/sparklab/gnss-ros_ws/install/realsense2_camera_msgs/lib/librealsense2_camera_msgs__rosidl_generator_c.so" to ""\n'}
[8.338511] (realsense2_camera_msgs) StdoutLine: {'line': b'-- Installing: /home/sparklab/sparklab/gnss-ros_ws/install/realsense2_camera_msgs/lib/librealsense2_camera_msgs__rosidl_typesupport_fastrtps_c.so\n'}
[8.338932] (realsense2_camera_msgs) StdoutLine: {'line': b'-- Set runtime path of "/home/sparklab/sparklab/gnss-ros_ws/install/realsense2_camera_msgs/lib/librealsense2_camera_msgs__rosidl_typesupport_fastrtps_c.so" to ""\n'}
[8.339103] (realsense2_camera_msgs) StdoutLine: {'line': b'-- Installing: /home/sparklab/sparklab/gnss-ros_ws/install/realsense2_camera_msgs/lib/librealsense2_camera_msgs__rosidl_typesupport_introspection_c.so\n'}
[8.339430] (realsense2_camera_msgs) StdoutLine: {'line': b'-- Set runtime path of "/home/sparklab/sparklab/gnss-ros_ws/install/realsense2_camera_msgs/lib/librealsense2_camera_msgs__rosidl_typesupport_introspection_c.so" to ""\n'}
[8.339592] (realsense2_camera_msgs) StdoutLine: {'line': b'-- Installing: /home/sparklab/sparklab/gnss-ros_ws/install/realsense2_camera_msgs/lib/librealsense2_camera_msgs__rosidl_typesupport_c.so\n'}
[8.339876] (realsense2_camera_msgs) StdoutLine: {'line': b'-- Set runtime path of "/home/sparklab/sparklab/gnss-ros_ws/install/realsense2_camera_msgs/lib/librealsense2_camera_msgs__rosidl_typesupport_c.so" to ""\n'}
[8.340008] (realsense2_camera_msgs) StdoutLine: {'line': b'-- Installing: /home/sparklab/sparklab/gnss-ros_ws/install/realsense2_camera_msgs/lib/librealsense2_camera_msgs__rosidl_typesupport_fastrtps_cpp.so\n'}
[8.340381] (realsense2_camera_msgs) StdoutLine: {'line': b'-- Set runtime path of "/home/sparklab/sparklab/gnss-ros_ws/install/realsense2_camera_msgs/lib/librealsense2_camera_msgs__rosidl_typesupport_fastrtps_cpp.so" to ""\n'}
[8.340551] (realsense2_camera_msgs) StdoutLine: {'line': b'-- Installing: /home/sparklab/sparklab/gnss-ros_ws/install/realsense2_camera_msgs/lib/librealsense2_camera_msgs__rosidl_typesupport_introspection_cpp.so\n'}
[8.340948] (realsense2_camera_msgs) StdoutLine: {'line': b'-- Set runtime path of "/home/sparklab/sparklab/gnss-ros_ws/install/realsense2_camera_msgs/lib/librealsense2_camera_msgs__rosidl_typesupport_introspection_cpp.so" to ""\n'}
[8.341075] (realsense2_camera_msgs) StdoutLine: {'line': b'-- Installing: /home/sparklab/sparklab/gnss-ros_ws/install/realsense2_camera_msgs/lib/librealsense2_camera_msgs__rosidl_typesupport_cpp.so\n'}
[8.341408] (realsense2_camera_msgs) StdoutLine: {'line': b'-- Set runtime path of "/home/sparklab/sparklab/gnss-ros_ws/install/realsense2_camera_msgs/lib/librealsense2_camera_msgs__rosidl_typesupport_cpp.so" to ""\n'}
[8.394175] (realsense2_camera_msgs) StdoutLine: {'line': b"Listing '/home/sparklab/sparklab/gnss-ros_ws/install/realsense2_camera_msgs/local/lib/python3.10/dist-packages/realsense2_camera_msgs'...\n"}
[8.394340] (realsense2_camera_msgs) StdoutLine: {'line': b"Compiling '/home/sparklab/sparklab/gnss-ros_ws/install/realsense2_camera_msgs/local/lib/python3.10/dist-packages/realsense2_camera_msgs/__init__.py'...\n"}
[8.394421] (realsense2_camera_msgs) StdoutLine: {'line': b"Listing '/home/sparklab/sparklab/gnss-ros_ws/install/realsense2_camera_msgs/local/lib/python3.10/dist-packages/realsense2_camera_msgs/msg'...\n"}
[8.394497] (realsense2_camera_msgs) StdoutLine: {'line': b"Compiling '/home/sparklab/sparklab/gnss-ros_ws/install/realsense2_camera_msgs/local/lib/python3.10/dist-packages/realsense2_camera_msgs/msg/__init__.py'...\n"}
[8.394567] (realsense2_camera_msgs) StdoutLine: {'line': b"Compiling '/home/sparklab/sparklab/gnss-ros_ws/install/realsense2_camera_msgs/local/lib/python3.10/dist-packages/realsense2_camera_msgs/msg/_extrinsics.py'...\n"}
[8.394631] (realsense2_camera_msgs) StdoutLine: {'line': b"Compiling '/home/sparklab/sparklab/gnss-ros_ws/install/realsense2_camera_msgs/local/lib/python3.10/dist-packages/realsense2_camera_msgs/msg/_imu_info.py'...\n"}
[8.394705] (realsense2_camera_msgs) StdoutLine: {'line': b"Compiling '/home/sparklab/sparklab/gnss-ros_ws/install/realsense2_camera_msgs/local/lib/python3.10/dist-packages/realsense2_camera_msgs/msg/_metadata.py'...\n"}
[8.394768] (realsense2_camera_msgs) StdoutLine: {'line': b"Compiling '/home/sparklab/sparklab/gnss-ros_ws/install/realsense2_camera_msgs/local/lib/python3.10/dist-packages/realsense2_camera_msgs/msg/_rgbd.py'...\n"}
[8.394831] (realsense2_camera_msgs) StdoutLine: {'line': b"Listing '/home/sparklab/sparklab/gnss-ros_ws/install/realsense2_camera_msgs/local/lib/python3.10/dist-packages/realsense2_camera_msgs/srv'...\n"}
[8.394893] (realsense2_camera_msgs) StdoutLine: {'line': b"Compiling '/home/sparklab/sparklab/gnss-ros_ws/install/realsense2_camera_msgs/local/lib/python3.10/dist-packages/realsense2_camera_msgs/srv/__init__.py'...\n"}
[8.394956] (realsense2_camera_msgs) StdoutLine: {'line': b"Compiling '/home/sparklab/sparklab/gnss-ros_ws/install/realsense2_camera_msgs/local/lib/python3.10/dist-packages/realsense2_camera_msgs/srv/_device_info.py'...\n"}
[8.398813] (realsense2_camera_msgs) StdoutLine: {'line': b'-- Installing: /home/sparklab/sparklab/gnss-ros_ws/install/realsense2_camera_msgs/lib/librealsense2_camera_msgs__rosidl_generator_py.so\n'}
[8.399294] (realsense2_camera_msgs) StdoutLine: {'line': b'-- Set runtime path of "/home/sparklab/sparklab/gnss-ros_ws/install/realsense2_camera_msgs/lib/librealsense2_camera_msgs__rosidl_generator_py.so" to ""\n'}
[8.399523] (realsense2_camera_msgs) StdoutLine: {'line': b'-- Installing: /home/sparklab/sparklab/gnss-ros_ws/install/realsense2_camera_msgs/share/realsense2_camera_msgs/cmake/export_realsense2_camera_msgs__rosidl_generator_cExport.cmake\n'}
[8.399627] (realsense2_camera_msgs) StdoutLine: {'line': b'-- Installing: /home/sparklab/sparklab/gnss-ros_ws/install/realsense2_camera_msgs/share/realsense2_camera_msgs/cmake/export_realsense2_camera_msgs__rosidl_generator_cExport-noconfig.cmake\n'}
[8.399726] (realsense2_camera_msgs) StdoutLine: {'line': b'-- Installing: /home/sparklab/sparklab/gnss-ros_ws/install/realsense2_camera_msgs/share/realsense2_camera_msgs/cmake/export_realsense2_camera_msgs__rosidl_typesupport_fastrtps_cExport.cmake\n'}
[8.399844] (realsense2_camera_msgs) StdoutLine: {'line': b'-- Installing: /home/sparklab/sparklab/gnss-ros_ws/install/realsense2_camera_msgs/share/realsense2_camera_msgs/cmake/export_realsense2_camera_msgs__rosidl_typesupport_fastrtps_cExport-noconfig.cmake\n'}
[8.400001] (realsense2_camera_msgs) StdoutLine: {'line': b'-- Installing: /home/sparklab/sparklab/gnss-ros_ws/install/realsense2_camera_msgs/share/realsense2_camera_msgs/cmake/realsense2_camera_msgs__rosidl_typesupport_introspection_cExport.cmake\n'}
[8.400153] (realsense2_camera_msgs) StdoutLine: {'line': b'-- Installing: /home/sparklab/sparklab/gnss-ros_ws/install/realsense2_camera_msgs/share/realsense2_camera_msgs/cmake/realsense2_camera_msgs__rosidl_typesupport_introspection_cExport-noconfig.cmake\n'}
[8.400250] (realsense2_camera_msgs) StdoutLine: {'line': b'-- Installing: /home/sparklab/sparklab/gnss-ros_ws/install/realsense2_camera_msgs/share/realsense2_camera_msgs/cmake/realsense2_camera_msgs__rosidl_typesupport_cExport.cmake\n'}
[8.400401] (realsense2_camera_msgs) StdoutLine: {'line': b'-- Installing: /home/sparklab/sparklab/gnss-ros_ws/install/realsense2_camera_msgs/share/realsense2_camera_msgs/cmake/realsense2_camera_msgs__rosidl_typesupport_cExport-noconfig.cmake\n'}
[8.400594] (realsense2_camera_msgs) StdoutLine: {'line': b'-- Installing: /home/sparklab/sparklab/gnss-ros_ws/install/realsense2_camera_msgs/share/realsense2_camera_msgs/cmake/export_realsense2_camera_msgs__rosidl_generator_cppExport.cmake\n'}
[8.400759] (realsense2_camera_msgs) StdoutLine: {'line': b'-- Installing: /home/sparklab/sparklab/gnss-ros_ws/install/realsense2_camera_msgs/share/realsense2_camera_msgs/cmake/export_realsense2_camera_msgs__rosidl_typesupport_fastrtps_cppExport.cmake\n'}
[8.400949] (realsense2_camera_msgs) StdoutLine: {'line': b'-- Installing: /home/sparklab/sparklab/gnss-ros_ws/install/realsense2_camera_msgs/share/realsense2_camera_msgs/cmake/export_realsense2_camera_msgs__rosidl_typesupport_fastrtps_cppExport-noconfig.cmake\n'}
[8.401112] (realsense2_camera_msgs) StdoutLine: {'line': b'-- Installing: /home/sparklab/sparklab/gnss-ros_ws/install/realsense2_camera_msgs/share/realsense2_camera_msgs/cmake/realsense2_camera_msgs__rosidl_typesupport_introspection_cppExport.cmake\n'}
[8.401250] (realsense2_camera_msgs) StdoutLine: {'line': b'-- Installing: /home/sparklab/sparklab/gnss-ros_ws/install/realsense2_camera_msgs/share/realsense2_camera_msgs/cmake/realsense2_camera_msgs__rosidl_typesupport_introspection_cppExport-noconfig.cmake\n'}
[8.401409] (realsense2_camera_msgs) StdoutLine: {'line': b'-- Installing: /home/sparklab/sparklab/gnss-ros_ws/install/realsense2_camera_msgs/share/realsense2_camera_msgs/cmake/realsense2_camera_msgs__rosidl_typesupport_cppExport.cmake\n'}
[8.401593] (realsense2_camera_msgs) StdoutLine: {'line': b'-- Installing: /home/sparklab/sparklab/gnss-ros_ws/install/realsense2_camera_msgs/share/realsense2_camera_msgs/cmake/realsense2_camera_msgs__rosidl_typesupport_cppExport-noconfig.cmake\n'}
[8.401781] (realsense2_camera_msgs) StdoutLine: {'line': b'-- Installing: /home/sparklab/sparklab/gnss-ros_ws/install/realsense2_camera_msgs/share/realsense2_camera_msgs/cmake/export_realsense2_camera_msgs__rosidl_generator_pyExport.cmake\n'}
[8.401976] (realsense2_camera_msgs) StdoutLine: {'line': b'-- Installing: /home/sparklab/sparklab/gnss-ros_ws/install/realsense2_camera_msgs/share/realsense2_camera_msgs/cmake/export_realsense2_camera_msgs__rosidl_generator_pyExport-noconfig.cmake\n'}
[8.403809] (realsense2_camera_msgs) CommandEnded: {'returncode': 0}
[8.413340] (-) TimerEvent: {}
[8.424937] (realsense2_camera_msgs) JobEnded: {'identifier': 'realsense2_camera_msgs', 'rc': 0}
[8.426115] (realsense2_camera) JobStarted: {'identifier': 'realsense2_camera'}
[8.428277] (realsense2_description) JobStarted: {'identifier': 'realsense2_description'}
[8.433739] (realsense2_camera) JobProgress: {'identifier': 'realsense2_camera', 'progress': 'cmake'}
[8.434362] (realsense2_camera) Command: {'cmd': ['/usr/bin/cmake', '/home/sparklab/sparklab/gnss-ros_ws/src/realsense-ros/realsense2_camera', '-DAMENT_CMAKE_SYMLINK_INSTALL=1', '-DCMAKE_INSTALL_PREFIX=/home/sparklab/sparklab/gnss-ros_ws/install/realsense2_camera'], 'cwd': '/home/sparklab/sparklab/gnss-ros_ws/build/realsense2_camera', 'env': OrderedDict([('PYTHONIOENCODING', 'utf-8'), ('HOSTNAME', '6764024e662c'), ('SHLVL', '1'), ('LD_LIBRARY_PATH', '/home/sparklab/sparklab/gnss-ros_ws/install/realsense2_camera_msgs/lib:/opt/ros/humble/opt/rviz_ogre_vendor/lib:/opt/ros/humble/lib/x86_64-linux-gnu:/opt/ros/humble/lib'), ('HOME', '/home/sparklab'), ('OLDPWD', '/home/sparklab/sparklab'), ('ROS_PYTHON_VERSION', '3'), ('ROS_DISTRO', 'humble'), ('_', '/usr/bin/colcon'), ('ROS_VERSION', '2'), ('TERM', 'xterm'), ('ROS_LOCALHOST_ONLY', '0'), ('PATH', '/opt/ros/humble/bin:/usr/local/sbin:/usr/local/bin:/usr/sbin:/usr/bin:/sbin:/bin'), ('LANG', 'en_US.UTF-8'), ('AMENT_PREFIX_PATH', '/home/sparklab/sparklab/gnss-ros_ws/install/realsense2_camera_msgs:/opt/ros/humble'), ('PWD', '/home/sparklab/sparklab/gnss-ros_ws/build/realsense2_camera'), ('PYTHONPATH', '/home/sparklab/sparklab/gnss-ros_ws/install/realsense2_camera_msgs/local/lib/python3.10/dist-packages:/opt/ros/humble/lib/python3.10/site-packages:/opt/ros/humble/local/lib/python3.10/dist-packages'), ('COLCON', '1'), ('CMAKE_PREFIX_PATH', '/home/sparklab/sparklab/gnss-ros_ws/install/realsense2_camera_msgs:/opt/ros/humble')]), 'shell': False}
[8.436082] (realsense2_description) JobProgress: {'identifier': 'realsense2_description', 'progress': 'cmake'}
[8.436442] (realsense2_description) Command: {'cmd': ['/usr/bin/cmake', '/home/sparklab/sparklab/gnss-ros_ws/src/realsense-ros/realsense2_description', '-DAMENT_CMAKE_SYMLINK_INSTALL=1', '-DCMAKE_INSTALL_PREFIX=/home/sparklab/sparklab/gnss-ros_ws/install/realsense2_description'], 'cwd': '/home/sparklab/sparklab/gnss-ros_ws/build/realsense2_description', 'env': OrderedDict([('PYTHONIOENCODING', 'utf-8'), ('HOSTNAME', '6764024e662c'), ('SHLVL', '1'), ('LD_LIBRARY_PATH', '/home/sparklab/sparklab/gnss-ros_ws/install/realsense2_camera_msgs/lib:/opt/ros/humble/opt/rviz_ogre_vendor/lib:/opt/ros/humble/lib/x86_64-linux-gnu:/opt/ros/humble/lib'), ('HOME', '/home/sparklab'), ('OLDPWD', '/home/sparklab/sparklab'), ('ROS_PYTHON_VERSION', '3'), ('ROS_DISTRO', 'humble'), ('_', '/usr/bin/colcon'), ('ROS_VERSION', '2'), ('TERM', 'xterm'), ('ROS_LOCALHOST_ONLY', '0'), ('PATH', '/opt/ros/humble/bin:/usr/local/sbin:/usr/local/bin:/usr/sbin:/usr/bin:/sbin:/bin'), ('LANG', 'en_US.UTF-8'), ('AMENT_PREFIX_PATH', '/home/sparklab/sparklab/gnss-ros_ws/install/realsense2_camera_msgs:/opt/ros/humble'), ('PWD', '/home/sparklab/sparklab/gnss-ros_ws/build/realsense2_description'), ('PYTHONPATH', '/home/sparklab/sparklab/gnss-ros_ws/install/realsense2_camera_msgs/local/lib/python3.10/dist-packages:/opt/ros/humble/lib/python3.10/site-packages:/opt/ros/humble/local/lib/python3.10/dist-packages'), ('COLCON', '1'), ('CMAKE_PREFIX_PATH', '/home/sparklab/sparklab/gnss-ros_ws/install/realsense2_camera_msgs:/opt/ros/humble')]), 'shell': False}
[8.486953] (realsense2_camera) StdoutLine: {'line': b'-- The C compiler identification is GNU 11.4.0\n'}
[8.493617] (realsense2_description) StdoutLine: {'line': b'-- The C compiler identification is GNU 11.4.0\n'}
[8.513485] (-) TimerEvent: {}
[8.542382] (realsense2_camera) StdoutLine: {'line': b'-- The CXX compiler identification is GNU 11.4.0\n'}
[8.548882] (realsense2_description) StdoutLine: {'line': b'-- The CXX compiler identification is GNU 11.4.0\n'}
[8.549551] (realsense2_camera) StdoutLine: {'line': b'-- Detecting C compiler ABI info\n'}
[8.555990] (realsense2_description) StdoutLine: {'line': b'-- Detecting C compiler ABI info\n'}
[8.613610] (-) TimerEvent: {}
[8.617412] (realsense2_camera) StdoutLine: {'line': b'-- Detecting C compiler ABI info - done\n'}
[8.618887] (realsense2_description) StdoutLine: {'line': b'-- Detecting C compiler ABI info - done\n'}
[8.625312] (realsense2_camera) StdoutLine: {'line': b'-- Check for working C compiler: /usr/bin/cc - skipped\n'}
[8.625587] (realsense2_camera) StdoutLine: {'line': b'-- Detecting C compile features\n'}
[8.625992] (realsense2_camera) StdoutLine: {'line': b'-- Detecting C compile features - done\n'}
[8.626714] (realsense2_description) StdoutLine: {'line': b'-- Check for working C compiler: /usr/bin/cc - skipped\n'}
[8.626934] (realsense2_description) StdoutLine: {'line': b'-- Detecting C compile features\n'}
[8.627339] (realsense2_description) StdoutLine: {'line': b'-- Detecting C compile features - done\n'}
[8.629078] (realsense2_camera) StdoutLine: {'line': b'-- Detecting CXX compiler ABI info\n'}
[8.630469] (realsense2_description) StdoutLine: {'line': b'-- Detecting CXX compiler ABI info\n'}
[8.711444] (realsense2_camera) StdoutLine: {'line': b'-- Detecting CXX compiler ABI info - done\n'}
[8.712643] (realsense2_description) StdoutLine: {'line': b'-- Detecting CXX compiler ABI info - done\n'}
[8.713702] (-) TimerEvent: {}
[8.719605] (realsense2_camera) StdoutLine: {'line': b'-- Check for working CXX compiler: /usr/bin/c++ - skipped\n'}
[8.719914] (realsense2_camera) StdoutLine: {'line': b'-- Detecting CXX compile features\n'}
[8.720396] (realsense2_camera) StdoutLine: {'line': b'-- Detecting CXX compile features - done\n'}
[8.720875] (realsense2_description) StdoutLine: {'line': b'-- Check for working CXX compiler: /usr/bin/c++ - skipped\n'}
[8.721075] (realsense2_camera) StdoutLine: {'line': b'-- Create Release Build.\n'}
[8.721197] (realsense2_description) StdoutLine: {'line': b'-- Detecting CXX compile features\n'}
[8.721629] (realsense2_description) StdoutLine: {'line': b'-- Detecting CXX compile features - done\n'}
[8.723403] (realsense2_camera) StdoutLine: {'line': b'-- Found ament_cmake: 1.3.11 (/opt/ros/humble/share/ament_cmake/cmake)\n'}
[8.724529] (realsense2_description) StdoutLine: {'line': b'-- Found ament_cmake: 1.3.11 (/opt/ros/humble/share/ament_cmake/cmake)\n'}
[8.813822] (-) TimerEvent: {}
[8.873722] (realsense2_camera) StdoutLine: {'line': b'-- Found Python3: /usr/bin/python3 (found version "3.10.12") found components: Interpreter \n'}
[8.873960] (realsense2_description) StdoutLine: {'line': b'-- Found Python3: /usr/bin/python3 (found version "3.10.12") found components: Interpreter \n'}
[8.913939] (-) TimerEvent: {}
[8.940680] (realsense2_camera) StdoutLine: {'line': b'-- Override CMake install command with custom implementation using symlinks instead of copying resources\n'}
[8.941250] (realsense2_description) StdoutLine: {'line': b'-- Override CMake install command with custom implementation using symlinks instead of copying resources\n'}
[8.971917] (realsense2_camera) StdoutLine: {'line': b'-- Found builtin_interfaces: 1.2.1 (/opt/ros/humble/share/builtin_interfaces/cmake)\n'}
[9.008518] (realsense2_camera) StdoutLine: {'line': b'-- Found rosidl_generator_c: 3.1.6 (/opt/ros/humble/share/rosidl_generator_c/cmake)\n'}
[9.014047] (-) TimerEvent: {}
[9.014485] (realsense2_camera) StdoutLine: {'line': b'-- Found rosidl_adapter: 3.1.6 (/opt/ros/humble/share/rosidl_adapter/cmake)\n'}
[9.024370] (realsense2_camera) StdoutLine: {'line': b'-- Found rosidl_generator_cpp: 3.1.6 (/opt/ros/humble/share/rosidl_generator_cpp/cmake)\n'}
[9.038593] (realsense2_camera) StdoutLine: {'line': b'-- Using all available rosidl_typesupport_c: rosidl_typesupport_fastrtps_c;rosidl_typesupport_introspection_c\n'}
[9.039425] (realsense2_description) StdoutLine: {'line': b'-- Configuring done\n'}
[9.042437] (realsense2_description) StdoutLine: {'line': b'-- Generating done\n'}
[9.043908] (realsense2_description) StdoutLine: {'line': b'-- Build files have been written to: /home/sparklab/sparklab/gnss-ros_ws/build/realsense2_description\n'}
[9.047423] (realsense2_description) CommandEnded: {'returncode': 0}
[9.047924] (realsense2_description) JobProgress: {'identifier': 'realsense2_description', 'progress': 'build'}
[9.049010] (realsense2_description) Command: {'cmd': ['/usr/bin/cmake', '--build', '/home/sparklab/sparklab/gnss-ros_ws/build/realsense2_description', '--', '-j4', '-l4'], 'cwd': '/home/sparklab/sparklab/gnss-ros_ws/build/realsense2_description', 'env': OrderedDict([('PYTHONIOENCODING', 'utf-8'), ('HOSTNAME', '6764024e662c'), ('SHLVL', '1'), ('LD_LIBRARY_PATH', '/home/sparklab/sparklab/gnss-ros_ws/install/realsense2_camera_msgs/lib:/opt/ros/humble/opt/rviz_ogre_vendor/lib:/opt/ros/humble/lib/x86_64-linux-gnu:/opt/ros/humble/lib'), ('HOME', '/home/sparklab'), ('OLDPWD', '/home/sparklab/sparklab'), ('ROS_PYTHON_VERSION', '3'), ('ROS_DISTRO', 'humble'), ('_', '/usr/bin/colcon'), ('ROS_VERSION', '2'), ('TERM', 'xterm'), ('ROS_LOCALHOST_ONLY', '0'), ('PATH', '/opt/ros/humble/bin:/usr/local/sbin:/usr/local/bin:/usr/sbin:/usr/bin:/sbin:/bin'), ('LANG', 'en_US.UTF-8'), ('AMENT_PREFIX_PATH', '/home/sparklab/sparklab/gnss-ros_ws/install/realsense2_camera_msgs:/opt/ros/humble'), ('PWD', '/home/sparklab/sparklab/gnss-ros_ws/build/realsense2_description'), ('PYTHONPATH', '/home/sparklab/sparklab/gnss-ros_ws/install/realsense2_camera_msgs/local/lib/python3.10/dist-packages:/opt/ros/humble/lib/python3.10/site-packages:/opt/ros/humble/local/lib/python3.10/dist-packages'), ('COLCON', '1'), ('CMAKE_PREFIX_PATH', '/home/sparklab/sparklab/gnss-ros_ws/install/realsense2_camera_msgs:/opt/ros/humble')]), 'shell': False}
[9.057506] (realsense2_camera) StdoutLine: {'line': b'-- Using all available rosidl_typesupport_cpp: rosidl_typesupport_fastrtps_cpp;rosidl_typesupport_introspection_cpp\n'}
[9.075741] (realsense2_camera) StdoutLine: {'line': b'-- Found cv_bridge: 3.2.1 (/opt/ros/humble/share/cv_bridge/cmake)\n'}
[9.082175] (realsense2_description) CommandEnded: {'returncode': 0}
[9.082815] (realsense2_description) JobProgress: {'identifier': 'realsense2_description', 'progress': 'install'}
[9.083160] (realsense2_description) Command: {'cmd': ['/usr/bin/cmake', '--install', '/home/sparklab/sparklab/gnss-ros_ws/build/realsense2_description'], 'cwd': '/home/sparklab/sparklab/gnss-ros_ws/build/realsense2_description', 'env': OrderedDict([('PYTHONIOENCODING', 'utf-8'), ('HOSTNAME', '6764024e662c'), ('SHLVL', '1'), ('LD_LIBRARY_PATH', '/home/sparklab/sparklab/gnss-ros_ws/install/realsense2_camera_msgs/lib:/opt/ros/humble/opt/rviz_ogre_vendor/lib:/opt/ros/humble/lib/x86_64-linux-gnu:/opt/ros/humble/lib'), ('HOME', '/home/sparklab'), ('OLDPWD', '/home/sparklab/sparklab'), ('ROS_PYTHON_VERSION', '3'), ('ROS_DISTRO', 'humble'), ('_', '/usr/bin/colcon'), ('ROS_VERSION', '2'), ('TERM', 'xterm'), ('ROS_LOCALHOST_ONLY', '0'), ('PATH', '/opt/ros/humble/bin:/usr/local/sbin:/usr/local/bin:/usr/sbin:/usr/bin:/sbin:/bin'), ('LANG', 'en_US.UTF-8'), ('AMENT_PREFIX_PATH', '/home/sparklab/sparklab/gnss-ros_ws/install/realsense2_camera_msgs:/opt/ros/humble'), ('PWD', '/home/sparklab/sparklab/gnss-ros_ws/build/realsense2_description'), ('PYTHONPATH', '/home/sparklab/sparklab/gnss-ros_ws/install/realsense2_camera_msgs/local/lib/python3.10/dist-packages:/opt/ros/humble/lib/python3.10/site-packages:/opt/ros/humble/local/lib/python3.10/dist-packages'), ('COLCON', '1'), ('CMAKE_PREFIX_PATH', '/home/sparklab/sparklab/gnss-ros_ws/install/realsense2_camera_msgs:/opt/ros/humble')]), 'shell': False}
[9.090086] (realsense2_description) StdoutLine: {'line': b'-- Install configuration: ""\n'}
[9.090526] (realsense2_description) StdoutLine: {'line': b'-- Execute custom install script\n'}
[9.090995] (realsense2_description) StdoutLine: {'line': b'-- Symlinking: /home/sparklab/sparklab/gnss-ros_ws/install/realsense2_description/share/realsense2_description/launch/launch_utils.py\n'}
[9.098612] (realsense2_description) StdoutLine: {'line': b'-- Symlinking: /home/sparklab/sparklab/gnss-ros_ws/install/realsense2_description/share/realsense2_description/launch/view_model.launch.py\n'}
[9.106218] (realsense2_description) StdoutLine: {'line': b'-- Symlinking: /home/sparklab/sparklab/gnss-ros_ws/install/realsense2_description/share/realsense2_description/meshes/d405.stl\n'}
[9.113707] (realsense2_description) StdoutLine: {'line': b'-- Symlinking: /home/sparklab/sparklab/gnss-ros_ws/install/realsense2_description/share/realsense2_description/meshes/d415.stl\n'}
[9.114149] (-) TimerEvent: {}
[9.121194] (realsense2_description) StdoutLine: {'line': b'-- Symlinking: /home/sparklab/sparklab/gnss-ros_ws/install/realsense2_description/share/realsense2_description/meshes/d435.dae\n'}
[9.128636] (realsense2_description) StdoutLine: {'line': b'-- Symlinking: /home/sparklab/sparklab/gnss-ros_ws/install/realsense2_description/share/realsense2_description/meshes/d455.stl\n'}
[9.136120] (realsense2_description) StdoutLine: {'line': b'-- Symlinking: /home/sparklab/sparklab/gnss-ros_ws/install/realsense2_description/share/realsense2_description/meshes/l515.dae\n'}
[9.143656] (realsense2_description) StdoutLine: {'line': b'-- Symlinking: /home/sparklab/sparklab/gnss-ros_ws/install/realsense2_description/share/realsense2_description/meshes/plug.stl\n'}
[9.146894] (realsense2_camera) StdoutLine: {'line': b'-- Found image_transport: 3.1.11 (/opt/ros/humble/share/image_transport/cmake)\n'}
[9.151208] (realsense2_description) StdoutLine: {'line': b'-- Symlinking: /home/sparklab/sparklab/gnss-ros_ws/install/realsense2_description/share/realsense2_description/meshes/plug_collision.stl\n'}
[9.158815] (realsense2_description) StdoutLine: {'line': b'-- Symlinking: /home/sparklab/sparklab/gnss-ros_ws/install/realsense2_description/share/realsense2_description/rviz/urdf.rviz\n'}
[9.166628] (realsense2_description) StdoutLine: {'line': b'-- Symlinking: /home/sparklab/sparklab/gnss-ros_ws/install/realsense2_description/share/realsense2_description/urdf/_d405.urdf.xacro\n'}
[9.174101] (realsense2_description) StdoutLine: {'line': b'-- Symlinking: /home/sparklab/sparklab/gnss-ros_ws/install/realsense2_description/share/realsense2_description/urdf/_d415.urdf.xacro\n'}
[9.181556] (realsense2_description) StdoutLine: {'line': b'-- Symlinking: /home/sparklab/sparklab/gnss-ros_ws/install/realsense2_description/share/realsense2_description/urdf/_d435.urdf.xacro\n'}
[9.189066] (realsense2_description) StdoutLine: {'line': b'-- Symlinking: /home/sparklab/sparklab/gnss-ros_ws/install/realsense2_description/share/realsense2_description/urdf/_d435i.urdf.xacro\n'}
[9.196494] (realsense2_description) StdoutLine: {'line': b'-- Symlinking: /home/sparklab/sparklab/gnss-ros_ws/install/realsense2_description/share/realsense2_description/urdf/_d435i_imu_modules.urdf.xacro\n'}
[9.200779] (realsense2_camera) StdoutLine: {'line': b'-- Found rmw_implementation_cmake: 6.1.2 (/opt/ros/humble/share/rmw_implementation_cmake/cmake)\n'}
[9.203924] (realsense2_camera) StdoutLine: {'line': b'-- Found rmw_fastrtps_cpp: 6.2.7 (/opt/ros/humble/share/rmw_fastrtps_cpp/cmake)\n'}
[9.204062] (realsense2_description) StdoutLine: {'line': b'-- Symlinking: /home/sparklab/sparklab/gnss-ros_ws/install/realsense2_description/share/realsense2_description/urdf/_d455.urdf.xacro\n'}
[9.211492] (realsense2_description) StdoutLine: {'line': b'-- Symlinking: /home/sparklab/sparklab/gnss-ros_ws/install/realsense2_description/share/realsense2_description/urdf/_materials.urdf.xacro\n'}
[9.214254] (-) TimerEvent: {}
[9.219073] (realsense2_description) StdoutLine: {'line': b'-- Symlinking: /home/sparklab/sparklab/gnss-ros_ws/install/realsense2_description/share/realsense2_description/urdf/_r410.urdf.xacro\n'}
[9.226672] (realsense2_description) StdoutLine: {'line': b'-- Symlinking: /home/sparklab/sparklab/gnss-ros_ws/install/realsense2_description/share/realsense2_description/urdf/_r430.urdf.xacro\n'}
[9.234247] (realsense2_description) StdoutLine: {'line': b'-- Symlinking: /home/sparklab/sparklab/gnss-ros_ws/install/realsense2_description/share/realsense2_description/urdf/_usb_plug.urdf.xacro\n'}
[9.241790] (realsense2_description) StdoutLine: {'line': b'-- Symlinking: /home/sparklab/sparklab/gnss-ros_ws/install/realsense2_description/share/realsense2_description/urdf/test_d405_camera.urdf.xacro\n'}
[9.249204] (realsense2_description) StdoutLine: {'line': b'-- Symlinking: /home/sparklab/sparklab/gnss-ros_ws/install/realsense2_description/share/realsense2_description/urdf/test_d415_camera.urdf.xacro\n'}
[9.256707] (realsense2_description) StdoutLine: {'line': b'-- Symlinking: /home/sparklab/sparklab/gnss-ros_ws/install/realsense2_description/share/realsense2_description/urdf/test_d435_camera.urdf.xacro\n'}
[9.264270] (realsense2_description) StdoutLine: {'line': b'-- Symlinking: /home/sparklab/sparklab/gnss-ros_ws/install/realsense2_description/share/realsense2_description/urdf/test_d435_multiple_cameras.urdf.xacro\n'}
[9.271903] (realsense2_description) StdoutLine: {'line': b'-- Symlinking: /home/sparklab/sparklab/gnss-ros_ws/install/realsense2_description/share/realsense2_description/urdf/test_d435i_camera.urdf.xacro\n'}
[9.280702] (realsense2_description) StdoutLine: {'line': b'-- Symlinking: /home/sparklab/sparklab/gnss-ros_ws/install/realsense2_description/share/realsense2_description/urdf/test_d455_camera.urdf.xacro\n'}
[9.288196] (realsense2_description) StdoutLine: {'line': b'-- Symlinking: /home/sparklab/sparklab/gnss-ros_ws/install/realsense2_description/share/realsense2_description/urdf/test_r410_camera.urdf.xacro\n'}
[9.291971] (realsense2_camera) StdoutLine: {'line': b'-- Found OpenSSL: /usr/lib/x86_64-linux-gnu/libcrypto.so (found version "3.0.2")  \n'}
[9.295592] (realsense2_description) StdoutLine: {'line': b'-- Symlinking: /home/sparklab/sparklab/gnss-ros_ws/install/realsense2_description/share/realsense2_description/urdf/test_r430_camera.urdf.xacro\n'}
[9.303245] (realsense2_description) StdoutLine: {'line': b'-- Symlinking: /home/sparklab/sparklab/gnss-ros_ws/install/realsense2_description/share/ament_index/resource_index/package_run_dependencies/realsense2_description\n'}
[9.310849] (realsense2_description) StdoutLine: {'line': b'-- Symlinking: /home/sparklab/sparklab/gnss-ros_ws/install/realsense2_description/share/ament_index/resource_index/parent_prefix_path/realsense2_description\n'}
[9.314377] (-) TimerEvent: {}
[9.318438] (realsense2_description) StdoutLine: {'line': b'-- Symlinking: /home/sparklab/sparklab/gnss-ros_ws/install/realsense2_description/share/realsense2_description/environment/ament_prefix_path.sh\n'}
[9.322813] (realsense2_camera) StdoutLine: {'line': b'-- Found FastRTPS: /opt/ros/humble/include  \n'}
[9.326032] (realsense2_description) StdoutLine: {'line': b'-- Symlinking: /home/sparklab/sparklab/gnss-ros_ws/install/realsense2_description/share/realsense2_description/environment/ament_prefix_path.dsv\n'}
[9.333624] (realsense2_description) StdoutLine: {'line': b'-- Symlinking: /home/sparklab/sparklab/gnss-ros_ws/install/realsense2_description/share/realsense2_description/environment/path.sh\n'}
[9.341109] (realsense2_description) StdoutLine: {'line': b'-- Symlinking: /home/sparklab/sparklab/gnss-ros_ws/install/realsense2_description/share/realsense2_description/environment/path.dsv\n'}
[9.348648] (realsense2_description) StdoutLine: {'line': b'-- Symlinking: /home/sparklab/sparklab/gnss-ros_ws/install/realsense2_description/share/realsense2_description/local_setup.bash\n'}
[9.356222] (realsense2_description) StdoutLine: {'line': b'-- Symlinking: /home/sparklab/sparklab/gnss-ros_ws/install/realsense2_description/share/realsense2_description/local_setup.sh\n'}
[9.363693] (realsense2_description) StdoutLine: {'line': b'-- Symlinking: /home/sparklab/sparklab/gnss-ros_ws/install/realsense2_description/share/realsense2_description/local_setup.zsh\n'}
[9.371317] (realsense2_description) StdoutLine: {'line': b'-- Symlinking: /home/sparklab/sparklab/gnss-ros_ws/install/realsense2_description/share/realsense2_description/local_setup.dsv\n'}
[9.371739] (realsense2_camera) StdoutLine: {'line': b"-- Using RMW implementation 'rmw_fastrtps_cpp' as default\n"}
[9.379001] (realsense2_description) StdoutLine: {'line': b'-- Symlinking: /home/sparklab/sparklab/gnss-ros_ws/install/realsense2_description/share/realsense2_description/package.dsv\n'}
[9.382601] (realsense2_camera) StdoutLine: {'line': b'-- Looking for pthread.h\n'}
[9.386738] (realsense2_description) StdoutLine: {'line': b'-- Symlinking: /home/sparklab/sparklab/gnss-ros_ws/install/realsense2_description/share/ament_index/resource_index/packages/realsense2_description\n'}
[9.394423] (realsense2_description) StdoutLine: {'line': b'-- Symlinking: /home/sparklab/sparklab/gnss-ros_ws/install/realsense2_description/share/realsense2_description/cmake/realsense2_descriptionConfig.cmake\n'}
[9.401860] (realsense2_description) StdoutLine: {'line': b'-- Symlinking: /home/sparklab/sparklab/gnss-ros_ws/install/realsense2_description/share/realsense2_description/cmake/realsense2_descriptionConfig-version.cmake\n'}
[9.409562] (realsense2_description) StdoutLine: {'line': b'-- Symlinking: /home/sparklab/sparklab/gnss-ros_ws/install/realsense2_description/share/realsense2_description/package.xml\n'}
[9.414512] (-) TimerEvent: {}
[9.419061] (realsense2_description) CommandEnded: {'returncode': 0}
[9.431248] (realsense2_description) JobEnded: {'identifier': 'realsense2_description', 'rc': 0}
[9.450657] (realsense2_camera) StdoutLine: {'line': b'-- Looking for pthread.h - found\n'}
[9.450889] (realsense2_camera) StdoutLine: {'line': b'-- Performing Test CMAKE_HAVE_LIBC_PTHREAD\n'}
[9.514563] (-) TimerEvent: {}
[9.518711] (realsense2_camera) StdoutLine: {'line': b'-- Performing Test CMAKE_HAVE_LIBC_PTHREAD - Success\n'}
[9.519884] (realsense2_camera) StdoutLine: {'line': b'-- Found Threads: TRUE  \n'}
[9.606742] (realsense2_camera) StdoutLine: {'line': b'-- Found rclcpp_components: 16.0.12 (/opt/ros/humble/share/rclcpp_components/cmake)\n'}
[9.614630] (-) TimerEvent: {}
[9.633799] (realsense2_camera) StdoutLine: {'line': b'-- Found realsense2_camera_msgs: 4.55.1 (/home/sparklab/sparklab/gnss-ros_ws/install/realsense2_camera_msgs/share/realsense2_camera_msgs/cmake)\n'}
[9.656159] (realsense2_camera) StdoutLine: {'line': b'-- Found nav_msgs: 4.8.0 (/opt/ros/humble/share/nav_msgs/cmake)\n'}
[9.681716] (realsense2_camera) StdoutLine: {'line': b'-- Found tf2_ros: 0.25.12 (/opt/ros/humble/share/tf2_ros/cmake)\n'}
[9.714730] (-) TimerEvent: {}
[9.795623] (realsense2_camera) StderrLine: {'line': b'\x1b[31mCMake Error at CMakeLists.txt:117 (find_package):\n'}
[9.795788] (realsense2_camera) StderrLine: {'line': b'  By not providing "Finddiagnostic_updater.cmake" in CMAKE_MODULE_PATH this\n'}
[9.795898] (realsense2_camera) StderrLine: {'line': b'  project has asked CMake to find a package configuration file provided by\n'}
[9.795964] (realsense2_camera) StderrLine: {'line': b'  "diagnostic_updater", but CMake did not find one.\n'}
[9.796028] (realsense2_camera) StderrLine: {'line': b'\n'}
[9.796091] (realsense2_camera) StderrLine: {'line': b'  Could not find a package configuration file provided by\n'}
[9.796153] (realsense2_camera) StderrLine: {'line': b'  "diagnostic_updater" with any of the following names:\n'}
[9.796214] (realsense2_camera) StderrLine: {'line': b'\n'}
[9.796274] (realsense2_camera) StderrLine: {'line': b'    diagnostic_updaterConfig.cmake\n'}
[9.796334] (realsense2_camera) StderrLine: {'line': b'    diagnostic_updater-config.cmake\n'}
[9.796395] (realsense2_camera) StderrLine: {'line': b'\n'}
[9.796456] (realsense2_camera) StderrLine: {'line': b'  Add the installation prefix of "diagnostic_updater" to CMAKE_PREFIX_PATH or\n'}
[9.796522] (realsense2_camera) StderrLine: {'line': b'  set "diagnostic_updater_DIR" to a directory containing one of the above\n'}
[9.796584] (realsense2_camera) StderrLine: {'line': b'  files.  If "diagnostic_updater" provides a separate development package or\n'}
[9.796644] (realsense2_camera) StderrLine: {'line': b'  SDK, be sure it has been installed.\n'}
[9.796704] (realsense2_camera) StderrLine: {'line': b'\n'}
[9.796765] (realsense2_camera) StderrLine: {'line': b'\x1b[0m\n'}
[9.796826] (realsense2_camera) StdoutLine: {'line': b'-- Configuring incomplete, errors occurred!\n'}
[9.796894] (realsense2_camera) StdoutLine: {'line': b'See also "/home/sparklab/sparklab/gnss-ros_ws/build/realsense2_camera/CMakeFiles/CMakeOutput.log".\n'}
[9.803362] (realsense2_camera) CommandEnded: {'returncode': 1}
[9.815104] (-) TimerEvent: {}
[9.817402] (realsense2_camera) JobEnded: {'identifier': 'realsense2_camera', 'rc': 1}
[9.829566] (-) EventReactorShutdown: {}
