[0.118s] DEBUG:colcon:Command line arguments: ['/usr/bin/colcon', 'build', '--symlink-install']
[0.118s] DEBUG:colcon:Parsed command line arguments: Namespace(log_base=None, log_level=None, verb_name='build', build_base='build', install_base='install', merge_install=False, symlink_install=True, test_result_base=None, continue_on_error=False, executor='parallel', parallel_workers=4, event_handlers=None, ignore_user_meta=False, metas=['./colcon.meta'], base_paths=['.'], packages_ignore=None, packages_ignore_regex=None, paths=None, packages_up_to=None, packages_up_to_regex=None, packages_above=None, packages_above_and_dependencies=None, packages_above_depth=None, packages_select_by_dep=None, packages_skip_by_dep=None, packages_skip_up_to=None, packages_select_build_failed=False, packages_skip_build_finished=False, packages_select_test_failures=False, packages_skip_test_passed=False, packages_select=None, packages_skip=None, packages_select_regex=None, packages_skip_regex=None, packages_start=None, packages_end=None, cmake_args=None, cmake_target=None, cmake_target_skip_unavailable=False, cmake_clean_cache=False, cmake_clean_first=False, cmake_force_configure=False, ament_cmake_args=None, catkin_cmake_args=None, catkin_skip_building_tests=False, mixin_files=None, mixin=None, verb_parser=<colcon_mixin.mixin.mixin_argument.MixinArgumentDecorator object at 0x7fed2d35b8e0>, verb_extension=<colcon_core.verb.build.BuildVerb object at 0x7fed2d35b340>, main=<bound method BuildVerb.main of <colcon_core.verb.build.BuildVerb object at 0x7fed2d35b340>>, mixin_verb=('build',))
[0.274s] Level 1:colcon.colcon_core.package_discovery:discover_packages(colcon_meta) check parameters
[0.274s] Level 1:colcon.colcon_core.package_discovery:discover_packages(recursive) check parameters
[0.274s] Level 1:colcon.colcon_core.package_discovery:discover_packages(ignore) check parameters
[0.274s] Level 1:colcon.colcon_core.package_discovery:discover_packages(path) check parameters
[0.275s] Level 1:colcon.colcon_core.package_discovery:discover_packages(colcon_meta) discover
[0.275s] Level 1:colcon.colcon_core.package_discovery:discover_packages(recursive) discover
[0.275s] INFO:colcon.colcon_core.package_discovery:Crawling recursively for packages in '/home/sparklab/sparklab/gnss-ros_ws'
[0.275s] Level 1:colcon.colcon_core.package_identification:_identify(.) by extensions ['ignore', 'ignore_ament_install']
[0.275s] Level 1:colcon.colcon_core.package_identification:_identify(.) by extension 'ignore'
[0.275s] Level 1:colcon.colcon_core.package_identification:_identify(.) by extension 'ignore_ament_install'
[0.275s] Level 1:colcon.colcon_core.package_identification:_identify(.) by extensions ['colcon_pkg']
[0.275s] Level 1:colcon.colcon_core.package_identification:_identify(.) by extension 'colcon_pkg'
[0.275s] Level 1:colcon.colcon_core.package_identification:_identify(.) by extensions ['colcon_meta']
[0.275s] Level 1:colcon.colcon_core.package_identification:_identify(.) by extension 'colcon_meta'
[0.275s] Level 1:colcon.colcon_core.package_identification:_identify(.) by extensions ['ros']
[0.275s] Level 1:colcon.colcon_core.package_identification:_identify(.) by extension 'ros'
[0.287s] Level 1:colcon.colcon_core.package_identification:_identify(.) by extensions ['cmake', 'python']
[0.287s] Level 1:colcon.colcon_core.package_identification:_identify(.) by extension 'cmake'
[0.287s] Level 1:colcon.colcon_core.package_identification:_identify(.) by extension 'python'
[0.287s] Level 1:colcon.colcon_core.package_identification:_identify(.) by extensions ['python_setup_py']
[0.288s] Level 1:colcon.colcon_core.package_identification:_identify(.) by extension 'python_setup_py'
[0.288s] Level 1:colcon.colcon_core.package_identification:_identify(build) by extensions ['ignore', 'ignore_ament_install']
[0.288s] Level 1:colcon.colcon_core.package_identification:_identify(build) by extension 'ignore'
[0.288s] Level 1:colcon.colcon_core.package_identification:_identify(build) ignored
[0.288s] Level 1:colcon.colcon_core.package_identification:_identify(install) by extensions ['ignore', 'ignore_ament_install']
[0.288s] Level 1:colcon.colcon_core.package_identification:_identify(install) by extension 'ignore'
[0.288s] Level 1:colcon.colcon_core.package_identification:_identify(install) ignored
[0.288s] Level 1:colcon.colcon_core.package_identification:_identify(log) by extensions ['ignore', 'ignore_ament_install']
[0.288s] Level 1:colcon.colcon_core.package_identification:_identify(log) by extension 'ignore'
[0.288s] Level 1:colcon.colcon_core.package_identification:_identify(log) ignored
[0.288s] Level 1:colcon.colcon_core.package_identification:_identify(src) by extensions ['ignore', 'ignore_ament_install']
[0.289s] Level 1:colcon.colcon_core.package_identification:_identify(src) by extension 'ignore'
[0.289s] Level 1:colcon.colcon_core.package_identification:_identify(src) by extension 'ignore_ament_install'
[0.289s] Level 1:colcon.colcon_core.package_identification:_identify(src) by extensions ['colcon_pkg']
[0.289s] Level 1:colcon.colcon_core.package_identification:_identify(src) by extension 'colcon_pkg'
[0.289s] Level 1:colcon.colcon_core.package_identification:_identify(src) by extensions ['colcon_meta']
[0.289s] Level 1:colcon.colcon_core.package_identification:_identify(src) by extension 'colcon_meta'
[0.289s] Level 1:colcon.colcon_core.package_identification:_identify(src) by extensions ['ros']
[0.289s] Level 1:colcon.colcon_core.package_identification:_identify(src) by extension 'ros'
[0.289s] Level 1:colcon.colcon_core.package_identification:_identify(src) by extensions ['cmake', 'python']
[0.289s] Level 1:colcon.colcon_core.package_identification:_identify(src) by extension 'cmake'
[0.289s] Level 1:colcon.colcon_core.package_identification:_identify(src) by extension 'python'
[0.289s] Level 1:colcon.colcon_core.package_identification:_identify(src) by extensions ['python_setup_py']
[0.289s] Level 1:colcon.colcon_core.package_identification:_identify(src) by extension 'python_setup_py'
[0.289s] Level 1:colcon.colcon_core.package_identification:_identify(src/realsense-ros) by extensions ['ignore', 'ignore_ament_install']
[0.289s] Level 1:colcon.colcon_core.package_identification:_identify(src/realsense-ros) by extension 'ignore'
[0.289s] Level 1:colcon.colcon_core.package_identification:_identify(src/realsense-ros) by extension 'ignore_ament_install'
[0.289s] Level 1:colcon.colcon_core.package_identification:_identify(src/realsense-ros) by extensions ['colcon_pkg']
[0.289s] Level 1:colcon.colcon_core.package_identification:_identify(src/realsense-ros) by extension 'colcon_pkg'
[0.290s] Level 1:colcon.colcon_core.package_identification:_identify(src/realsense-ros) by extensions ['colcon_meta']
[0.290s] Level 1:colcon.colcon_core.package_identification:_identify(src/realsense-ros) by extension 'colcon_meta'
[0.290s] Level 1:colcon.colcon_core.package_identification:_identify(src/realsense-ros) by extensions ['ros']
[0.290s] Level 1:colcon.colcon_core.package_identification:_identify(src/realsense-ros) by extension 'ros'
[0.290s] Level 1:colcon.colcon_core.package_identification:_identify(src/realsense-ros) by extensions ['cmake', 'python']
[0.290s] Level 1:colcon.colcon_core.package_identification:_identify(src/realsense-ros) by extension 'cmake'
[0.290s] Level 1:colcon.colcon_core.package_identification:_identify(src/realsense-ros) by extension 'python'
[0.290s] Level 1:colcon.colcon_core.package_identification:_identify(src/realsense-ros) by extensions ['python_setup_py']
[0.290s] Level 1:colcon.colcon_core.package_identification:_identify(src/realsense-ros) by extension 'python_setup_py'
[0.290s] Level 1:colcon.colcon_core.package_identification:_identify(src/realsense-ros/realsense2_camera) by extensions ['ignore', 'ignore_ament_install']
[0.290s] Level 1:colcon.colcon_core.package_identification:_identify(src/realsense-ros/realsense2_camera) by extension 'ignore'
[0.290s] Level 1:colcon.colcon_core.package_identification:_identify(src/realsense-ros/realsense2_camera) by extension 'ignore_ament_install'
[0.290s] Level 1:colcon.colcon_core.package_identification:_identify(src/realsense-ros/realsense2_camera) by extensions ['colcon_pkg']
[0.290s] Level 1:colcon.colcon_core.package_identification:_identify(src/realsense-ros/realsense2_camera) by extension 'colcon_pkg'
[0.290s] Level 1:colcon.colcon_core.package_identification:_identify(src/realsense-ros/realsense2_camera) by extensions ['colcon_meta']
[0.290s] Level 1:colcon.colcon_core.package_identification:_identify(src/realsense-ros/realsense2_camera) by extension 'colcon_meta'
[0.290s] Level 1:colcon.colcon_core.package_identification:_identify(src/realsense-ros/realsense2_camera) by extensions ['ros']
[0.290s] Level 1:colcon.colcon_core.package_identification:_identify(src/realsense-ros/realsense2_camera) by extension 'ros'
[0.298s] DEBUG:colcon.colcon_core.package_identification:Package 'src/realsense-ros/realsense2_camera' with type 'ros.ament_cmake' and name 'realsense2_camera'
[0.299s] Level 1:colcon.colcon_core.package_identification:_identify(src/realsense-ros/realsense2_camera_msgs) by extensions ['ignore', 'ignore_ament_install']
[0.299s] Level 1:colcon.colcon_core.package_identification:_identify(src/realsense-ros/realsense2_camera_msgs) by extension 'ignore'
[0.299s] Level 1:colcon.colcon_core.package_identification:_identify(src/realsense-ros/realsense2_camera_msgs) by extension 'ignore_ament_install'
[0.299s] Level 1:colcon.colcon_core.package_identification:_identify(src/realsense-ros/realsense2_camera_msgs) by extensions ['colcon_pkg']
[0.299s] Level 1:colcon.colcon_core.package_identification:_identify(src/realsense-ros/realsense2_camera_msgs) by extension 'colcon_pkg'
[0.299s] Level 1:colcon.colcon_core.package_identification:_identify(src/realsense-ros/realsense2_camera_msgs) by extensions ['colcon_meta']
[0.299s] Level 1:colcon.colcon_core.package_identification:_identify(src/realsense-ros/realsense2_camera_msgs) by extension 'colcon_meta'
[0.299s] Level 1:colcon.colcon_core.package_identification:_identify(src/realsense-ros/realsense2_camera_msgs) by extensions ['ros']
[0.299s] Level 1:colcon.colcon_core.package_identification:_identify(src/realsense-ros/realsense2_camera_msgs) by extension 'ros'
[0.300s] DEBUG:colcon.colcon_core.package_identification:Package 'src/realsense-ros/realsense2_camera_msgs' with type 'ros.ament_cmake' and name 'realsense2_camera_msgs'
[0.300s] Level 1:colcon.colcon_core.package_identification:_identify(src/realsense-ros/realsense2_description) by extensions ['ignore', 'ignore_ament_install']
[0.300s] Level 1:colcon.colcon_core.package_identification:_identify(src/realsense-ros/realsense2_description) by extension 'ignore'
[0.300s] Level 1:colcon.colcon_core.package_identification:_identify(src/realsense-ros/realsense2_description) by extension 'ignore_ament_install'
[0.300s] Level 1:colcon.colcon_core.package_identification:_identify(src/realsense-ros/realsense2_description) by extensions ['colcon_pkg']
[0.300s] Level 1:colcon.colcon_core.package_identification:_identify(src/realsense-ros/realsense2_description) by extension 'colcon_pkg'
[0.300s] Level 1:colcon.colcon_core.package_identification:_identify(src/realsense-ros/realsense2_description) by extensions ['colcon_meta']
[0.300s] Level 1:colcon.colcon_core.package_identification:_identify(src/realsense-ros/realsense2_description) by extension 'colcon_meta'
[0.300s] Level 1:colcon.colcon_core.package_identification:_identify(src/realsense-ros/realsense2_description) by extensions ['ros']
[0.300s] Level 1:colcon.colcon_core.package_identification:_identify(src/realsense-ros/realsense2_description) by extension 'ros'
[0.301s] DEBUG:colcon.colcon_core.package_identification:Package 'src/realsense-ros/realsense2_description' with type 'ros.ament_cmake' and name 'realsense2_description'
[0.301s] Level 1:colcon.colcon_core.package_identification:_identify(src/realsense-ros/scripts) by extensions ['ignore', 'ignore_ament_install']
[0.301s] Level 1:colcon.colcon_core.package_identification:_identify(src/realsense-ros/scripts) by extension 'ignore'
[0.301s] Level 1:colcon.colcon_core.package_identification:_identify(src/realsense-ros/scripts) by extension 'ignore_ament_install'
[0.301s] Level 1:colcon.colcon_core.package_identification:_identify(src/realsense-ros/scripts) by extensions ['colcon_pkg']
[0.301s] Level 1:colcon.colcon_core.package_identification:_identify(src/realsense-ros/scripts) by extension 'colcon_pkg'
[0.301s] Level 1:colcon.colcon_core.package_identification:_identify(src/realsense-ros/scripts) by extensions ['colcon_meta']
[0.301s] Level 1:colcon.colcon_core.package_identification:_identify(src/realsense-ros/scripts) by extension 'colcon_meta'
[0.301s] Level 1:colcon.colcon_core.package_identification:_identify(src/realsense-ros/scripts) by extensions ['ros']
[0.301s] Level 1:colcon.colcon_core.package_identification:_identify(src/realsense-ros/scripts) by extension 'ros'
[0.302s] Level 1:colcon.colcon_core.package_identification:_identify(src/realsense-ros/scripts) by extensions ['cmake', 'python']
[0.302s] Level 1:colcon.colcon_core.package_identification:_identify(src/realsense-ros/scripts) by extension 'cmake'
[0.302s] Level 1:colcon.colcon_core.package_identification:_identify(src/realsense-ros/scripts) by extension 'python'
[0.302s] Level 1:colcon.colcon_core.package_identification:_identify(src/realsense-ros/scripts) by extensions ['python_setup_py']
[0.302s] Level 1:colcon.colcon_core.package_identification:_identify(src/realsense-ros/scripts) by extension 'python_setup_py'
[0.302s] Level 1:colcon.colcon_core.package_discovery:discover_packages(recursive) using defaults
[0.302s] Level 1:colcon.colcon_core.package_discovery:discover_packages(ignore) discover
[0.302s] Level 1:colcon.colcon_core.package_discovery:discover_packages(ignore) using defaults
[0.302s] Level 1:colcon.colcon_core.package_discovery:discover_packages(path) discover
[0.302s] Level 1:colcon.colcon_core.package_discovery:discover_packages(path) using defaults
[0.324s] Level 5:colcon.colcon_core.verb:set package 'realsense2_camera_msgs' build argument 'cmake_args' from command line to 'None'
[0.324s] Level 5:colcon.colcon_core.verb:set package 'realsense2_camera_msgs' build argument 'cmake_target' from command line to 'None'
[0.324s] Level 5:colcon.colcon_core.verb:set package 'realsense2_camera_msgs' build argument 'cmake_target_skip_unavailable' from command line to 'False'
[0.324s] Level 5:colcon.colcon_core.verb:set package 'realsense2_camera_msgs' build argument 'cmake_clean_cache' from command line to 'False'
[0.324s] Level 5:colcon.colcon_core.verb:set package 'realsense2_camera_msgs' build argument 'cmake_clean_first' from command line to 'False'
[0.324s] Level 5:colcon.colcon_core.verb:set package 'realsense2_camera_msgs' build argument 'cmake_force_configure' from command line to 'False'
[0.324s] Level 5:colcon.colcon_core.verb:set package 'realsense2_camera_msgs' build argument 'ament_cmake_args' from command line to 'None'
[0.324s] Level 5:colcon.colcon_core.verb:set package 'realsense2_camera_msgs' build argument 'catkin_cmake_args' from command line to 'None'
[0.324s] Level 5:colcon.colcon_core.verb:set package 'realsense2_camera_msgs' build argument 'catkin_skip_building_tests' from command line to 'False'
[0.324s] DEBUG:colcon.colcon_core.verb:Building package 'realsense2_camera_msgs' with the following arguments: {'ament_cmake_args': None, 'build_base': '/home/sparklab/sparklab/gnss-ros_ws/build/realsense2_camera_msgs', 'catkin_cmake_args': None, 'catkin_skip_building_tests': False, 'cmake_args': None, 'cmake_clean_cache': False, 'cmake_clean_first': False, 'cmake_force_configure': False, 'cmake_target': None, 'cmake_target_skip_unavailable': False, 'install_base': '/home/sparklab/sparklab/gnss-ros_ws/install/realsense2_camera_msgs', 'merge_install': False, 'path': '/home/sparklab/sparklab/gnss-ros_ws/src/realsense-ros/realsense2_camera_msgs', 'symlink_install': True, 'test_result_base': None}
[0.324s] Level 5:colcon.colcon_core.verb:set package 'realsense2_camera' build argument 'cmake_args' from command line to 'None'
[0.324s] Level 5:colcon.colcon_core.verb:set package 'realsense2_camera' build argument 'cmake_target' from command line to 'None'
[0.324s] Level 5:colcon.colcon_core.verb:set package 'realsense2_camera' build argument 'cmake_target_skip_unavailable' from command line to 'False'
[0.324s] Level 5:colcon.colcon_core.verb:set package 'realsense2_camera' build argument 'cmake_clean_cache' from command line to 'False'
[0.325s] Level 5:colcon.colcon_core.verb:set package 'realsense2_camera' build argument 'cmake_clean_first' from command line to 'False'
[0.325s] Level 5:colcon.colcon_core.verb:set package 'realsense2_camera' build argument 'cmake_force_configure' from command line to 'False'
[0.325s] Level 5:colcon.colcon_core.verb:set package 'realsense2_camera' build argument 'ament_cmake_args' from command line to 'None'
[0.325s] Level 5:colcon.colcon_core.verb:set package 'realsense2_camera' build argument 'catkin_cmake_args' from command line to 'None'
[0.325s] Level 5:colcon.colcon_core.verb:set package 'realsense2_camera' build argument 'catkin_skip_building_tests' from command line to 'False'
[0.325s] DEBUG:colcon.colcon_core.verb:Building package 'realsense2_camera' with the following arguments: {'ament_cmake_args': None, 'build_base': '/home/sparklab/sparklab/gnss-ros_ws/build/realsense2_camera', 'catkin_cmake_args': None, 'catkin_skip_building_tests': False, 'cmake_args': None, 'cmake_clean_cache': False, 'cmake_clean_first': False, 'cmake_force_configure': False, 'cmake_target': None, 'cmake_target_skip_unavailable': False, 'install_base': '/home/sparklab/sparklab/gnss-ros_ws/install/realsense2_camera', 'merge_install': False, 'path': '/home/sparklab/sparklab/gnss-ros_ws/src/realsense-ros/realsense2_camera', 'symlink_install': True, 'test_result_base': None}
[0.325s] Level 5:colcon.colcon_core.verb:set package 'realsense2_description' build argument 'cmake_args' from command line to 'None'
[0.325s] Level 5:colcon.colcon_core.verb:set package 'realsense2_description' build argument 'cmake_target' from command line to 'None'
[0.325s] Level 5:colcon.colcon_core.verb:set package 'realsense2_description' build argument 'cmake_target_skip_unavailable' from command line to 'False'
[0.325s] Level 5:colcon.colcon_core.verb:set package 'realsense2_description' build argument 'cmake_clean_cache' from command line to 'False'
[0.325s] Level 5:colcon.colcon_core.verb:set package 'realsense2_description' build argument 'cmake_clean_first' from command line to 'False'
[0.325s] Level 5:colcon.colcon_core.verb:set package 'realsense2_description' build argument 'cmake_force_configure' from command line to 'False'
[0.325s] Level 5:colcon.colcon_core.verb:set package 'realsense2_description' build argument 'ament_cmake_args' from command line to 'None'
[0.325s] Level 5:colcon.colcon_core.verb:set package 'realsense2_description' build argument 'catkin_cmake_args' from command line to 'None'
[0.325s] Level 5:colcon.colcon_core.verb:set package 'realsense2_description' build argument 'catkin_skip_building_tests' from command line to 'False'
[0.325s] DEBUG:colcon.colcon_core.verb:Building package 'realsense2_description' with the following arguments: {'ament_cmake_args': None, 'build_base': '/home/sparklab/sparklab/gnss-ros_ws/build/realsense2_description', 'catkin_cmake_args': None, 'catkin_skip_building_tests': False, 'cmake_args': None, 'cmake_clean_cache': False, 'cmake_clean_first': False, 'cmake_force_configure': False, 'cmake_target': None, 'cmake_target_skip_unavailable': False, 'install_base': '/home/sparklab/sparklab/gnss-ros_ws/install/realsense2_description', 'merge_install': False, 'path': '/home/sparklab/sparklab/gnss-ros_ws/src/realsense-ros/realsense2_description', 'symlink_install': True, 'test_result_base': None}
[0.325s] INFO:colcon.colcon_core.executor:Executing jobs using 'parallel' executor
[0.326s] DEBUG:colcon.colcon_parallel_executor.executor.parallel:run_until_complete
[0.327s] INFO:colcon.colcon_ros.task.ament_cmake.build:Building ROS package in '/home/sparklab/sparklab/gnss-ros_ws/src/realsense-ros/realsense2_camera_msgs' with build type 'ament_cmake'
[0.327s] INFO:colcon.colcon_cmake.task.cmake.build:Building CMake package in '/home/sparklab/sparklab/gnss-ros_ws/src/realsense-ros/realsense2_camera_msgs'
[0.338s] INFO:colcon.colcon_core.plugin_system:Skipping extension 'colcon_core.shell.bat': Not used on non-Windows systems
[0.338s] INFO:colcon.colcon_core.shell:Skip shell extension 'powershell' for command environment: Not usable outside of PowerShell
[0.338s] DEBUG:colcon.colcon_core.shell:Skip shell extension 'dsv' for command environment
[0.345s] DEBUG:colcon.colcon_core.event_handler.log_command:Invoking command in '/home/sparklab/sparklab/gnss-ros_ws/build/realsense2_camera_msgs': CMAKE_PREFIX_PATH=/opt/ros/humble /usr/bin/cmake /home/sparklab/sparklab/gnss-ros_ws/src/realsense-ros/realsense2_camera_msgs -DAMENT_CMAKE_SYMLINK_INSTALL=1 -DCMAKE_INSTALL_PREFIX=/home/sparklab/sparklab/gnss-ros_ws/install/realsense2_camera_msgs
[2.288s] DEBUG:colcon.colcon_core.event_handler.log_command:Invoked command in '/home/sparklab/sparklab/gnss-ros_ws/build/realsense2_camera_msgs' returned '0': CMAKE_PREFIX_PATH=/opt/ros/humble /usr/bin/cmake /home/sparklab/sparklab/gnss-ros_ws/src/realsense-ros/realsense2_camera_msgs -DAMENT_CMAKE_SYMLINK_INSTALL=1 -DCMAKE_INSTALL_PREFIX=/home/sparklab/sparklab/gnss-ros_ws/install/realsense2_camera_msgs
[2.290s] DEBUG:colcon.colcon_core.event_handler.log_command:Invoking command in '/home/sparklab/sparklab/gnss-ros_ws/build/realsense2_camera_msgs': CMAKE_PREFIX_PATH=/opt/ros/humble /usr/bin/cmake --build /home/sparklab/sparklab/gnss-ros_ws/build/realsense2_camera_msgs -- -j4 -l4
[7.677s] DEBUG:colcon.colcon_core.event_handler.log_command:Invoked command in '/home/sparklab/sparklab/gnss-ros_ws/build/realsense2_camera_msgs' returned '0': CMAKE_PREFIX_PATH=/opt/ros/humble /usr/bin/cmake --build /home/sparklab/sparklab/gnss-ros_ws/build/realsense2_camera_msgs -- -j4 -l4
[7.686s] DEBUG:colcon.colcon_core.event_handler.log_command:Invoking command in '/home/sparklab/sparklab/gnss-ros_ws/build/realsense2_camera_msgs': CMAKE_PREFIX_PATH=/opt/ros/humble /usr/bin/cmake --install /home/sparklab/sparklab/gnss-ros_ws/build/realsense2_camera_msgs
[8.730s] Level 1:colcon.colcon_core.environment:create_environment_scripts_only(realsense2_camera_msgs)
[8.731s] DEBUG:colcon.colcon_core.event_handler.log_command:Invoked command in '/home/sparklab/sparklab/gnss-ros_ws/build/realsense2_camera_msgs' returned '0': CMAKE_PREFIX_PATH=/opt/ros/humble /usr/bin/cmake --install /home/sparklab/sparklab/gnss-ros_ws/build/realsense2_camera_msgs
[8.733s] Level 1:colcon.colcon_core.environment:checking '/home/sparklab/sparklab/gnss-ros_ws/install/realsense2_camera_msgs' for CMake module files
[8.734s] Level 1:colcon.colcon_core.environment:checking '/home/sparklab/sparklab/gnss-ros_ws/install/realsense2_camera_msgs' for CMake config files
[8.734s] Level 1:colcon.colcon_core.shell:create_environment_hook('realsense2_camera_msgs', 'cmake_prefix_path')
[8.734s] INFO:colcon.colcon_core.shell:Creating environment hook '/home/sparklab/sparklab/gnss-ros_ws/install/realsense2_camera_msgs/share/realsense2_camera_msgs/hook/cmake_prefix_path.ps1'
[8.735s] INFO:colcon.colcon_core.shell:Creating environment descriptor '/home/sparklab/sparklab/gnss-ros_ws/install/realsense2_camera_msgs/share/realsense2_camera_msgs/hook/cmake_prefix_path.dsv'
[8.735s] INFO:colcon.colcon_core.shell:Creating environment hook '/home/sparklab/sparklab/gnss-ros_ws/install/realsense2_camera_msgs/share/realsense2_camera_msgs/hook/cmake_prefix_path.sh'
[8.736s] Level 1:colcon.colcon_core.environment:checking '/home/sparklab/sparklab/gnss-ros_ws/install/realsense2_camera_msgs/lib'
[8.736s] Level 1:colcon.colcon_core.shell:create_environment_hook('realsense2_camera_msgs', 'ld_library_path_lib')
[8.737s] INFO:colcon.colcon_core.shell:Creating environment hook '/home/sparklab/sparklab/gnss-ros_ws/install/realsense2_camera_msgs/share/realsense2_camera_msgs/hook/ld_library_path_lib.ps1'
[8.737s] INFO:colcon.colcon_core.shell:Creating environment descriptor '/home/sparklab/sparklab/gnss-ros_ws/install/realsense2_camera_msgs/share/realsense2_camera_msgs/hook/ld_library_path_lib.dsv'
[8.737s] INFO:colcon.colcon_core.shell:Creating environment hook '/home/sparklab/sparklab/gnss-ros_ws/install/realsense2_camera_msgs/share/realsense2_camera_msgs/hook/ld_library_path_lib.sh'
[8.738s] Level 1:colcon.colcon_core.environment:checking '/home/sparklab/sparklab/gnss-ros_ws/install/realsense2_camera_msgs/bin'
[8.738s] Level 1:colcon.colcon_core.environment:checking '/home/sparklab/sparklab/gnss-ros_ws/install/realsense2_camera_msgs/lib/pkgconfig/realsense2_camera_msgs.pc'
[8.739s] Level 1:colcon.colcon_core.environment:checking '/home/sparklab/sparklab/gnss-ros_ws/install/realsense2_camera_msgs/lib/python3.10/site-packages'
[8.740s] Level 1:colcon.colcon_core.environment:checking '/home/sparklab/sparklab/gnss-ros_ws/install/realsense2_camera_msgs/bin'
[8.740s] INFO:colcon.colcon_core.shell:Creating package script '/home/sparklab/sparklab/gnss-ros_ws/install/realsense2_camera_msgs/share/realsense2_camera_msgs/package.ps1'
[8.741s] INFO:colcon.colcon_core.shell:Creating package descriptor '/home/sparklab/sparklab/gnss-ros_ws/install/realsense2_camera_msgs/share/realsense2_camera_msgs/package.dsv'
[8.742s] INFO:colcon.colcon_core.shell:Creating package script '/home/sparklab/sparklab/gnss-ros_ws/install/realsense2_camera_msgs/share/realsense2_camera_msgs/package.sh'
[8.742s] INFO:colcon.colcon_core.shell:Creating package script '/home/sparklab/sparklab/gnss-ros_ws/install/realsense2_camera_msgs/share/realsense2_camera_msgs/package.bash'
[8.743s] INFO:colcon.colcon_core.shell:Creating package script '/home/sparklab/sparklab/gnss-ros_ws/install/realsense2_camera_msgs/share/realsense2_camera_msgs/package.zsh'
[8.744s] Level 1:colcon.colcon_core.environment:create_file_with_runtime_dependencies(/home/sparklab/sparklab/gnss-ros_ws/install/realsense2_camera_msgs/share/colcon-core/packages/realsense2_camera_msgs)
[8.744s] Level 1:colcon.colcon_core.environment:create_environment_scripts_only(realsense2_camera_msgs)
[8.744s] Level 1:colcon.colcon_core.environment:checking '/home/sparklab/sparklab/gnss-ros_ws/install/realsense2_camera_msgs' for CMake module files
[8.745s] Level 1:colcon.colcon_core.environment:checking '/home/sparklab/sparklab/gnss-ros_ws/install/realsense2_camera_msgs' for CMake config files
[8.745s] Level 1:colcon.colcon_core.shell:create_environment_hook('realsense2_camera_msgs', 'cmake_prefix_path')
[8.746s] INFO:colcon.colcon_core.shell:Creating environment hook '/home/sparklab/sparklab/gnss-ros_ws/install/realsense2_camera_msgs/share/realsense2_camera_msgs/hook/cmake_prefix_path.ps1'
[8.746s] INFO:colcon.colcon_core.shell:Creating environment descriptor '/home/sparklab/sparklab/gnss-ros_ws/install/realsense2_camera_msgs/share/realsense2_camera_msgs/hook/cmake_prefix_path.dsv'
[8.746s] INFO:colcon.colcon_core.shell:Creating environment hook '/home/sparklab/sparklab/gnss-ros_ws/install/realsense2_camera_msgs/share/realsense2_camera_msgs/hook/cmake_prefix_path.sh'
[8.747s] Level 1:colcon.colcon_core.environment:checking '/home/sparklab/sparklab/gnss-ros_ws/install/realsense2_camera_msgs/lib'
[8.747s] Level 1:colcon.colcon_core.shell:create_environment_hook('realsense2_camera_msgs', 'ld_library_path_lib')
[8.747s] INFO:colcon.colcon_core.shell:Creating environment hook '/home/sparklab/sparklab/gnss-ros_ws/install/realsense2_camera_msgs/share/realsense2_camera_msgs/hook/ld_library_path_lib.ps1'
[8.748s] INFO:colcon.colcon_core.shell:Creating environment descriptor '/home/sparklab/sparklab/gnss-ros_ws/install/realsense2_camera_msgs/share/realsense2_camera_msgs/hook/ld_library_path_lib.dsv'
[8.748s] INFO:colcon.colcon_core.shell:Creating environment hook '/home/sparklab/sparklab/gnss-ros_ws/install/realsense2_camera_msgs/share/realsense2_camera_msgs/hook/ld_library_path_lib.sh'
[8.748s] Level 1:colcon.colcon_core.environment:checking '/home/sparklab/sparklab/gnss-ros_ws/install/realsense2_camera_msgs/bin'
[8.749s] Level 1:colcon.colcon_core.environment:checking '/home/sparklab/sparklab/gnss-ros_ws/install/realsense2_camera_msgs/lib/pkgconfig/realsense2_camera_msgs.pc'
[8.749s] Level 1:colcon.colcon_core.environment:checking '/home/sparklab/sparklab/gnss-ros_ws/install/realsense2_camera_msgs/lib/python3.10/site-packages'
[8.749s] Level 1:colcon.colcon_core.environment:checking '/home/sparklab/sparklab/gnss-ros_ws/install/realsense2_camera_msgs/bin'
[8.749s] INFO:colcon.colcon_core.shell:Creating package script '/home/sparklab/sparklab/gnss-ros_ws/install/realsense2_camera_msgs/share/realsense2_camera_msgs/package.ps1'
[8.750s] INFO:colcon.colcon_core.shell:Creating package descriptor '/home/sparklab/sparklab/gnss-ros_ws/install/realsense2_camera_msgs/share/realsense2_camera_msgs/package.dsv'
[8.750s] INFO:colcon.colcon_core.shell:Creating package script '/home/sparklab/sparklab/gnss-ros_ws/install/realsense2_camera_msgs/share/realsense2_camera_msgs/package.sh'
[8.751s] INFO:colcon.colcon_core.shell:Creating package script '/home/sparklab/sparklab/gnss-ros_ws/install/realsense2_camera_msgs/share/realsense2_camera_msgs/package.bash'
[8.751s] INFO:colcon.colcon_core.shell:Creating package script '/home/sparklab/sparklab/gnss-ros_ws/install/realsense2_camera_msgs/share/realsense2_camera_msgs/package.zsh'
[8.752s] Level 1:colcon.colcon_core.environment:create_file_with_runtime_dependencies(/home/sparklab/sparklab/gnss-ros_ws/install/realsense2_camera_msgs/share/colcon-core/packages/realsense2_camera_msgs)
[8.752s] INFO:colcon.colcon_ros.task.ament_cmake.build:Building ROS package in '/home/sparklab/sparklab/gnss-ros_ws/src/realsense-ros/realsense2_camera' with build type 'ament_cmake'
[8.752s] INFO:colcon.colcon_cmake.task.cmake.build:Building CMake package in '/home/sparklab/sparklab/gnss-ros_ws/src/realsense-ros/realsense2_camera'
[8.752s] INFO:colcon.colcon_core.shell:Skip shell extension 'powershell' for command environment: Not usable outside of PowerShell
[8.752s] DEBUG:colcon.colcon_core.shell:Skip shell extension 'dsv' for command environment
[8.755s] INFO:colcon.colcon_ros.task.ament_cmake.build:Building ROS package in '/home/sparklab/sparklab/gnss-ros_ws/src/realsense-ros/realsense2_description' with build type 'ament_cmake'
[8.755s] INFO:colcon.colcon_cmake.task.cmake.build:Building CMake package in '/home/sparklab/sparklab/gnss-ros_ws/src/realsense-ros/realsense2_description'
[8.755s] INFO:colcon.colcon_core.shell:Skip shell extension 'powershell' for command environment: Not usable outside of PowerShell
[8.755s] DEBUG:colcon.colcon_core.shell:Skip shell extension 'dsv' for command environment
[8.763s] DEBUG:colcon.colcon_core.event_handler.log_command:Invoking command in '/home/sparklab/sparklab/gnss-ros_ws/build/realsense2_camera': AMENT_PREFIX_PATH=/home/sparklab/sparklab/gnss-ros_ws/install/realsense2_camera_msgs:${AMENT_PREFIX_PATH} CMAKE_PREFIX_PATH=/home/sparklab/sparklab/gnss-ros_ws/install/realsense2_camera_msgs:/opt/ros/humble LD_LIBRARY_PATH=/home/sparklab/sparklab/gnss-ros_ws/install/realsense2_camera_msgs/lib:${LD_LIBRARY_PATH} PYTHONPATH=/home/sparklab/sparklab/gnss-ros_ws/install/realsense2_camera_msgs/local/lib/python3.10/dist-packages:${PYTHONPATH} /usr/bin/cmake /home/sparklab/sparklab/gnss-ros_ws/src/realsense-ros/realsense2_camera -DAMENT_CMAKE_SYMLINK_INSTALL=1 -DCMAKE_INSTALL_PREFIX=/home/sparklab/sparklab/gnss-ros_ws/install/realsense2_camera
[8.764s] DEBUG:colcon.colcon_core.event_handler.log_command:Invoking command in '/home/sparklab/sparklab/gnss-ros_ws/build/realsense2_description': AMENT_PREFIX_PATH=/home/sparklab/sparklab/gnss-ros_ws/install/realsense2_camera_msgs:${AMENT_PREFIX_PATH} CMAKE_PREFIX_PATH=/home/sparklab/sparklab/gnss-ros_ws/install/realsense2_camera_msgs:/opt/ros/humble LD_LIBRARY_PATH=/home/sparklab/sparklab/gnss-ros_ws/install/realsense2_camera_msgs/lib:${LD_LIBRARY_PATH} PYTHONPATH=/home/sparklab/sparklab/gnss-ros_ws/install/realsense2_camera_msgs/local/lib/python3.10/dist-packages:${PYTHONPATH} /usr/bin/cmake /home/sparklab/sparklab/gnss-ros_ws/src/realsense-ros/realsense2_description -DAMENT_CMAKE_SYMLINK_INSTALL=1 -DCMAKE_INSTALL_PREFIX=/home/sparklab/sparklab/gnss-ros_ws/install/realsense2_description
[9.374s] DEBUG:colcon.colcon_core.event_handler.log_command:Invoked command in '/home/sparklab/sparklab/gnss-ros_ws/build/realsense2_description' returned '0': AMENT_PREFIX_PATH=/home/sparklab/sparklab/gnss-ros_ws/install/realsense2_camera_msgs:${AMENT_PREFIX_PATH} CMAKE_PREFIX_PATH=/home/sparklab/sparklab/gnss-ros_ws/install/realsense2_camera_msgs:/opt/ros/humble LD_LIBRARY_PATH=/home/sparklab/sparklab/gnss-ros_ws/install/realsense2_camera_msgs/lib:${LD_LIBRARY_PATH} PYTHONPATH=/home/sparklab/sparklab/gnss-ros_ws/install/realsense2_camera_msgs/local/lib/python3.10/dist-packages:${PYTHONPATH} /usr/bin/cmake /home/sparklab/sparklab/gnss-ros_ws/src/realsense-ros/realsense2_description -DAMENT_CMAKE_SYMLINK_INSTALL=1 -DCMAKE_INSTALL_PREFIX=/home/sparklab/sparklab/gnss-ros_ws/install/realsense2_description
[9.376s] DEBUG:colcon.colcon_core.event_handler.log_command:Invoking command in '/home/sparklab/sparklab/gnss-ros_ws/build/realsense2_description': AMENT_PREFIX_PATH=/home/sparklab/sparklab/gnss-ros_ws/install/realsense2_camera_msgs:${AMENT_PREFIX_PATH} CMAKE_PREFIX_PATH=/home/sparklab/sparklab/gnss-ros_ws/install/realsense2_camera_msgs:/opt/ros/humble LD_LIBRARY_PATH=/home/sparklab/sparklab/gnss-ros_ws/install/realsense2_camera_msgs/lib:${LD_LIBRARY_PATH} PYTHONPATH=/home/sparklab/sparklab/gnss-ros_ws/install/realsense2_camera_msgs/local/lib/python3.10/dist-packages:${PYTHONPATH} /usr/bin/cmake --build /home/sparklab/sparklab/gnss-ros_ws/build/realsense2_description -- -j4 -l4
[9.409s] DEBUG:colcon.colcon_core.event_handler.log_command:Invoked command in '/home/sparklab/sparklab/gnss-ros_ws/build/realsense2_description' returned '0': AMENT_PREFIX_PATH=/home/sparklab/sparklab/gnss-ros_ws/install/realsense2_camera_msgs:${AMENT_PREFIX_PATH} CMAKE_PREFIX_PATH=/home/sparklab/sparklab/gnss-ros_ws/install/realsense2_camera_msgs:/opt/ros/humble LD_LIBRARY_PATH=/home/sparklab/sparklab/gnss-ros_ws/install/realsense2_camera_msgs/lib:${LD_LIBRARY_PATH} PYTHONPATH=/home/sparklab/sparklab/gnss-ros_ws/install/realsense2_camera_msgs/local/lib/python3.10/dist-packages:${PYTHONPATH} /usr/bin/cmake --build /home/sparklab/sparklab/gnss-ros_ws/build/realsense2_description -- -j4 -l4
[9.410s] DEBUG:colcon.colcon_core.event_handler.log_command:Invoking command in '/home/sparklab/sparklab/gnss-ros_ws/build/realsense2_description': AMENT_PREFIX_PATH=/home/sparklab/sparklab/gnss-ros_ws/install/realsense2_camera_msgs:${AMENT_PREFIX_PATH} CMAKE_PREFIX_PATH=/home/sparklab/sparklab/gnss-ros_ws/install/realsense2_camera_msgs:/opt/ros/humble LD_LIBRARY_PATH=/home/sparklab/sparklab/gnss-ros_ws/install/realsense2_camera_msgs/lib:${LD_LIBRARY_PATH} PYTHONPATH=/home/sparklab/sparklab/gnss-ros_ws/install/realsense2_camera_msgs/local/lib/python3.10/dist-packages:${PYTHONPATH} /usr/bin/cmake --install /home/sparklab/sparklab/gnss-ros_ws/build/realsense2_description
[9.745s] Level 1:colcon.colcon_core.environment:create_environment_scripts_only(realsense2_description)
[9.746s] Level 1:colcon.colcon_core.environment:checking '/home/sparklab/sparklab/gnss-ros_ws/install/realsense2_description' for CMake module files
[9.746s] DEBUG:colcon.colcon_core.event_handler.log_command:Invoked command in '/home/sparklab/sparklab/gnss-ros_ws/build/realsense2_description' returned '0': AMENT_PREFIX_PATH=/home/sparklab/sparklab/gnss-ros_ws/install/realsense2_camera_msgs:${AMENT_PREFIX_PATH} CMAKE_PREFIX_PATH=/home/sparklab/sparklab/gnss-ros_ws/install/realsense2_camera_msgs:/opt/ros/humble LD_LIBRARY_PATH=/home/sparklab/sparklab/gnss-ros_ws/install/realsense2_camera_msgs/lib:${LD_LIBRARY_PATH} PYTHONPATH=/home/sparklab/sparklab/gnss-ros_ws/install/realsense2_camera_msgs/local/lib/python3.10/dist-packages:${PYTHONPATH} /usr/bin/cmake --install /home/sparklab/sparklab/gnss-ros_ws/build/realsense2_description
[9.746s] Level 1:colcon.colcon_core.environment:checking '/home/sparklab/sparklab/gnss-ros_ws/install/realsense2_description' for CMake config files
[9.747s] Level 1:colcon.colcon_core.shell:create_environment_hook('realsense2_description', 'cmake_prefix_path')
[9.747s] INFO:colcon.colcon_core.shell:Creating environment hook '/home/sparklab/sparklab/gnss-ros_ws/install/realsense2_description/share/realsense2_description/hook/cmake_prefix_path.ps1'
[9.748s] INFO:colcon.colcon_core.shell:Creating environment descriptor '/home/sparklab/sparklab/gnss-ros_ws/install/realsense2_description/share/realsense2_description/hook/cmake_prefix_path.dsv'
[9.748s] INFO:colcon.colcon_core.shell:Creating environment hook '/home/sparklab/sparklab/gnss-ros_ws/install/realsense2_description/share/realsense2_description/hook/cmake_prefix_path.sh'
[9.748s] Level 1:colcon.colcon_core.environment:checking '/home/sparklab/sparklab/gnss-ros_ws/install/realsense2_description/bin'
[9.749s] Level 1:colcon.colcon_core.environment:checking '/home/sparklab/sparklab/gnss-ros_ws/install/realsense2_description/lib/pkgconfig/realsense2_description.pc'
[9.749s] Level 1:colcon.colcon_core.environment:checking '/home/sparklab/sparklab/gnss-ros_ws/install/realsense2_description/lib/python3.10/site-packages'
[9.749s] Level 1:colcon.colcon_core.environment:checking '/home/sparklab/sparklab/gnss-ros_ws/install/realsense2_description/bin'
[9.749s] INFO:colcon.colcon_core.shell:Creating package script '/home/sparklab/sparklab/gnss-ros_ws/install/realsense2_description/share/realsense2_description/package.ps1'
[9.750s] INFO:colcon.colcon_core.shell:Creating package descriptor '/home/sparklab/sparklab/gnss-ros_ws/install/realsense2_description/share/realsense2_description/package.dsv'
[9.750s] INFO:colcon.colcon_core.shell:Creating package script '/home/sparklab/sparklab/gnss-ros_ws/install/realsense2_description/share/realsense2_description/package.sh'
[9.751s] INFO:colcon.colcon_core.shell:Creating package script '/home/sparklab/sparklab/gnss-ros_ws/install/realsense2_description/share/realsense2_description/package.bash'
[9.751s] INFO:colcon.colcon_core.shell:Creating package script '/home/sparklab/sparklab/gnss-ros_ws/install/realsense2_description/share/realsense2_description/package.zsh'
[9.751s] Level 1:colcon.colcon_core.environment:create_file_with_runtime_dependencies(/home/sparklab/sparklab/gnss-ros_ws/install/realsense2_description/share/colcon-core/packages/realsense2_description)
[9.752s] Level 1:colcon.colcon_core.environment:create_environment_scripts_only(realsense2_description)
[9.752s] Level 1:colcon.colcon_core.environment:checking '/home/sparklab/sparklab/gnss-ros_ws/install/realsense2_description' for CMake module files
[9.752s] Level 1:colcon.colcon_core.environment:checking '/home/sparklab/sparklab/gnss-ros_ws/install/realsense2_description' for CMake config files
[9.753s] Level 1:colcon.colcon_core.shell:create_environment_hook('realsense2_description', 'cmake_prefix_path')
[9.753s] INFO:colcon.colcon_core.shell:Creating environment hook '/home/sparklab/sparklab/gnss-ros_ws/install/realsense2_description/share/realsense2_description/hook/cmake_prefix_path.ps1'
[9.754s] INFO:colcon.colcon_core.shell:Creating environment descriptor '/home/sparklab/sparklab/gnss-ros_ws/install/realsense2_description/share/realsense2_description/hook/cmake_prefix_path.dsv'
[9.754s] INFO:colcon.colcon_core.shell:Creating environment hook '/home/sparklab/sparklab/gnss-ros_ws/install/realsense2_description/share/realsense2_description/hook/cmake_prefix_path.sh'
[9.754s] Level 1:colcon.colcon_core.environment:checking '/home/sparklab/sparklab/gnss-ros_ws/install/realsense2_description/bin'
[9.755s] Level 1:colcon.colcon_core.environment:checking '/home/sparklab/sparklab/gnss-ros_ws/install/realsense2_description/lib/pkgconfig/realsense2_description.pc'
[9.755s] Level 1:colcon.colcon_core.environment:checking '/home/sparklab/sparklab/gnss-ros_ws/install/realsense2_description/lib/python3.10/site-packages'
[9.755s] Level 1:colcon.colcon_core.environment:checking '/home/sparklab/sparklab/gnss-ros_ws/install/realsense2_description/bin'
[9.755s] INFO:colcon.colcon_core.shell:Creating package script '/home/sparklab/sparklab/gnss-ros_ws/install/realsense2_description/share/realsense2_description/package.ps1'
[9.756s] INFO:colcon.colcon_core.shell:Creating package descriptor '/home/sparklab/sparklab/gnss-ros_ws/install/realsense2_description/share/realsense2_description/package.dsv'
[9.756s] INFO:colcon.colcon_core.shell:Creating package script '/home/sparklab/sparklab/gnss-ros_ws/install/realsense2_description/share/realsense2_description/package.sh'
[9.757s] INFO:colcon.colcon_core.shell:Creating package script '/home/sparklab/sparklab/gnss-ros_ws/install/realsense2_description/share/realsense2_description/package.bash'
[9.757s] INFO:colcon.colcon_core.shell:Creating package script '/home/sparklab/sparklab/gnss-ros_ws/install/realsense2_description/share/realsense2_description/package.zsh'
[9.758s] Level 1:colcon.colcon_core.environment:create_file_with_runtime_dependencies(/home/sparklab/sparklab/gnss-ros_ws/install/realsense2_description/share/colcon-core/packages/realsense2_description)
[10.131s] DEBUG:colcon.colcon_core.event_handler.log_command:Invoked command in '/home/sparklab/sparklab/gnss-ros_ws/build/realsense2_camera' returned '1': AMENT_PREFIX_PATH=/home/sparklab/sparklab/gnss-ros_ws/install/realsense2_camera_msgs:${AMENT_PREFIX_PATH} CMAKE_PREFIX_PATH=/home/sparklab/sparklab/gnss-ros_ws/install/realsense2_camera_msgs:/opt/ros/humble LD_LIBRARY_PATH=/home/sparklab/sparklab/gnss-ros_ws/install/realsense2_camera_msgs/lib:${LD_LIBRARY_PATH} PYTHONPATH=/home/sparklab/sparklab/gnss-ros_ws/install/realsense2_camera_msgs/local/lib/python3.10/dist-packages:${PYTHONPATH} /usr/bin/cmake /home/sparklab/sparklab/gnss-ros_ws/src/realsense-ros/realsense2_camera -DAMENT_CMAKE_SYMLINK_INSTALL=1 -DCMAKE_INSTALL_PREFIX=/home/sparklab/sparklab/gnss-ros_ws/install/realsense2_camera
[10.141s] Level 1:colcon.colcon_core.environment:create_environment_scripts_only(realsense2_camera)
[10.141s] Level 1:colcon.colcon_core.environment:checking '/home/sparklab/sparklab/gnss-ros_ws/install/realsense2_camera' for CMake module files
[10.141s] Level 1:colcon.colcon_core.environment:checking '/home/sparklab/sparklab/gnss-ros_ws/install/realsense2_camera' for CMake config files
[10.141s] Level 1:colcon.colcon_core.environment:checking '/home/sparklab/sparklab/gnss-ros_ws/install/realsense2_camera/bin'
[10.141s] Level 1:colcon.colcon_core.environment:checking '/home/sparklab/sparklab/gnss-ros_ws/install/realsense2_camera/lib/pkgconfig/realsense2_camera.pc'
[10.142s] Level 1:colcon.colcon_core.environment:checking '/home/sparklab/sparklab/gnss-ros_ws/install/realsense2_camera/lib/python3.10/site-packages'
[10.142s] Level 1:colcon.colcon_core.environment:checking '/home/sparklab/sparklab/gnss-ros_ws/install/realsense2_camera/bin'
[10.142s] INFO:colcon.colcon_core.shell:Creating package script '/home/sparklab/sparklab/gnss-ros_ws/install/realsense2_camera/share/realsense2_camera/package.ps1'
[10.143s] INFO:colcon.colcon_core.shell:Creating package descriptor '/home/sparklab/sparklab/gnss-ros_ws/install/realsense2_camera/share/realsense2_camera/package.dsv'
[10.143s] INFO:colcon.colcon_core.shell:Creating package script '/home/sparklab/sparklab/gnss-ros_ws/install/realsense2_camera/share/realsense2_camera/package.sh'
[10.143s] INFO:colcon.colcon_core.shell:Creating package script '/home/sparklab/sparklab/gnss-ros_ws/install/realsense2_camera/share/realsense2_camera/package.bash'
[10.144s] INFO:colcon.colcon_core.shell:Creating package script '/home/sparklab/sparklab/gnss-ros_ws/install/realsense2_camera/share/realsense2_camera/package.zsh'
[10.144s] Level 1:colcon.colcon_core.environment:create_file_with_runtime_dependencies(/home/sparklab/sparklab/gnss-ros_ws/install/realsense2_camera/share/colcon-core/packages/realsense2_camera)
[10.154s] DEBUG:colcon.colcon_parallel_executor.executor.parallel:closing loop
[10.154s] DEBUG:colcon.colcon_parallel_executor.executor.parallel:loop closed
[10.156s] DEBUG:colcon.colcon_parallel_executor.executor.parallel:run_until_complete finished with '1'
[10.156s] DEBUG:colcon.colcon_core.event_reactor:joining thread
[10.161s] INFO:colcon.colcon_core.plugin_system:Skipping extension 'colcon_notification.desktop_notification.notify_send': Could not find 'notify-send'
[10.161s] INFO:colcon.colcon_core.plugin_system:Skipping extension 'colcon_notification.desktop_notification.terminal_notifier': Not used on non-Darwin systems
[10.162s] INFO:colcon.colcon_core.plugin_system:Skipping extension 'colcon_notification.desktop_notification.win32': Not used on non-Windows systems
[10.162s] INFO:colcon.colcon_notification.desktop_notification:Sending desktop notification using 'notify2'
[10.162s] DEBUG:colcon.colcon_notification.desktop_notification.notify2:Failed to initialize notify2: org.freedesktop.DBus.Error.NotSupported: Unable to autolaunch a dbus-daemon without a $DISPLAY for X11
[10.162s] DEBUG:colcon.colcon_core.event_reactor:joined thread
[10.162s] INFO:colcon.colcon_core.shell:Creating prefix script '/home/sparklab/sparklab/gnss-ros_ws/install/local_setup.ps1'
[10.163s] INFO:colcon.colcon_core.shell:Creating prefix util module '/home/sparklab/sparklab/gnss-ros_ws/install/_local_setup_util_ps1.py'
[10.164s] INFO:colcon.colcon_core.shell:Creating prefix chain script '/home/sparklab/sparklab/gnss-ros_ws/install/setup.ps1'
[10.165s] INFO:colcon.colcon_core.shell:Creating prefix script '/home/sparklab/sparklab/gnss-ros_ws/install/local_setup.sh'
[10.166s] INFO:colcon.colcon_core.shell:Creating prefix util module '/home/sparklab/sparklab/gnss-ros_ws/install/_local_setup_util_sh.py'
[10.166s] INFO:colcon.colcon_core.shell:Creating prefix chain script '/home/sparklab/sparklab/gnss-ros_ws/install/setup.sh'
[10.167s] INFO:colcon.colcon_core.shell:Creating prefix script '/home/sparklab/sparklab/gnss-ros_ws/install/local_setup.bash'
[10.168s] INFO:colcon.colcon_core.shell:Creating prefix chain script '/home/sparklab/sparklab/gnss-ros_ws/install/setup.bash'
[10.168s] INFO:colcon.colcon_core.shell:Creating prefix script '/home/sparklab/sparklab/gnss-ros_ws/install/local_setup.zsh'
[10.169s] INFO:colcon.colcon_core.shell:Creating prefix chain script '/home/sparklab/sparklab/gnss-ros_ws/install/setup.zsh'
