[0.010s] Invoking command in '/home/sparklab/sparklab/gnss-ros_ws/build/velodyne_pointcloud': CMAKE_PREFIX_PATH=/home/sparklab/sparklab/gnss-ros_ws/install/velodyne_msgs:/home/sparklab/sparklab/gnss-ros_ws/install/velodyne:/home/sparklab/sparklab/gnss-ros_ws/install/velodyne_pointcloud:/home/sparklab/sparklab/gnss-ros_ws/install/velodyne_driver:/home/sparklab/sparklab/gnss-ros_ws/install/velodyne_laserscan:/home/sparklab/sparklab/gnss-ros_ws/install/realsense2_description:/home/sparklab/sparklab/gnss-ros_ws/install/realsense2_camera:/home/sparklab/sparklab/gnss-ros_ws/install/realsense2_camera_msgs:/opt/ros/humble LD_LIBRARY_PATH=/home/sparklab/sparklab/gnss-ros_ws/install/velodyne_msgs/lib:/home/sparklab/sparklab/gnss-ros_ws/install/velodyne_pointcloud/lib:/home/sparklab/sparklab/gnss-ros_ws/install/velodyne_driver/lib:/home/sparklab/sparklab/gnss-ros_ws/install/velodyne_laserscan/lib:/home/sparklab/sparklab/gnss-ros_ws/install/realsense2_camera/lib:/home/sparklab/sparklab/gnss-ros_ws/install/realsense2_camera_msgs/lib:/opt/ros/humble/opt/rviz_ogre_vendor/lib:/opt/ros/humble/lib/x86_64-linux-gnu:/opt/ros/humble/lib /usr/bin/cmake --build /home/sparklab/sparklab/gnss-ros_ws/build/velodyne_pointcloud -- -j4 -l4
[0.111s] [ 16%] Built target velodyne_rawdata
[0.128s] [ 27%] Built target gtest_main
[0.129s] [ 44%] Built target velodyne_cloud_types
[0.130s] [ 55%] Built target gtest
[0.183s] [ 66%] Built target transform
[0.202s] [ 88%] Built target test_row_step
[0.202s] [ 88%] Built target test_calibration
[0.238s] [100%] Built target velodyne_transform_node
[0.251s] Invoked command in '/home/sparklab/sparklab/gnss-ros_ws/build/velodyne_pointcloud' returned '0': CMAKE_PREFIX_PATH=/home/sparklab/sparklab/gnss-ros_ws/install/velodyne_msgs:/home/sparklab/sparklab/gnss-ros_ws/install/velodyne:/home/sparklab/sparklab/gnss-ros_ws/install/velodyne_pointcloud:/home/sparklab/sparklab/gnss-ros_ws/install/velodyne_driver:/home/sparklab/sparklab/gnss-ros_ws/install/velodyne_laserscan:/home/sparklab/sparklab/gnss-ros_ws/install/realsense2_description:/home/sparklab/sparklab/gnss-ros_ws/install/realsense2_camera:/home/sparklab/sparklab/gnss-ros_ws/install/realsense2_camera_msgs:/opt/ros/humble LD_LIBRARY_PATH=/home/sparklab/sparklab/gnss-ros_ws/install/velodyne_msgs/lib:/home/sparklab/sparklab/gnss-ros_ws/install/velodyne_pointcloud/lib:/home/sparklab/sparklab/gnss-ros_ws/install/velodyne_driver/lib:/home/sparklab/sparklab/gnss-ros_ws/install/velodyne_laserscan/lib:/home/sparklab/sparklab/gnss-ros_ws/install/realsense2_camera/lib:/home/sparklab/sparklab/gnss-ros_ws/install/realsense2_camera_msgs/lib:/opt/ros/humble/opt/rviz_ogre_vendor/lib:/opt/ros/humble/lib/x86_64-linux-gnu:/opt/ros/humble/lib /usr/bin/cmake --build /home/sparklab/sparklab/gnss-ros_ws/build/velodyne_pointcloud -- -j4 -l4
[0.252s] Invoking command in '/home/sparklab/sparklab/gnss-ros_ws/build/velodyne_pointcloud': CMAKE_PREFIX_PATH=/home/sparklab/sparklab/gnss-ros_ws/install/velodyne_msgs:/home/sparklab/sparklab/gnss-ros_ws/install/velodyne:/home/sparklab/sparklab/gnss-ros_ws/install/velodyne_pointcloud:/home/sparklab/sparklab/gnss-ros_ws/install/velodyne_driver:/home/sparklab/sparklab/gnss-ros_ws/install/velodyne_laserscan:/home/sparklab/sparklab/gnss-ros_ws/install/realsense2_description:/home/sparklab/sparklab/gnss-ros_ws/install/realsense2_camera:/home/sparklab/sparklab/gnss-ros_ws/install/realsense2_camera_msgs:/opt/ros/humble LD_LIBRARY_PATH=/home/sparklab/sparklab/gnss-ros_ws/install/velodyne_msgs/lib:/home/sparklab/sparklab/gnss-ros_ws/install/velodyne_pointcloud/lib:/home/sparklab/sparklab/gnss-ros_ws/install/velodyne_driver/lib:/home/sparklab/sparklab/gnss-ros_ws/install/velodyne_laserscan/lib:/home/sparklab/sparklab/gnss-ros_ws/install/realsense2_camera/lib:/home/sparklab/sparklab/gnss-ros_ws/install/realsense2_camera_msgs/lib:/opt/ros/humble/opt/rviz_ogre_vendor/lib:/opt/ros/humble/lib/x86_64-linux-gnu:/opt/ros/humble/lib /usr/bin/cmake --install /home/sparklab/sparklab/gnss-ros_ws/build/velodyne_pointcloud
[0.260s] -- Install configuration: ""
[0.261s] -- Execute custom install script
[0.261s] -- Up-to-date symlink: /home/sparklab/sparklab/gnss-ros_ws/install/velodyne_pointcloud/lib/velodyne_pointcloud/velodyne_transform_node
[0.261s] -- Up-to-date symlink: /home/sparklab/sparklab/gnss-ros_ws/install/velodyne_pointcloud/include/velodyne_pointcloud/calibration.hpp
[0.262s] -- Up-to-date symlink: /home/sparklab/sparklab/gnss-ros_ws/install/velodyne_pointcloud/include/velodyne_pointcloud/datacontainerbase.hpp
[0.262s] -- Up-to-date symlink: /home/sparklab/sparklab/gnss-ros_ws/install/velodyne_pointcloud/include/velodyne_pointcloud/organized_cloudXYZIRT.hpp
[0.262s] -- Up-to-date symlink: /home/sparklab/sparklab/gnss-ros_ws/install/velodyne_pointcloud/include/velodyne_pointcloud/pointcloudXYZIRT.hpp
[0.262s] -- Up-to-date symlink: /home/sparklab/sparklab/gnss-ros_ws/install/velodyne_pointcloud/include/velodyne_pointcloud/rawdata.hpp
[0.262s] -- Up-to-date symlink: /home/sparklab/sparklab/gnss-ros_ws/install/velodyne_pointcloud/include/velodyne_pointcloud/transform.hpp
[0.263s] -- Up-to-date symlink: /home/sparklab/sparklab/gnss-ros_ws/install/velodyne_pointcloud/share/velodyne_pointcloud/config/VLP16-velodyne_transform_node-params.yaml
[0.263s] -- Up-to-date symlink: /home/sparklab/sparklab/gnss-ros_ws/install/velodyne_pointcloud/share/velodyne_pointcloud/config/VLP32C-velodyne_transform_node-params.yaml
[0.263s] -- Up-to-date symlink: /home/sparklab/sparklab/gnss-ros_ws/install/velodyne_pointcloud/share/velodyne_pointcloud/config/VLS128-velodyne_transform_node-params.yaml
[0.264s] -- Up-to-date symlink: /home/sparklab/sparklab/gnss-ros_ws/install/velodyne_pointcloud/share/velodyne_pointcloud/launch/velodyne_transform_node-VLP16-composed-launch.py
[0.264s] -- Up-to-date symlink: /home/sparklab/sparklab/gnss-ros_ws/install/velodyne_pointcloud/share/velodyne_pointcloud/launch/velodyne_transform_node-VLP16-launch.py
[0.264s] -- Up-to-date symlink: /home/sparklab/sparklab/gnss-ros_ws/install/velodyne_pointcloud/share/velodyne_pointcloud/launch/velodyne_transform_node-VLP32C-composed-launch.py
[0.264s] -- Up-to-date symlink: /home/sparklab/sparklab/gnss-ros_ws/install/velodyne_pointcloud/share/velodyne_pointcloud/launch/velodyne_transform_node-VLP32C-launch.py
[0.264s] -- Up-to-date symlink: /home/sparklab/sparklab/gnss-ros_ws/install/velodyne_pointcloud/share/velodyne_pointcloud/launch/velodyne_transform_node-VLS128-composed-launch.py
[0.265s] -- Up-to-date symlink: /home/sparklab/sparklab/gnss-ros_ws/install/velodyne_pointcloud/share/velodyne_pointcloud/launch/velodyne_transform_node-VLS128-launch.py
[0.265s] -- Up-to-date symlink: /home/sparklab/sparklab/gnss-ros_ws/install/velodyne_pointcloud/share/velodyne_pointcloud/params/32db.yaml
[0.265s] -- Up-to-date symlink: /home/sparklab/sparklab/gnss-ros_ws/install/velodyne_pointcloud/share/velodyne_pointcloud/params/64e_s2.1-sztaki.yaml
[0.265s] -- Up-to-date symlink: /home/sparklab/sparklab/gnss-ros_ws/install/velodyne_pointcloud/share/velodyne_pointcloud/params/64e_s3-xiesc.yaml
[0.266s] -- Up-to-date symlink: /home/sparklab/sparklab/gnss-ros_ws/install/velodyne_pointcloud/share/velodyne_pointcloud/params/64e_utexas.yaml
[0.266s] -- Up-to-date symlink: /home/sparklab/sparklab/gnss-ros_ws/install/velodyne_pointcloud/share/velodyne_pointcloud/params/VLP16_hires_db.yaml
[0.266s] -- Up-to-date symlink: /home/sparklab/sparklab/gnss-ros_ws/install/velodyne_pointcloud/share/velodyne_pointcloud/params/VLP16db.yaml
[0.266s] -- Up-to-date symlink: /home/sparklab/sparklab/gnss-ros_ws/install/velodyne_pointcloud/share/velodyne_pointcloud/params/VLS128.yaml
[0.266s] -- Up-to-date symlink: /home/sparklab/sparklab/gnss-ros_ws/install/velodyne_pointcloud/share/velodyne_pointcloud/params/VeloView-VLP-32C.yaml
[0.267s] -- Up-to-date symlink: /home/sparklab/sparklab/gnss-ros_ws/install/velodyne_pointcloud/share/velodyne_pointcloud/params/issue_84_float_intensities.yaml
[0.267s] -- Up-to-date symlink: /home/sparklab/sparklab/gnss-ros_ws/install/velodyne_pointcloud/share/velodyne_pointcloud/params/rviz_points.vcg
[0.267s] -- Up-to-date symlink: /home/sparklab/sparklab/gnss-ros_ws/install/velodyne_pointcloud/share/velodyne_pointcloud/environment/library_path.sh
[0.267s] -- Up-to-date symlink: /home/sparklab/sparklab/gnss-ros_ws/install/velodyne_pointcloud/share/velodyne_pointcloud/environment/library_path.dsv
[0.268s] -- Up-to-date symlink: /home/sparklab/sparklab/gnss-ros_ws/install/velodyne_pointcloud/share/ament_index/resource_index/package_run_dependencies/velodyne_pointcloud
[0.268s] -- Up-to-date symlink: /home/sparklab/sparklab/gnss-ros_ws/install/velodyne_pointcloud/share/ament_index/resource_index/parent_prefix_path/velodyne_pointcloud
[0.268s] -- Up-to-date symlink: /home/sparklab/sparklab/gnss-ros_ws/install/velodyne_pointcloud/share/velodyne_pointcloud/environment/ament_prefix_path.sh
[0.268s] -- Up-to-date symlink: /home/sparklab/sparklab/gnss-ros_ws/install/velodyne_pointcloud/share/velodyne_pointcloud/environment/ament_prefix_path.dsv
[0.269s] -- Up-to-date symlink: /home/sparklab/sparklab/gnss-ros_ws/install/velodyne_pointcloud/share/velodyne_pointcloud/environment/path.sh
[0.269s] -- Up-to-date symlink: /home/sparklab/sparklab/gnss-ros_ws/install/velodyne_pointcloud/share/velodyne_pointcloud/environment/path.dsv
[0.269s] -- Up-to-date symlink: /home/sparklab/sparklab/gnss-ros_ws/install/velodyne_pointcloud/share/velodyne_pointcloud/local_setup.bash
[0.269s] -- Up-to-date symlink: /home/sparklab/sparklab/gnss-ros_ws/install/velodyne_pointcloud/share/velodyne_pointcloud/local_setup.sh
[0.270s] -- Up-to-date symlink: /home/sparklab/sparklab/gnss-ros_ws/install/velodyne_pointcloud/share/velodyne_pointcloud/local_setup.zsh
[0.270s] -- Up-to-date symlink: /home/sparklab/sparklab/gnss-ros_ws/install/velodyne_pointcloud/share/velodyne_pointcloud/local_setup.dsv
[0.270s] -- Symlinking: /home/sparklab/sparklab/gnss-ros_ws/install/velodyne_pointcloud/share/velodyne_pointcloud/package.dsv
[0.279s] -- Up-to-date symlink: /home/sparklab/sparklab/gnss-ros_ws/install/velodyne_pointcloud/share/ament_index/resource_index/packages/velodyne_pointcloud
[0.280s] -- Up-to-date symlink: /home/sparklab/sparklab/gnss-ros_ws/install/velodyne_pointcloud/share/ament_index/resource_index/rclcpp_components/velodyne_pointcloud
[0.280s] -- Up-to-date symlink: /home/sparklab/sparklab/gnss-ros_ws/install/velodyne_pointcloud/share/velodyne_pointcloud/cmake/ament_cmake_export_include_directories-extras.cmake
[0.280s] -- Up-to-date symlink: /home/sparklab/sparklab/gnss-ros_ws/install/velodyne_pointcloud/share/velodyne_pointcloud/cmake/ament_cmake_export_dependencies-extras.cmake
[0.280s] -- Up-to-date symlink: /home/sparklab/sparklab/gnss-ros_ws/install/velodyne_pointcloud/share/velodyne_pointcloud/cmake/ament_cmake_export_libraries-extras.cmake
[0.280s] -- Up-to-date symlink: /home/sparklab/sparklab/gnss-ros_ws/install/velodyne_pointcloud/share/velodyne_pointcloud/cmake/ament_cmake_export_targets-extras.cmake
[0.281s] -- Up-to-date symlink: /home/sparklab/sparklab/gnss-ros_ws/install/velodyne_pointcloud/share/velodyne_pointcloud/cmake/velodyne_pointcloudConfig.cmake
[0.281s] -- Up-to-date symlink: /home/sparklab/sparklab/gnss-ros_ws/install/velodyne_pointcloud/share/velodyne_pointcloud/cmake/velodyne_pointcloudConfig-version.cmake
[0.281s] -- Up-to-date symlink: /home/sparklab/sparklab/gnss-ros_ws/install/velodyne_pointcloud/share/velodyne_pointcloud/package.xml
[0.281s] -- Up-to-date: /home/sparklab/sparklab/gnss-ros_ws/install/velodyne_pointcloud/lib/libvelodyne_cloud_types.so
[0.282s] -- Up-to-date: /home/sparklab/sparklab/gnss-ros_ws/install/velodyne_pointcloud/lib/libvelodyne_rawdata.so
[0.282s] -- Up-to-date: /home/sparklab/sparklab/gnss-ros_ws/install/velodyne_pointcloud/lib/libtransform.so
[0.282s] -- Up-to-date: /home/sparklab/sparklab/gnss-ros_ws/install/velodyne_pointcloud/share/velodyne_pointcloud/cmake/velodyne_pointcloudExport.cmake
[0.282s] -- Up-to-date: /home/sparklab/sparklab/gnss-ros_ws/install/velodyne_pointcloud/share/velodyne_pointcloud/cmake/velodyne_pointcloudExport-noconfig.cmake
[0.287s] Invoked command in '/home/sparklab/sparklab/gnss-ros_ws/build/velodyne_pointcloud' returned '0': CMAKE_PREFIX_PATH=/home/sparklab/sparklab/gnss-ros_ws/install/velodyne_msgs:/home/sparklab/sparklab/gnss-ros_ws/install/velodyne:/home/sparklab/sparklab/gnss-ros_ws/install/velodyne_pointcloud:/home/sparklab/sparklab/gnss-ros_ws/install/velodyne_driver:/home/sparklab/sparklab/gnss-ros_ws/install/velodyne_laserscan:/home/sparklab/sparklab/gnss-ros_ws/install/realsense2_description:/home/sparklab/sparklab/gnss-ros_ws/install/realsense2_camera:/home/sparklab/sparklab/gnss-ros_ws/install/realsense2_camera_msgs:/opt/ros/humble LD_LIBRARY_PATH=/home/sparklab/sparklab/gnss-ros_ws/install/velodyne_msgs/lib:/home/sparklab/sparklab/gnss-ros_ws/install/velodyne_pointcloud/lib:/home/sparklab/sparklab/gnss-ros_ws/install/velodyne_driver/lib:/home/sparklab/sparklab/gnss-ros_ws/install/velodyne_laserscan/lib:/home/sparklab/sparklab/gnss-ros_ws/install/realsense2_camera/lib:/home/sparklab/sparklab/gnss-ros_ws/install/realsense2_camera_msgs/lib:/opt/ros/humble/opt/rviz_ogre_vendor/lib:/opt/ros/humble/lib/x86_64-linux-gnu:/opt/ros/humble/lib /usr/bin/cmake --install /home/sparklab/sparklab/gnss-ros_ws/build/velodyne_pointcloud
