[0.019s] Invoking command in '/home/sparklab/sparklab/gnss-ros_ws/build/realsense2_camera_msgs': CMAKE_PREFIX_PATH=${CMAKE_PREFIX_PATH}:/opt/ros/humble /usr/bin/cmake --build /home/sparklab/sparklab/gnss-ros_ws/build/realsense2_camera_msgs -- -j4 -l4
[0.105s] [  1%] Built target realsense2_camera_msgs__cpp
[0.124s] [ 12%] Built target realsense2_camera_msgs__rosidl_generator_c
[0.126s] [ 12%] Built target ament_cmake_python_symlink_realsense2_camera_msgs
[0.164s] [ 23%] Built target realsense2_camera_msgs__rosidl_typesupport_fastrtps_cpp
[0.171s] [ 34%] Built target realsense2_camera_msgs__rosidl_typesupport_cpp
[0.187s] [ 46%] Built target realsense2_camera_msgs__rosidl_typesupport_fastrtps_c
[0.200s] [ 57%] Built target realsense2_camera_msgs__rosidl_typesupport_introspection_cpp
[0.229s] [ 68%] Built target realsense2_camera_msgs__rosidl_typesupport_introspection_c
[0.235s] [ 79%] Built target realsense2_camera_msgs__rosidl_typesupport_c
[0.274s] [ 79%] Built target realsense2_camera_msgs
[0.333s] [ 80%] Built target realsense2_camera_msgs__py
[0.389s] [ 90%] Built target realsense2_camera_msgs__rosidl_generator_py
[0.485s] running egg_info
[0.486s] writing realsense2_camera_msgs.egg-info/PKG-INFO
[0.486s] writing dependency_links to realsense2_camera_msgs.egg-info/dependency_links.txt
[0.487s] writing top-level names to realsense2_camera_msgs.egg-info/top_level.txt
[0.490s] reading manifest file 'realsense2_camera_msgs.egg-info/SOURCES.txt'
[0.491s] writing manifest file 'realsense2_camera_msgs.egg-info/SOURCES.txt'
[0.495s] [ 93%] Built target realsense2_camera_msgs__rosidl_typesupport_fastrtps_c__pyext
[0.510s] [ 96%] Built target realsense2_camera_msgs__rosidl_typesupport_c__pyext
[0.519s] [100%] Built target realsense2_camera_msgs__rosidl_typesupport_introspection_c__pyext
[0.531s] [100%] Built target ament_cmake_python_build_realsense2_camera_msgs_egg
[0.613s] Invoked command in '/home/sparklab/sparklab/gnss-ros_ws/build/realsense2_camera_msgs' returned '0': CMAKE_PREFIX_PATH=${CMAKE_PREFIX_PATH}:/opt/ros/humble /usr/bin/cmake --build /home/sparklab/sparklab/gnss-ros_ws/build/realsense2_camera_msgs -- -j4 -l4
[0.614s] Invoking command in '/home/sparklab/sparklab/gnss-ros_ws/build/realsense2_camera_msgs': CMAKE_PREFIX_PATH=${CMAKE_PREFIX_PATH}:/opt/ros/humble /usr/bin/cmake --install /home/sparklab/sparklab/gnss-ros_ws/build/realsense2_camera_msgs
[0.623s] -- Install configuration: ""
[0.623s] -- Execute custom install script
[0.623s] -- Up-to-date symlink: /home/sparklab/sparklab/gnss-ros_ws/install/realsense2_camera_msgs/share/ament_index/resource_index/rosidl_interfaces/realsense2_camera_msgs
[0.624s] -- Up-to-date symlink: /home/sparklab/sparklab/gnss-ros_ws/install/realsense2_camera_msgs/include/realsense2_camera_msgs/realsense2_camera_msgs/msg/detail/extrinsics__functions.h
[0.625s] -- Up-to-date symlink: /home/sparklab/sparklab/gnss-ros_ws/install/realsense2_camera_msgs/include/realsense2_camera_msgs/realsense2_camera_msgs/msg/detail/extrinsics__struct.h
[0.625s] -- Up-to-date symlink: /home/sparklab/sparklab/gnss-ros_ws/install/realsense2_camera_msgs/include/realsense2_camera_msgs/realsense2_camera_msgs/msg/detail/extrinsics__type_support.h
[0.625s] -- Up-to-date symlink: /home/sparklab/sparklab/gnss-ros_ws/install/realsense2_camera_msgs/include/realsense2_camera_msgs/realsense2_camera_msgs/msg/detail/imu_info__functions.h
[0.625s] -- Up-to-date symlink: /home/sparklab/sparklab/gnss-ros_ws/install/realsense2_camera_msgs/include/realsense2_camera_msgs/realsense2_camera_msgs/msg/detail/imu_info__struct.h
[0.625s] -- Up-to-date symlink: /home/sparklab/sparklab/gnss-ros_ws/install/realsense2_camera_msgs/include/realsense2_camera_msgs/realsense2_camera_msgs/msg/detail/imu_info__type_support.h
[0.625s] -- Up-to-date symlink: /home/sparklab/sparklab/gnss-ros_ws/install/realsense2_camera_msgs/include/realsense2_camera_msgs/realsense2_camera_msgs/msg/detail/metadata__functions.h
[0.625s] -- Up-to-date symlink: /home/sparklab/sparklab/gnss-ros_ws/install/realsense2_camera_msgs/include/realsense2_camera_msgs/realsense2_camera_msgs/msg/detail/metadata__struct.h
[0.625s] -- Up-to-date symlink: /home/sparklab/sparklab/gnss-ros_ws/install/realsense2_camera_msgs/include/realsense2_camera_msgs/realsense2_camera_msgs/msg/detail/metadata__type_support.h
[0.625s] -- Up-to-date symlink: /home/sparklab/sparklab/gnss-ros_ws/install/realsense2_camera_msgs/include/realsense2_camera_msgs/realsense2_camera_msgs/msg/detail/rgbd__functions.h
[0.625s] -- Up-to-date symlink: /home/sparklab/sparklab/gnss-ros_ws/install/realsense2_camera_msgs/include/realsense2_camera_msgs/realsense2_camera_msgs/msg/detail/rgbd__struct.h
[0.626s] -- Up-to-date symlink: /home/sparklab/sparklab/gnss-ros_ws/install/realsense2_camera_msgs/include/realsense2_camera_msgs/realsense2_camera_msgs/msg/detail/rgbd__type_support.h
[0.626s] -- Up-to-date symlink: /home/sparklab/sparklab/gnss-ros_ws/install/realsense2_camera_msgs/include/realsense2_camera_msgs/realsense2_camera_msgs/msg/extrinsics.h
[0.626s] -- Up-to-date symlink: /home/sparklab/sparklab/gnss-ros_ws/install/realsense2_camera_msgs/include/realsense2_camera_msgs/realsense2_camera_msgs/msg/imu_info.h
[0.626s] -- Up-to-date symlink: /home/sparklab/sparklab/gnss-ros_ws/install/realsense2_camera_msgs/include/realsense2_camera_msgs/realsense2_camera_msgs/msg/metadata.h
[0.626s] -- Up-to-date symlink: /home/sparklab/sparklab/gnss-ros_ws/install/realsense2_camera_msgs/include/realsense2_camera_msgs/realsense2_camera_msgs/msg/rgbd.h
[0.626s] -- Up-to-date symlink: /home/sparklab/sparklab/gnss-ros_ws/install/realsense2_camera_msgs/include/realsense2_camera_msgs/realsense2_camera_msgs/msg/rosidl_generator_c__visibility_control.h
[0.626s] -- Up-to-date symlink: /home/sparklab/sparklab/gnss-ros_ws/install/realsense2_camera_msgs/include/realsense2_camera_msgs/realsense2_camera_msgs/srv/detail/device_info__functions.h
[0.627s] -- Up-to-date symlink: /home/sparklab/sparklab/gnss-ros_ws/install/realsense2_camera_msgs/include/realsense2_camera_msgs/realsense2_camera_msgs/srv/detail/device_info__struct.h
[0.627s] -- Up-to-date symlink: /home/sparklab/sparklab/gnss-ros_ws/install/realsense2_camera_msgs/include/realsense2_camera_msgs/realsense2_camera_msgs/srv/detail/device_info__type_support.h
[0.627s] -- Up-to-date symlink: /home/sparklab/sparklab/gnss-ros_ws/install/realsense2_camera_msgs/include/realsense2_camera_msgs/realsense2_camera_msgs/srv/device_info.h
[0.627s] -- Up-to-date symlink: /home/sparklab/sparklab/gnss-ros_ws/install/realsense2_camera_msgs/share/realsense2_camera_msgs/environment/library_path.sh
[0.627s] -- Up-to-date symlink: /home/sparklab/sparklab/gnss-ros_ws/install/realsense2_camera_msgs/share/realsense2_camera_msgs/environment/library_path.dsv
[0.628s] -- Up-to-date symlink: /home/sparklab/sparklab/gnss-ros_ws/install/realsense2_camera_msgs/include/realsense2_camera_msgs/realsense2_camera_msgs/msg/detail/extrinsics__rosidl_typesupport_fastrtps_c.h
[0.628s] -- Up-to-date symlink: /home/sparklab/sparklab/gnss-ros_ws/install/realsense2_camera_msgs/include/realsense2_camera_msgs/realsense2_camera_msgs/msg/detail/imu_info__rosidl_typesupport_fastrtps_c.h
[0.628s] -- Up-to-date symlink: /home/sparklab/sparklab/gnss-ros_ws/install/realsense2_camera_msgs/include/realsense2_camera_msgs/realsense2_camera_msgs/msg/detail/metadata__rosidl_typesupport_fastrtps_c.h
[0.628s] -- Up-to-date symlink: /home/sparklab/sparklab/gnss-ros_ws/install/realsense2_camera_msgs/include/realsense2_camera_msgs/realsense2_camera_msgs/msg/detail/rgbd__rosidl_typesupport_fastrtps_c.h
[0.629s] -- Up-to-date symlink: /home/sparklab/sparklab/gnss-ros_ws/install/realsense2_camera_msgs/include/realsense2_camera_msgs/realsense2_camera_msgs/msg/rosidl_typesupport_fastrtps_c__visibility_control.h
[0.629s] -- Up-to-date symlink: /home/sparklab/sparklab/gnss-ros_ws/install/realsense2_camera_msgs/include/realsense2_camera_msgs/realsense2_camera_msgs/srv/detail/device_info__rosidl_typesupport_fastrtps_c.h
[0.629s] -- Up-to-date symlink: /home/sparklab/sparklab/gnss-ros_ws/install/realsense2_camera_msgs/include/realsense2_camera_msgs/realsense2_camera_msgs/msg/detail/extrinsics__rosidl_typesupport_introspection_c.h
[0.629s] -- Up-to-date symlink: /home/sparklab/sparklab/gnss-ros_ws/install/realsense2_camera_msgs/include/realsense2_camera_msgs/realsense2_camera_msgs/msg/detail/imu_info__rosidl_typesupport_introspection_c.h
[0.630s] -- Up-to-date symlink: /home/sparklab/sparklab/gnss-ros_ws/install/realsense2_camera_msgs/include/realsense2_camera_msgs/realsense2_camera_msgs/msg/detail/metadata__rosidl_typesupport_introspection_c.h
[0.630s] -- Up-to-date symlink: /home/sparklab/sparklab/gnss-ros_ws/install/realsense2_camera_msgs/include/realsense2_camera_msgs/realsense2_camera_msgs/msg/detail/rgbd__rosidl_typesupport_introspection_c.h
[0.630s] -- Up-to-date symlink: /home/sparklab/sparklab/gnss-ros_ws/install/realsense2_camera_msgs/include/realsense2_camera_msgs/realsense2_camera_msgs/msg/rosidl_typesupport_introspection_c__visibility_control.h
[0.630s] -- Up-to-date symlink: /home/sparklab/sparklab/gnss-ros_ws/install/realsense2_camera_msgs/include/realsense2_camera_msgs/realsense2_camera_msgs/srv/detail/device_info__rosidl_typesupport_introspection_c.h
[0.631s] -- Up-to-date symlink: /home/sparklab/sparklab/gnss-ros_ws/install/realsense2_camera_msgs/include/realsense2_camera_msgs/realsense2_camera_msgs/msg/detail/extrinsics__builder.hpp
[0.631s] -- Up-to-date symlink: /home/sparklab/sparklab/gnss-ros_ws/install/realsense2_camera_msgs/include/realsense2_camera_msgs/realsense2_camera_msgs/msg/detail/extrinsics__struct.hpp
[0.631s] -- Up-to-date symlink: /home/sparklab/sparklab/gnss-ros_ws/install/realsense2_camera_msgs/include/realsense2_camera_msgs/realsense2_camera_msgs/msg/detail/extrinsics__traits.hpp
[0.631s] -- Up-to-date symlink: /home/sparklab/sparklab/gnss-ros_ws/install/realsense2_camera_msgs/include/realsense2_camera_msgs/realsense2_camera_msgs/msg/detail/extrinsics__type_support.hpp
[0.631s] -- Up-to-date symlink: /home/sparklab/sparklab/gnss-ros_ws/install/realsense2_camera_msgs/include/realsense2_camera_msgs/realsense2_camera_msgs/msg/detail/imu_info__builder.hpp
[0.631s] -- Up-to-date symlink: /home/sparklab/sparklab/gnss-ros_ws/install/realsense2_camera_msgs/include/realsense2_camera_msgs/realsense2_camera_msgs/msg/detail/imu_info__struct.hpp
[0.632s] -- Up-to-date symlink: /home/sparklab/sparklab/gnss-ros_ws/install/realsense2_camera_msgs/include/realsense2_camera_msgs/realsense2_camera_msgs/msg/detail/imu_info__traits.hpp
[0.632s] -- Up-to-date symlink: /home/sparklab/sparklab/gnss-ros_ws/install/realsense2_camera_msgs/include/realsense2_camera_msgs/realsense2_camera_msgs/msg/detail/imu_info__type_support.hpp
[0.632s] -- Up-to-date symlink: /home/sparklab/sparklab/gnss-ros_ws/install/realsense2_camera_msgs/include/realsense2_camera_msgs/realsense2_camera_msgs/msg/detail/metadata__builder.hpp
[0.632s] -- Up-to-date symlink: /home/sparklab/sparklab/gnss-ros_ws/install/realsense2_camera_msgs/include/realsense2_camera_msgs/realsense2_camera_msgs/msg/detail/metadata__struct.hpp
[0.632s] -- Up-to-date symlink: /home/sparklab/sparklab/gnss-ros_ws/install/realsense2_camera_msgs/include/realsense2_camera_msgs/realsense2_camera_msgs/msg/detail/metadata__traits.hpp
[0.633s] -- Up-to-date symlink: /home/sparklab/sparklab/gnss-ros_ws/install/realsense2_camera_msgs/include/realsense2_camera_msgs/realsense2_camera_msgs/msg/detail/metadata__type_support.hpp
[0.633s] -- Up-to-date symlink: /home/sparklab/sparklab/gnss-ros_ws/install/realsense2_camera_msgs/include/realsense2_camera_msgs/realsense2_camera_msgs/msg/detail/rgbd__builder.hpp
[0.633s] -- Up-to-date symlink: /home/sparklab/sparklab/gnss-ros_ws/install/realsense2_camera_msgs/include/realsense2_camera_msgs/realsense2_camera_msgs/msg/detail/rgbd__struct.hpp
[0.633s] -- Up-to-date symlink: /home/sparklab/sparklab/gnss-ros_ws/install/realsense2_camera_msgs/include/realsense2_camera_msgs/realsense2_camera_msgs/msg/detail/rgbd__traits.hpp
[0.633s] -- Up-to-date symlink: /home/sparklab/sparklab/gnss-ros_ws/install/realsense2_camera_msgs/include/realsense2_camera_msgs/realsense2_camera_msgs/msg/detail/rgbd__type_support.hpp
[0.633s] -- Up-to-date symlink: /home/sparklab/sparklab/gnss-ros_ws/install/realsense2_camera_msgs/include/realsense2_camera_msgs/realsense2_camera_msgs/msg/extrinsics.hpp
[0.634s] -- Up-to-date symlink: /home/sparklab/sparklab/gnss-ros_ws/install/realsense2_camera_msgs/include/realsense2_camera_msgs/realsense2_camera_msgs/msg/imu_info.hpp
[0.634s] -- Up-to-date symlink: /home/sparklab/sparklab/gnss-ros_ws/install/realsense2_camera_msgs/include/realsense2_camera_msgs/realsense2_camera_msgs/msg/metadata.hpp
[0.634s] -- Up-to-date symlink: /home/sparklab/sparklab/gnss-ros_ws/install/realsense2_camera_msgs/include/realsense2_camera_msgs/realsense2_camera_msgs/msg/rgbd.hpp
[0.634s] -- Up-to-date symlink: /home/sparklab/sparklab/gnss-ros_ws/install/realsense2_camera_msgs/include/realsense2_camera_msgs/realsense2_camera_msgs/msg/rosidl_generator_cpp__visibility_control.hpp
[0.634s] -- Up-to-date symlink: /home/sparklab/sparklab/gnss-ros_ws/install/realsense2_camera_msgs/include/realsense2_camera_msgs/realsense2_camera_msgs/srv/detail/device_info__builder.hpp
[0.635s] -- Up-to-date symlink: /home/sparklab/sparklab/gnss-ros_ws/install/realsense2_camera_msgs/include/realsense2_camera_msgs/realsense2_camera_msgs/srv/detail/device_info__struct.hpp
[0.635s] -- Up-to-date symlink: /home/sparklab/sparklab/gnss-ros_ws/install/realsense2_camera_msgs/include/realsense2_camera_msgs/realsense2_camera_msgs/srv/detail/device_info__traits.hpp
[0.635s] -- Up-to-date symlink: /home/sparklab/sparklab/gnss-ros_ws/install/realsense2_camera_msgs/include/realsense2_camera_msgs/realsense2_camera_msgs/srv/detail/device_info__type_support.hpp
[0.635s] -- Up-to-date symlink: /home/sparklab/sparklab/gnss-ros_ws/install/realsense2_camera_msgs/include/realsense2_camera_msgs/realsense2_camera_msgs/srv/device_info.hpp
[0.636s] -- Up-to-date symlink: /home/sparklab/sparklab/gnss-ros_ws/install/realsense2_camera_msgs/include/realsense2_camera_msgs/realsense2_camera_msgs/msg/detail/extrinsics__rosidl_typesupport_fastrtps_cpp.hpp
[0.636s] -- Up-to-date symlink: /home/sparklab/sparklab/gnss-ros_ws/install/realsense2_camera_msgs/include/realsense2_camera_msgs/realsense2_camera_msgs/msg/detail/imu_info__rosidl_typesupport_fastrtps_cpp.hpp
[0.636s] -- Up-to-date symlink: /home/sparklab/sparklab/gnss-ros_ws/install/realsense2_camera_msgs/include/realsense2_camera_msgs/realsense2_camera_msgs/msg/detail/metadata__rosidl_typesupport_fastrtps_cpp.hpp
[0.636s] -- Up-to-date symlink: /home/sparklab/sparklab/gnss-ros_ws/install/realsense2_camera_msgs/include/realsense2_camera_msgs/realsense2_camera_msgs/msg/detail/rgbd__rosidl_typesupport_fastrtps_cpp.hpp
[0.636s] -- Up-to-date symlink: /home/sparklab/sparklab/gnss-ros_ws/install/realsense2_camera_msgs/include/realsense2_camera_msgs/realsense2_camera_msgs/msg/rosidl_typesupport_fastrtps_cpp__visibility_control.h
[0.637s] -- Up-to-date symlink: /home/sparklab/sparklab/gnss-ros_ws/install/realsense2_camera_msgs/include/realsense2_camera_msgs/realsense2_camera_msgs/srv/detail/device_info__rosidl_typesupport_fastrtps_cpp.hpp
[0.637s] -- Up-to-date symlink: /home/sparklab/sparklab/gnss-ros_ws/install/realsense2_camera_msgs/include/realsense2_camera_msgs/realsense2_camera_msgs/msg/detail/extrinsics__rosidl_typesupport_introspection_cpp.hpp
[0.637s] -- Up-to-date symlink: /home/sparklab/sparklab/gnss-ros_ws/install/realsense2_camera_msgs/include/realsense2_camera_msgs/realsense2_camera_msgs/msg/detail/imu_info__rosidl_typesupport_introspection_cpp.hpp
[0.637s] -- Up-to-date symlink: /home/sparklab/sparklab/gnss-ros_ws/install/realsense2_camera_msgs/include/realsense2_camera_msgs/realsense2_camera_msgs/msg/detail/metadata__rosidl_typesupport_introspection_cpp.hpp
[0.638s] -- Up-to-date symlink: /home/sparklab/sparklab/gnss-ros_ws/install/realsense2_camera_msgs/include/realsense2_camera_msgs/realsense2_camera_msgs/msg/detail/rgbd__rosidl_typesupport_introspection_cpp.hpp
[0.638s] -- Up-to-date symlink: /home/sparklab/sparklab/gnss-ros_ws/install/realsense2_camera_msgs/include/realsense2_camera_msgs/realsense2_camera_msgs/srv/detail/device_info__rosidl_typesupport_introspection_cpp.hpp
[0.638s] -- Up-to-date symlink: /home/sparklab/sparklab/gnss-ros_ws/install/realsense2_camera_msgs/share/realsense2_camera_msgs/environment/pythonpath.sh
[0.638s] -- Up-to-date symlink: /home/sparklab/sparklab/gnss-ros_ws/install/realsense2_camera_msgs/share/realsense2_camera_msgs/environment/pythonpath.dsv
[0.639s] -- Up-to-date symlink: /home/sparklab/sparklab/gnss-ros_ws/install/realsense2_camera_msgs/local/lib/python3.10/dist-packages/realsense2_camera_msgs-4.55.1-py3.10.egg-info/PKG-INFO
[0.639s] -- Up-to-date symlink: /home/sparklab/sparklab/gnss-ros_ws/install/realsense2_camera_msgs/local/lib/python3.10/dist-packages/realsense2_camera_msgs-4.55.1-py3.10.egg-info/SOURCES.txt
[0.639s] -- Up-to-date symlink: /home/sparklab/sparklab/gnss-ros_ws/install/realsense2_camera_msgs/local/lib/python3.10/dist-packages/realsense2_camera_msgs-4.55.1-py3.10.egg-info/dependency_links.txt
[0.639s] -- Up-to-date symlink: /home/sparklab/sparklab/gnss-ros_ws/install/realsense2_camera_msgs/local/lib/python3.10/dist-packages/realsense2_camera_msgs-4.55.1-py3.10.egg-info/top_level.txt
[0.640s] -- Up-to-date symlink: /home/sparklab/sparklab/gnss-ros_ws/install/realsense2_camera_msgs/local/lib/python3.10/dist-packages/realsense2_camera_msgs/__init__.py
[0.640s] -- Up-to-date symlink: /home/sparklab/sparklab/gnss-ros_ws/install/realsense2_camera_msgs/local/lib/python3.10/dist-packages/realsense2_camera_msgs/_realsense2_camera_msgs_s.ep.rosidl_typesupport_c.c
[0.640s] -- Up-to-date symlink: /home/sparklab/sparklab/gnss-ros_ws/install/realsense2_camera_msgs/local/lib/python3.10/dist-packages/realsense2_camera_msgs/_realsense2_camera_msgs_s.ep.rosidl_typesupport_fastrtps_c.c
[0.640s] -- Up-to-date symlink: /home/sparklab/sparklab/gnss-ros_ws/install/realsense2_camera_msgs/local/lib/python3.10/dist-packages/realsense2_camera_msgs/_realsense2_camera_msgs_s.ep.rosidl_typesupport_introspection_c.c
[0.641s] -- Up-to-date symlink: /home/sparklab/sparklab/gnss-ros_ws/install/realsense2_camera_msgs/local/lib/python3.10/dist-packages/realsense2_camera_msgs/librealsense2_camera_msgs__rosidl_generator_py.so
[0.641s] -- Up-to-date symlink: /home/sparklab/sparklab/gnss-ros_ws/install/realsense2_camera_msgs/local/lib/python3.10/dist-packages/realsense2_camera_msgs/msg/__init__.py
[0.641s] -- Up-to-date symlink: /home/sparklab/sparklab/gnss-ros_ws/install/realsense2_camera_msgs/local/lib/python3.10/dist-packages/realsense2_camera_msgs/msg/_extrinsics.py
[0.641s] -- Up-to-date symlink: /home/sparklab/sparklab/gnss-ros_ws/install/realsense2_camera_msgs/local/lib/python3.10/dist-packages/realsense2_camera_msgs/msg/_extrinsics_s.c
[0.641s] -- Up-to-date symlink: /home/sparklab/sparklab/gnss-ros_ws/install/realsense2_camera_msgs/local/lib/python3.10/dist-packages/realsense2_camera_msgs/msg/_imu_info.py
[0.641s] -- Up-to-date symlink: /home/sparklab/sparklab/gnss-ros_ws/install/realsense2_camera_msgs/local/lib/python3.10/dist-packages/realsense2_camera_msgs/msg/_imu_info_s.c
[0.641s] -- Up-to-date symlink: /home/sparklab/sparklab/gnss-ros_ws/install/realsense2_camera_msgs/local/lib/python3.10/dist-packages/realsense2_camera_msgs/msg/_metadata.py
[0.642s] -- Up-to-date symlink: /home/sparklab/sparklab/gnss-ros_ws/install/realsense2_camera_msgs/local/lib/python3.10/dist-packages/realsense2_camera_msgs/msg/_metadata_s.c
[0.642s] -- Up-to-date symlink: /home/sparklab/sparklab/gnss-ros_ws/install/realsense2_camera_msgs/local/lib/python3.10/dist-packages/realsense2_camera_msgs/msg/_rgbd.py
[0.642s] -- Up-to-date symlink: /home/sparklab/sparklab/gnss-ros_ws/install/realsense2_camera_msgs/local/lib/python3.10/dist-packages/realsense2_camera_msgs/msg/_rgbd_s.c
[0.642s] -- Up-to-date symlink: /home/sparklab/sparklab/gnss-ros_ws/install/realsense2_camera_msgs/local/lib/python3.10/dist-packages/realsense2_camera_msgs/realsense2_camera_msgs_s__rosidl_typesupport_c.cpython-310-x86_64-linux-gnu.so
[0.642s] -- Up-to-date symlink: /home/sparklab/sparklab/gnss-ros_ws/install/realsense2_camera_msgs/local/lib/python3.10/dist-packages/realsense2_camera_msgs/realsense2_camera_msgs_s__rosidl_typesupport_fastrtps_c.cpython-310-x86_64-linux-gnu.so
[0.642s] -- Up-to-date symlink: /home/sparklab/sparklab/gnss-ros_ws/install/realsense2_camera_msgs/local/lib/python3.10/dist-packages/realsense2_camera_msgs/realsense2_camera_msgs_s__rosidl_typesupport_introspection_c.cpython-310-x86_64-linux-gnu.so
[0.643s] -- Up-to-date symlink: /home/sparklab/sparklab/gnss-ros_ws/install/realsense2_camera_msgs/local/lib/python3.10/dist-packages/realsense2_camera_msgs/srv/__init__.py
[0.643s] -- Up-to-date symlink: /home/sparklab/sparklab/gnss-ros_ws/install/realsense2_camera_msgs/local/lib/python3.10/dist-packages/realsense2_camera_msgs/srv/_device_info.py
[0.643s] -- Up-to-date symlink: /home/sparklab/sparklab/gnss-ros_ws/install/realsense2_camera_msgs/local/lib/python3.10/dist-packages/realsense2_camera_msgs/srv/_device_info_s.c
[0.643s] -- Up-to-date symlink: /home/sparklab/sparklab/gnss-ros_ws/install/realsense2_camera_msgs/local/lib/python3.10/dist-packages/realsense2_camera_msgs/realsense2_camera_msgs_s__rosidl_typesupport_fastrtps_c.cpython-310-x86_64-linux-gnu.so
[0.643s] -- Up-to-date symlink: /home/sparklab/sparklab/gnss-ros_ws/install/realsense2_camera_msgs/local/lib/python3.10/dist-packages/realsense2_camera_msgs/realsense2_camera_msgs_s__rosidl_typesupport_introspection_c.cpython-310-x86_64-linux-gnu.so
[0.644s] -- Up-to-date symlink: /home/sparklab/sparklab/gnss-ros_ws/install/realsense2_camera_msgs/local/lib/python3.10/dist-packages/realsense2_camera_msgs/realsense2_camera_msgs_s__rosidl_typesupport_c.cpython-310-x86_64-linux-gnu.so
[0.644s] -- Up-to-date symlink: /home/sparklab/sparklab/gnss-ros_ws/install/realsense2_camera_msgs/share/realsense2_camera_msgs/msg/IMUInfo.idl
[0.644s] -- Up-to-date symlink: /home/sparklab/sparklab/gnss-ros_ws/install/realsense2_camera_msgs/share/realsense2_camera_msgs/msg/Extrinsics.idl
[0.644s] -- Up-to-date symlink: /home/sparklab/sparklab/gnss-ros_ws/install/realsense2_camera_msgs/share/realsense2_camera_msgs/msg/Metadata.idl
[0.645s] -- Up-to-date symlink: /home/sparklab/sparklab/gnss-ros_ws/install/realsense2_camera_msgs/share/realsense2_camera_msgs/msg/RGBD.idl
[0.645s] -- Up-to-date symlink: /home/sparklab/sparklab/gnss-ros_ws/install/realsense2_camera_msgs/share/realsense2_camera_msgs/srv/DeviceInfo.idl
[0.645s] -- Up-to-date symlink: /home/sparklab/sparklab/gnss-ros_ws/install/realsense2_camera_msgs/share/realsense2_camera_msgs/msg/IMUInfo.msg
[0.654s] -- Up-to-date symlink: /home/sparklab/sparklab/gnss-ros_ws/install/realsense2_camera_msgs/share/realsense2_camera_msgs/msg/Extrinsics.msg
[0.654s] -- Up-to-date symlink: /home/sparklab/sparklab/gnss-ros_ws/install/realsense2_camera_msgs/share/realsense2_camera_msgs/msg/Metadata.msg
[0.654s] -- Up-to-date symlink: /home/sparklab/sparklab/gnss-ros_ws/install/realsense2_camera_msgs/share/realsense2_camera_msgs/msg/RGBD.msg
[0.654s] -- Up-to-date symlink: /home/sparklab/sparklab/gnss-ros_ws/install/realsense2_camera_msgs/share/realsense2_camera_msgs/srv/DeviceInfo.srv
[0.654s] -- Up-to-date symlink: /home/sparklab/sparklab/gnss-ros_ws/install/realsense2_camera_msgs/share/realsense2_camera_msgs/srv/DeviceInfo_Request.msg
[0.654s] -- Up-to-date symlink: /home/sparklab/sparklab/gnss-ros_ws/install/realsense2_camera_msgs/share/realsense2_camera_msgs/srv/DeviceInfo_Response.msg
[0.654s] -- Up-to-date symlink: /home/sparklab/sparklab/gnss-ros_ws/install/realsense2_camera_msgs/share/ament_index/resource_index/package_run_dependencies/realsense2_camera_msgs
[0.654s] -- Up-to-date symlink: /home/sparklab/sparklab/gnss-ros_ws/install/realsense2_camera_msgs/share/ament_index/resource_index/parent_prefix_path/realsense2_camera_msgs
[0.654s] -- Up-to-date symlink: /home/sparklab/sparklab/gnss-ros_ws/install/realsense2_camera_msgs/share/realsense2_camera_msgs/environment/ament_prefix_path.sh
[0.654s] -- Up-to-date symlink: /home/sparklab/sparklab/gnss-ros_ws/install/realsense2_camera_msgs/share/realsense2_camera_msgs/environment/ament_prefix_path.dsv
[0.655s] -- Up-to-date symlink: /home/sparklab/sparklab/gnss-ros_ws/install/realsense2_camera_msgs/share/realsense2_camera_msgs/environment/path.sh
[0.655s] -- Up-to-date symlink: /home/sparklab/sparklab/gnss-ros_ws/install/realsense2_camera_msgs/share/realsense2_camera_msgs/environment/path.dsv
[0.655s] -- Up-to-date symlink: /home/sparklab/sparklab/gnss-ros_ws/install/realsense2_camera_msgs/share/realsense2_camera_msgs/local_setup.bash
[0.655s] -- Up-to-date symlink: /home/sparklab/sparklab/gnss-ros_ws/install/realsense2_camera_msgs/share/realsense2_camera_msgs/local_setup.sh
[0.655s] -- Up-to-date symlink: /home/sparklab/sparklab/gnss-ros_ws/install/realsense2_camera_msgs/share/realsense2_camera_msgs/local_setup.zsh
[0.655s] -- Up-to-date symlink: /home/sparklab/sparklab/gnss-ros_ws/install/realsense2_camera_msgs/share/realsense2_camera_msgs/local_setup.dsv
[0.655s] -- Symlinking: /home/sparklab/sparklab/gnss-ros_ws/install/realsense2_camera_msgs/share/realsense2_camera_msgs/package.dsv
[0.658s] -- Up-to-date symlink: /home/sparklab/sparklab/gnss-ros_ws/install/realsense2_camera_msgs/share/ament_index/resource_index/packages/realsense2_camera_msgs
[0.663s] -- Up-to-date symlink: /home/sparklab/sparklab/gnss-ros_ws/install/realsense2_camera_msgs/share/realsense2_camera_msgs/cmake/rosidl_cmake-extras.cmake
[0.663s] -- Up-to-date symlink: /home/sparklab/sparklab/gnss-ros_ws/install/realsense2_camera_msgs/share/realsense2_camera_msgs/cmake/ament_cmake_export_dependencies-extras.cmake
[0.663s] -- Up-to-date symlink: /home/sparklab/sparklab/gnss-ros_ws/install/realsense2_camera_msgs/share/realsense2_camera_msgs/cmake/ament_cmake_export_include_directories-extras.cmake
[0.663s] -- Up-to-date symlink: /home/sparklab/sparklab/gnss-ros_ws/install/realsense2_camera_msgs/share/realsense2_camera_msgs/cmake/ament_cmake_export_libraries-extras.cmake
[0.664s] -- Up-to-date symlink: /home/sparklab/sparklab/gnss-ros_ws/install/realsense2_camera_msgs/share/realsense2_camera_msgs/cmake/ament_cmake_export_targets-extras.cmake
[0.664s] -- Up-to-date symlink: /home/sparklab/sparklab/gnss-ros_ws/install/realsense2_camera_msgs/share/realsense2_camera_msgs/cmake/rosidl_cmake_export_typesupport_targets-extras.cmake
[0.664s] -- Up-to-date symlink: /home/sparklab/sparklab/gnss-ros_ws/install/realsense2_camera_msgs/share/realsense2_camera_msgs/cmake/rosidl_cmake_export_typesupport_libraries-extras.cmake
[0.664s] -- Up-to-date symlink: /home/sparklab/sparklab/gnss-ros_ws/install/realsense2_camera_msgs/share/realsense2_camera_msgs/cmake/realsense2_camera_msgsConfig.cmake
[0.664s] -- Up-to-date symlink: /home/sparklab/sparklab/gnss-ros_ws/install/realsense2_camera_msgs/share/realsense2_camera_msgs/cmake/realsense2_camera_msgsConfig-version.cmake
[0.664s] -- Up-to-date symlink: /home/sparklab/sparklab/gnss-ros_ws/install/realsense2_camera_msgs/share/realsense2_camera_msgs/package.xml
[0.664s] -- Up-to-date: /home/sparklab/sparklab/gnss-ros_ws/install/realsense2_camera_msgs/lib/librealsense2_camera_msgs__rosidl_generator_c.so
[0.664s] -- Up-to-date: /home/sparklab/sparklab/gnss-ros_ws/install/realsense2_camera_msgs/lib/librealsense2_camera_msgs__rosidl_typesupport_fastrtps_c.so
[0.664s] -- Up-to-date: /home/sparklab/sparklab/gnss-ros_ws/install/realsense2_camera_msgs/lib/librealsense2_camera_msgs__rosidl_typesupport_introspection_c.so
[0.664s] -- Up-to-date: /home/sparklab/sparklab/gnss-ros_ws/install/realsense2_camera_msgs/lib/librealsense2_camera_msgs__rosidl_typesupport_c.so
[0.664s] -- Up-to-date: /home/sparklab/sparklab/gnss-ros_ws/install/realsense2_camera_msgs/lib/librealsense2_camera_msgs__rosidl_typesupport_fastrtps_cpp.so
[0.664s] -- Up-to-date: /home/sparklab/sparklab/gnss-ros_ws/install/realsense2_camera_msgs/lib/librealsense2_camera_msgs__rosidl_typesupport_introspection_cpp.so
[0.664s] -- Up-to-date: /home/sparklab/sparklab/gnss-ros_ws/install/realsense2_camera_msgs/lib/librealsense2_camera_msgs__rosidl_typesupport_cpp.so
[0.697s] Listing '/home/sparklab/sparklab/gnss-ros_ws/install/realsense2_camera_msgs/local/lib/python3.10/dist-packages/realsense2_camera_msgs'...
[0.697s] Listing '/home/sparklab/sparklab/gnss-ros_ws/install/realsense2_camera_msgs/local/lib/python3.10/dist-packages/realsense2_camera_msgs/msg'...
[0.697s] Listing '/home/sparklab/sparklab/gnss-ros_ws/install/realsense2_camera_msgs/local/lib/python3.10/dist-packages/realsense2_camera_msgs/srv'...
[0.703s] -- Up-to-date: /home/sparklab/sparklab/gnss-ros_ws/install/realsense2_camera_msgs/lib/librealsense2_camera_msgs__rosidl_generator_py.so
[0.707s] -- Up-to-date: /home/sparklab/sparklab/gnss-ros_ws/install/realsense2_camera_msgs/share/realsense2_camera_msgs/cmake/export_realsense2_camera_msgs__rosidl_generator_cExport.cmake
[0.707s] -- Up-to-date: /home/sparklab/sparklab/gnss-ros_ws/install/realsense2_camera_msgs/share/realsense2_camera_msgs/cmake/export_realsense2_camera_msgs__rosidl_generator_cExport-noconfig.cmake
[0.708s] -- Up-to-date: /home/sparklab/sparklab/gnss-ros_ws/install/realsense2_camera_msgs/share/realsense2_camera_msgs/cmake/export_realsense2_camera_msgs__rosidl_typesupport_fastrtps_cExport.cmake
[0.709s] -- Up-to-date: /home/sparklab/sparklab/gnss-ros_ws/install/realsense2_camera_msgs/share/realsense2_camera_msgs/cmake/export_realsense2_camera_msgs__rosidl_typesupport_fastrtps_cExport-noconfig.cmake
[0.709s] -- Up-to-date: /home/sparklab/sparklab/gnss-ros_ws/install/realsense2_camera_msgs/share/realsense2_camera_msgs/cmake/realsense2_camera_msgs__rosidl_typesupport_introspection_cExport.cmake
[0.709s] -- Up-to-date: /home/sparklab/sparklab/gnss-ros_ws/install/realsense2_camera_msgs/share/realsense2_camera_msgs/cmake/realsense2_camera_msgs__rosidl_typesupport_introspection_cExport-noconfig.cmake
[0.709s] -- Up-to-date: /home/sparklab/sparklab/gnss-ros_ws/install/realsense2_camera_msgs/share/realsense2_camera_msgs/cmake/realsense2_camera_msgs__rosidl_typesupport_cExport.cmake
[0.709s] -- Up-to-date: /home/sparklab/sparklab/gnss-ros_ws/install/realsense2_camera_msgs/share/realsense2_camera_msgs/cmake/realsense2_camera_msgs__rosidl_typesupport_cExport-noconfig.cmake
[0.709s] -- Up-to-date: /home/sparklab/sparklab/gnss-ros_ws/install/realsense2_camera_msgs/share/realsense2_camera_msgs/cmake/export_realsense2_camera_msgs__rosidl_generator_cppExport.cmake
[0.709s] -- Up-to-date: /home/sparklab/sparklab/gnss-ros_ws/install/realsense2_camera_msgs/share/realsense2_camera_msgs/cmake/export_realsense2_camera_msgs__rosidl_typesupport_fastrtps_cppExport.cmake
[0.710s] -- Up-to-date: /home/sparklab/sparklab/gnss-ros_ws/install/realsense2_camera_msgs/share/realsense2_camera_msgs/cmake/export_realsense2_camera_msgs__rosidl_typesupport_fastrtps_cppExport-noconfig.cmake
[0.710s] -- Up-to-date: /home/sparklab/sparklab/gnss-ros_ws/install/realsense2_camera_msgs/share/realsense2_camera_msgs/cmake/realsense2_camera_msgs__rosidl_typesupport_introspection_cppExport.cmake
[0.710s] -- Up-to-date: /home/sparklab/sparklab/gnss-ros_ws/install/realsense2_camera_msgs/share/realsense2_camera_msgs/cmake/realsense2_camera_msgs__rosidl_typesupport_introspection_cppExport-noconfig.cmake
[0.710s] -- Up-to-date: /home/sparklab/sparklab/gnss-ros_ws/install/realsense2_camera_msgs/share/realsense2_camera_msgs/cmake/realsense2_camera_msgs__rosidl_typesupport_cppExport.cmake
[0.710s] -- Up-to-date: /home/sparklab/sparklab/gnss-ros_ws/install/realsense2_camera_msgs/share/realsense2_camera_msgs/cmake/realsense2_camera_msgs__rosidl_typesupport_cppExport-noconfig.cmake
[0.710s] -- Up-to-date: /home/sparklab/sparklab/gnss-ros_ws/install/realsense2_camera_msgs/share/realsense2_camera_msgs/cmake/export_realsense2_camera_msgs__rosidl_generator_pyExport.cmake
[0.710s] -- Up-to-date: /home/sparklab/sparklab/gnss-ros_ws/install/realsense2_camera_msgs/share/realsense2_camera_msgs/cmake/export_realsense2_camera_msgs__rosidl_generator_pyExport-noconfig.cmake
[0.729s] Invoked command in '/home/sparklab/sparklab/gnss-ros_ws/build/realsense2_camera_msgs' returned '0': CMAKE_PREFIX_PATH=${CMAKE_PREFIX_PATH}:/opt/ros/humble /usr/bin/cmake --install /home/sparklab/sparklab/gnss-ros_ws/build/realsense2_camera_msgs
