[0.027s] Invoking command in '/home/sparklab/sparklab/gnss-ros_ws/build/velodyne_laserscan': CMAKE_PREFIX_PATH=${CMAKE_PREFIX_PATH}:/opt/ros/humble /usr/bin/cmake --build /home/sparklab/sparklab/gnss-ros_ws/build/velodyne_laserscan -- -j4 -l4
[0.136s] [ 50%] Built target velodyne_laserscan
[0.204s] [100%] Built target velodyne_laserscan_node
[0.225s] Invoked command in '/home/sparklab/sparklab/gnss-ros_ws/build/velodyne_laserscan' returned '0': CMAKE_PREFIX_PATH=${CMAKE_PREFIX_PATH}:/opt/ros/humble /usr/bin/cmake --build /home/sparklab/sparklab/gnss-ros_ws/build/velodyne_laserscan -- -j4 -l4
[0.234s] Invoking command in '/home/sparklab/sparklab/gnss-ros_ws/build/velodyne_laserscan': CMAKE_PREFIX_PATH=${CMAKE_PREFIX_PATH}:/opt/ros/humble /usr/bin/cmake --install /home/sparklab/sparklab/gnss-ros_ws/build/velodyne_laserscan
[0.244s] -- Install configuration: ""
[0.245s] -- Execute custom install script
[0.245s] -- Up-to-date symlink: /home/sparklab/sparklab/gnss-ros_ws/install/velodyne_laserscan/lib/velodyne_laserscan/velodyne_laserscan_node
[0.246s] -- Up-to-date symlink: /home/sparklab/sparklab/gnss-ros_ws/install/velodyne_laserscan/include/velodyne_laserscan/velodyne_laserscan.hpp
[0.247s] -- Up-to-date symlink: /home/sparklab/sparklab/gnss-ros_ws/install/velodyne_laserscan/share/velodyne_laserscan/config/default-velodyne_laserscan_node-params.yaml
[0.247s] -- Up-to-date symlink: /home/sparklab/sparklab/gnss-ros_ws/install/velodyne_laserscan/share/velodyne_laserscan/launch/velodyne_laserscan_node-composed-launch.py
[0.247s] -- Up-to-date symlink: /home/sparklab/sparklab/gnss-ros_ws/install/velodyne_laserscan/share/velodyne_laserscan/launch/velodyne_laserscan_node-launch.py
[0.248s] -- Up-to-date symlink: /home/sparklab/sparklab/gnss-ros_ws/install/velodyne_laserscan/share/ament_index/resource_index/package_run_dependencies/velodyne_laserscan
[0.248s] -- Up-to-date symlink: /home/sparklab/sparklab/gnss-ros_ws/install/velodyne_laserscan/share/ament_index/resource_index/parent_prefix_path/velodyne_laserscan
[0.248s] -- Up-to-date symlink: /home/sparklab/sparklab/gnss-ros_ws/install/velodyne_laserscan/share/velodyne_laserscan/environment/ament_prefix_path.sh
[0.249s] -- Up-to-date symlink: /home/sparklab/sparklab/gnss-ros_ws/install/velodyne_laserscan/share/velodyne_laserscan/environment/ament_prefix_path.dsv
[0.249s] -- Up-to-date symlink: /home/sparklab/sparklab/gnss-ros_ws/install/velodyne_laserscan/share/velodyne_laserscan/environment/path.sh
[0.250s] -- Up-to-date symlink: /home/sparklab/sparklab/gnss-ros_ws/install/velodyne_laserscan/share/velodyne_laserscan/environment/path.dsv
[0.250s] -- Up-to-date symlink: /home/sparklab/sparklab/gnss-ros_ws/install/velodyne_laserscan/share/velodyne_laserscan/local_setup.bash
[0.250s] -- Up-to-date symlink: /home/sparklab/sparklab/gnss-ros_ws/install/velodyne_laserscan/share/velodyne_laserscan/local_setup.sh
[0.251s] -- Up-to-date symlink: /home/sparklab/sparklab/gnss-ros_ws/install/velodyne_laserscan/share/velodyne_laserscan/local_setup.zsh
[0.251s] -- Up-to-date symlink: /home/sparklab/sparklab/gnss-ros_ws/install/velodyne_laserscan/share/velodyne_laserscan/local_setup.dsv
[0.251s] -- Symlinking: /home/sparklab/sparklab/gnss-ros_ws/install/velodyne_laserscan/share/velodyne_laserscan/package.dsv
[0.263s] -- Up-to-date symlink: /home/sparklab/sparklab/gnss-ros_ws/install/velodyne_laserscan/share/ament_index/resource_index/packages/velodyne_laserscan
[0.264s] -- Up-to-date symlink: /home/sparklab/sparklab/gnss-ros_ws/install/velodyne_laserscan/share/ament_index/resource_index/rclcpp_components/velodyne_laserscan
[0.264s] -- Up-to-date symlink: /home/sparklab/sparklab/gnss-ros_ws/install/velodyne_laserscan/share/velodyne_laserscan/cmake/ament_cmake_export_include_directories-extras.cmake
[0.264s] -- Up-to-date symlink: /home/sparklab/sparklab/gnss-ros_ws/install/velodyne_laserscan/share/velodyne_laserscan/cmake/ament_cmake_export_targets-extras.cmake
[0.265s] -- Up-to-date symlink: /home/sparklab/sparklab/gnss-ros_ws/install/velodyne_laserscan/share/velodyne_laserscan/cmake/ament_cmake_export_dependencies-extras.cmake
[0.265s] -- Up-to-date symlink: /home/sparklab/sparklab/gnss-ros_ws/install/velodyne_laserscan/share/velodyne_laserscan/cmake/velodyne_laserscanConfig.cmake
[0.265s] -- Up-to-date symlink: /home/sparklab/sparklab/gnss-ros_ws/install/velodyne_laserscan/share/velodyne_laserscan/cmake/velodyne_laserscanConfig-version.cmake
[0.266s] -- Up-to-date symlink: /home/sparklab/sparklab/gnss-ros_ws/install/velodyne_laserscan/share/velodyne_laserscan/package.xml
[0.266s] -- Up-to-date: /home/sparklab/sparklab/gnss-ros_ws/install/velodyne_laserscan/lib/libvelodyne_laserscan.so
[0.267s] -- Up-to-date: /home/sparklab/sparklab/gnss-ros_ws/install/velodyne_laserscan/share/velodyne_laserscan/cmake/velodyne_laserscanExport.cmake
[0.267s] -- Up-to-date: /home/sparklab/sparklab/gnss-ros_ws/install/velodyne_laserscan/share/velodyne_laserscan/cmake/velodyne_laserscanExport-noconfig.cmake
[0.270s] Invoked command in '/home/sparklab/sparklab/gnss-ros_ws/build/velodyne_laserscan' returned '0': CMAKE_PREFIX_PATH=${CMAKE_PREFIX_PATH}:/opt/ros/humble /usr/bin/cmake --install /home/sparklab/sparklab/gnss-ros_ws/build/velodyne_laserscan
