[0.113s] DEBUG:colcon:Command line arguments: ['/usr/bin/colcon', 'build', '--symlink-install']
[0.113s] DEBUG:colcon:Parsed command line arguments: Namespace(log_base=None, log_level=None, verb_name='build', build_base='build', install_base='install', merge_install=False, symlink_install=True, test_result_base=None, continue_on_error=False, executor='parallel', parallel_workers=4, event_handlers=None, ignore_user_meta=False, metas=['./colcon.meta'], base_paths=['.'], packages_ignore=None, packages_ignore_regex=None, paths=None, packages_up_to=None, packages_up_to_regex=None, packages_above=None, packages_above_and_dependencies=None, packages_above_depth=None, packages_select_by_dep=None, packages_skip_by_dep=None, packages_skip_up_to=None, packages_select_build_failed=False, packages_skip_build_finished=False, packages_select_test_failures=False, packages_skip_test_passed=False, packages_select=None, packages_skip=None, packages_select_regex=None, packages_skip_regex=None, packages_start=None, packages_end=None, cmake_args=None, cmake_target=None, cmake_target_skip_unavailable=False, cmake_clean_cache=False, cmake_clean_first=False, cmake_force_configure=False, ament_cmake_args=None, catkin_cmake_args=None, catkin_skip_building_tests=False, mixin_files=None, mixin=None, verb_parser=<colcon_mixin.mixin.mixin_argument.MixinArgumentDecorator object at 0x7fd2b5943b20>, verb_extension=<colcon_core.verb.build.BuildVerb object at 0x7fd2b5943580>, main=<bound method BuildVerb.main of <colcon_core.verb.build.BuildVerb object at 0x7fd2b5943580>>, mixin_verb=('build',))
[0.267s] Level 1:colcon.colcon_core.package_discovery:discover_packages(colcon_meta) check parameters
[0.267s] Level 1:colcon.colcon_core.package_discovery:discover_packages(recursive) check parameters
[0.267s] Level 1:colcon.colcon_core.package_discovery:discover_packages(ignore) check parameters
[0.267s] Level 1:colcon.colcon_core.package_discovery:discover_packages(path) check parameters
[0.267s] Level 1:colcon.colcon_core.package_discovery:discover_packages(colcon_meta) discover
[0.267s] Level 1:colcon.colcon_core.package_discovery:discover_packages(recursive) discover
[0.267s] INFO:colcon.colcon_core.package_discovery:Crawling recursively for packages in '/home/sparklab/sparklab/gnss-ros_ws'
[0.268s] Level 1:colcon.colcon_core.package_identification:_identify(.) by extensions ['ignore', 'ignore_ament_install']
[0.268s] Level 1:colcon.colcon_core.package_identification:_identify(.) by extension 'ignore'
[0.268s] Level 1:colcon.colcon_core.package_identification:_identify(.) by extension 'ignore_ament_install'
[0.268s] Level 1:colcon.colcon_core.package_identification:_identify(.) by extensions ['colcon_pkg']
[0.268s] Level 1:colcon.colcon_core.package_identification:_identify(.) by extension 'colcon_pkg'
[0.268s] Level 1:colcon.colcon_core.package_identification:_identify(.) by extensions ['colcon_meta']
[0.268s] Level 1:colcon.colcon_core.package_identification:_identify(.) by extension 'colcon_meta'
[0.268s] Level 1:colcon.colcon_core.package_identification:_identify(.) by extensions ['ros']
[0.268s] Level 1:colcon.colcon_core.package_identification:_identify(.) by extension 'ros'
[0.280s] Level 1:colcon.colcon_core.package_identification:_identify(.) by extensions ['cmake', 'python']
[0.280s] Level 1:colcon.colcon_core.package_identification:_identify(.) by extension 'cmake'
[0.280s] Level 1:colcon.colcon_core.package_identification:_identify(.) by extension 'python'
[0.280s] Level 1:colcon.colcon_core.package_identification:_identify(.) by extensions ['python_setup_py']
[0.280s] Level 1:colcon.colcon_core.package_identification:_identify(.) by extension 'python_setup_py'
[0.280s] Level 1:colcon.colcon_core.package_identification:_identify(build) by extensions ['ignore', 'ignore_ament_install']
[0.280s] Level 1:colcon.colcon_core.package_identification:_identify(build) by extension 'ignore'
[0.280s] Level 1:colcon.colcon_core.package_identification:_identify(build) ignored
[0.280s] Level 1:colcon.colcon_core.package_identification:_identify(install) by extensions ['ignore', 'ignore_ament_install']
[0.280s] Level 1:colcon.colcon_core.package_identification:_identify(install) by extension 'ignore'
[0.281s] Level 1:colcon.colcon_core.package_identification:_identify(install) ignored
[0.281s] Level 1:colcon.colcon_core.package_identification:_identify(log) by extensions ['ignore', 'ignore_ament_install']
[0.281s] Level 1:colcon.colcon_core.package_identification:_identify(log) by extension 'ignore'
[0.281s] Level 1:colcon.colcon_core.package_identification:_identify(log) ignored
[0.281s] Level 1:colcon.colcon_core.package_identification:_identify(src) by extensions ['ignore', 'ignore_ament_install']
[0.281s] Level 1:colcon.colcon_core.package_identification:_identify(src) by extension 'ignore'
[0.281s] Level 1:colcon.colcon_core.package_identification:_identify(src) by extension 'ignore_ament_install'
[0.281s] Level 1:colcon.colcon_core.package_identification:_identify(src) by extensions ['colcon_pkg']
[0.281s] Level 1:colcon.colcon_core.package_identification:_identify(src) by extension 'colcon_pkg'
[0.281s] Level 1:colcon.colcon_core.package_identification:_identify(src) by extensions ['colcon_meta']
[0.281s] Level 1:colcon.colcon_core.package_identification:_identify(src) by extension 'colcon_meta'
[0.281s] Level 1:colcon.colcon_core.package_identification:_identify(src) by extensions ['ros']
[0.281s] Level 1:colcon.colcon_core.package_identification:_identify(src) by extension 'ros'
[0.281s] Level 1:colcon.colcon_core.package_identification:_identify(src) by extensions ['cmake', 'python']
[0.281s] Level 1:colcon.colcon_core.package_identification:_identify(src) by extension 'cmake'
[0.281s] Level 1:colcon.colcon_core.package_identification:_identify(src) by extension 'python'
[0.281s] Level 1:colcon.colcon_core.package_identification:_identify(src) by extensions ['python_setup_py']
[0.282s] Level 1:colcon.colcon_core.package_identification:_identify(src) by extension 'python_setup_py'
[0.282s] Level 1:colcon.colcon_core.package_identification:_identify(src/realsense-ros) by extensions ['ignore', 'ignore_ament_install']
[0.282s] Level 1:colcon.colcon_core.package_identification:_identify(src/realsense-ros) by extension 'ignore'
[0.282s] Level 1:colcon.colcon_core.package_identification:_identify(src/realsense-ros) by extension 'ignore_ament_install'
[0.282s] Level 1:colcon.colcon_core.package_identification:_identify(src/realsense-ros) by extensions ['colcon_pkg']
[0.282s] Level 1:colcon.colcon_core.package_identification:_identify(src/realsense-ros) by extension 'colcon_pkg'
[0.282s] Level 1:colcon.colcon_core.package_identification:_identify(src/realsense-ros) by extensions ['colcon_meta']
[0.282s] Level 1:colcon.colcon_core.package_identification:_identify(src/realsense-ros) by extension 'colcon_meta'
[0.282s] Level 1:colcon.colcon_core.package_identification:_identify(src/realsense-ros) by extensions ['ros']
[0.282s] Level 1:colcon.colcon_core.package_identification:_identify(src/realsense-ros) by extension 'ros'
[0.282s] Level 1:colcon.colcon_core.package_identification:_identify(src/realsense-ros) by extensions ['cmake', 'python']
[0.282s] Level 1:colcon.colcon_core.package_identification:_identify(src/realsense-ros) by extension 'cmake'
[0.282s] Level 1:colcon.colcon_core.package_identification:_identify(src/realsense-ros) by extension 'python'
[0.282s] Level 1:colcon.colcon_core.package_identification:_identify(src/realsense-ros) by extensions ['python_setup_py']
[0.282s] Level 1:colcon.colcon_core.package_identification:_identify(src/realsense-ros) by extension 'python_setup_py'
[0.282s] Level 1:colcon.colcon_core.package_identification:_identify(src/realsense-ros/realsense2_camera) by extensions ['ignore', 'ignore_ament_install']
[0.282s] Level 1:colcon.colcon_core.package_identification:_identify(src/realsense-ros/realsense2_camera) by extension 'ignore'
[0.283s] Level 1:colcon.colcon_core.package_identification:_identify(src/realsense-ros/realsense2_camera) by extension 'ignore_ament_install'
[0.283s] Level 1:colcon.colcon_core.package_identification:_identify(src/realsense-ros/realsense2_camera) by extensions ['colcon_pkg']
[0.283s] Level 1:colcon.colcon_core.package_identification:_identify(src/realsense-ros/realsense2_camera) by extension 'colcon_pkg'
[0.283s] Level 1:colcon.colcon_core.package_identification:_identify(src/realsense-ros/realsense2_camera) by extensions ['colcon_meta']
[0.283s] Level 1:colcon.colcon_core.package_identification:_identify(src/realsense-ros/realsense2_camera) by extension 'colcon_meta'
[0.283s] Level 1:colcon.colcon_core.package_identification:_identify(src/realsense-ros/realsense2_camera) by extensions ['ros']
[0.283s] Level 1:colcon.colcon_core.package_identification:_identify(src/realsense-ros/realsense2_camera) by extension 'ros'
[0.290s] DEBUG:colcon.colcon_core.package_identification:Package 'src/realsense-ros/realsense2_camera' with type 'ros.ament_cmake' and name 'realsense2_camera'
[0.291s] Level 1:colcon.colcon_core.package_identification:_identify(src/realsense-ros/realsense2_camera_msgs) by extensions ['ignore', 'ignore_ament_install']
[0.291s] Level 1:colcon.colcon_core.package_identification:_identify(src/realsense-ros/realsense2_camera_msgs) by extension 'ignore'
[0.291s] Level 1:colcon.colcon_core.package_identification:_identify(src/realsense-ros/realsense2_camera_msgs) by extension 'ignore_ament_install'
[0.291s] Level 1:colcon.colcon_core.package_identification:_identify(src/realsense-ros/realsense2_camera_msgs) by extensions ['colcon_pkg']
[0.291s] Level 1:colcon.colcon_core.package_identification:_identify(src/realsense-ros/realsense2_camera_msgs) by extension 'colcon_pkg'
[0.291s] Level 1:colcon.colcon_core.package_identification:_identify(src/realsense-ros/realsense2_camera_msgs) by extensions ['colcon_meta']
[0.291s] Level 1:colcon.colcon_core.package_identification:_identify(src/realsense-ros/realsense2_camera_msgs) by extension 'colcon_meta'
[0.291s] Level 1:colcon.colcon_core.package_identification:_identify(src/realsense-ros/realsense2_camera_msgs) by extensions ['ros']
[0.291s] Level 1:colcon.colcon_core.package_identification:_identify(src/realsense-ros/realsense2_camera_msgs) by extension 'ros'
[0.292s] DEBUG:colcon.colcon_core.package_identification:Package 'src/realsense-ros/realsense2_camera_msgs' with type 'ros.ament_cmake' and name 'realsense2_camera_msgs'
[0.292s] Level 1:colcon.colcon_core.package_identification:_identify(src/realsense-ros/realsense2_description) by extensions ['ignore', 'ignore_ament_install']
[0.292s] Level 1:colcon.colcon_core.package_identification:_identify(src/realsense-ros/realsense2_description) by extension 'ignore'
[0.292s] Level 1:colcon.colcon_core.package_identification:_identify(src/realsense-ros/realsense2_description) by extension 'ignore_ament_install'
[0.292s] Level 1:colcon.colcon_core.package_identification:_identify(src/realsense-ros/realsense2_description) by extensions ['colcon_pkg']
[0.292s] Level 1:colcon.colcon_core.package_identification:_identify(src/realsense-ros/realsense2_description) by extension 'colcon_pkg'
[0.292s] Level 1:colcon.colcon_core.package_identification:_identify(src/realsense-ros/realsense2_description) by extensions ['colcon_meta']
[0.292s] Level 1:colcon.colcon_core.package_identification:_identify(src/realsense-ros/realsense2_description) by extension 'colcon_meta'
[0.292s] Level 1:colcon.colcon_core.package_identification:_identify(src/realsense-ros/realsense2_description) by extensions ['ros']
[0.292s] Level 1:colcon.colcon_core.package_identification:_identify(src/realsense-ros/realsense2_description) by extension 'ros'
[0.293s] DEBUG:colcon.colcon_core.package_identification:Package 'src/realsense-ros/realsense2_description' with type 'ros.ament_cmake' and name 'realsense2_description'
[0.293s] Level 1:colcon.colcon_core.package_identification:_identify(src/realsense-ros/scripts) by extensions ['ignore', 'ignore_ament_install']
[0.293s] Level 1:colcon.colcon_core.package_identification:_identify(src/realsense-ros/scripts) by extension 'ignore'
[0.293s] Level 1:colcon.colcon_core.package_identification:_identify(src/realsense-ros/scripts) by extension 'ignore_ament_install'
[0.293s] Level 1:colcon.colcon_core.package_identification:_identify(src/realsense-ros/scripts) by extensions ['colcon_pkg']
[0.293s] Level 1:colcon.colcon_core.package_identification:_identify(src/realsense-ros/scripts) by extension 'colcon_pkg'
[0.293s] Level 1:colcon.colcon_core.package_identification:_identify(src/realsense-ros/scripts) by extensions ['colcon_meta']
[0.293s] Level 1:colcon.colcon_core.package_identification:_identify(src/realsense-ros/scripts) by extension 'colcon_meta'
[0.293s] Level 1:colcon.colcon_core.package_identification:_identify(src/realsense-ros/scripts) by extensions ['ros']
[0.293s] Level 1:colcon.colcon_core.package_identification:_identify(src/realsense-ros/scripts) by extension 'ros'
[0.294s] Level 1:colcon.colcon_core.package_identification:_identify(src/realsense-ros/scripts) by extensions ['cmake', 'python']
[0.294s] Level 1:colcon.colcon_core.package_identification:_identify(src/realsense-ros/scripts) by extension 'cmake'
[0.294s] Level 1:colcon.colcon_core.package_identification:_identify(src/realsense-ros/scripts) by extension 'python'
[0.294s] Level 1:colcon.colcon_core.package_identification:_identify(src/realsense-ros/scripts) by extensions ['python_setup_py']
[0.294s] Level 1:colcon.colcon_core.package_identification:_identify(src/realsense-ros/scripts) by extension 'python_setup_py'
[0.294s] Level 1:colcon.colcon_core.package_discovery:discover_packages(recursive) using defaults
[0.294s] Level 1:colcon.colcon_core.package_discovery:discover_packages(ignore) discover
[0.294s] Level 1:colcon.colcon_core.package_discovery:discover_packages(ignore) using defaults
[0.294s] Level 1:colcon.colcon_core.package_discovery:discover_packages(path) discover
[0.294s] Level 1:colcon.colcon_core.package_discovery:discover_packages(path) using defaults
[0.315s] Level 5:colcon.colcon_core.verb:set package 'realsense2_camera_msgs' build argument 'cmake_args' from command line to 'None'
[0.315s] Level 5:colcon.colcon_core.verb:set package 'realsense2_camera_msgs' build argument 'cmake_target' from command line to 'None'
[0.315s] Level 5:colcon.colcon_core.verb:set package 'realsense2_camera_msgs' build argument 'cmake_target_skip_unavailable' from command line to 'False'
[0.315s] Level 5:colcon.colcon_core.verb:set package 'realsense2_camera_msgs' build argument 'cmake_clean_cache' from command line to 'False'
[0.315s] Level 5:colcon.colcon_core.verb:set package 'realsense2_camera_msgs' build argument 'cmake_clean_first' from command line to 'False'
[0.315s] Level 5:colcon.colcon_core.verb:set package 'realsense2_camera_msgs' build argument 'cmake_force_configure' from command line to 'False'
[0.315s] Level 5:colcon.colcon_core.verb:set package 'realsense2_camera_msgs' build argument 'ament_cmake_args' from command line to 'None'
[0.315s] Level 5:colcon.colcon_core.verb:set package 'realsense2_camera_msgs' build argument 'catkin_cmake_args' from command line to 'None'
[0.315s] Level 5:colcon.colcon_core.verb:set package 'realsense2_camera_msgs' build argument 'catkin_skip_building_tests' from command line to 'False'
[0.315s] DEBUG:colcon.colcon_core.verb:Building package 'realsense2_camera_msgs' with the following arguments: {'ament_cmake_args': None, 'build_base': '/home/sparklab/sparklab/gnss-ros_ws/build/realsense2_camera_msgs', 'catkin_cmake_args': None, 'catkin_skip_building_tests': False, 'cmake_args': None, 'cmake_clean_cache': False, 'cmake_clean_first': False, 'cmake_force_configure': False, 'cmake_target': None, 'cmake_target_skip_unavailable': False, 'install_base': '/home/sparklab/sparklab/gnss-ros_ws/install/realsense2_camera_msgs', 'merge_install': False, 'path': '/home/sparklab/sparklab/gnss-ros_ws/src/realsense-ros/realsense2_camera_msgs', 'symlink_install': True, 'test_result_base': None}
[0.316s] Level 5:colcon.colcon_core.verb:set package 'realsense2_camera' build argument 'cmake_args' from command line to 'None'
[0.316s] Level 5:colcon.colcon_core.verb:set package 'realsense2_camera' build argument 'cmake_target' from command line to 'None'
[0.316s] Level 5:colcon.colcon_core.verb:set package 'realsense2_camera' build argument 'cmake_target_skip_unavailable' from command line to 'False'
[0.316s] Level 5:colcon.colcon_core.verb:set package 'realsense2_camera' build argument 'cmake_clean_cache' from command line to 'False'
[0.316s] Level 5:colcon.colcon_core.verb:set package 'realsense2_camera' build argument 'cmake_clean_first' from command line to 'False'
[0.316s] Level 5:colcon.colcon_core.verb:set package 'realsense2_camera' build argument 'cmake_force_configure' from command line to 'False'
[0.316s] Level 5:colcon.colcon_core.verb:set package 'realsense2_camera' build argument 'ament_cmake_args' from command line to 'None'
[0.316s] Level 5:colcon.colcon_core.verb:set package 'realsense2_camera' build argument 'catkin_cmake_args' from command line to 'None'
[0.316s] Level 5:colcon.colcon_core.verb:set package 'realsense2_camera' build argument 'catkin_skip_building_tests' from command line to 'False'
[0.316s] DEBUG:colcon.colcon_core.verb:Building package 'realsense2_camera' with the following arguments: {'ament_cmake_args': None, 'build_base': '/home/sparklab/sparklab/gnss-ros_ws/build/realsense2_camera', 'catkin_cmake_args': None, 'catkin_skip_building_tests': False, 'cmake_args': None, 'cmake_clean_cache': False, 'cmake_clean_first': False, 'cmake_force_configure': False, 'cmake_target': None, 'cmake_target_skip_unavailable': False, 'install_base': '/home/sparklab/sparklab/gnss-ros_ws/install/realsense2_camera', 'merge_install': False, 'path': '/home/sparklab/sparklab/gnss-ros_ws/src/realsense-ros/realsense2_camera', 'symlink_install': True, 'test_result_base': None}
[0.316s] Level 5:colcon.colcon_core.verb:set package 'realsense2_description' build argument 'cmake_args' from command line to 'None'
[0.316s] Level 5:colcon.colcon_core.verb:set package 'realsense2_description' build argument 'cmake_target' from command line to 'None'
[0.316s] Level 5:colcon.colcon_core.verb:set package 'realsense2_description' build argument 'cmake_target_skip_unavailable' from command line to 'False'
[0.316s] Level 5:colcon.colcon_core.verb:set package 'realsense2_description' build argument 'cmake_clean_cache' from command line to 'False'
[0.316s] Level 5:colcon.colcon_core.verb:set package 'realsense2_description' build argument 'cmake_clean_first' from command line to 'False'
[0.317s] Level 5:colcon.colcon_core.verb:set package 'realsense2_description' build argument 'cmake_force_configure' from command line to 'False'
[0.317s] Level 5:colcon.colcon_core.verb:set package 'realsense2_description' build argument 'ament_cmake_args' from command line to 'None'
[0.317s] Level 5:colcon.colcon_core.verb:set package 'realsense2_description' build argument 'catkin_cmake_args' from command line to 'None'
[0.317s] Level 5:colcon.colcon_core.verb:set package 'realsense2_description' build argument 'catkin_skip_building_tests' from command line to 'False'
[0.317s] DEBUG:colcon.colcon_core.verb:Building package 'realsense2_description' with the following arguments: {'ament_cmake_args': None, 'build_base': '/home/sparklab/sparklab/gnss-ros_ws/build/realsense2_description', 'catkin_cmake_args': None, 'catkin_skip_building_tests': False, 'cmake_args': None, 'cmake_clean_cache': False, 'cmake_clean_first': False, 'cmake_force_configure': False, 'cmake_target': None, 'cmake_target_skip_unavailable': False, 'install_base': '/home/sparklab/sparklab/gnss-ros_ws/install/realsense2_description', 'merge_install': False, 'path': '/home/sparklab/sparklab/gnss-ros_ws/src/realsense-ros/realsense2_description', 'symlink_install': True, 'test_result_base': None}
[0.317s] INFO:colcon.colcon_core.executor:Executing jobs using 'parallel' executor
[0.318s] DEBUG:colcon.colcon_parallel_executor.executor.parallel:run_until_complete
[0.318s] INFO:colcon.colcon_ros.task.ament_cmake.build:Building ROS package in '/home/sparklab/sparklab/gnss-ros_ws/src/realsense-ros/realsense2_camera_msgs' with build type 'ament_cmake'
[0.318s] INFO:colcon.colcon_cmake.task.cmake.build:Building CMake package in '/home/sparklab/sparklab/gnss-ros_ws/src/realsense-ros/realsense2_camera_msgs'
[0.330s] INFO:colcon.colcon_core.plugin_system:Skipping extension 'colcon_core.shell.bat': Not used on non-Windows systems
[0.330s] INFO:colcon.colcon_core.shell:Skip shell extension 'powershell' for command environment: Not usable outside of PowerShell
[0.330s] DEBUG:colcon.colcon_core.shell:Skip shell extension 'dsv' for command environment
[0.338s] DEBUG:colcon.colcon_core.event_handler.log_command:Invoking command in '/home/sparklab/sparklab/gnss-ros_ws/build/realsense2_camera_msgs': CMAKE_PREFIX_PATH=/opt/ros/humble /usr/bin/cmake --build /home/sparklab/sparklab/gnss-ros_ws/build/realsense2_camera_msgs -- -j4 -l4
[0.696s] DEBUG:colcon.colcon_core.event_handler.log_command:Invoked command in '/home/sparklab/sparklab/gnss-ros_ws/build/realsense2_camera_msgs' returned '0': CMAKE_PREFIX_PATH=/opt/ros/humble /usr/bin/cmake --build /home/sparklab/sparklab/gnss-ros_ws/build/realsense2_camera_msgs -- -j4 -l4
[0.705s] DEBUG:colcon.colcon_core.event_handler.log_command:Invoking command in '/home/sparklab/sparklab/gnss-ros_ws/build/realsense2_camera_msgs': CMAKE_PREFIX_PATH=/opt/ros/humble /usr/bin/cmake --install /home/sparklab/sparklab/gnss-ros_ws/build/realsense2_camera_msgs
[0.786s] Level 1:colcon.colcon_core.environment:create_environment_scripts_only(realsense2_camera_msgs)
[0.786s] DEBUG:colcon.colcon_core.event_handler.log_command:Invoked command in '/home/sparklab/sparklab/gnss-ros_ws/build/realsense2_camera_msgs' returned '0': CMAKE_PREFIX_PATH=/opt/ros/humble /usr/bin/cmake --install /home/sparklab/sparklab/gnss-ros_ws/build/realsense2_camera_msgs
[0.789s] Level 1:colcon.colcon_core.environment:checking '/home/sparklab/sparklab/gnss-ros_ws/install/realsense2_camera_msgs' for CMake module files
[0.789s] Level 1:colcon.colcon_core.environment:checking '/home/sparklab/sparklab/gnss-ros_ws/install/realsense2_camera_msgs' for CMake config files
[0.790s] Level 1:colcon.colcon_core.shell:create_environment_hook('realsense2_camera_msgs', 'cmake_prefix_path')
[0.790s] INFO:colcon.colcon_core.shell:Creating environment hook '/home/sparklab/sparklab/gnss-ros_ws/install/realsense2_camera_msgs/share/realsense2_camera_msgs/hook/cmake_prefix_path.ps1'
[0.790s] INFO:colcon.colcon_core.shell:Creating environment descriptor '/home/sparklab/sparklab/gnss-ros_ws/install/realsense2_camera_msgs/share/realsense2_camera_msgs/hook/cmake_prefix_path.dsv'
[0.791s] INFO:colcon.colcon_core.shell:Creating environment hook '/home/sparklab/sparklab/gnss-ros_ws/install/realsense2_camera_msgs/share/realsense2_camera_msgs/hook/cmake_prefix_path.sh'
[0.792s] Level 1:colcon.colcon_core.environment:checking '/home/sparklab/sparklab/gnss-ros_ws/install/realsense2_camera_msgs/lib'
[0.792s] Level 1:colcon.colcon_core.shell:create_environment_hook('realsense2_camera_msgs', 'ld_library_path_lib')
[0.792s] INFO:colcon.colcon_core.shell:Creating environment hook '/home/sparklab/sparklab/gnss-ros_ws/install/realsense2_camera_msgs/share/realsense2_camera_msgs/hook/ld_library_path_lib.ps1'
[0.793s] INFO:colcon.colcon_core.shell:Creating environment descriptor '/home/sparklab/sparklab/gnss-ros_ws/install/realsense2_camera_msgs/share/realsense2_camera_msgs/hook/ld_library_path_lib.dsv'
[0.793s] INFO:colcon.colcon_core.shell:Creating environment hook '/home/sparklab/sparklab/gnss-ros_ws/install/realsense2_camera_msgs/share/realsense2_camera_msgs/hook/ld_library_path_lib.sh'
[0.793s] Level 1:colcon.colcon_core.environment:checking '/home/sparklab/sparklab/gnss-ros_ws/install/realsense2_camera_msgs/bin'
[0.793s] Level 1:colcon.colcon_core.environment:checking '/home/sparklab/sparklab/gnss-ros_ws/install/realsense2_camera_msgs/lib/pkgconfig/realsense2_camera_msgs.pc'
[0.795s] Level 1:colcon.colcon_core.environment:checking '/home/sparklab/sparklab/gnss-ros_ws/install/realsense2_camera_msgs/lib/python3.10/site-packages'
[0.795s] Level 1:colcon.colcon_core.environment:checking '/home/sparklab/sparklab/gnss-ros_ws/install/realsense2_camera_msgs/bin'
[0.796s] INFO:colcon.colcon_core.shell:Creating package script '/home/sparklab/sparklab/gnss-ros_ws/install/realsense2_camera_msgs/share/realsense2_camera_msgs/package.ps1'
[0.796s] INFO:colcon.colcon_core.shell:Creating package descriptor '/home/sparklab/sparklab/gnss-ros_ws/install/realsense2_camera_msgs/share/realsense2_camera_msgs/package.dsv'
[0.797s] INFO:colcon.colcon_core.shell:Creating package script '/home/sparklab/sparklab/gnss-ros_ws/install/realsense2_camera_msgs/share/realsense2_camera_msgs/package.sh'
[0.798s] INFO:colcon.colcon_core.shell:Creating package script '/home/sparklab/sparklab/gnss-ros_ws/install/realsense2_camera_msgs/share/realsense2_camera_msgs/package.bash'
[0.798s] INFO:colcon.colcon_core.shell:Creating package script '/home/sparklab/sparklab/gnss-ros_ws/install/realsense2_camera_msgs/share/realsense2_camera_msgs/package.zsh'
[0.799s] Level 1:colcon.colcon_core.environment:create_file_with_runtime_dependencies(/home/sparklab/sparklab/gnss-ros_ws/install/realsense2_camera_msgs/share/colcon-core/packages/realsense2_camera_msgs)
[0.800s] Level 1:colcon.colcon_core.environment:create_environment_scripts_only(realsense2_camera_msgs)
[0.800s] Level 1:colcon.colcon_core.environment:checking '/home/sparklab/sparklab/gnss-ros_ws/install/realsense2_camera_msgs' for CMake module files
[0.801s] Level 1:colcon.colcon_core.environment:checking '/home/sparklab/sparklab/gnss-ros_ws/install/realsense2_camera_msgs' for CMake config files
[0.801s] Level 1:colcon.colcon_core.shell:create_environment_hook('realsense2_camera_msgs', 'cmake_prefix_path')
[0.801s] INFO:colcon.colcon_core.shell:Creating environment hook '/home/sparklab/sparklab/gnss-ros_ws/install/realsense2_camera_msgs/share/realsense2_camera_msgs/hook/cmake_prefix_path.ps1'
[0.802s] INFO:colcon.colcon_core.shell:Creating environment descriptor '/home/sparklab/sparklab/gnss-ros_ws/install/realsense2_camera_msgs/share/realsense2_camera_msgs/hook/cmake_prefix_path.dsv'
[0.802s] INFO:colcon.colcon_core.shell:Creating environment hook '/home/sparklab/sparklab/gnss-ros_ws/install/realsense2_camera_msgs/share/realsense2_camera_msgs/hook/cmake_prefix_path.sh'
[0.802s] Level 1:colcon.colcon_core.environment:checking '/home/sparklab/sparklab/gnss-ros_ws/install/realsense2_camera_msgs/lib'
[0.802s] Level 1:colcon.colcon_core.shell:create_environment_hook('realsense2_camera_msgs', 'ld_library_path_lib')
[0.803s] INFO:colcon.colcon_core.shell:Creating environment hook '/home/sparklab/sparklab/gnss-ros_ws/install/realsense2_camera_msgs/share/realsense2_camera_msgs/hook/ld_library_path_lib.ps1'
[0.803s] INFO:colcon.colcon_core.shell:Creating environment descriptor '/home/sparklab/sparklab/gnss-ros_ws/install/realsense2_camera_msgs/share/realsense2_camera_msgs/hook/ld_library_path_lib.dsv'
[0.803s] INFO:colcon.colcon_core.shell:Creating environment hook '/home/sparklab/sparklab/gnss-ros_ws/install/realsense2_camera_msgs/share/realsense2_camera_msgs/hook/ld_library_path_lib.sh'
[0.804s] Level 1:colcon.colcon_core.environment:checking '/home/sparklab/sparklab/gnss-ros_ws/install/realsense2_camera_msgs/bin'
[0.804s] Level 1:colcon.colcon_core.environment:checking '/home/sparklab/sparklab/gnss-ros_ws/install/realsense2_camera_msgs/lib/pkgconfig/realsense2_camera_msgs.pc'
[0.804s] Level 1:colcon.colcon_core.environment:checking '/home/sparklab/sparklab/gnss-ros_ws/install/realsense2_camera_msgs/lib/python3.10/site-packages'
[0.804s] Level 1:colcon.colcon_core.environment:checking '/home/sparklab/sparklab/gnss-ros_ws/install/realsense2_camera_msgs/bin'
[0.805s] INFO:colcon.colcon_core.shell:Creating package script '/home/sparklab/sparklab/gnss-ros_ws/install/realsense2_camera_msgs/share/realsense2_camera_msgs/package.ps1'
[0.805s] INFO:colcon.colcon_core.shell:Creating package descriptor '/home/sparklab/sparklab/gnss-ros_ws/install/realsense2_camera_msgs/share/realsense2_camera_msgs/package.dsv'
[0.806s] INFO:colcon.colcon_core.shell:Creating package script '/home/sparklab/sparklab/gnss-ros_ws/install/realsense2_camera_msgs/share/realsense2_camera_msgs/package.sh'
[0.806s] INFO:colcon.colcon_core.shell:Creating package script '/home/sparklab/sparklab/gnss-ros_ws/install/realsense2_camera_msgs/share/realsense2_camera_msgs/package.bash'
[0.806s] INFO:colcon.colcon_core.shell:Creating package script '/home/sparklab/sparklab/gnss-ros_ws/install/realsense2_camera_msgs/share/realsense2_camera_msgs/package.zsh'
[0.807s] Level 1:colcon.colcon_core.environment:create_file_with_runtime_dependencies(/home/sparklab/sparklab/gnss-ros_ws/install/realsense2_camera_msgs/share/colcon-core/packages/realsense2_camera_msgs)
[0.807s] INFO:colcon.colcon_ros.task.ament_cmake.build:Building ROS package in '/home/sparklab/sparklab/gnss-ros_ws/src/realsense-ros/realsense2_camera' with build type 'ament_cmake'
[0.807s] INFO:colcon.colcon_cmake.task.cmake.build:Building CMake package in '/home/sparklab/sparklab/gnss-ros_ws/src/realsense-ros/realsense2_camera'
[0.807s] INFO:colcon.colcon_core.shell:Skip shell extension 'powershell' for command environment: Not usable outside of PowerShell
[0.807s] DEBUG:colcon.colcon_core.shell:Skip shell extension 'dsv' for command environment
[0.811s] INFO:colcon.colcon_ros.task.ament_cmake.build:Building ROS package in '/home/sparklab/sparklab/gnss-ros_ws/src/realsense-ros/realsense2_description' with build type 'ament_cmake'
[0.811s] INFO:colcon.colcon_cmake.task.cmake.build:Building CMake package in '/home/sparklab/sparklab/gnss-ros_ws/src/realsense-ros/realsense2_description'
[0.811s] INFO:colcon.colcon_core.shell:Skip shell extension 'powershell' for command environment: Not usable outside of PowerShell
[0.811s] DEBUG:colcon.colcon_core.shell:Skip shell extension 'dsv' for command environment
[0.817s] DEBUG:colcon.colcon_core.event_handler.log_command:Invoking command in '/home/sparklab/sparklab/gnss-ros_ws/build/realsense2_camera': AMENT_PREFIX_PATH=/home/sparklab/sparklab/gnss-ros_ws/install/realsense2_camera_msgs:${AMENT_PREFIX_PATH} CMAKE_PREFIX_PATH=/home/sparklab/sparklab/gnss-ros_ws/install/realsense2_camera_msgs:/opt/ros/humble LD_LIBRARY_PATH=/home/sparklab/sparklab/gnss-ros_ws/install/realsense2_camera_msgs/lib:${LD_LIBRARY_PATH} PYTHONPATH=/home/sparklab/sparklab/gnss-ros_ws/install/realsense2_camera_msgs/local/lib/python3.10/dist-packages:${PYTHONPATH} /usr/bin/cmake /home/sparklab/sparklab/gnss-ros_ws/src/realsense-ros/realsense2_camera -DAMENT_CMAKE_SYMLINK_INSTALL=1 -DCMAKE_INSTALL_PREFIX=/home/sparklab/sparklab/gnss-ros_ws/install/realsense2_camera
[0.819s] DEBUG:colcon.colcon_core.event_handler.log_command:Invoking command in '/home/sparklab/sparklab/gnss-ros_ws/build/realsense2_description': AMENT_PREFIX_PATH=/home/sparklab/sparklab/gnss-ros_ws/install/realsense2_camera_msgs:${AMENT_PREFIX_PATH} CMAKE_PREFIX_PATH=/home/sparklab/sparklab/gnss-ros_ws/install/realsense2_camera_msgs:/opt/ros/humble LD_LIBRARY_PATH=/home/sparklab/sparklab/gnss-ros_ws/install/realsense2_camera_msgs/lib:${LD_LIBRARY_PATH} PYTHONPATH=/home/sparklab/sparklab/gnss-ros_ws/install/realsense2_camera_msgs/local/lib/python3.10/dist-packages:${PYTHONPATH} /usr/bin/cmake --build /home/sparklab/sparklab/gnss-ros_ws/build/realsense2_description -- -j4 -l4
[0.854s] DEBUG:colcon.colcon_core.event_handler.log_command:Invoked command in '/home/sparklab/sparklab/gnss-ros_ws/build/realsense2_description' returned '0': AMENT_PREFIX_PATH=/home/sparklab/sparklab/gnss-ros_ws/install/realsense2_camera_msgs:${AMENT_PREFIX_PATH} CMAKE_PREFIX_PATH=/home/sparklab/sparklab/gnss-ros_ws/install/realsense2_camera_msgs:/opt/ros/humble LD_LIBRARY_PATH=/home/sparklab/sparklab/gnss-ros_ws/install/realsense2_camera_msgs/lib:${LD_LIBRARY_PATH} PYTHONPATH=/home/sparklab/sparklab/gnss-ros_ws/install/realsense2_camera_msgs/local/lib/python3.10/dist-packages:${PYTHONPATH} /usr/bin/cmake --build /home/sparklab/sparklab/gnss-ros_ws/build/realsense2_description -- -j4 -l4
[0.855s] DEBUG:colcon.colcon_core.event_handler.log_command:Invoking command in '/home/sparklab/sparklab/gnss-ros_ws/build/realsense2_description': AMENT_PREFIX_PATH=/home/sparklab/sparklab/gnss-ros_ws/install/realsense2_camera_msgs:${AMENT_PREFIX_PATH} CMAKE_PREFIX_PATH=/home/sparklab/sparklab/gnss-ros_ws/install/realsense2_camera_msgs:/opt/ros/humble LD_LIBRARY_PATH=/home/sparklab/sparklab/gnss-ros_ws/install/realsense2_camera_msgs/lib:${LD_LIBRARY_PATH} PYTHONPATH=/home/sparklab/sparklab/gnss-ros_ws/install/realsense2_camera_msgs/local/lib/python3.10/dist-packages:${PYTHONPATH} /usr/bin/cmake --install /home/sparklab/sparklab/gnss-ros_ws/build/realsense2_description
[0.878s] Level 1:colcon.colcon_core.environment:create_environment_scripts_only(realsense2_description)
[0.878s] Level 1:colcon.colcon_core.environment:checking '/home/sparklab/sparklab/gnss-ros_ws/install/realsense2_description' for CMake module files
[0.879s] DEBUG:colcon.colcon_core.event_handler.log_command:Invoked command in '/home/sparklab/sparklab/gnss-ros_ws/build/realsense2_description' returned '0': AMENT_PREFIX_PATH=/home/sparklab/sparklab/gnss-ros_ws/install/realsense2_camera_msgs:${AMENT_PREFIX_PATH} CMAKE_PREFIX_PATH=/home/sparklab/sparklab/gnss-ros_ws/install/realsense2_camera_msgs:/opt/ros/humble LD_LIBRARY_PATH=/home/sparklab/sparklab/gnss-ros_ws/install/realsense2_camera_msgs/lib:${LD_LIBRARY_PATH} PYTHONPATH=/home/sparklab/sparklab/gnss-ros_ws/install/realsense2_camera_msgs/local/lib/python3.10/dist-packages:${PYTHONPATH} /usr/bin/cmake --install /home/sparklab/sparklab/gnss-ros_ws/build/realsense2_description
[0.879s] Level 1:colcon.colcon_core.environment:checking '/home/sparklab/sparklab/gnss-ros_ws/install/realsense2_description' for CMake config files
[0.880s] Level 1:colcon.colcon_core.shell:create_environment_hook('realsense2_description', 'cmake_prefix_path')
[0.880s] INFO:colcon.colcon_core.shell:Creating environment hook '/home/sparklab/sparklab/gnss-ros_ws/install/realsense2_description/share/realsense2_description/hook/cmake_prefix_path.ps1'
[0.880s] INFO:colcon.colcon_core.shell:Creating environment descriptor '/home/sparklab/sparklab/gnss-ros_ws/install/realsense2_description/share/realsense2_description/hook/cmake_prefix_path.dsv'
[0.881s] INFO:colcon.colcon_core.shell:Creating environment hook '/home/sparklab/sparklab/gnss-ros_ws/install/realsense2_description/share/realsense2_description/hook/cmake_prefix_path.sh'
[0.881s] Level 1:colcon.colcon_core.environment:checking '/home/sparklab/sparklab/gnss-ros_ws/install/realsense2_description/bin'
[0.881s] Level 1:colcon.colcon_core.environment:checking '/home/sparklab/sparklab/gnss-ros_ws/install/realsense2_description/lib/pkgconfig/realsense2_description.pc'
[0.882s] Level 1:colcon.colcon_core.environment:checking '/home/sparklab/sparklab/gnss-ros_ws/install/realsense2_description/lib/python3.10/site-packages'
[0.882s] Level 1:colcon.colcon_core.environment:checking '/home/sparklab/sparklab/gnss-ros_ws/install/realsense2_description/bin'
[0.882s] INFO:colcon.colcon_core.shell:Creating package script '/home/sparklab/sparklab/gnss-ros_ws/install/realsense2_description/share/realsense2_description/package.ps1'
[0.883s] INFO:colcon.colcon_core.shell:Creating package descriptor '/home/sparklab/sparklab/gnss-ros_ws/install/realsense2_description/share/realsense2_description/package.dsv'
[0.883s] INFO:colcon.colcon_core.shell:Creating package script '/home/sparklab/sparklab/gnss-ros_ws/install/realsense2_description/share/realsense2_description/package.sh'
[0.883s] INFO:colcon.colcon_core.shell:Creating package script '/home/sparklab/sparklab/gnss-ros_ws/install/realsense2_description/share/realsense2_description/package.bash'
[0.884s] INFO:colcon.colcon_core.shell:Creating package script '/home/sparklab/sparklab/gnss-ros_ws/install/realsense2_description/share/realsense2_description/package.zsh'
[0.884s] Level 1:colcon.colcon_core.environment:create_file_with_runtime_dependencies(/home/sparklab/sparklab/gnss-ros_ws/install/realsense2_description/share/colcon-core/packages/realsense2_description)
[0.885s] Level 1:colcon.colcon_core.environment:create_environment_scripts_only(realsense2_description)
[0.885s] Level 1:colcon.colcon_core.environment:checking '/home/sparklab/sparklab/gnss-ros_ws/install/realsense2_description' for CMake module files
[0.885s] Level 1:colcon.colcon_core.environment:checking '/home/sparklab/sparklab/gnss-ros_ws/install/realsense2_description' for CMake config files
[0.886s] Level 1:colcon.colcon_core.shell:create_environment_hook('realsense2_description', 'cmake_prefix_path')
[0.886s] INFO:colcon.colcon_core.shell:Creating environment hook '/home/sparklab/sparklab/gnss-ros_ws/install/realsense2_description/share/realsense2_description/hook/cmake_prefix_path.ps1'
[0.886s] INFO:colcon.colcon_core.shell:Creating environment descriptor '/home/sparklab/sparklab/gnss-ros_ws/install/realsense2_description/share/realsense2_description/hook/cmake_prefix_path.dsv'
[0.887s] INFO:colcon.colcon_core.shell:Creating environment hook '/home/sparklab/sparklab/gnss-ros_ws/install/realsense2_description/share/realsense2_description/hook/cmake_prefix_path.sh'
[0.887s] Level 1:colcon.colcon_core.environment:checking '/home/sparklab/sparklab/gnss-ros_ws/install/realsense2_description/bin'
[0.887s] Level 1:colcon.colcon_core.environment:checking '/home/sparklab/sparklab/gnss-ros_ws/install/realsense2_description/lib/pkgconfig/realsense2_description.pc'
[0.888s] Level 1:colcon.colcon_core.environment:checking '/home/sparklab/sparklab/gnss-ros_ws/install/realsense2_description/lib/python3.10/site-packages'
[0.888s] Level 1:colcon.colcon_core.environment:checking '/home/sparklab/sparklab/gnss-ros_ws/install/realsense2_description/bin'
[0.888s] INFO:colcon.colcon_core.shell:Creating package script '/home/sparklab/sparklab/gnss-ros_ws/install/realsense2_description/share/realsense2_description/package.ps1'
[0.889s] INFO:colcon.colcon_core.shell:Creating package descriptor '/home/sparklab/sparklab/gnss-ros_ws/install/realsense2_description/share/realsense2_description/package.dsv'
[0.889s] INFO:colcon.colcon_core.shell:Creating package script '/home/sparklab/sparklab/gnss-ros_ws/install/realsense2_description/share/realsense2_description/package.sh'
[0.890s] INFO:colcon.colcon_core.shell:Creating package script '/home/sparklab/sparklab/gnss-ros_ws/install/realsense2_description/share/realsense2_description/package.bash'
[0.890s] INFO:colcon.colcon_core.shell:Creating package script '/home/sparklab/sparklab/gnss-ros_ws/install/realsense2_description/share/realsense2_description/package.zsh'
[0.890s] Level 1:colcon.colcon_core.environment:create_file_with_runtime_dependencies(/home/sparklab/sparklab/gnss-ros_ws/install/realsense2_description/share/colcon-core/packages/realsense2_description)
[7.040s] DEBUG:colcon.colcon_core.event_handler.log_command:Invoked command in '/home/sparklab/sparklab/gnss-ros_ws/build/realsense2_camera' returned '0': AMENT_PREFIX_PATH=/home/sparklab/sparklab/gnss-ros_ws/install/realsense2_camera_msgs:${AMENT_PREFIX_PATH} CMAKE_PREFIX_PATH=/home/sparklab/sparklab/gnss-ros_ws/install/realsense2_camera_msgs:/opt/ros/humble LD_LIBRARY_PATH=/home/sparklab/sparklab/gnss-ros_ws/install/realsense2_camera_msgs/lib:${LD_LIBRARY_PATH} PYTHONPATH=/home/sparklab/sparklab/gnss-ros_ws/install/realsense2_camera_msgs/local/lib/python3.10/dist-packages:${PYTHONPATH} /usr/bin/cmake /home/sparklab/sparklab/gnss-ros_ws/src/realsense-ros/realsense2_camera -DAMENT_CMAKE_SYMLINK_INSTALL=1 -DCMAKE_INSTALL_PREFIX=/home/sparklab/sparklab/gnss-ros_ws/install/realsense2_camera
[7.041s] DEBUG:colcon.colcon_core.event_handler.log_command:Invoking command in '/home/sparklab/sparklab/gnss-ros_ws/build/realsense2_camera': AMENT_PREFIX_PATH=/home/sparklab/sparklab/gnss-ros_ws/install/realsense2_camera_msgs:${AMENT_PREFIX_PATH} CMAKE_PREFIX_PATH=/home/sparklab/sparklab/gnss-ros_ws/install/realsense2_camera_msgs:/opt/ros/humble LD_LIBRARY_PATH=/home/sparklab/sparklab/gnss-ros_ws/install/realsense2_camera_msgs/lib:${LD_LIBRARY_PATH} PYTHONPATH=/home/sparklab/sparklab/gnss-ros_ws/install/realsense2_camera_msgs/local/lib/python3.10/dist-packages:${PYTHONPATH} /usr/bin/cmake --build /home/sparklab/sparklab/gnss-ros_ws/build/realsense2_camera -- -j4 -l4
[40.147s] DEBUG:colcon.colcon_core.event_handler.log_command:Invoked command in '/home/sparklab/sparklab/gnss-ros_ws/build/realsense2_camera' returned '0': AMENT_PREFIX_PATH=/home/sparklab/sparklab/gnss-ros_ws/install/realsense2_camera_msgs:${AMENT_PREFIX_PATH} CMAKE_PREFIX_PATH=/home/sparklab/sparklab/gnss-ros_ws/install/realsense2_camera_msgs:/opt/ros/humble LD_LIBRARY_PATH=/home/sparklab/sparklab/gnss-ros_ws/install/realsense2_camera_msgs/lib:${LD_LIBRARY_PATH} PYTHONPATH=/home/sparklab/sparklab/gnss-ros_ws/install/realsense2_camera_msgs/local/lib/python3.10/dist-packages:${PYTHONPATH} /usr/bin/cmake --build /home/sparklab/sparklab/gnss-ros_ws/build/realsense2_camera -- -j4 -l4
[40.149s] DEBUG:colcon.colcon_core.event_handler.log_command:Invoking command in '/home/sparklab/sparklab/gnss-ros_ws/build/realsense2_camera': AMENT_PREFIX_PATH=/home/sparklab/sparklab/gnss-ros_ws/install/realsense2_camera_msgs:${AMENT_PREFIX_PATH} CMAKE_PREFIX_PATH=/home/sparklab/sparklab/gnss-ros_ws/install/realsense2_camera_msgs:/opt/ros/humble LD_LIBRARY_PATH=/home/sparklab/sparklab/gnss-ros_ws/install/realsense2_camera_msgs/lib:${LD_LIBRARY_PATH} PYTHONPATH=/home/sparklab/sparklab/gnss-ros_ws/install/realsense2_camera_msgs/local/lib/python3.10/dist-packages:${PYTHONPATH} /usr/bin/cmake --install /home/sparklab/sparklab/gnss-ros_ws/build/realsense2_camera
[40.566s] Level 1:colcon.colcon_core.environment:create_environment_scripts_only(realsense2_camera)
[40.566s] Level 1:colcon.colcon_core.environment:checking '/home/sparklab/sparklab/gnss-ros_ws/install/realsense2_camera' for CMake module files
[40.567s] DEBUG:colcon.colcon_core.event_handler.log_command:Invoked command in '/home/sparklab/sparklab/gnss-ros_ws/build/realsense2_camera' returned '0': AMENT_PREFIX_PATH=/home/sparklab/sparklab/gnss-ros_ws/install/realsense2_camera_msgs:${AMENT_PREFIX_PATH} CMAKE_PREFIX_PATH=/home/sparklab/sparklab/gnss-ros_ws/install/realsense2_camera_msgs:/opt/ros/humble LD_LIBRARY_PATH=/home/sparklab/sparklab/gnss-ros_ws/install/realsense2_camera_msgs/lib:${LD_LIBRARY_PATH} PYTHONPATH=/home/sparklab/sparklab/gnss-ros_ws/install/realsense2_camera_msgs/local/lib/python3.10/dist-packages:${PYTHONPATH} /usr/bin/cmake --install /home/sparklab/sparklab/gnss-ros_ws/build/realsense2_camera
[40.567s] Level 1:colcon.colcon_core.environment:checking '/home/sparklab/sparklab/gnss-ros_ws/install/realsense2_camera' for CMake config files
[40.568s] Level 1:colcon.colcon_core.shell:create_environment_hook('realsense2_camera', 'cmake_prefix_path')
[40.568s] INFO:colcon.colcon_core.shell:Creating environment hook '/home/sparklab/sparklab/gnss-ros_ws/install/realsense2_camera/share/realsense2_camera/hook/cmake_prefix_path.ps1'
[40.568s] INFO:colcon.colcon_core.shell:Creating environment descriptor '/home/sparklab/sparklab/gnss-ros_ws/install/realsense2_camera/share/realsense2_camera/hook/cmake_prefix_path.dsv'
[40.569s] INFO:colcon.colcon_core.shell:Creating environment hook '/home/sparklab/sparklab/gnss-ros_ws/install/realsense2_camera/share/realsense2_camera/hook/cmake_prefix_path.sh'
[40.569s] Level 1:colcon.colcon_core.environment:checking '/home/sparklab/sparklab/gnss-ros_ws/install/realsense2_camera/lib'
[40.569s] Level 1:colcon.colcon_core.shell:create_environment_hook('realsense2_camera', 'ld_library_path_lib')
[40.569s] INFO:colcon.colcon_core.shell:Creating environment hook '/home/sparklab/sparklab/gnss-ros_ws/install/realsense2_camera/share/realsense2_camera/hook/ld_library_path_lib.ps1'
[40.570s] INFO:colcon.colcon_core.shell:Creating environment descriptor '/home/sparklab/sparklab/gnss-ros_ws/install/realsense2_camera/share/realsense2_camera/hook/ld_library_path_lib.dsv'
[40.570s] INFO:colcon.colcon_core.shell:Creating environment hook '/home/sparklab/sparklab/gnss-ros_ws/install/realsense2_camera/share/realsense2_camera/hook/ld_library_path_lib.sh'
[40.570s] Level 1:colcon.colcon_core.environment:checking '/home/sparklab/sparklab/gnss-ros_ws/install/realsense2_camera/bin'
[40.570s] Level 1:colcon.colcon_core.environment:checking '/home/sparklab/sparklab/gnss-ros_ws/install/realsense2_camera/lib/pkgconfig/realsense2_camera.pc'
[40.571s] Level 1:colcon.colcon_core.environment:checking '/home/sparklab/sparklab/gnss-ros_ws/install/realsense2_camera/lib/python3.10/site-packages'
[40.571s] Level 1:colcon.colcon_core.environment:checking '/home/sparklab/sparklab/gnss-ros_ws/install/realsense2_camera/bin'
[40.571s] INFO:colcon.colcon_core.shell:Creating package script '/home/sparklab/sparklab/gnss-ros_ws/install/realsense2_camera/share/realsense2_camera/package.ps1'
[40.572s] INFO:colcon.colcon_core.shell:Creating package descriptor '/home/sparklab/sparklab/gnss-ros_ws/install/realsense2_camera/share/realsense2_camera/package.dsv'
[40.572s] INFO:colcon.colcon_core.shell:Creating package script '/home/sparklab/sparklab/gnss-ros_ws/install/realsense2_camera/share/realsense2_camera/package.sh'
[40.573s] INFO:colcon.colcon_core.shell:Creating package script '/home/sparklab/sparklab/gnss-ros_ws/install/realsense2_camera/share/realsense2_camera/package.bash'
[40.573s] INFO:colcon.colcon_core.shell:Creating package script '/home/sparklab/sparklab/gnss-ros_ws/install/realsense2_camera/share/realsense2_camera/package.zsh'
[40.573s] Level 1:colcon.colcon_core.environment:create_file_with_runtime_dependencies(/home/sparklab/sparklab/gnss-ros_ws/install/realsense2_camera/share/colcon-core/packages/realsense2_camera)
[40.574s] Level 1:colcon.colcon_core.environment:create_environment_scripts_only(realsense2_camera)
[40.574s] Level 1:colcon.colcon_core.environment:checking '/home/sparklab/sparklab/gnss-ros_ws/install/realsense2_camera' for CMake module files
[40.575s] Level 1:colcon.colcon_core.environment:checking '/home/sparklab/sparklab/gnss-ros_ws/install/realsense2_camera' for CMake config files
[40.575s] Level 1:colcon.colcon_core.shell:create_environment_hook('realsense2_camera', 'cmake_prefix_path')
[40.575s] INFO:colcon.colcon_core.shell:Creating environment hook '/home/sparklab/sparklab/gnss-ros_ws/install/realsense2_camera/share/realsense2_camera/hook/cmake_prefix_path.ps1'
[40.576s] INFO:colcon.colcon_core.shell:Creating environment descriptor '/home/sparklab/sparklab/gnss-ros_ws/install/realsense2_camera/share/realsense2_camera/hook/cmake_prefix_path.dsv'
[40.576s] INFO:colcon.colcon_core.shell:Creating environment hook '/home/sparklab/sparklab/gnss-ros_ws/install/realsense2_camera/share/realsense2_camera/hook/cmake_prefix_path.sh'
[40.576s] Level 1:colcon.colcon_core.environment:checking '/home/sparklab/sparklab/gnss-ros_ws/install/realsense2_camera/lib'
[40.577s] Level 1:colcon.colcon_core.shell:create_environment_hook('realsense2_camera', 'ld_library_path_lib')
[40.577s] INFO:colcon.colcon_core.shell:Creating environment hook '/home/sparklab/sparklab/gnss-ros_ws/install/realsense2_camera/share/realsense2_camera/hook/ld_library_path_lib.ps1'
[40.577s] INFO:colcon.colcon_core.shell:Creating environment descriptor '/home/sparklab/sparklab/gnss-ros_ws/install/realsense2_camera/share/realsense2_camera/hook/ld_library_path_lib.dsv'
[40.577s] INFO:colcon.colcon_core.shell:Creating environment hook '/home/sparklab/sparklab/gnss-ros_ws/install/realsense2_camera/share/realsense2_camera/hook/ld_library_path_lib.sh'
[40.578s] Level 1:colcon.colcon_core.environment:checking '/home/sparklab/sparklab/gnss-ros_ws/install/realsense2_camera/bin'
[40.578s] Level 1:colcon.colcon_core.environment:checking '/home/sparklab/sparklab/gnss-ros_ws/install/realsense2_camera/lib/pkgconfig/realsense2_camera.pc'
[40.578s] Level 1:colcon.colcon_core.environment:checking '/home/sparklab/sparklab/gnss-ros_ws/install/realsense2_camera/lib/python3.10/site-packages'
[40.578s] Level 1:colcon.colcon_core.environment:checking '/home/sparklab/sparklab/gnss-ros_ws/install/realsense2_camera/bin'
[40.579s] INFO:colcon.colcon_core.shell:Creating package script '/home/sparklab/sparklab/gnss-ros_ws/install/realsense2_camera/share/realsense2_camera/package.ps1'
[40.579s] INFO:colcon.colcon_core.shell:Creating package descriptor '/home/sparklab/sparklab/gnss-ros_ws/install/realsense2_camera/share/realsense2_camera/package.dsv'
[40.580s] INFO:colcon.colcon_core.shell:Creating package script '/home/sparklab/sparklab/gnss-ros_ws/install/realsense2_camera/share/realsense2_camera/package.sh'
[40.580s] INFO:colcon.colcon_core.shell:Creating package script '/home/sparklab/sparklab/gnss-ros_ws/install/realsense2_camera/share/realsense2_camera/package.bash'
[40.581s] INFO:colcon.colcon_core.shell:Creating package script '/home/sparklab/sparklab/gnss-ros_ws/install/realsense2_camera/share/realsense2_camera/package.zsh'
[40.581s] Level 1:colcon.colcon_core.environment:create_file_with_runtime_dependencies(/home/sparklab/sparklab/gnss-ros_ws/install/realsense2_camera/share/colcon-core/packages/realsense2_camera)
[40.581s] DEBUG:colcon.colcon_parallel_executor.executor.parallel:closing loop
[40.582s] DEBUG:colcon.colcon_parallel_executor.executor.parallel:loop closed
[40.582s] DEBUG:colcon.colcon_parallel_executor.executor.parallel:run_until_complete finished with '0'
[40.582s] DEBUG:colcon.colcon_core.event_reactor:joining thread
[40.587s] INFO:colcon.colcon_core.plugin_system:Skipping extension 'colcon_notification.desktop_notification.notify_send': Could not find 'notify-send'
[40.587s] INFO:colcon.colcon_core.plugin_system:Skipping extension 'colcon_notification.desktop_notification.terminal_notifier': Not used on non-Darwin systems
[40.587s] INFO:colcon.colcon_core.plugin_system:Skipping extension 'colcon_notification.desktop_notification.win32': Not used on non-Windows systems
[40.587s] INFO:colcon.colcon_notification.desktop_notification:Sending desktop notification using 'notify2'
[40.587s] DEBUG:colcon.colcon_notification.desktop_notification.notify2:Failed to initialize notify2: org.freedesktop.DBus.Error.NotSupported: Unable to autolaunch a dbus-daemon without a $DISPLAY for X11
[40.587s] DEBUG:colcon.colcon_core.event_reactor:joined thread
[40.587s] INFO:colcon.colcon_core.shell:Creating prefix script '/home/sparklab/sparklab/gnss-ros_ws/install/local_setup.ps1'
[40.588s] INFO:colcon.colcon_core.shell:Creating prefix util module '/home/sparklab/sparklab/gnss-ros_ws/install/_local_setup_util_ps1.py'
[40.590s] INFO:colcon.colcon_core.shell:Creating prefix chain script '/home/sparklab/sparklab/gnss-ros_ws/install/setup.ps1'
[40.590s] INFO:colcon.colcon_core.shell:Creating prefix script '/home/sparklab/sparklab/gnss-ros_ws/install/local_setup.sh'
[40.591s] INFO:colcon.colcon_core.shell:Creating prefix util module '/home/sparklab/sparklab/gnss-ros_ws/install/_local_setup_util_sh.py'
[40.591s] INFO:colcon.colcon_core.shell:Creating prefix chain script '/home/sparklab/sparklab/gnss-ros_ws/install/setup.sh'
[40.593s] INFO:colcon.colcon_core.shell:Creating prefix script '/home/sparklab/sparklab/gnss-ros_ws/install/local_setup.bash'
[40.593s] INFO:colcon.colcon_core.shell:Creating prefix chain script '/home/sparklab/sparklab/gnss-ros_ws/install/setup.bash'
[40.594s] INFO:colcon.colcon_core.shell:Creating prefix script '/home/sparklab/sparklab/gnss-ros_ws/install/local_setup.zsh'
[40.594s] INFO:colcon.colcon_core.shell:Creating prefix chain script '/home/sparklab/sparklab/gnss-ros_ws/install/setup.zsh'
