-- The C compiler identification is GNU 11.4.0
-- The CXX compiler identification is GNU 11.4.0
-- Detecting C compiler ABI info
-- Detecting C compiler ABI info - done
-- Check for working C compiler: /usr/bin/cc - skipped
-- Detecting C compile features
-- Detecting C compile features - done
-- Detecting CXX compiler ABI info
-- Detecting CXX compiler ABI info - done
-- Check for working CXX compiler: /usr/bin/c++ - skipped
-- Detecting CXX compile features
-- Detecting CXX compile features - done
-- Found ament_cmake_auto: 1.3.11 (/opt/ros/humble/share/ament_cmake_auto/cmake)
-- Found Python3: /usr/bin/python3 (found version "3.10.12") found components: Interpreter 
-- Override CMake install command with custom implementation using symlinks instead of copying resources
-- Configuring done
-- Generating done
-- Build files have been written to: /home/sparklab/sparklab/gnss-ros_ws/build/spark_gnss_ros
-- Install configuration: ""
-- Execute custom install script
-- Symlinking: /home/sparklab/sparklab/gnss-ros_ws/install/spark_gnss_ros/share/spark_gnss_ros/launch/ublox_gps_ntrips.launch.py
-- Symlinking: /home/sparklab/sparklab/gnss-ros_ws/install/spark_gnss_ros/share/spark_gnss_ros/config/zed_f9p.yaml
-- Symlinking: /home/sparklab/sparklab/gnss-ros_ws/install/spark_gnss_ros/share/ament_index/resource_index/package_run_dependencies/spark_gnss_ros
-- Symlinking: /home/sparklab/sparklab/gnss-ros_ws/install/spark_gnss_ros/share/ament_index/resource_index/parent_prefix_path/spark_gnss_ros
-- Symlinking: /home/sparklab/sparklab/gnss-ros_ws/install/spark_gnss_ros/share/spark_gnss_ros/environment/ament_prefix_path.sh
-- Symlinking: /home/sparklab/sparklab/gnss-ros_ws/install/spark_gnss_ros/share/spark_gnss_ros/environment/ament_prefix_path.dsv
-- Symlinking: /home/sparklab/sparklab/gnss-ros_ws/install/spark_gnss_ros/share/spark_gnss_ros/environment/path.sh
-- Symlinking: /home/sparklab/sparklab/gnss-ros_ws/install/spark_gnss_ros/share/spark_gnss_ros/environment/path.dsv
-- Symlinking: /home/sparklab/sparklab/gnss-ros_ws/install/spark_gnss_ros/share/spark_gnss_ros/local_setup.bash
-- Symlinking: /home/sparklab/sparklab/gnss-ros_ws/install/spark_gnss_ros/share/spark_gnss_ros/local_setup.sh
-- Symlinking: /home/sparklab/sparklab/gnss-ros_ws/install/spark_gnss_ros/share/spark_gnss_ros/local_setup.zsh
-- Symlinking: /home/sparklab/sparklab/gnss-ros_ws/install/spark_gnss_ros/share/spark_gnss_ros/local_setup.dsv
-- Symlinking: /home/sparklab/sparklab/gnss-ros_ws/install/spark_gnss_ros/share/spark_gnss_ros/package.dsv
-- Symlinking: /home/sparklab/sparklab/gnss-ros_ws/install/spark_gnss_ros/share/ament_index/resource_index/packages/spark_gnss_ros
-- Symlinking: /home/sparklab/sparklab/gnss-ros_ws/install/spark_gnss_ros/share/spark_gnss_ros/cmake/spark_gnss_rosConfig.cmake
-- Symlinking: /home/sparklab/sparklab/gnss-ros_ws/install/spark_gnss_ros/share/spark_gnss_ros/cmake/spark_gnss_rosConfig-version.cmake
-- Symlinking: /home/sparklab/sparklab/gnss-ros_ws/install/spark_gnss_ros/share/spark_gnss_ros/package.xml
