[INFO] [1745378869.419699696] [microstrain_inertial_driver]: Running microstrain_inertial_driver version: unknown
[INFO] [1745378869.419788439] [microstrain_inertial_driver]: Using MIP SDK version: v0.0.0
[WARN] [1745378869.419800531] [microstrain_inertial_driver]: No relative position configured. We will not publish relative odometry or transforms.
[WARN] [1745378869.419807478] [microstrain_inertial_driver]:   Please configure relative position to publish relative position data
[INFO] [1745378869.419916557] [microstrain_inertial_driver]: Attempting to open serial port </dev/ttyACM0> at <115200>
[INFO] [1745378869.420203989] [microstrain_inertial_driver]: Setting device to idle in order to configure
[INFO] [1745378869.438951262] [microstrain_inertial_driver]: Main Connection Info:
    #######################
    Model Name:       3DMGX5-AHRS
    Serial Number:    6253.132644
    Firmware Version: 1.1.76
    #######################
[INFO] [1745378869.464265867] [microstrain_inertial_driver]: Note: The device does not support publishing the topic ekf/dual_antenna_heading
[INFO] [1745378869.464302772] [microstrain_inertial_driver]: Note: The device does not support publishing the topic ekf/llh_position
[INFO] [1745378869.464320880] [microstrain_inertial_driver]: Note: The device does not support publishing the topic gnss_1/llh_position
[INFO] [1745378869.464329329] [microstrain_inertial_driver]: Note: The device does not support publishing the topic gnss_1/odometry_earth
[INFO] [1745378869.464336405] [microstrain_inertial_driver]: Note: The device does not support publishing the topic gnss_1/time
[INFO] [1745378869.464343536] [microstrain_inertial_driver]: Note: The device does not support publishing the topic gnss_1/velocity
[INFO] [1745378869.464354804] [microstrain_inertial_driver]: Note: The device does not support publishing the topic gnss_1/velocity_ecef
[INFO] [1745378869.464362343] [microstrain_inertial_driver]: Note: The device does not support publishing the topic gnss_2/llh_position
[INFO] [1745378869.464369369] [microstrain_inertial_driver]: Note: The device does not support publishing the topic gnss_2/odometry_earth
[INFO] [1745378869.464376071] [microstrain_inertial_driver]: Note: The device does not support publishing the topic gnss_2/time
[INFO] [1745378869.464382694] [microstrain_inertial_driver]: Note: The device does not support publishing the topic gnss_2/velocity
[INFO] [1745378869.464389420] [microstrain_inertial_driver]: Note: The device does not support publishing the topic gnss_2/velocity_ecef
[INFO] [1745378869.464400201] [microstrain_inertial_driver]: Note: The device does not support publishing the topic imu/wheel_speed
[INFO] [1745378869.464407785] [microstrain_inertial_driver]: Note: The device does not support publishing the topic mip/ekf/aiding_measurement_summary
[INFO] [1745378869.464414711] [microstrain_inertial_driver]: Note: The device does not support publishing the topic mip/ekf/gnss_dual_antenna_status
[INFO] [1745378869.464421571] [microstrain_inertial_driver]: Note: The device does not support publishing the topic mip/ekf/gnss_position_aiding_status
[INFO] [1745378869.464428837] [microstrain_inertial_driver]: Note: The device does not support publishing the topic mip/ekf/multi_antenna_offset_correction
[INFO] [1745378869.464436356] [microstrain_inertial_driver]: Note: The device does not support publishing the topic mip/gnss_1/fix_info
[INFO] [1745378869.464445718] [microstrain_inertial_driver]: Note: The device does not support publishing the topic mip/gnss_1/rf_error_detection
[INFO] [1745378869.464452597] [microstrain_inertial_driver]: Note: The device does not support publishing the topic mip/gnss_1/sbas_info
[INFO] [1745378869.464459442] [microstrain_inertial_driver]: Note: The device does not support publishing the topic mip/gnss_2/fix_info
[INFO] [1745378869.464466012] [microstrain_inertial_driver]: Note: The device does not support publishing the topic mip/gnss_2/rf_error_detection
[INFO] [1745378869.464472680] [microstrain_inertial_driver]: Note: The device does not support publishing the topic mip/gnss_2/sbas_info
[INFO] [1745378869.464500131] [microstrain_inertial_driver]: Note: The device does not support publishing the topic mip/sensor/overrange_status
[INFO] [1745378869.464509473] [microstrain_inertial_driver]: Note: The device does not support publishing the topic mip/sensor/temperature_statistics
[INFO] [1745378869.464516443] [microstrain_inertial_driver]: Note: The device does not support publishing the topic mip/system/built_in_test
[INFO] [1745378869.512143545] [microstrain_inertial_driver]: Device does not support comm speed command
[INFO] [1745378869.513506404] [microstrain_inertial_driver]: Note: The device does not support the GPIO config command
[INFO] [1745378869.513559492] [microstrain_inertial_driver]: Note: The device does not support the PPS source command
[INFO] [1745378869.513583415] [microstrain_inertial_driver]: Note: The device does not support the odometer settings command
[INFO] [1745378869.513604529] [microstrain_inertial_driver]: Note: The device does not support the SBAS settings command
[INFO] [1745378869.513623840] [microstrain_inertial_driver]: Note: The device does not support the nmea message format command
[INFO] [1745378869.513645226] [microstrain_inertial_driver]: Configuring low pass filter with:
[INFO] [1745378869.513665217] [microstrain_inertial_driver]:   field_descriptor = 0x04
[INFO] [1745378869.513687696] [microstrain_inertial_driver]:   enable = 0
[INFO] [1745378869.513708748] [microstrain_inertial_driver]:   manual = 1
[INFO] [1745378869.513728462] [microstrain_inertial_driver]:   frequency = 1
[INFO] [1745378869.517809013] [microstrain_inertial_driver]: Configuring low pass filter with:
[INFO] [1745378869.517897470] [microstrain_inertial_driver]:   field_descriptor = 0x05
[INFO] [1745378869.517926039] [microstrain_inertial_driver]:   enable = 0
[INFO] [1745378869.517948701] [microstrain_inertial_driver]:   manual = 1
[INFO] [1745378869.517981296] [microstrain_inertial_driver]:   frequency = 1
[INFO] [1745378869.523948577] [microstrain_inertial_driver]: Configuring low pass filter with:
[INFO] [1745378869.524013913] [microstrain_inertial_driver]:   field_descriptor = 0x06
[INFO] [1745378869.524037213] [microstrain_inertial_driver]:   enable = 0
[INFO] [1745378869.524055279] [microstrain_inertial_driver]:   manual = 1
[INFO] [1745378869.524071285] [microstrain_inertial_driver]:   frequency = 1
[INFO] [1745378869.529963160] [microstrain_inertial_driver]: Configuring low pass filter with:
[INFO] [1745378869.530034622] [microstrain_inertial_driver]:   field_descriptor = 0x17
[INFO] [1745378869.530059309] [microstrain_inertial_driver]:   enable = 0
[INFO] [1745378869.530078487] [microstrain_inertial_driver]:   manual = 1
[INFO] [1745378869.530095564] [microstrain_inertial_driver]:   frequency = 1
[INFO] [1745378869.536214250] [microstrain_inertial_driver]: Note: Device does not support the RTK dongle config command
[INFO] [1745378869.536280896] [microstrain_inertial_driver]: Note: Device does not support Siangle Config command
[INFO] [1745378869.537580748] [microstrain_inertial_driver]: Setting Declination Source to 2 0.230000
[INFO] [1745378869.542045368] [microstrain_inertial_driver]: Note: Device does not support GNSS antenna offsets
[INFO] [1745378869.542121596] [microstrain_inertial_driver]: Note: The device does not support the vehicle dynamics mode command.
[INFO] [1745378869.542148597] [microstrain_inertial_driver]: Setting heading source to 1
[INFO] [1745378869.547870976] [microstrain_inertial_driver]: Note: Not setting initial heading because heading source is not 0
[INFO] [1745378869.547947589] [microstrain_inertial_driver]: Setting autoinitialization to 1
[INFO] [1745378869.554024105] [microstrain_inertial_driver]: Note: The device does not support the filter adaptive settings command.
[INFO] [1745378869.554094855] [microstrain_inertial_driver]: Note: The device does not support the filter aiding command.
[INFO] [1745378869.554118750] [microstrain_inertial_driver]: Note: The device does not support the filter speed lever arm command.
[INFO] [1745378869.554138064] [microstrain_inertial_driver]: Note: The device does not support the wheeled vehicle constraint command.
[INFO] [1745378869.554190222] [microstrain_inertial_driver]: Note: The device does not support the vertical gyro constraint command.
[INFO] [1745378869.554223294] [microstrain_inertial_driver]: Note: The device does not support the GNSS antenna calibration command.
[INFO] [1745378869.554242310] [microstrain_inertial_driver]: Note: The device does not support the next-gen filter initialization command.
[INFO] [1745378869.554260649] [microstrain_inertial_driver]: Setting sensor to vehicle rotation euler to [-0.000000, -0.000000, -0.000000]
[INFO] [1745378869.560006255] [microstrain_inertial_driver]: Note: The device does not support the reference point lever arm command
[INFO] [1745378869.560080848] [microstrain_inertial_driver]: Note: The settings were not saved as startup settings. Power cycling will remove changes from device
[INFO] [1745378869.560107100] [microstrain_inertial_driver]: Resetting the filter after the configuration is complete.
[INFO] [1745378869.582777944] [microstrain_inertial_driver]: Setting spin rate to <200.000000> hz
[INFO] [1745378869.583007042] [microstrain_inertial_driver]: Resuming the device data streams
[INFO] [1745378869.584023473] [microstrain_inertial_driver]: Node activated
[INFO] [1745378919.077661776] [rclcpp]: signal_handler(signum=2)
