[INFO] [1745377647.620098575] [camera.camera]: RealSense ROS v4.55.1
[INFO] [1745377647.620342788] [camera.camera]: Built with LibRealSense v2.55.1
[INFO] [1745377647.620394888] [camera.camera]: Running with LibRealSense v2.55.1
[INFO] [1745377647.657956619] [camera.camera]: Device with serial number 115422250396 was found.

[INFO] [1745377647.658079453] [camera.camera]: Device with physical ID /sys/devices/pci0000:00/0000:00:14.0/usb2/2-4/2-4:1.0/video4linux/video0 was found.
[INFO] [1745377647.658121466] [camera.camera]: Device with name Intel RealSense D455 was found.
[INFO] [1745377647.658664432] [camera.camera]: Device with port number 2-4 was found.
[INFO] [1745377647.658713260] [camera.camera]: Device USB type: 3.2
[INFO] [1745377647.658863803] [camera.camera]: getParameters...
[INFO] [1745377647.659529581] [camera.camera]: JSON file is not provided
[INFO] [1745377647.659589612] [camera.camera]: Device Name: Intel RealSense D455
[INFO] [1745377647.659625878] [camera.camera]: Device Serial No: 115422250396
[INFO] [1745377647.659658696] [camera.camera]: Device physical port: /sys/devices/pci0000:00/0000:00:14.0/usb2/2-4/2-4:1.0/video4linux/video0
[INFO] [1745377647.659696518] [camera.camera]: Device FW version: 5.16.0.1
[INFO] [1745377647.659775148] [camera.camera]: Device Product ID: 0x0B5C
[INFO] [1745377647.659808328] [camera.camera]: Sync Mode: Off
[INFO] [1745377647.784687765] [camera.camera]: Stopping Sensor: Depth Module
[INFO] [1745377647.784796767] [camera.camera]: Stopping Sensor: RGB Camera
[INFO] [1745377647.784823973] [camera.camera]: Stopping Sensor: Motion Module
[INFO] [1745377647.796994244] [camera.camera]: Starting Sensor: Depth Module
[INFO] [1745377647.800137151] [camera.camera]: Open profile: stream_type: Infra(1), Format: Y8, Width: 848, Height: 480, FPS: 30
[INFO] [1745377647.800215273] [camera.camera]: Open profile: stream_type: Infra(2), Format: Y8, Width: 848, Height: 480, FPS: 30
[INFO] [1745377647.800229370] [camera.camera]: Open profile: stream_type: Depth(0), Format: Z16, Width: 848, Height: 480, FPS: 30
[INFO] [1745377647.924830664] [camera.camera]: Starting Sensor: RGB Camera
[INFO] [1745377647.930703395] [camera.camera]: Open profile: stream_type: Color(0), Format: RGB8, Width: 1280, Height: 720, FPS: 30
[INFO] [1745377647.948592289] [camera.camera]: Starting Sensor: Motion Module
[INFO] [1745377647.953127602] [camera.camera]: Open profile: stream_type: Accel(0)Format: MOTION_XYZ32F, FPS: 63
[INFO] [1745377647.953221928] [camera.camera]: Open profile: stream_type: Gyro(0)Format: MOTION_XYZ32F, FPS: 200
[INFO] [1745377647.958394110] [camera.camera]: RealSense Node Is Up!
[INFO] [1745377762.758179774] [rclcpp]: signal_handler(signum=2)
