[0.014s] Invoking command in '/home/sparklab/sparklab/gnss-ros_ws/build/velodyne_msgs': CMAKE_PREFIX_PATH=/opt/ros/humble /usr/bin/cmake /home/sparklab/sparklab/gnss-ros_ws/src/velodyne/velodyne_msgs -DAMENT_CMAKE_SYMLINK_INSTALL=1 -DCMAKE_INSTALL_PREFIX=/home/sparklab/sparklab/gnss-ros_ws/install/velodyne_msgs
[0.091s] -- The C compiler identification is GNU 11.4.0
[0.152s] -- The CXX compiler identification is GNU 11.4.0
[0.160s] -- Detecting C compiler ABI info
[0.231s] -- Detecting C compiler ABI info - done
[0.240s] -- Check for working C compiler: /usr/bin/cc - skipped
[0.240s] -- Detecting C compile features
[0.241s] -- Detecting C compile features - done
[0.244s] -- Detecting CXX compiler ABI info
[0.344s] -- Detecting CXX compiler ABI info - done
[0.345s] -- Check for working CXX compiler: /usr/bin/c++ - skipped
[0.345s] -- Detecting CXX compile features
[0.345s] -- Detecting CXX compile features - done
[0.348s] -- Found ament_cmake: 1.3.11 (/opt/ros/humble/share/ament_cmake/cmake)
[0.501s] -- Found Python3: /usr/bin/python3 (found version "3.10.12") found components: Interpreter 
[0.570s] -- Override CMake install command with custom implementation using symlinks instead of copying resources
[0.601s] -- Found builtin_interfaces: 1.2.1 (/opt/ros/humble/share/builtin_interfaces/cmake)
[0.637s] -- Found rosidl_generator_c: 3.1.6 (/opt/ros/humble/share/rosidl_generator_c/cmake)
[0.643s] -- Found rosidl_adapter: 3.1.6 (/opt/ros/humble/share/rosidl_adapter/cmake)
[0.653s] -- Found rosidl_generator_cpp: 3.1.6 (/opt/ros/humble/share/rosidl_generator_cpp/cmake)
[0.670s] -- Using all available rosidl_typesupport_c: rosidl_typesupport_fastrtps_c;rosidl_typesupport_introspection_c
[0.696s] -- Using all available rosidl_typesupport_cpp: rosidl_typesupport_fastrtps_cpp;rosidl_typesupport_introspection_cpp
[0.715s] -- Found rosidl_default_generators: 1.2.0 (/opt/ros/humble/share/rosidl_default_generators/cmake)
[0.726s] -- Found std_msgs: 4.8.0 (/opt/ros/humble/share/std_msgs/cmake)
[1.038s] -- Found ament_cmake_cppcheck: 0.12.12 (/opt/ros/humble/share/ament_cmake_cppcheck/cmake)
[1.041s] -- Found ament_cmake_cpplint: 0.12.12 (/opt/ros/humble/share/ament_cmake_cpplint/cmake)
[1.043s] -- Found ament_cmake_uncrustify: 0.12.12 (/opt/ros/humble/share/ament_cmake_uncrustify/cmake)
[1.046s] -- Found ament_cmake_ros: 0.10.0 (/opt/ros/humble/share/ament_cmake_ros/cmake)
[1.418s] -- Using all available rosidl_typesupport_c: rosidl_typesupport_fastrtps_c;rosidl_typesupport_introspection_c
[1.563s] -- Using all available rosidl_typesupport_cpp: rosidl_typesupport_fastrtps_cpp;rosidl_typesupport_introspection_cpp
[1.587s] -- Found PythonInterp: /usr/bin/python3 (found suitable version "3.10.12", minimum required is "3.6") 
[1.588s] -- Found python_cmake_module: 0.10.0 (/opt/ros/humble/share/python_cmake_module/cmake)
[1.613s] -- Found PythonLibs: /usr/lib/x86_64-linux-gnu/libpython3.10.so (found suitable version "3.10.12", minimum required is "3.5") 
[1.613s] -- Using PYTHON_EXECUTABLE: /usr/bin/python3
[1.613s] -- Using PYTHON_INCLUDE_DIRS: /usr/include/python3.10
[1.613s] -- Using PYTHON_LIBRARIES: /usr/lib/x86_64-linux-gnu/libpython3.10.so
[1.634s] -- Found PythonExtra: .so  
[1.685s] -- Found ament_cmake_flake8: 0.12.12 (/opt/ros/humble/share/ament_cmake_flake8/cmake)
[1.688s] -- Found ament_cmake_pep257: 0.12.12 (/opt/ros/humble/share/ament_cmake_pep257/cmake)
[1.691s] -- Found ament_lint_auto: 0.12.12 (/opt/ros/humble/share/ament_lint_auto/cmake)
[1.710s] -- Added test 'copyright' to check source files copyright and LICENSE
[1.710s] -- Added test 'lint_cmake' to check CMake code style
[1.711s] -- Added test 'xmllint' to check XML markup files
[1.715s] -- Configuring done
[1.754s] -- Generating done
[1.766s] -- Build files have been written to: /home/sparklab/sparklab/gnss-ros_ws/build/velodyne_msgs
[1.775s] Invoked command in '/home/sparklab/sparklab/gnss-ros_ws/build/velodyne_msgs' returned '0': CMAKE_PREFIX_PATH=/opt/ros/humble /usr/bin/cmake /home/sparklab/sparklab/gnss-ros_ws/src/velodyne/velodyne_msgs -DAMENT_CMAKE_SYMLINK_INSTALL=1 -DCMAKE_INSTALL_PREFIX=/home/sparklab/sparklab/gnss-ros_ws/install/velodyne_msgs
[1.776s] Invoking command in '/home/sparklab/sparklab/gnss-ros_ws/build/velodyne_msgs': CMAKE_PREFIX_PATH=/opt/ros/humble /usr/bin/cmake --build /home/sparklab/sparklab/gnss-ros_ws/build/velodyne_msgs -- -j4 -l4
[1.815s] [  2%] [34m[1mGenerating C code for ROS interfaces[0m
[1.827s] [  5%] [34m[1mGenerating C++ code for ROS interfaces[0m
[1.830s] [  5%] Built target ament_cmake_python_symlink_velodyne_msgs
[2.070s] running egg_info
[2.071s] creating velodyne_msgs.egg-info
[2.071s] writing velodyne_msgs.egg-info/PKG-INFO
[2.071s] writing dependency_links to velodyne_msgs.egg-info/dependency_links.txt
[2.071s] writing top-level names to velodyne_msgs.egg-info/top_level.txt
[2.071s] writing manifest file 'velodyne_msgs.egg-info/SOURCES.txt'
[2.074s] reading manifest file 'velodyne_msgs.egg-info/SOURCES.txt'
[2.074s] writing manifest file 'velodyne_msgs.egg-info/SOURCES.txt'
[2.103s] [  5%] Built target ament_cmake_python_build_velodyne_msgs_egg
[2.227s] [  5%] Built target velodyne_msgs__cpp
[2.237s] [ 10%] [34m[1mGenerating C++ type support for eProsima Fast-RTPS[0m
[2.238s] [ 10%] [34m[1mGenerating C++ type support dispatch for ROS interfaces[0m
[2.245s] [ 12%] [34m[1mGenerating C++ introspection for ROS interfaces[0m
[2.295s] [ 15%] [32mBuilding C object CMakeFiles/velodyne_msgs__rosidl_generator_c.dir/rosidl_generator_c/velodyne_msgs/msg/detail/velodyne_packet__functions.c.o[0m
[2.439s] [ 17%] [32mBuilding C object CMakeFiles/velodyne_msgs__rosidl_generator_c.dir/rosidl_generator_c/velodyne_msgs/msg/detail/velodyne_scan__functions.c.o[0m
[2.567s] [ 20%] [32mBuilding CXX object CMakeFiles/velodyne_msgs__rosidl_typesupport_cpp.dir/rosidl_typesupport_cpp/velodyne_msgs/msg/velodyne_packet__type_support.cpp.o[0m
[2.579s] [ 23%] [32m[1mLinking C shared library libvelodyne_msgs__rosidl_generator_c.so[0m
[2.635s] [ 23%] Built target velodyne_msgs__rosidl_generator_c
[2.645s] [ 25%] [34m[1mGenerating C type support for eProsima Fast-RTPS[0m
[2.681s] [ 28%] [32mBuilding CXX object CMakeFiles/velodyne_msgs__rosidl_typesupport_fastrtps_cpp.dir/rosidl_typesupport_fastrtps_cpp/velodyne_msgs/msg/detail/dds_fastrtps/velodyne_packet__type_support.cpp.o[0m
[2.724s] [ 30%] [32mBuilding CXX object CMakeFiles/velodyne_msgs__rosidl_typesupport_introspection_cpp.dir/rosidl_typesupport_introspection_cpp/velodyne_msgs/msg/detail/velodyne_packet__type_support.cpp.o[0m
[2.943s] [ 33%] [32mBuilding CXX object CMakeFiles/velodyne_msgs__rosidl_typesupport_cpp.dir/rosidl_typesupport_cpp/velodyne_msgs/msg/velodyne_scan__type_support.cpp.o[0m
[3.095s] [ 35%] [32mBuilding CXX object CMakeFiles/velodyne_msgs__rosidl_typesupport_fastrtps_c.dir/rosidl_typesupport_fastrtps_c/velodyne_msgs/msg/detail/velodyne_packet__type_support_c.cpp.o[0m
[3.168s] [ 38%] [32mBuilding CXX object CMakeFiles/velodyne_msgs__rosidl_typesupport_fastrtps_cpp.dir/rosidl_typesupport_fastrtps_cpp/velodyne_msgs/msg/detail/dds_fastrtps/velodyne_scan__type_support.cpp.o[0m
[3.323s] [ 41%] [32mBuilding CXX object CMakeFiles/velodyne_msgs__rosidl_typesupport_introspection_cpp.dir/rosidl_typesupport_introspection_cpp/velodyne_msgs/msg/detail/velodyne_scan__type_support.cpp.o[0m
[3.328s] [ 43%] [32m[1mLinking CXX shared library libvelodyne_msgs__rosidl_typesupport_cpp.so[0m
[3.463s] [ 43%] Built target velodyne_msgs__rosidl_typesupport_cpp
[3.517s] [ 46%] [34m[1mGenerating C introspection for ROS interfaces[0m
[3.557s] [ 48%] [32mBuilding CXX object CMakeFiles/velodyne_msgs__rosidl_typesupport_fastrtps_c.dir/rosidl_typesupport_fastrtps_c/velodyne_msgs/msg/detail/velodyne_scan__type_support_c.cpp.o[0m
[3.703s] [ 51%] [32m[1mLinking CXX shared library libvelodyne_msgs__rosidl_typesupport_fastrtps_cpp.so[0m
[3.889s] [ 51%] Built target velodyne_msgs__rosidl_typesupport_fastrtps_cpp
[3.926s] [ 53%] [32m[1mLinking CXX shared library libvelodyne_msgs__rosidl_typesupport_introspection_cpp.so[0m
[3.926s] [ 56%] [32m[1mLinking CXX shared library libvelodyne_msgs__rosidl_typesupport_fastrtps_c.so[0m
[3.933s] [ 58%] [34m[1mGenerating C type support dispatch for ROS interfaces[0m
[4.036s] [ 58%] Built target velodyne_msgs__rosidl_typesupport_introspection_cpp
[4.072s] [ 61%] [32mBuilding C object CMakeFiles/velodyne_msgs__rosidl_typesupport_introspection_c.dir/rosidl_typesupport_introspection_c/velodyne_msgs/msg/detail/velodyne_packet__type_support.c.o[0m
[4.081s] [ 64%] [32mBuilding C object CMakeFiles/velodyne_msgs__rosidl_typesupport_introspection_c.dir/rosidl_typesupport_introspection_c/velodyne_msgs/msg/detail/velodyne_scan__type_support.c.o[0m
[4.107s] [ 64%] Built target velodyne_msgs__rosidl_typesupport_fastrtps_c
[4.124s] [ 66%] [32m[1mLinking C shared library libvelodyne_msgs__rosidl_typesupport_introspection_c.so[0m
[4.154s] [ 66%] Built target velodyne_msgs__rosidl_typesupport_introspection_c
[4.279s] [ 71%] [32mBuilding CXX object CMakeFiles/velodyne_msgs__rosidl_typesupport_c.dir/rosidl_typesupport_c/velodyne_msgs/msg/velodyne_packet__type_support.cpp.o[0m
[4.279s] [ 71%] [32mBuilding CXX object CMakeFiles/velodyne_msgs__rosidl_typesupport_c.dir/rosidl_typesupport_c/velodyne_msgs/msg/velodyne_scan__type_support.cpp.o[0m
[4.310s] [ 74%] [32m[1mLinking CXX shared library libvelodyne_msgs__rosidl_typesupport_c.so[0m
[4.350s] [ 74%] Built target velodyne_msgs__rosidl_typesupport_c
[4.367s] [ 74%] Built target velodyne_msgs
[4.386s] [ 76%] [34m[1mGenerating Python code for ROS interfaces[0m
[4.896s] [ 76%] Built target velodyne_msgs__py
[4.914s] [ 82%] [32mBuilding C object CMakeFiles/velodyne_msgs__rosidl_generator_py.dir/rosidl_generator_py/velodyne_msgs/msg/_velodyne_scan_s.c.o[0m
[4.914s] [ 82%] [32mBuilding C object CMakeFiles/velodyne_msgs__rosidl_generator_py.dir/rosidl_generator_py/velodyne_msgs/msg/_velodyne_packet_s.c.o[0m
[5.026s] [ 84%] [32m[1mLinking C shared library rosidl_generator_py/velodyne_msgs/libvelodyne_msgs__rosidl_generator_py.so[0m
[5.066s] [ 84%] Built target velodyne_msgs__rosidl_generator_py
[5.084s] [ 87%] [32mBuilding C object CMakeFiles/velodyne_msgs__rosidl_typesupport_fastrtps_c__pyext.dir/rosidl_generator_py/velodyne_msgs/_velodyne_msgs_s.ep.rosidl_typesupport_fastrtps_c.c.o[0m
[5.091s] [ 92%] [32mBuilding C object CMakeFiles/velodyne_msgs__rosidl_typesupport_c__pyext.dir/rosidl_generator_py/velodyne_msgs/_velodyne_msgs_s.ep.rosidl_typesupport_c.c.o[0m
[5.091s] [ 92%] [32mBuilding C object CMakeFiles/velodyne_msgs__rosidl_typesupport_introspection_c__pyext.dir/rosidl_generator_py/velodyne_msgs/_velodyne_msgs_s.ep.rosidl_typesupport_introspection_c.c.o[0m
[5.213s] [ 94%] [32m[1mLinking C shared library rosidl_generator_py/velodyne_msgs/velodyne_msgs_s__rosidl_typesupport_c.cpython-310-x86_64-linux-gnu.so[0m
[5.221s] [ 97%] [32m[1mLinking C shared library rosidl_generator_py/velodyne_msgs/velodyne_msgs_s__rosidl_typesupport_fastrtps_c.cpython-310-x86_64-linux-gnu.so[0m
[5.240s] [100%] [32m[1mLinking C shared library rosidl_generator_py/velodyne_msgs/velodyne_msgs_s__rosidl_typesupport_introspection_c.cpython-310-x86_64-linux-gnu.so[0m
[5.253s] [100%] Built target velodyne_msgs__rosidl_typesupport_c__pyext
[5.267s] [100%] Built target velodyne_msgs__rosidl_typesupport_fastrtps_c__pyext
[5.279s] [100%] Built target velodyne_msgs__rosidl_typesupport_introspection_c__pyext
[5.289s] Invoked command in '/home/sparklab/sparklab/gnss-ros_ws/build/velodyne_msgs' returned '0': CMAKE_PREFIX_PATH=/opt/ros/humble /usr/bin/cmake --build /home/sparklab/sparklab/gnss-ros_ws/build/velodyne_msgs -- -j4 -l4
[5.291s] Invoking command in '/home/sparklab/sparklab/gnss-ros_ws/build/velodyne_msgs': CMAKE_PREFIX_PATH=/opt/ros/humble /usr/bin/cmake --install /home/sparklab/sparklab/gnss-ros_ws/build/velodyne_msgs
[5.297s] -- Install configuration: ""
[5.298s] -- Execute custom install script
[5.298s] -- Symlinking: /home/sparklab/sparklab/gnss-ros_ws/install/velodyne_msgs/share/ament_index/resource_index/rosidl_interfaces/velodyne_msgs
[5.306s] -- Symlinking: /home/sparklab/sparklab/gnss-ros_ws/install/velodyne_msgs/include/velodyne_msgs/velodyne_msgs/msg/detail/velodyne_packet__functions.h
[5.314s] -- Symlinking: /home/sparklab/sparklab/gnss-ros_ws/install/velodyne_msgs/include/velodyne_msgs/velodyne_msgs/msg/detail/velodyne_packet__struct.h
[5.321s] -- Symlinking: /home/sparklab/sparklab/gnss-ros_ws/install/velodyne_msgs/include/velodyne_msgs/velodyne_msgs/msg/detail/velodyne_packet__type_support.h
[5.329s] -- Symlinking: /home/sparklab/sparklab/gnss-ros_ws/install/velodyne_msgs/include/velodyne_msgs/velodyne_msgs/msg/detail/velodyne_scan__functions.h
[5.336s] -- Symlinking: /home/sparklab/sparklab/gnss-ros_ws/install/velodyne_msgs/include/velodyne_msgs/velodyne_msgs/msg/detail/velodyne_scan__struct.h
[5.344s] -- Symlinking: /home/sparklab/sparklab/gnss-ros_ws/install/velodyne_msgs/include/velodyne_msgs/velodyne_msgs/msg/detail/velodyne_scan__type_support.h
[5.351s] -- Symlinking: /home/sparklab/sparklab/gnss-ros_ws/install/velodyne_msgs/include/velodyne_msgs/velodyne_msgs/msg/rosidl_generator_c__visibility_control.h
[5.359s] -- Symlinking: /home/sparklab/sparklab/gnss-ros_ws/install/velodyne_msgs/include/velodyne_msgs/velodyne_msgs/msg/velodyne_packet.h
[5.366s] -- Symlinking: /home/sparklab/sparklab/gnss-ros_ws/install/velodyne_msgs/include/velodyne_msgs/velodyne_msgs/msg/velodyne_scan.h
[5.374s] -- Symlinking: /home/sparklab/sparklab/gnss-ros_ws/install/velodyne_msgs/share/velodyne_msgs/environment/library_path.sh
[5.381s] -- Symlinking: /home/sparklab/sparklab/gnss-ros_ws/install/velodyne_msgs/share/velodyne_msgs/environment/library_path.dsv
[5.389s] -- Symlinking: /home/sparklab/sparklab/gnss-ros_ws/install/velodyne_msgs/include/velodyne_msgs/velodyne_msgs/msg/detail/velodyne_packet__rosidl_typesupport_fastrtps_c.h
[5.397s] -- Symlinking: /home/sparklab/sparklab/gnss-ros_ws/install/velodyne_msgs/include/velodyne_msgs/velodyne_msgs/msg/detail/velodyne_scan__rosidl_typesupport_fastrtps_c.h
[5.404s] -- Symlinking: /home/sparklab/sparklab/gnss-ros_ws/install/velodyne_msgs/include/velodyne_msgs/velodyne_msgs/msg/rosidl_typesupport_fastrtps_c__visibility_control.h
[5.412s] -- Symlinking: /home/sparklab/sparklab/gnss-ros_ws/install/velodyne_msgs/include/velodyne_msgs/velodyne_msgs/msg/detail/velodyne_packet__builder.hpp
[5.419s] -- Symlinking: /home/sparklab/sparklab/gnss-ros_ws/install/velodyne_msgs/include/velodyne_msgs/velodyne_msgs/msg/detail/velodyne_packet__struct.hpp
[5.427s] -- Symlinking: /home/sparklab/sparklab/gnss-ros_ws/install/velodyne_msgs/include/velodyne_msgs/velodyne_msgs/msg/detail/velodyne_packet__traits.hpp
[5.434s] -- Symlinking: /home/sparklab/sparklab/gnss-ros_ws/install/velodyne_msgs/include/velodyne_msgs/velodyne_msgs/msg/detail/velodyne_packet__type_support.hpp
[5.442s] -- Symlinking: /home/sparklab/sparklab/gnss-ros_ws/install/velodyne_msgs/include/velodyne_msgs/velodyne_msgs/msg/detail/velodyne_scan__builder.hpp
[5.449s] -- Symlinking: /home/sparklab/sparklab/gnss-ros_ws/install/velodyne_msgs/include/velodyne_msgs/velodyne_msgs/msg/detail/velodyne_scan__struct.hpp
[5.457s] -- Symlinking: /home/sparklab/sparklab/gnss-ros_ws/install/velodyne_msgs/include/velodyne_msgs/velodyne_msgs/msg/detail/velodyne_scan__traits.hpp
[5.464s] -- Symlinking: /home/sparklab/sparklab/gnss-ros_ws/install/velodyne_msgs/include/velodyne_msgs/velodyne_msgs/msg/detail/velodyne_scan__type_support.hpp
[5.472s] -- Symlinking: /home/sparklab/sparklab/gnss-ros_ws/install/velodyne_msgs/include/velodyne_msgs/velodyne_msgs/msg/rosidl_generator_cpp__visibility_control.hpp
[5.479s] -- Symlinking: /home/sparklab/sparklab/gnss-ros_ws/install/velodyne_msgs/include/velodyne_msgs/velodyne_msgs/msg/velodyne_packet.hpp
[5.487s] -- Symlinking: /home/sparklab/sparklab/gnss-ros_ws/install/velodyne_msgs/include/velodyne_msgs/velodyne_msgs/msg/velodyne_scan.hpp
[5.495s] -- Symlinking: /home/sparklab/sparklab/gnss-ros_ws/install/velodyne_msgs/include/velodyne_msgs/velodyne_msgs/msg/detail/velodyne_packet__rosidl_typesupport_fastrtps_cpp.hpp
[5.502s] -- Symlinking: /home/sparklab/sparklab/gnss-ros_ws/install/velodyne_msgs/include/velodyne_msgs/velodyne_msgs/msg/detail/velodyne_scan__rosidl_typesupport_fastrtps_cpp.hpp
[5.510s] -- Symlinking: /home/sparklab/sparklab/gnss-ros_ws/install/velodyne_msgs/include/velodyne_msgs/velodyne_msgs/msg/rosidl_typesupport_fastrtps_cpp__visibility_control.h
[5.518s] -- Symlinking: /home/sparklab/sparklab/gnss-ros_ws/install/velodyne_msgs/include/velodyne_msgs/velodyne_msgs/msg/detail/velodyne_packet__rosidl_typesupport_introspection_c.h
[5.525s] -- Symlinking: /home/sparklab/sparklab/gnss-ros_ws/install/velodyne_msgs/include/velodyne_msgs/velodyne_msgs/msg/detail/velodyne_scan__rosidl_typesupport_introspection_c.h
[5.533s] -- Symlinking: /home/sparklab/sparklab/gnss-ros_ws/install/velodyne_msgs/include/velodyne_msgs/velodyne_msgs/msg/rosidl_typesupport_introspection_c__visibility_control.h
[5.541s] -- Symlinking: /home/sparklab/sparklab/gnss-ros_ws/install/velodyne_msgs/include/velodyne_msgs/velodyne_msgs/msg/detail/velodyne_packet__rosidl_typesupport_introspection_cpp.hpp
[5.548s] -- Symlinking: /home/sparklab/sparklab/gnss-ros_ws/install/velodyne_msgs/include/velodyne_msgs/velodyne_msgs/msg/detail/velodyne_scan__rosidl_typesupport_introspection_cpp.hpp
[5.556s] -- Symlinking: /home/sparklab/sparklab/gnss-ros_ws/install/velodyne_msgs/share/velodyne_msgs/environment/pythonpath.sh
[5.563s] -- Symlinking: /home/sparklab/sparklab/gnss-ros_ws/install/velodyne_msgs/share/velodyne_msgs/environment/pythonpath.dsv
[5.571s] -- Symlinking: /home/sparklab/sparklab/gnss-ros_ws/install/velodyne_msgs/local/lib/python3.10/dist-packages/velodyne_msgs-2.5.1-py3.10.egg-info/PKG-INFO
[5.579s] -- Symlinking: /home/sparklab/sparklab/gnss-ros_ws/install/velodyne_msgs/local/lib/python3.10/dist-packages/velodyne_msgs-2.5.1-py3.10.egg-info/SOURCES.txt
[5.586s] -- Symlinking: /home/sparklab/sparklab/gnss-ros_ws/install/velodyne_msgs/local/lib/python3.10/dist-packages/velodyne_msgs-2.5.1-py3.10.egg-info/dependency_links.txt
[5.594s] -- Symlinking: /home/sparklab/sparklab/gnss-ros_ws/install/velodyne_msgs/local/lib/python3.10/dist-packages/velodyne_msgs-2.5.1-py3.10.egg-info/top_level.txt
[5.602s] -- Symlinking: /home/sparklab/sparklab/gnss-ros_ws/install/velodyne_msgs/local/lib/python3.10/dist-packages/velodyne_msgs/__init__.py
[5.610s] -- Symlinking: /home/sparklab/sparklab/gnss-ros_ws/install/velodyne_msgs/local/lib/python3.10/dist-packages/velodyne_msgs/_velodyne_msgs_s.ep.rosidl_typesupport_c.c
[5.617s] -- Symlinking: /home/sparklab/sparklab/gnss-ros_ws/install/velodyne_msgs/local/lib/python3.10/dist-packages/velodyne_msgs/_velodyne_msgs_s.ep.rosidl_typesupport_fastrtps_c.c
[5.625s] -- Symlinking: /home/sparklab/sparklab/gnss-ros_ws/install/velodyne_msgs/local/lib/python3.10/dist-packages/velodyne_msgs/_velodyne_msgs_s.ep.rosidl_typesupport_introspection_c.c
[5.632s] -- Symlinking: /home/sparklab/sparklab/gnss-ros_ws/install/velodyne_msgs/local/lib/python3.10/dist-packages/velodyne_msgs/libvelodyne_msgs__rosidl_generator_py.so
[5.640s] -- Symlinking: /home/sparklab/sparklab/gnss-ros_ws/install/velodyne_msgs/local/lib/python3.10/dist-packages/velodyne_msgs/msg/__init__.py
[5.647s] -- Symlinking: /home/sparklab/sparklab/gnss-ros_ws/install/velodyne_msgs/local/lib/python3.10/dist-packages/velodyne_msgs/msg/_velodyne_packet.py
[5.655s] -- Symlinking: /home/sparklab/sparklab/gnss-ros_ws/install/velodyne_msgs/local/lib/python3.10/dist-packages/velodyne_msgs/msg/_velodyne_packet_s.c
[5.662s] -- Symlinking: /home/sparklab/sparklab/gnss-ros_ws/install/velodyne_msgs/local/lib/python3.10/dist-packages/velodyne_msgs/msg/_velodyne_scan.py
[5.670s] -- Symlinking: /home/sparklab/sparklab/gnss-ros_ws/install/velodyne_msgs/local/lib/python3.10/dist-packages/velodyne_msgs/msg/_velodyne_scan_s.c
[5.677s] -- Symlinking: /home/sparklab/sparklab/gnss-ros_ws/install/velodyne_msgs/local/lib/python3.10/dist-packages/velodyne_msgs/velodyne_msgs_s__rosidl_typesupport_c.cpython-310-x86_64-linux-gnu.so
[5.685s] -- Symlinking: /home/sparklab/sparklab/gnss-ros_ws/install/velodyne_msgs/local/lib/python3.10/dist-packages/velodyne_msgs/velodyne_msgs_s__rosidl_typesupport_fastrtps_c.cpython-310-x86_64-linux-gnu.so
[5.692s] -- Symlinking: /home/sparklab/sparklab/gnss-ros_ws/install/velodyne_msgs/local/lib/python3.10/dist-packages/velodyne_msgs/velodyne_msgs_s__rosidl_typesupport_introspection_c.cpython-310-x86_64-linux-gnu.so
[5.700s] -- Up-to-date symlink: /home/sparklab/sparklab/gnss-ros_ws/install/velodyne_msgs/local/lib/python3.10/dist-packages/velodyne_msgs/velodyne_msgs_s__rosidl_typesupport_fastrtps_c.cpython-310-x86_64-linux-gnu.so
[5.701s] -- Up-to-date symlink: /home/sparklab/sparklab/gnss-ros_ws/install/velodyne_msgs/local/lib/python3.10/dist-packages/velodyne_msgs/velodyne_msgs_s__rosidl_typesupport_introspection_c.cpython-310-x86_64-linux-gnu.so
[5.701s] -- Up-to-date symlink: /home/sparklab/sparklab/gnss-ros_ws/install/velodyne_msgs/local/lib/python3.10/dist-packages/velodyne_msgs/velodyne_msgs_s__rosidl_typesupport_c.cpython-310-x86_64-linux-gnu.so
[5.701s] -- Symlinking: /home/sparklab/sparklab/gnss-ros_ws/install/velodyne_msgs/share/velodyne_msgs/msg/VelodynePacket.idl
[5.709s] -- Symlinking: /home/sparklab/sparklab/gnss-ros_ws/install/velodyne_msgs/share/velodyne_msgs/msg/VelodyneScan.idl
[5.716s] -- Symlinking: /home/sparklab/sparklab/gnss-ros_ws/install/velodyne_msgs/share/velodyne_msgs/msg/VelodynePacket.msg
[5.724s] -- Symlinking: /home/sparklab/sparklab/gnss-ros_ws/install/velodyne_msgs/share/velodyne_msgs/msg/VelodyneScan.msg
[5.732s] -- Symlinking: /home/sparklab/sparklab/gnss-ros_ws/install/velodyne_msgs/share/ament_index/resource_index/package_run_dependencies/velodyne_msgs
[5.739s] -- Symlinking: /home/sparklab/sparklab/gnss-ros_ws/install/velodyne_msgs/share/ament_index/resource_index/parent_prefix_path/velodyne_msgs
[5.747s] -- Symlinking: /home/sparklab/sparklab/gnss-ros_ws/install/velodyne_msgs/share/velodyne_msgs/environment/ament_prefix_path.sh
[5.754s] -- Symlinking: /home/sparklab/sparklab/gnss-ros_ws/install/velodyne_msgs/share/velodyne_msgs/environment/ament_prefix_path.dsv
[5.762s] -- Symlinking: /home/sparklab/sparklab/gnss-ros_ws/install/velodyne_msgs/share/velodyne_msgs/environment/path.sh
[5.770s] -- Symlinking: /home/sparklab/sparklab/gnss-ros_ws/install/velodyne_msgs/share/velodyne_msgs/environment/path.dsv
[5.777s] -- Symlinking: /home/sparklab/sparklab/gnss-ros_ws/install/velodyne_msgs/share/velodyne_msgs/local_setup.bash
[5.785s] -- Symlinking: /home/sparklab/sparklab/gnss-ros_ws/install/velodyne_msgs/share/velodyne_msgs/local_setup.sh
[5.792s] -- Symlinking: /home/sparklab/sparklab/gnss-ros_ws/install/velodyne_msgs/share/velodyne_msgs/local_setup.zsh
[5.800s] -- Symlinking: /home/sparklab/sparklab/gnss-ros_ws/install/velodyne_msgs/share/velodyne_msgs/local_setup.dsv
[5.808s] -- Symlinking: /home/sparklab/sparklab/gnss-ros_ws/install/velodyne_msgs/share/velodyne_msgs/package.dsv
[5.815s] -- Symlinking: /home/sparklab/sparklab/gnss-ros_ws/install/velodyne_msgs/share/ament_index/resource_index/packages/velodyne_msgs
[5.823s] -- Symlinking: /home/sparklab/sparklab/gnss-ros_ws/install/velodyne_msgs/share/velodyne_msgs/cmake/rosidl_cmake-extras.cmake
[5.831s] -- Symlinking: /home/sparklab/sparklab/gnss-ros_ws/install/velodyne_msgs/share/velodyne_msgs/cmake/ament_cmake_export_dependencies-extras.cmake
[5.838s] -- Symlinking: /home/sparklab/sparklab/gnss-ros_ws/install/velodyne_msgs/share/velodyne_msgs/cmake/ament_cmake_export_include_directories-extras.cmake
[5.846s] -- Symlinking: /home/sparklab/sparklab/gnss-ros_ws/install/velodyne_msgs/share/velodyne_msgs/cmake/ament_cmake_export_libraries-extras.cmake
[5.854s] -- Symlinking: /home/sparklab/sparklab/gnss-ros_ws/install/velodyne_msgs/share/velodyne_msgs/cmake/ament_cmake_export_targets-extras.cmake
[5.862s] -- Symlinking: /home/sparklab/sparklab/gnss-ros_ws/install/velodyne_msgs/share/velodyne_msgs/cmake/rosidl_cmake_export_typesupport_targets-extras.cmake
[5.869s] -- Symlinking: /home/sparklab/sparklab/gnss-ros_ws/install/velodyne_msgs/share/velodyne_msgs/cmake/rosidl_cmake_export_typesupport_libraries-extras.cmake
[5.877s] -- Symlinking: /home/sparklab/sparklab/gnss-ros_ws/install/velodyne_msgs/share/velodyne_msgs/cmake/velodyne_msgsConfig.cmake
[5.885s] -- Symlinking: /home/sparklab/sparklab/gnss-ros_ws/install/velodyne_msgs/share/velodyne_msgs/cmake/velodyne_msgsConfig-version.cmake
[5.892s] -- Symlinking: /home/sparklab/sparklab/gnss-ros_ws/install/velodyne_msgs/share/velodyne_msgs/package.xml
[5.900s] -- Installing: /home/sparklab/sparklab/gnss-ros_ws/install/velodyne_msgs/lib/libvelodyne_msgs__rosidl_generator_c.so
[5.901s] -- Set runtime path of "/home/sparklab/sparklab/gnss-ros_ws/install/velodyne_msgs/lib/libvelodyne_msgs__rosidl_generator_c.so" to ""
[5.901s] -- Installing: /home/sparklab/sparklab/gnss-ros_ws/install/velodyne_msgs/lib/libvelodyne_msgs__rosidl_typesupport_fastrtps_c.so
[5.901s] -- Set runtime path of "/home/sparklab/sparklab/gnss-ros_ws/install/velodyne_msgs/lib/libvelodyne_msgs__rosidl_typesupport_fastrtps_c.so" to ""
[5.901s] -- Installing: /home/sparklab/sparklab/gnss-ros_ws/install/velodyne_msgs/lib/libvelodyne_msgs__rosidl_typesupport_fastrtps_cpp.so
[5.902s] -- Set runtime path of "/home/sparklab/sparklab/gnss-ros_ws/install/velodyne_msgs/lib/libvelodyne_msgs__rosidl_typesupport_fastrtps_cpp.so" to ""
[5.902s] -- Installing: /home/sparklab/sparklab/gnss-ros_ws/install/velodyne_msgs/lib/libvelodyne_msgs__rosidl_typesupport_introspection_c.so
[5.902s] -- Set runtime path of "/home/sparklab/sparklab/gnss-ros_ws/install/velodyne_msgs/lib/libvelodyne_msgs__rosidl_typesupport_introspection_c.so" to ""
[5.902s] -- Installing: /home/sparklab/sparklab/gnss-ros_ws/install/velodyne_msgs/lib/libvelodyne_msgs__rosidl_typesupport_c.so
[5.903s] -- Set runtime path of "/home/sparklab/sparklab/gnss-ros_ws/install/velodyne_msgs/lib/libvelodyne_msgs__rosidl_typesupport_c.so" to ""
[5.903s] -- Installing: /home/sparklab/sparklab/gnss-ros_ws/install/velodyne_msgs/lib/libvelodyne_msgs__rosidl_typesupport_introspection_cpp.so
[5.903s] -- Set runtime path of "/home/sparklab/sparklab/gnss-ros_ws/install/velodyne_msgs/lib/libvelodyne_msgs__rosidl_typesupport_introspection_cpp.so" to ""
[5.903s] -- Installing: /home/sparklab/sparklab/gnss-ros_ws/install/velodyne_msgs/lib/libvelodyne_msgs__rosidl_typesupport_cpp.so
[5.903s] -- Set runtime path of "/home/sparklab/sparklab/gnss-ros_ws/install/velodyne_msgs/lib/libvelodyne_msgs__rosidl_typesupport_cpp.so" to ""
[5.940s] Listing '/home/sparklab/sparklab/gnss-ros_ws/install/velodyne_msgs/local/lib/python3.10/dist-packages/velodyne_msgs'...
[5.940s] Compiling '/home/sparklab/sparklab/gnss-ros_ws/install/velodyne_msgs/local/lib/python3.10/dist-packages/velodyne_msgs/__init__.py'...
[5.940s] Listing '/home/sparklab/sparklab/gnss-ros_ws/install/velodyne_msgs/local/lib/python3.10/dist-packages/velodyne_msgs/msg'...
[5.940s] Compiling '/home/sparklab/sparklab/gnss-ros_ws/install/velodyne_msgs/local/lib/python3.10/dist-packages/velodyne_msgs/msg/__init__.py'...
[5.940s] Compiling '/home/sparklab/sparklab/gnss-ros_ws/install/velodyne_msgs/local/lib/python3.10/dist-packages/velodyne_msgs/msg/_velodyne_packet.py'...
[5.940s] Compiling '/home/sparklab/sparklab/gnss-ros_ws/install/velodyne_msgs/local/lib/python3.10/dist-packages/velodyne_msgs/msg/_velodyne_scan.py'...
[5.945s] -- Installing: /home/sparklab/sparklab/gnss-ros_ws/install/velodyne_msgs/lib/libvelodyne_msgs__rosidl_generator_py.so
[5.945s] -- Set runtime path of "/home/sparklab/sparklab/gnss-ros_ws/install/velodyne_msgs/lib/libvelodyne_msgs__rosidl_generator_py.so" to ""
[5.945s] -- Installing: /home/sparklab/sparklab/gnss-ros_ws/install/velodyne_msgs/share/velodyne_msgs/cmake/export_velodyne_msgs__rosidl_generator_cExport.cmake
[5.945s] -- Installing: /home/sparklab/sparklab/gnss-ros_ws/install/velodyne_msgs/share/velodyne_msgs/cmake/export_velodyne_msgs__rosidl_generator_cExport-noconfig.cmake
[5.945s] -- Installing: /home/sparklab/sparklab/gnss-ros_ws/install/velodyne_msgs/share/velodyne_msgs/cmake/export_velodyne_msgs__rosidl_typesupport_fastrtps_cExport.cmake
[5.946s] -- Installing: /home/sparklab/sparklab/gnss-ros_ws/install/velodyne_msgs/share/velodyne_msgs/cmake/export_velodyne_msgs__rosidl_typesupport_fastrtps_cExport-noconfig.cmake
[5.946s] -- Installing: /home/sparklab/sparklab/gnss-ros_ws/install/velodyne_msgs/share/velodyne_msgs/cmake/export_velodyne_msgs__rosidl_generator_cppExport.cmake
[5.946s] -- Installing: /home/sparklab/sparklab/gnss-ros_ws/install/velodyne_msgs/share/velodyne_msgs/cmake/export_velodyne_msgs__rosidl_typesupport_fastrtps_cppExport.cmake
[5.946s] -- Installing: /home/sparklab/sparklab/gnss-ros_ws/install/velodyne_msgs/share/velodyne_msgs/cmake/export_velodyne_msgs__rosidl_typesupport_fastrtps_cppExport-noconfig.cmake
[5.946s] -- Installing: /home/sparklab/sparklab/gnss-ros_ws/install/velodyne_msgs/share/velodyne_msgs/cmake/velodyne_msgs__rosidl_typesupport_introspection_cExport.cmake
[5.946s] -- Installing: /home/sparklab/sparklab/gnss-ros_ws/install/velodyne_msgs/share/velodyne_msgs/cmake/velodyne_msgs__rosidl_typesupport_introspection_cExport-noconfig.cmake
[5.946s] -- Installing: /home/sparklab/sparklab/gnss-ros_ws/install/velodyne_msgs/share/velodyne_msgs/cmake/velodyne_msgs__rosidl_typesupport_cExport.cmake
[5.947s] -- Installing: /home/sparklab/sparklab/gnss-ros_ws/install/velodyne_msgs/share/velodyne_msgs/cmake/velodyne_msgs__rosidl_typesupport_cExport-noconfig.cmake
[5.947s] -- Installing: /home/sparklab/sparklab/gnss-ros_ws/install/velodyne_msgs/share/velodyne_msgs/cmake/velodyne_msgs__rosidl_typesupport_introspection_cppExport.cmake
[5.947s] -- Installing: /home/sparklab/sparklab/gnss-ros_ws/install/velodyne_msgs/share/velodyne_msgs/cmake/velodyne_msgs__rosidl_typesupport_introspection_cppExport-noconfig.cmake
[5.947s] -- Installing: /home/sparklab/sparklab/gnss-ros_ws/install/velodyne_msgs/share/velodyne_msgs/cmake/velodyne_msgs__rosidl_typesupport_cppExport.cmake
[5.947s] -- Installing: /home/sparklab/sparklab/gnss-ros_ws/install/velodyne_msgs/share/velodyne_msgs/cmake/velodyne_msgs__rosidl_typesupport_cppExport-noconfig.cmake
[5.947s] -- Installing: /home/sparklab/sparklab/gnss-ros_ws/install/velodyne_msgs/share/velodyne_msgs/cmake/export_velodyne_msgs__rosidl_generator_pyExport.cmake
[5.948s] -- Installing: /home/sparklab/sparklab/gnss-ros_ws/install/velodyne_msgs/share/velodyne_msgs/cmake/export_velodyne_msgs__rosidl_generator_pyExport-noconfig.cmake
[5.950s] Invoked command in '/home/sparklab/sparklab/gnss-ros_ws/build/velodyne_msgs' returned '0': CMAKE_PREFIX_PATH=/opt/ros/humble /usr/bin/cmake --install /home/sparklab/sparklab/gnss-ros_ws/build/velodyne_msgs
