[0.009s] Invoking command in '/home/sparklab/sparklab/gnss-ros_ws/build/velodyne_pointcloud': AMENT_PREFIX_PATH=/home/sparklab/sparklab/gnss-ros_ws/install/velodyne_msgs:${AMENT_PREFIX_PATH} CMAKE_PREFIX_PATH=/home/sparklab/sparklab/gnss-ros_ws/install/velodyne_msgs:/opt/ros/humble LD_LIBRARY_PATH=/home/sparklab/sparklab/gnss-ros_ws/install/velodyne_msgs/lib:${LD_LIBRARY_PATH} PYTHONPATH=/home/sparklab/sparklab/gnss-ros_ws/install/velodyne_msgs/local/lib/python3.10/dist-packages:${PYTHONPATH} /usr/bin/cmake /home/sparklab/sparklab/gnss-ros_ws/src/velodyne/velodyne_pointcloud -DAMENT_CMAKE_SYMLINK_INSTALL=1 -DCMAKE_INSTALL_PREFIX=/home/sparklab/sparklab/gnss-ros_ws/install/velodyne_pointcloud
[0.075s] -- The C compiler identification is GNU 11.4.0
[0.126s] -- The CXX compiler identification is GNU 11.4.0
[0.133s] -- Detecting C compiler ABI info
[0.207s] -- Detecting C compiler ABI info - done
[0.211s] -- Check for working C compiler: /usr/bin/cc - skipped
[0.212s] -- Detecting C compile features
[0.212s] -- Detecting C compile features - done
[0.215s] -- Detecting CXX compiler ABI info
[0.297s] -- Detecting CXX compiler ABI info - done
[0.306s] -- Check for working CXX compiler: /usr/bin/c++ - skipped
[0.306s] -- Detecting CXX compile features
[0.306s] -- Detecting CXX compile features - done
[0.309s] -- Found ament_cmake: 1.3.11 (/opt/ros/humble/share/ament_cmake/cmake)
[0.470s] -- Found Python3: /usr/bin/python3 (found version "3.10.12") found components: Interpreter 
[0.538s] -- Override CMake install command with custom implementation using symlinks instead of copying resources
[0.577s] -- Found angles: 1.15.0 (/opt/ros/humble/share/angles/cmake)
[0.581s] -- Found diagnostic_updater: 4.0.2 (/opt/ros/humble/share/diagnostic_updater/cmake)
[0.627s] -- Found rosidl_generator_c: 3.1.6 (/opt/ros/humble/share/rosidl_generator_c/cmake)
[0.633s] -- Found rosidl_adapter: 3.1.6 (/opt/ros/humble/share/rosidl_adapter/cmake)
[0.643s] -- Found rosidl_generator_cpp: 3.1.6 (/opt/ros/humble/share/rosidl_generator_cpp/cmake)
[0.658s] -- Using all available rosidl_typesupport_c: rosidl_typesupport_fastrtps_c;rosidl_typesupport_introspection_c
[0.677s] -- Using all available rosidl_typesupport_cpp: rosidl_typesupport_fastrtps_cpp;rosidl_typesupport_introspection_cpp
[0.769s] -- Found rmw_implementation_cmake: 6.1.2 (/opt/ros/humble/share/rmw_implementation_cmake/cmake)
[0.772s] -- Found rmw_fastrtps_cpp: 6.2.7 (/opt/ros/humble/share/rmw_fastrtps_cpp/cmake)
[0.870s] -- Found OpenSSL: /usr/lib/x86_64-linux-gnu/libcrypto.so (found version "3.0.2")  
[0.902s] -- Found FastRTPS: /opt/ros/humble/include  
[0.954s] -- Using RMW implementation 'rmw_fastrtps_cpp' as default
[0.964s] -- Looking for pthread.h
[1.035s] -- Looking for pthread.h - found
[1.035s] -- Performing Test CMAKE_HAVE_LIBC_PTHREAD
[1.123s] -- Performing Test CMAKE_HAVE_LIBC_PTHREAD - Success
[1.123s] -- Found Threads: TRUE  
[1.177s] -- Found geometry_msgs: 4.8.0 (/opt/ros/humble/share/geometry_msgs/cmake)
[1.193s] -- Found message_filters: 4.3.6 (/opt/ros/humble/share/message_filters/cmake)
[1.212s] -- Checking for module 'eigen3'
[1.223s] --   Found eigen3, version 3.4.0
[1.251s] -- Found Eigen: /usr/include/eigen3 (Required is at least version "3.1") 
[1.252s] -- Eigen found (include: /usr/include/eigen3, version: 3.4.0)
[1.288s] -- Found Boost: /usr/lib/x86_64-linux-gnu/cmake/Boost-1.74.0/BoostConfig.cmake (found suitable version "1.74.0", minimum required is "1.65.0") found components: system filesystem date_time iostreams serialization 
[1.291s] -- looking for PCL_COMMON
[1.292s] -- Found PCL_COMMON: /usr/lib/x86_64-linux-gnu/libpcl_common.so  
[1.292s] -- Found PCL: pcl_common;Boost::system;Boost::filesystem;Boost::date_time;Boost::iostreams;Boost::serialization  
[1.295s] -- Found rclcpp_components: 16.0.12 (/opt/ros/humble/share/rclcpp_components/cmake)
[1.329s] -- Found sensor_msgs: 4.8.0 (/opt/ros/humble/share/sensor_msgs/cmake)
[1.351s] -- Found tf2: 0.25.12 (/opt/ros/humble/share/tf2/cmake)
[1.356s] -- Found tf2_ros: 0.25.12 (/opt/ros/humble/share/tf2_ros/cmake)
[1.430s] -- Found velodyne_msgs: 2.5.1 (/home/sparklab/sparklab/gnss-ros_ws/install/velodyne_msgs/share/velodyne_msgs/cmake)
[1.453s] -- Found ament_lint_auto: 0.12.12 (/opt/ros/humble/share/ament_lint_auto/cmake)
[1.554s] -- Found gtest sources under '/opt/ros/humble/src/gtest_vendor': C++ tests using 'Google Test' will be built
[1.568s] -- Added test 'copyright' to check source files copyright and LICENSE
[1.573s] -- Added test 'cppcheck' to perform static code analysis on C / C++ code
[1.573s] -- Configured cppcheck include dirs: $<BUILD_INTERFACE:/home/sparklab/sparklab/gnss-ros_ws/src/velodyne/velodyne_pointcloud/include>
[1.574s] -- Configured cppcheck exclude dirs and/or files: 
[1.578s] -- Added test 'cpplint' to check C / C++ code against the Google style
[1.578s] -- Configured cpplint exclude dirs and/or files: 
[1.580s] -- Added test 'flake8' to check Python code syntax and style conventions
[1.581s] -- Added test 'lint_cmake' to check CMake code style
[1.582s] -- Added test 'pep257' to check Python code against some of the docstring style conventions in PEP 257
[1.587s] -- Added test 'uncrustify' to check C / C++ code style
[1.587s] -- Configured uncrustify additional arguments: 
[1.593s] -- Configuring done
[1.650s] -- Generating done
[1.668s] -- Build files have been written to: /home/sparklab/sparklab/gnss-ros_ws/build/velodyne_pointcloud
[1.684s] Invoked command in '/home/sparklab/sparklab/gnss-ros_ws/build/velodyne_pointcloud' returned '0': AMENT_PREFIX_PATH=/home/sparklab/sparklab/gnss-ros_ws/install/velodyne_msgs:${AMENT_PREFIX_PATH} CMAKE_PREFIX_PATH=/home/sparklab/sparklab/gnss-ros_ws/install/velodyne_msgs:/opt/ros/humble LD_LIBRARY_PATH=/home/sparklab/sparklab/gnss-ros_ws/install/velodyne_msgs/lib:${LD_LIBRARY_PATH} PYTHONPATH=/home/sparklab/sparklab/gnss-ros_ws/install/velodyne_msgs/local/lib/python3.10/dist-packages:${PYTHONPATH} /usr/bin/cmake /home/sparklab/sparklab/gnss-ros_ws/src/velodyne/velodyne_pointcloud -DAMENT_CMAKE_SYMLINK_INSTALL=1 -DCMAKE_INSTALL_PREFIX=/home/sparklab/sparklab/gnss-ros_ws/install/velodyne_pointcloud
[1.684s] Invoking command in '/home/sparklab/sparklab/gnss-ros_ws/build/velodyne_pointcloud': AMENT_PREFIX_PATH=/home/sparklab/sparklab/gnss-ros_ws/install/velodyne_msgs:${AMENT_PREFIX_PATH} CMAKE_PREFIX_PATH=/home/sparklab/sparklab/gnss-ros_ws/install/velodyne_msgs:/opt/ros/humble LD_LIBRARY_PATH=/home/sparklab/sparklab/gnss-ros_ws/install/velodyne_msgs/lib:${LD_LIBRARY_PATH} PYTHONPATH=/home/sparklab/sparklab/gnss-ros_ws/install/velodyne_msgs/local/lib/python3.10/dist-packages:${PYTHONPATH} /usr/bin/cmake --build /home/sparklab/sparklab/gnss-ros_ws/build/velodyne_pointcloud -- -j4 -l4
[1.750s] [  5%] [32mBuilding CXX object CMakeFiles/velodyne_rawdata.dir/src/lib/rawdata.cpp.o[0m
[1.775s] [ 11%] [32mBuilding CXX object CMakeFiles/velodyne_cloud_types.dir/src/lib/pointcloudXYZIRT.cpp.o[0m
[1.819s] [ 16%] [32mBuilding CXX object gtest/CMakeFiles/gtest_main.dir/src/gtest_main.cc.o[0m
[1.847s] [ 22%] [32mBuilding CXX object gtest/CMakeFiles/gtest.dir/src/gtest-all.cc.o[0m
[2.930s] [ 27%] [32m[1mLinking CXX static library libgtest_main.a[0m
[3.079s] [ 27%] Built target gtest_main
[3.114s] [ 33%] [32mBuilding CXX object CMakeFiles/velodyne_cloud_types.dir/src/lib/organized_cloudXYZIRT.cpp.o[0m
[6.506s] [ 38%] [32m[1mLinking CXX static library libgtest.a[0m
[6.714s] [ 38%] Built target gtest
[6.830s] [ 44%] [32mBuilding CXX object tests/CMakeFiles/test_row_step.dir/test_row_step.cpp.o[0m
[9.394s] [ 50%] [32mBuilding CXX object CMakeFiles/velodyne_rawdata.dir/src/lib/calibration.cpp.o[0m
[10.038s] [ 55%] [32m[1mLinking CXX shared library libvelodyne_cloud_types.so[0m
[10.270s] [ 55%] Built target velodyne_cloud_types
[13.275s] [ 61%] [32m[1mLinking CXX executable test_row_step[0m
[13.345s] [ 66%] [32m[1mLinking CXX shared library libvelodyne_rawdata.so[0m
[13.513s] [ 66%] Built target velodyne_rawdata
[13.530s] [ 66%] Built target test_row_step
[13.533s] [ 72%] [32mBuilding CXX object CMakeFiles/transform.dir/src/conversions/transform.cpp.o[0m
[13.533s] [ 77%] [32mBuilding CXX object tests/CMakeFiles/test_calibration.dir/test_calibration.cpp.o[0m
[14.817s] [ 83%] [32m[1mLinking CXX executable test_calibration[0m
[15.036s] [ 83%] Built target test_calibration
[25.677s] [ 88%] [32m[1mLinking CXX shared library libtransform.so[0m
[26.269s] [ 88%] Built target transform
[26.287s] [ 94%] [32mBuilding CXX object CMakeFiles/velodyne_transform_node.dir/src/conversions/transform_node.cpp.o[0m
[31.960s] [100%] [32m[1mLinking CXX executable velodyne_transform_node[0m
[32.274s] [100%] Built target velodyne_transform_node
