[0.030s] Invoking command in '/home/sparklab/sparklab/gnss-ros_ws/build/velodyne': CMAKE_PREFIX_PATH=/home/sparklab/sparklab/gnss-ros_ws/install/velodyne_pointcloud:/home/sparklab/sparklab/gnss-ros_ws/install/velodyne_driver:/home/sparklab/sparklab/gnss-ros_ws/install/velodyne_msgs:/home/sparklab/sparklab/gnss-ros_ws/install/velodyne_laserscan:/home/sparklab/sparklab/gnss-ros_ws/install/velodyne:/home/sparklab/sparklab/gnss-ros_ws/install/realsense2_description:/home/sparklab/sparklab/gnss-ros_ws/install/realsense2_camera:/home/sparklab/sparklab/gnss-ros_ws/install/realsense2_camera_msgs:/opt/ros/humble /usr/bin/cmake --build /home/sparklab/sparklab/gnss-ros_ws/build/velodyne -- -j4 -l4
[0.070s] Invoked command in '/home/sparklab/sparklab/gnss-ros_ws/build/velodyne' returned '0': CMAKE_PREFIX_PATH=/home/sparklab/sparklab/gnss-ros_ws/install/velodyne_pointcloud:/home/sparklab/sparklab/gnss-ros_ws/install/velodyne_driver:/home/sparklab/sparklab/gnss-ros_ws/install/velodyne_msgs:/home/sparklab/sparklab/gnss-ros_ws/install/velodyne_laserscan:/home/sparklab/sparklab/gnss-ros_ws/install/velodyne:/home/sparklab/sparklab/gnss-ros_ws/install/realsense2_description:/home/sparklab/sparklab/gnss-ros_ws/install/realsense2_camera:/home/sparklab/sparklab/gnss-ros_ws/install/realsense2_camera_msgs:/opt/ros/humble /usr/bin/cmake --build /home/sparklab/sparklab/gnss-ros_ws/build/velodyne -- -j4 -l4
[0.072s] Invoking command in '/home/sparklab/sparklab/gnss-ros_ws/build/velodyne': CMAKE_PREFIX_PATH=/home/sparklab/sparklab/gnss-ros_ws/install/velodyne_pointcloud:/home/sparklab/sparklab/gnss-ros_ws/install/velodyne_driver:/home/sparklab/sparklab/gnss-ros_ws/install/velodyne_msgs:/home/sparklab/sparklab/gnss-ros_ws/install/velodyne_laserscan:/home/sparklab/sparklab/gnss-ros_ws/install/velodyne:/home/sparklab/sparklab/gnss-ros_ws/install/realsense2_description:/home/sparklab/sparklab/gnss-ros_ws/install/realsense2_camera:/home/sparklab/sparklab/gnss-ros_ws/install/realsense2_camera_msgs:/opt/ros/humble /usr/bin/cmake --install /home/sparklab/sparklab/gnss-ros_ws/build/velodyne
[0.079s] -- Install configuration: ""
[0.080s] -- Execute custom install script
[0.080s] -- Up-to-date symlink: /home/sparklab/sparklab/gnss-ros_ws/install/velodyne/share/velodyne/launch/velodyne-all-nodes-VLP16-composed-launch.py
[0.080s] -- Up-to-date symlink: /home/sparklab/sparklab/gnss-ros_ws/install/velodyne/share/velodyne/launch/velodyne-all-nodes-VLP16-launch.py
[0.081s] -- Up-to-date symlink: /home/sparklab/sparklab/gnss-ros_ws/install/velodyne/share/velodyne/launch/velodyne-all-nodes-VLP32C-composed-launch.py
[0.081s] -- Up-to-date symlink: /home/sparklab/sparklab/gnss-ros_ws/install/velodyne/share/velodyne/launch/velodyne-all-nodes-VLP32C-launch.py
[0.081s] -- Up-to-date symlink: /home/sparklab/sparklab/gnss-ros_ws/install/velodyne/share/velodyne/launch/velodyne-all-nodes-VLS128-composed-launch.py
[0.082s] -- Up-to-date symlink: /home/sparklab/sparklab/gnss-ros_ws/install/velodyne/share/velodyne/launch/velodyne-all-nodes-VLS128-launch.py
[0.082s] -- Up-to-date symlink: /home/sparklab/sparklab/gnss-ros_ws/install/velodyne/share/ament_index/resource_index/package_run_dependencies/velodyne
[0.082s] -- Up-to-date symlink: /home/sparklab/sparklab/gnss-ros_ws/install/velodyne/share/ament_index/resource_index/parent_prefix_path/velodyne
[0.083s] -- Up-to-date symlink: /home/sparklab/sparklab/gnss-ros_ws/install/velodyne/share/velodyne/environment/ament_prefix_path.sh
[0.083s] -- Up-to-date symlink: /home/sparklab/sparklab/gnss-ros_ws/install/velodyne/share/velodyne/environment/ament_prefix_path.dsv
[0.083s] -- Up-to-date symlink: /home/sparklab/sparklab/gnss-ros_ws/install/velodyne/share/velodyne/environment/path.sh
[0.084s] -- Up-to-date symlink: /home/sparklab/sparklab/gnss-ros_ws/install/velodyne/share/velodyne/environment/path.dsv
[0.084s] -- Up-to-date symlink: /home/sparklab/sparklab/gnss-ros_ws/install/velodyne/share/velodyne/local_setup.bash
[0.084s] -- Up-to-date symlink: /home/sparklab/sparklab/gnss-ros_ws/install/velodyne/share/velodyne/local_setup.sh
[0.084s] -- Up-to-date symlink: /home/sparklab/sparklab/gnss-ros_ws/install/velodyne/share/velodyne/local_setup.zsh
[0.085s] -- Up-to-date symlink: /home/sparklab/sparklab/gnss-ros_ws/install/velodyne/share/velodyne/local_setup.dsv
[0.085s] -- Symlinking: /home/sparklab/sparklab/gnss-ros_ws/install/velodyne/share/velodyne/package.dsv
[0.097s] -- Up-to-date symlink: /home/sparklab/sparklab/gnss-ros_ws/install/velodyne/share/ament_index/resource_index/packages/velodyne
[0.097s] -- Up-to-date symlink: /home/sparklab/sparklab/gnss-ros_ws/install/velodyne/share/velodyne/cmake/velodyneConfig.cmake
[0.097s] -- Up-to-date symlink: /home/sparklab/sparklab/gnss-ros_ws/install/velodyne/share/velodyne/cmake/velodyneConfig-version.cmake
[0.097s] -- Up-to-date symlink: /home/sparklab/sparklab/gnss-ros_ws/install/velodyne/share/velodyne/package.xml
[0.099s] Invoked command in '/home/sparklab/sparklab/gnss-ros_ws/build/velodyne' returned '0': CMAKE_PREFIX_PATH=/home/sparklab/sparklab/gnss-ros_ws/install/velodyne_pointcloud:/home/sparklab/sparklab/gnss-ros_ws/install/velodyne_driver:/home/sparklab/sparklab/gnss-ros_ws/install/velodyne_msgs:/home/sparklab/sparklab/gnss-ros_ws/install/velodyne_laserscan:/home/sparklab/sparklab/gnss-ros_ws/install/velodyne:/home/sparklab/sparklab/gnss-ros_ws/install/realsense2_description:/home/sparklab/sparklab/gnss-ros_ws/install/realsense2_camera:/home/sparklab/sparklab/gnss-ros_ws/install/realsense2_camera_msgs:/opt/ros/humble /usr/bin/cmake --install /home/sparklab/sparklab/gnss-ros_ws/build/velodyne
