[0.697s] Invoking command in '/home/sparklab/sparklab/gnss-ros_ws/build/ntrip_client': PYTHONPATH=/home/sparklab/sparklab/gnss-ros_ws/build/ntrip_client/prefix_override:/usr/lib/python3/dist-packages/colcon_core/task/python/colcon_distutils_commands:/home/sparklab/sparklab/gnss-ros_ws/install/ntrip_client/lib/python3.10/site-packages:${PYTHONPATH} /usr/bin/python3 -W ignore:setup.py install is deprecated -W ignore:easy_install command is deprecated setup.py develop --editable --build-directory /home/sparklab/sparklab/gnss-ros_ws/build/ntrip_client/build --no-deps symlink_data
[0.970s] running develop
[1.113s] running egg_info
[1.114s] creating src/ntrip_client.egg-info
[1.114s] writing src/ntrip_client.egg-info/PKG-INFO
[1.114s] writing dependency_links to src/ntrip_client.egg-info/dependency_links.txt
[1.114s] writing requirements to src/ntrip_client.egg-info/requires.txt
[1.114s] writing top-level names to src/ntrip_client.egg-info/top_level.txt
[1.114s] writing manifest file 'src/ntrip_client.egg-info/SOURCES.txt'
[1.116s] reading manifest file 'src/ntrip_client.egg-info/SOURCES.txt'
[1.117s] writing manifest file 'src/ntrip_client.egg-info/SOURCES.txt'
[1.119s] running build_ext
[1.119s] Creating /home/sparklab/sparklab/gnss-ros_ws/install/ntrip_client/lib/python3.10/site-packages/ntrip-client.egg-link (link to src)
[1.123s] Installing ntrip_ros.py script to /home/sparklab/sparklab/gnss-ros_ws/install/ntrip_client/lib/ntrip_client
[1.123s] Installing ntrip_ros_base.py script to /home/sparklab/sparklab/gnss-ros_ws/install/ntrip_client/lib/ntrip_client
[1.123s] Installing ntrip_serial_device_ros.py script to /home/sparklab/sparklab/gnss-ros_ws/install/ntrip_client/lib/ntrip_client
[1.124s] 
[1.124s] Installed /home/sparklab/sparklab/gnss-ros_ws/build/ntrip_client/src
[1.125s] running symlink_data
[1.125s] creating /home/sparklab/sparklab/gnss-ros_ws/install/ntrip_client/share/ament_index
[1.125s] creating /home/sparklab/sparklab/gnss-ros_ws/install/ntrip_client/share/ament_index/resource_index
[1.125s] creating /home/sparklab/sparklab/gnss-ros_ws/install/ntrip_client/share/ament_index/resource_index/packages
[1.125s] symbolically linking /home/sparklab/sparklab/gnss-ros_ws/build/ntrip_client/resource/ntrip_client -> /home/sparklab/sparklab/gnss-ros_ws/install/ntrip_client/share/ament_index/resource_index/packages
[1.125s] symbolically linking /home/sparklab/sparklab/gnss-ros_ws/build/ntrip_client/package.xml -> /home/sparklab/sparklab/gnss-ros_ws/install/ntrip_client/share/ntrip_client
[1.125s] symbolically linking /home/sparklab/sparklab/gnss-ros_ws/build/ntrip_client/launch/ntrip_client_launch.py -> /home/sparklab/sparklab/gnss-ros_ws/install/ntrip_client/share/ntrip_client
[1.125s] symbolically linking /home/sparklab/sparklab/gnss-ros_ws/build/ntrip_client/launch/ntrip_serial_device_launch.py -> /home/sparklab/sparklab/gnss-ros_ws/install/ntrip_client/share/ntrip_client
[1.161s] Invoked command in '/home/sparklab/sparklab/gnss-ros_ws/build/ntrip_client' returned '0': PYTHONPATH=/home/sparklab/sparklab/gnss-ros_ws/build/ntrip_client/prefix_override:/usr/lib/python3/dist-packages/colcon_core/task/python/colcon_distutils_commands:/home/sparklab/sparklab/gnss-ros_ws/install/ntrip_client/lib/python3.10/site-packages:${PYTHONPATH} /usr/bin/python3 -W ignore:setup.py install is deprecated -W ignore:easy_install command is deprecated setup.py develop --editable --build-directory /home/sparklab/sparklab/gnss-ros_ws/build/ntrip_client/build --no-deps symlink_data
