[0.011s] Invoking command in '/home/sparklab/sparklab/gnss-ros_ws/build/velodyne': AMENT_PREFIX_PATH=/home/sparklab/sparklab/gnss-ros_ws/install/velodyne_pointcloud:/home/sparklab/sparklab/gnss-ros_ws/install/velodyne_driver:/home/sparklab/sparklab/gnss-ros_ws/install/velodyne_msgs:/home/sparklab/sparklab/gnss-ros_ws/install/velodyne_laserscan:${AMENT_PREFIX_PATH} CMAKE_PREFIX_PATH=/home/sparklab/sparklab/gnss-ros_ws/install/velodyne_pointcloud:/home/sparklab/sparklab/gnss-ros_ws/install/velodyne_driver:/home/sparklab/sparklab/gnss-ros_ws/install/velodyne_msgs:/home/sparklab/sparklab/gnss-ros_ws/install/velodyne_laserscan:/opt/ros/humble LD_LIBRARY_PATH=/home/sparklab/sparklab/gnss-ros_ws/install/velodyne_pointcloud/lib:/home/sparklab/sparklab/gnss-ros_ws/install/velodyne_driver/lib:/home/sparklab/sparklab/gnss-ros_ws/install/velodyne_msgs/lib:/home/sparklab/sparklab/gnss-ros_ws/install/velodyne_laserscan/lib:${LD_LIBRARY_PATH} PYTHONPATH=/home/sparklab/sparklab/gnss-ros_ws/install/velodyne_msgs/local/lib/python3.10/dist-packages:${PYTHONPATH} /usr/bin/cmake /home/sparklab/sparklab/gnss-ros_ws/src/velodyne/velodyne -DAMENT_CMAKE_SYMLINK_INSTALL=1 -DCMAKE_INSTALL_PREFIX=/home/sparklab/sparklab/gnss-ros_ws/install/velodyne
[0.066s] -- The C compiler identification is GNU 11.4.0
[0.126s] -- The CXX compiler identification is GNU 11.4.0
[0.133s] -- Detecting C compiler ABI info
[0.198s] -- Detecting C compiler ABI info - done
[0.206s] -- Check for working C compiler: /usr/bin/cc - skipped
[0.206s] -- Detecting C compile features
[0.207s] -- Detecting C compile features - done
[0.210s] -- Detecting CXX compiler ABI info
[0.286s] -- Detecting CXX compiler ABI info - done
[0.294s] -- Check for working CXX compiler: /usr/bin/c++ - skipped
[0.295s] -- Detecting CXX compile features
[0.295s] -- Detecting CXX compile features - done
[0.298s] -- Found ament_cmake: 1.3.11 (/opt/ros/humble/share/ament_cmake/cmake)
[0.448s] -- Found Python3: /usr/bin/python3 (found version "3.10.12") found components: Interpreter 
[0.512s] -- Override CMake install command with custom implementation using symlinks instead of copying resources
[0.613s] -- Configuring done
[0.616s] -- Generating done
[0.618s] -- Build files have been written to: /home/sparklab/sparklab/gnss-ros_ws/build/velodyne
[0.621s] Invoked command in '/home/sparklab/sparklab/gnss-ros_ws/build/velodyne' returned '0': AMENT_PREFIX_PATH=/home/sparklab/sparklab/gnss-ros_ws/install/velodyne_pointcloud:/home/sparklab/sparklab/gnss-ros_ws/install/velodyne_driver:/home/sparklab/sparklab/gnss-ros_ws/install/velodyne_msgs:/home/sparklab/sparklab/gnss-ros_ws/install/velodyne_laserscan:${AMENT_PREFIX_PATH} CMAKE_PREFIX_PATH=/home/sparklab/sparklab/gnss-ros_ws/install/velodyne_pointcloud:/home/sparklab/sparklab/gnss-ros_ws/install/velodyne_driver:/home/sparklab/sparklab/gnss-ros_ws/install/velodyne_msgs:/home/sparklab/sparklab/gnss-ros_ws/install/velodyne_laserscan:/opt/ros/humble LD_LIBRARY_PATH=/home/sparklab/sparklab/gnss-ros_ws/install/velodyne_pointcloud/lib:/home/sparklab/sparklab/gnss-ros_ws/install/velodyne_driver/lib:/home/sparklab/sparklab/gnss-ros_ws/install/velodyne_msgs/lib:/home/sparklab/sparklab/gnss-ros_ws/install/velodyne_laserscan/lib:${LD_LIBRARY_PATH} PYTHONPATH=/home/sparklab/sparklab/gnss-ros_ws/install/velodyne_msgs/local/lib/python3.10/dist-packages:${PYTHONPATH} /usr/bin/cmake /home/sparklab/sparklab/gnss-ros_ws/src/velodyne/velodyne -DAMENT_CMAKE_SYMLINK_INSTALL=1 -DCMAKE_INSTALL_PREFIX=/home/sparklab/sparklab/gnss-ros_ws/install/velodyne
[0.623s] Invoking command in '/home/sparklab/sparklab/gnss-ros_ws/build/velodyne': AMENT_PREFIX_PATH=/home/sparklab/sparklab/gnss-ros_ws/install/velodyne_pointcloud:/home/sparklab/sparklab/gnss-ros_ws/install/velodyne_driver:/home/sparklab/sparklab/gnss-ros_ws/install/velodyne_msgs:/home/sparklab/sparklab/gnss-ros_ws/install/velodyne_laserscan:${AMENT_PREFIX_PATH} CMAKE_PREFIX_PATH=/home/sparklab/sparklab/gnss-ros_ws/install/velodyne_pointcloud:/home/sparklab/sparklab/gnss-ros_ws/install/velodyne_driver:/home/sparklab/sparklab/gnss-ros_ws/install/velodyne_msgs:/home/sparklab/sparklab/gnss-ros_ws/install/velodyne_laserscan:/opt/ros/humble LD_LIBRARY_PATH=/home/sparklab/sparklab/gnss-ros_ws/install/velodyne_pointcloud/lib:/home/sparklab/sparklab/gnss-ros_ws/install/velodyne_driver/lib:/home/sparklab/sparklab/gnss-ros_ws/install/velodyne_msgs/lib:/home/sparklab/sparklab/gnss-ros_ws/install/velodyne_laserscan/lib:${LD_LIBRARY_PATH} PYTHONPATH=/home/sparklab/sparklab/gnss-ros_ws/install/velodyne_msgs/local/lib/python3.10/dist-packages:${PYTHONPATH} /usr/bin/cmake --build /home/sparklab/sparklab/gnss-ros_ws/build/velodyne -- -j4 -l4
[0.657s] Invoked command in '/home/sparklab/sparklab/gnss-ros_ws/build/velodyne' returned '0': AMENT_PREFIX_PATH=/home/sparklab/sparklab/gnss-ros_ws/install/velodyne_pointcloud:/home/sparklab/sparklab/gnss-ros_ws/install/velodyne_driver:/home/sparklab/sparklab/gnss-ros_ws/install/velodyne_msgs:/home/sparklab/sparklab/gnss-ros_ws/install/velodyne_laserscan:${AMENT_PREFIX_PATH} CMAKE_PREFIX_PATH=/home/sparklab/sparklab/gnss-ros_ws/install/velodyne_pointcloud:/home/sparklab/sparklab/gnss-ros_ws/install/velodyne_driver:/home/sparklab/sparklab/gnss-ros_ws/install/velodyne_msgs:/home/sparklab/sparklab/gnss-ros_ws/install/velodyne_laserscan:/opt/ros/humble LD_LIBRARY_PATH=/home/sparklab/sparklab/gnss-ros_ws/install/velodyne_pointcloud/lib:/home/sparklab/sparklab/gnss-ros_ws/install/velodyne_driver/lib:/home/sparklab/sparklab/gnss-ros_ws/install/velodyne_msgs/lib:/home/sparklab/sparklab/gnss-ros_ws/install/velodyne_laserscan/lib:${LD_LIBRARY_PATH} PYTHONPATH=/home/sparklab/sparklab/gnss-ros_ws/install/velodyne_msgs/local/lib/python3.10/dist-packages:${PYTHONPATH} /usr/bin/cmake --build /home/sparklab/sparklab/gnss-ros_ws/build/velodyne -- -j4 -l4
[0.658s] Invoking command in '/home/sparklab/sparklab/gnss-ros_ws/build/velodyne': AMENT_PREFIX_PATH=/home/sparklab/sparklab/gnss-ros_ws/install/velodyne_pointcloud:/home/sparklab/sparklab/gnss-ros_ws/install/velodyne_driver:/home/sparklab/sparklab/gnss-ros_ws/install/velodyne_msgs:/home/sparklab/sparklab/gnss-ros_ws/install/velodyne_laserscan:${AMENT_PREFIX_PATH} CMAKE_PREFIX_PATH=/home/sparklab/sparklab/gnss-ros_ws/install/velodyne_pointcloud:/home/sparklab/sparklab/gnss-ros_ws/install/velodyne_driver:/home/sparklab/sparklab/gnss-ros_ws/install/velodyne_msgs:/home/sparklab/sparklab/gnss-ros_ws/install/velodyne_laserscan:/opt/ros/humble LD_LIBRARY_PATH=/home/sparklab/sparklab/gnss-ros_ws/install/velodyne_pointcloud/lib:/home/sparklab/sparklab/gnss-ros_ws/install/velodyne_driver/lib:/home/sparklab/sparklab/gnss-ros_ws/install/velodyne_msgs/lib:/home/sparklab/sparklab/gnss-ros_ws/install/velodyne_laserscan/lib:${LD_LIBRARY_PATH} PYTHONPATH=/home/sparklab/sparklab/gnss-ros_ws/install/velodyne_msgs/local/lib/python3.10/dist-packages:${PYTHONPATH} /usr/bin/cmake --install /home/sparklab/sparklab/gnss-ros_ws/build/velodyne
[0.666s] -- Install configuration: ""
[0.666s] -- Execute custom install script
[0.666s] -- Symlinking: /home/sparklab/sparklab/gnss-ros_ws/install/velodyne/share/velodyne/launch/velodyne-all-nodes-VLP16-composed-launch.py
[0.674s] -- Symlinking: /home/sparklab/sparklab/gnss-ros_ws/install/velodyne/share/velodyne/launch/velodyne-all-nodes-VLP16-launch.py
[0.682s] -- Symlinking: /home/sparklab/sparklab/gnss-ros_ws/install/velodyne/share/velodyne/launch/velodyne-all-nodes-VLP32C-composed-launch.py
[0.690s] -- Symlinking: /home/sparklab/sparklab/gnss-ros_ws/install/velodyne/share/velodyne/launch/velodyne-all-nodes-VLP32C-launch.py
[0.698s] -- Symlinking: /home/sparklab/sparklab/gnss-ros_ws/install/velodyne/share/velodyne/launch/velodyne-all-nodes-VLS128-composed-launch.py
[0.706s] -- Symlinking: /home/sparklab/sparklab/gnss-ros_ws/install/velodyne/share/velodyne/launch/velodyne-all-nodes-VLS128-launch.py
[0.714s] -- Symlinking: /home/sparklab/sparklab/gnss-ros_ws/install/velodyne/share/ament_index/resource_index/package_run_dependencies/velodyne
[0.722s] -- Symlinking: /home/sparklab/sparklab/gnss-ros_ws/install/velodyne/share/ament_index/resource_index/parent_prefix_path/velodyne
[0.730s] -- Symlinking: /home/sparklab/sparklab/gnss-ros_ws/install/velodyne/share/velodyne/environment/ament_prefix_path.sh
[0.738s] -- Symlinking: /home/sparklab/sparklab/gnss-ros_ws/install/velodyne/share/velodyne/environment/ament_prefix_path.dsv
[0.746s] -- Symlinking: /home/sparklab/sparklab/gnss-ros_ws/install/velodyne/share/velodyne/environment/path.sh
[0.753s] -- Symlinking: /home/sparklab/sparklab/gnss-ros_ws/install/velodyne/share/velodyne/environment/path.dsv
[0.761s] -- Symlinking: /home/sparklab/sparklab/gnss-ros_ws/install/velodyne/share/velodyne/local_setup.bash
[0.769s] -- Symlinking: /home/sparklab/sparklab/gnss-ros_ws/install/velodyne/share/velodyne/local_setup.sh
[0.777s] -- Symlinking: /home/sparklab/sparklab/gnss-ros_ws/install/velodyne/share/velodyne/local_setup.zsh
[0.785s] -- Symlinking: /home/sparklab/sparklab/gnss-ros_ws/install/velodyne/share/velodyne/local_setup.dsv
[0.793s] -- Symlinking: /home/sparklab/sparklab/gnss-ros_ws/install/velodyne/share/velodyne/package.dsv
[0.801s] -- Symlinking: /home/sparklab/sparklab/gnss-ros_ws/install/velodyne/share/ament_index/resource_index/packages/velodyne
[0.809s] -- Symlinking: /home/sparklab/sparklab/gnss-ros_ws/install/velodyne/share/velodyne/cmake/velodyneConfig.cmake
[0.817s] -- Symlinking: /home/sparklab/sparklab/gnss-ros_ws/install/velodyne/share/velodyne/cmake/velodyneConfig-version.cmake
[0.825s] -- Symlinking: /home/sparklab/sparklab/gnss-ros_ws/install/velodyne/share/velodyne/package.xml
[0.835s] Invoked command in '/home/sparklab/sparklab/gnss-ros_ws/build/velodyne' returned '0': AMENT_PREFIX_PATH=/home/sparklab/sparklab/gnss-ros_ws/install/velodyne_pointcloud:/home/sparklab/sparklab/gnss-ros_ws/install/velodyne_driver:/home/sparklab/sparklab/gnss-ros_ws/install/velodyne_msgs:/home/sparklab/sparklab/gnss-ros_ws/install/velodyne_laserscan:${AMENT_PREFIX_PATH} CMAKE_PREFIX_PATH=/home/sparklab/sparklab/gnss-ros_ws/install/velodyne_pointcloud:/home/sparklab/sparklab/gnss-ros_ws/install/velodyne_driver:/home/sparklab/sparklab/gnss-ros_ws/install/velodyne_msgs:/home/sparklab/sparklab/gnss-ros_ws/install/velodyne_laserscan:/opt/ros/humble LD_LIBRARY_PATH=/home/sparklab/sparklab/gnss-ros_ws/install/velodyne_pointcloud/lib:/home/sparklab/sparklab/gnss-ros_ws/install/velodyne_driver/lib:/home/sparklab/sparklab/gnss-ros_ws/install/velodyne_msgs/lib:/home/sparklab/sparklab/gnss-ros_ws/install/velodyne_laserscan/lib:${LD_LIBRARY_PATH} PYTHONPATH=/home/sparklab/sparklab/gnss-ros_ws/install/velodyne_msgs/local/lib/python3.10/dist-packages:${PYTHONPATH} /usr/bin/cmake --install /home/sparklab/sparklab/gnss-ros_ws/build/velodyne
