[0.009s] Invoking command in '/home/sparklab/sparklab/gnss-ros_ws/build/realsense2_description': AMENT_PREFIX_PATH=/home/sparklab/sparklab/gnss-ros_ws/install/realsense2_camera_msgs:${AMENT_PREFIX_PATH} CMAKE_PREFIX_PATH=/home/sparklab/sparklab/gnss-ros_ws/install/realsense2_camera_msgs:/opt/ros/humble LD_LIBRARY_PATH=/home/sparklab/sparklab/gnss-ros_ws/install/realsense2_camera_msgs/lib:${LD_LIBRARY_PATH} PYTHONPATH=/home/sparklab/sparklab/gnss-ros_ws/install/realsense2_camera_msgs/local/lib/python3.10/dist-packages:${PYTHONPATH} /usr/bin/cmake /home/sparklab/sparklab/gnss-ros_ws/src/realsense-ros/realsense2_description -DAMENT_CMAKE_SYMLINK_INSTALL=1 -DCMAKE_INSTALL_PREFIX=/home/sparklab/sparklab/gnss-ros_ws/install/realsense2_description
[0.065s] -- The C compiler identification is GNU 11.4.0
[0.121s] -- The CXX compiler identification is GNU 11.4.0
[0.128s] -- Detecting C compiler ABI info
[0.191s] -- Detecting C compiler ABI info - done
[0.198s] -- Check for working C compiler: /usr/bin/cc - skipped
[0.199s] -- Detecting C compile features
[0.199s] -- Detecting C compile features - done
[0.202s] -- Detecting CXX compiler ABI info
[0.284s] -- Detecting CXX compiler ABI info - done
[0.293s] -- Check for working CXX compiler: /usr/bin/c++ - skipped
[0.293s] -- Detecting CXX compile features
[0.293s] -- Detecting CXX compile features - done
[0.296s] -- Found ament_cmake: 1.3.11 (/opt/ros/humble/share/ament_cmake/cmake)
[0.446s] -- Found Python3: /usr/bin/python3 (found version "3.10.12") found components: Interpreter 
[0.513s] -- Override CMake install command with custom implementation using symlinks instead of copying resources
[0.611s] -- Configuring done
[0.614s] -- Generating done
[0.616s] -- Build files have been written to: /home/sparklab/sparklab/gnss-ros_ws/build/realsense2_description
[0.619s] Invoked command in '/home/sparklab/sparklab/gnss-ros_ws/build/realsense2_description' returned '0': AMENT_PREFIX_PATH=/home/sparklab/sparklab/gnss-ros_ws/install/realsense2_camera_msgs:${AMENT_PREFIX_PATH} CMAKE_PREFIX_PATH=/home/sparklab/sparklab/gnss-ros_ws/install/realsense2_camera_msgs:/opt/ros/humble LD_LIBRARY_PATH=/home/sparklab/sparklab/gnss-ros_ws/install/realsense2_camera_msgs/lib:${LD_LIBRARY_PATH} PYTHONPATH=/home/sparklab/sparklab/gnss-ros_ws/install/realsense2_camera_msgs/local/lib/python3.10/dist-packages:${PYTHONPATH} /usr/bin/cmake /home/sparklab/sparklab/gnss-ros_ws/src/realsense-ros/realsense2_description -DAMENT_CMAKE_SYMLINK_INSTALL=1 -DCMAKE_INSTALL_PREFIX=/home/sparklab/sparklab/gnss-ros_ws/install/realsense2_description
[0.621s] Invoking command in '/home/sparklab/sparklab/gnss-ros_ws/build/realsense2_description': AMENT_PREFIX_PATH=/home/sparklab/sparklab/gnss-ros_ws/install/realsense2_camera_msgs:${AMENT_PREFIX_PATH} CMAKE_PREFIX_PATH=/home/sparklab/sparklab/gnss-ros_ws/install/realsense2_camera_msgs:/opt/ros/humble LD_LIBRARY_PATH=/home/sparklab/sparklab/gnss-ros_ws/install/realsense2_camera_msgs/lib:${LD_LIBRARY_PATH} PYTHONPATH=/home/sparklab/sparklab/gnss-ros_ws/install/realsense2_camera_msgs/local/lib/python3.10/dist-packages:${PYTHONPATH} /usr/bin/cmake --build /home/sparklab/sparklab/gnss-ros_ws/build/realsense2_description -- -j4 -l4
[0.654s] Invoked command in '/home/sparklab/sparklab/gnss-ros_ws/build/realsense2_description' returned '0': AMENT_PREFIX_PATH=/home/sparklab/sparklab/gnss-ros_ws/install/realsense2_camera_msgs:${AMENT_PREFIX_PATH} CMAKE_PREFIX_PATH=/home/sparklab/sparklab/gnss-ros_ws/install/realsense2_camera_msgs:/opt/ros/humble LD_LIBRARY_PATH=/home/sparklab/sparklab/gnss-ros_ws/install/realsense2_camera_msgs/lib:${LD_LIBRARY_PATH} PYTHONPATH=/home/sparklab/sparklab/gnss-ros_ws/install/realsense2_camera_msgs/local/lib/python3.10/dist-packages:${PYTHONPATH} /usr/bin/cmake --build /home/sparklab/sparklab/gnss-ros_ws/build/realsense2_description -- -j4 -l4
[0.655s] Invoking command in '/home/sparklab/sparklab/gnss-ros_ws/build/realsense2_description': AMENT_PREFIX_PATH=/home/sparklab/sparklab/gnss-ros_ws/install/realsense2_camera_msgs:${AMENT_PREFIX_PATH} CMAKE_PREFIX_PATH=/home/sparklab/sparklab/gnss-ros_ws/install/realsense2_camera_msgs:/opt/ros/humble LD_LIBRARY_PATH=/home/sparklab/sparklab/gnss-ros_ws/install/realsense2_camera_msgs/lib:${LD_LIBRARY_PATH} PYTHONPATH=/home/sparklab/sparklab/gnss-ros_ws/install/realsense2_camera_msgs/local/lib/python3.10/dist-packages:${PYTHONPATH} /usr/bin/cmake --install /home/sparklab/sparklab/gnss-ros_ws/build/realsense2_description
[0.662s] -- Install configuration: ""
[0.662s] -- Execute custom install script
[0.663s] -- Symlinking: /home/sparklab/sparklab/gnss-ros_ws/install/realsense2_description/share/realsense2_description/launch/launch_utils.py
[0.670s] -- Symlinking: /home/sparklab/sparklab/gnss-ros_ws/install/realsense2_description/share/realsense2_description/launch/view_model.launch.py
[0.678s] -- Symlinking: /home/sparklab/sparklab/gnss-ros_ws/install/realsense2_description/share/realsense2_description/meshes/d405.stl
[0.685s] -- Symlinking: /home/sparklab/sparklab/gnss-ros_ws/install/realsense2_description/share/realsense2_description/meshes/d415.stl
[0.693s] -- Symlinking: /home/sparklab/sparklab/gnss-ros_ws/install/realsense2_description/share/realsense2_description/meshes/d435.dae
[0.700s] -- Symlinking: /home/sparklab/sparklab/gnss-ros_ws/install/realsense2_description/share/realsense2_description/meshes/d455.stl
[0.708s] -- Symlinking: /home/sparklab/sparklab/gnss-ros_ws/install/realsense2_description/share/realsense2_description/meshes/l515.dae
[0.715s] -- Symlinking: /home/sparklab/sparklab/gnss-ros_ws/install/realsense2_description/share/realsense2_description/meshes/plug.stl
[0.723s] -- Symlinking: /home/sparklab/sparklab/gnss-ros_ws/install/realsense2_description/share/realsense2_description/meshes/plug_collision.stl
[0.731s] -- Symlinking: /home/sparklab/sparklab/gnss-ros_ws/install/realsense2_description/share/realsense2_description/rviz/urdf.rviz
[0.738s] -- Symlinking: /home/sparklab/sparklab/gnss-ros_ws/install/realsense2_description/share/realsense2_description/urdf/_d405.urdf.xacro
[0.746s] -- Symlinking: /home/sparklab/sparklab/gnss-ros_ws/install/realsense2_description/share/realsense2_description/urdf/_d415.urdf.xacro
[0.753s] -- Symlinking: /home/sparklab/sparklab/gnss-ros_ws/install/realsense2_description/share/realsense2_description/urdf/_d435.urdf.xacro
[0.761s] -- Symlinking: /home/sparklab/sparklab/gnss-ros_ws/install/realsense2_description/share/realsense2_description/urdf/_d435i.urdf.xacro
[0.768s] -- Symlinking: /home/sparklab/sparklab/gnss-ros_ws/install/realsense2_description/share/realsense2_description/urdf/_d435i_imu_modules.urdf.xacro
[0.776s] -- Symlinking: /home/sparklab/sparklab/gnss-ros_ws/install/realsense2_description/share/realsense2_description/urdf/_d455.urdf.xacro
[0.783s] -- Symlinking: /home/sparklab/sparklab/gnss-ros_ws/install/realsense2_description/share/realsense2_description/urdf/_materials.urdf.xacro
[0.791s] -- Symlinking: /home/sparklab/sparklab/gnss-ros_ws/install/realsense2_description/share/realsense2_description/urdf/_r410.urdf.xacro
[0.798s] -- Symlinking: /home/sparklab/sparklab/gnss-ros_ws/install/realsense2_description/share/realsense2_description/urdf/_r430.urdf.xacro
[0.806s] -- Symlinking: /home/sparklab/sparklab/gnss-ros_ws/install/realsense2_description/share/realsense2_description/urdf/_usb_plug.urdf.xacro
[0.814s] -- Symlinking: /home/sparklab/sparklab/gnss-ros_ws/install/realsense2_description/share/realsense2_description/urdf/test_d405_camera.urdf.xacro
[0.821s] -- Symlinking: /home/sparklab/sparklab/gnss-ros_ws/install/realsense2_description/share/realsense2_description/urdf/test_d415_camera.urdf.xacro
[0.828s] -- Symlinking: /home/sparklab/sparklab/gnss-ros_ws/install/realsense2_description/share/realsense2_description/urdf/test_d435_camera.urdf.xacro
[0.836s] -- Symlinking: /home/sparklab/sparklab/gnss-ros_ws/install/realsense2_description/share/realsense2_description/urdf/test_d435_multiple_cameras.urdf.xacro
[0.844s] -- Symlinking: /home/sparklab/sparklab/gnss-ros_ws/install/realsense2_description/share/realsense2_description/urdf/test_d435i_camera.urdf.xacro
[0.852s] -- Symlinking: /home/sparklab/sparklab/gnss-ros_ws/install/realsense2_description/share/realsense2_description/urdf/test_d455_camera.urdf.xacro
[0.860s] -- Symlinking: /home/sparklab/sparklab/gnss-ros_ws/install/realsense2_description/share/realsense2_description/urdf/test_r410_camera.urdf.xacro
[0.867s] -- Symlinking: /home/sparklab/sparklab/gnss-ros_ws/install/realsense2_description/share/realsense2_description/urdf/test_r430_camera.urdf.xacro
[0.875s] -- Symlinking: /home/sparklab/sparklab/gnss-ros_ws/install/realsense2_description/share/ament_index/resource_index/package_run_dependencies/realsense2_description
[0.883s] -- Symlinking: /home/sparklab/sparklab/gnss-ros_ws/install/realsense2_description/share/ament_index/resource_index/parent_prefix_path/realsense2_description
[0.890s] -- Symlinking: /home/sparklab/sparklab/gnss-ros_ws/install/realsense2_description/share/realsense2_description/environment/ament_prefix_path.sh
[0.898s] -- Symlinking: /home/sparklab/sparklab/gnss-ros_ws/install/realsense2_description/share/realsense2_description/environment/ament_prefix_path.dsv
[0.905s] -- Symlinking: /home/sparklab/sparklab/gnss-ros_ws/install/realsense2_description/share/realsense2_description/environment/path.sh
[0.913s] -- Symlinking: /home/sparklab/sparklab/gnss-ros_ws/install/realsense2_description/share/realsense2_description/environment/path.dsv
[0.920s] -- Symlinking: /home/sparklab/sparklab/gnss-ros_ws/install/realsense2_description/share/realsense2_description/local_setup.bash
[0.928s] -- Symlinking: /home/sparklab/sparklab/gnss-ros_ws/install/realsense2_description/share/realsense2_description/local_setup.sh
[0.935s] -- Symlinking: /home/sparklab/sparklab/gnss-ros_ws/install/realsense2_description/share/realsense2_description/local_setup.zsh
[0.943s] -- Symlinking: /home/sparklab/sparklab/gnss-ros_ws/install/realsense2_description/share/realsense2_description/local_setup.dsv
[0.951s] -- Symlinking: /home/sparklab/sparklab/gnss-ros_ws/install/realsense2_description/share/realsense2_description/package.dsv
[0.958s] -- Symlinking: /home/sparklab/sparklab/gnss-ros_ws/install/realsense2_description/share/ament_index/resource_index/packages/realsense2_description
[0.966s] -- Symlinking: /home/sparklab/sparklab/gnss-ros_ws/install/realsense2_description/share/realsense2_description/cmake/realsense2_descriptionConfig.cmake
[0.974s] -- Symlinking: /home/sparklab/sparklab/gnss-ros_ws/install/realsense2_description/share/realsense2_description/cmake/realsense2_descriptionConfig-version.cmake
[0.981s] -- Symlinking: /home/sparklab/sparklab/gnss-ros_ws/install/realsense2_description/share/realsense2_description/package.xml
[0.991s] Invoked command in '/home/sparklab/sparklab/gnss-ros_ws/build/realsense2_description' returned '0': AMENT_PREFIX_PATH=/home/sparklab/sparklab/gnss-ros_ws/install/realsense2_camera_msgs:${AMENT_PREFIX_PATH} CMAKE_PREFIX_PATH=/home/sparklab/sparklab/gnss-ros_ws/install/realsense2_camera_msgs:/opt/ros/humble LD_LIBRARY_PATH=/home/sparklab/sparklab/gnss-ros_ws/install/realsense2_camera_msgs/lib:${LD_LIBRARY_PATH} PYTHONPATH=/home/sparklab/sparklab/gnss-ros_ws/install/realsense2_camera_msgs/local/lib/python3.10/dist-packages:${PYTHONPATH} /usr/bin/cmake --install /home/sparklab/sparklab/gnss-ros_ws/build/realsense2_description
