-- Create Release Build.
-- Found ament_cmake: 1.3.11 (/opt/ros/humble/share/ament_cmake/cmake)
-- Override CMake install command with custom implementation using symlinks instead of copying resources
-- Found builtin_interfaces: 1.2.1 (/opt/ros/humble/share/builtin_interfaces/cmake)
-- Found rosidl_generator_c: 3.1.6 (/opt/ros/humble/share/rosidl_generator_c/cmake)
-- Found rosidl_adapter: 3.1.6 (/opt/ros/humble/share/rosidl_adapter/cmake)
-- Found rosidl_generator_cpp: 3.1.6 (/opt/ros/humble/share/rosidl_generator_cpp/cmake)
-- Using all available rosidl_typesupport_c: rosidl_typesupport_fastrtps_c;rosidl_typesupport_introspection_c
-- Using all available rosidl_typesupport_cpp: rosidl_typesupport_fastrtps_cpp;rosidl_typesupport_introspection_cpp
-- Found cv_bridge: 3.2.1 (/opt/ros/humble/share/cv_bridge/cmake)
-- Found image_transport: 3.1.11 (/opt/ros/humble/share/image_transport/cmake)
-- Found rmw_implementation_cmake: 6.1.2 (/opt/ros/humble/share/rmw_implementation_cmake/cmake)
-- Found rmw_fastrtps_cpp: 6.2.7 (/opt/ros/humble/share/rmw_fastrtps_cpp/cmake)
-- Using RMW implementation 'rmw_fastrtps_cpp' as default
-- Found rclcpp_components: 16.0.12 (/opt/ros/humble/share/rclcpp_components/cmake)
-- Found realsense2_camera_msgs: 4.55.1 (/home/sparklab/sparklab/gnss-ros_ws/install/realsense2_camera_msgs/share/realsense2_camera_msgs/cmake)
-- Found nav_msgs: 4.8.0 (/opt/ros/humble/share/nav_msgs/cmake)
-- Found tf2_ros: 0.25.12 (/opt/ros/humble/share/tf2_ros/cmake)
-- Found diagnostic_updater: 4.0.2 (/opt/ros/humble/share/diagnostic_updater/cmake)
-- Found OpenCV: /usr (found version "4.5.4") found components: core 
-- Build for ROS2 Humble
-- Found ament_cmake_gtest: 1.3.11 (/opt/ros/humble/share/ament_cmake_gtest/cmake)
-- Found gtest sources under '/opt/ros/humble/src/gtest_vendor': C++ tests using 'Google Test' will be built
-- Found ament_cmake_pytest: 1.3.11 (/opt/ros/humble/share/ament_cmake_pytest/cmake)
-- rs_device_info:
-- Device Name                   Serial Number       Firmware Version
Intel RealSense D455          115422250396        5.16.0.1

-- D455 device found
-- Configuring done
-- Generating done
-- Build files have been written to: /home/sparklab/sparklab/gnss-ros_ws/build/realsense2_camera
[ 13%] [32mBuilding CXX object CMakeFiles/realsense2_camera_node.dir/rclcpp_components/node_main_realsense2_camera_node.cpp.o[0m
[ 13%] [32mBuilding CXX object gtest/CMakeFiles/gtest_main.dir/src/gtest_main.cc.o[0m
[ 13%] [32mBuilding CXX object CMakeFiles/realsense2_camera.dir/src/realsense_node_factory.cpp.o[0m
[ 18%] [32mBuilding CXX object gtest/CMakeFiles/gtest.dir/src/gtest-all.cc.o[0m
[ 22%] [32m[1mLinking CXX static library libgtest_main.a[0m
[ 22%] Built target gtest_main
[ 27%] [32mBuilding CXX object CMakeFiles/realsense2_camera.dir/src/base_realsense_node.cpp.o[0m
[ 31%] [32m[1mLinking CXX executable realsense2_camera_node[0m
[ 31%] Built target realsense2_camera_node
[ 36%] [32mBuilding CXX object CMakeFiles/realsense2_camera.dir/src/parameters.cpp.o[0m
[ 40%] [32m[1mLinking CXX static library libgtest.a[0m
[ 40%] Built target gtest
[ 45%] [32mBuilding CXX object CMakeFiles/realsense2_camera.dir/src/rs_node_setup.cpp.o[0m
[ 50%] [32mBuilding CXX object CMakeFiles/realsense2_camera.dir/src/ros_sensor.cpp.o[0m
[ 54%] [32mBuilding CXX object CMakeFiles/realsense2_camera.dir/src/ros_utils.cpp.o[0m
[ 59%] [32mBuilding CXX object CMakeFiles/realsense2_camera.dir/src/dynamic_params.cpp.o[0m
[ 63%] [32mBuilding CXX object CMakeFiles/realsense2_camera.dir/src/sensor_params.cpp.o[0m
[ 68%] [32mBuilding CXX object CMakeFiles/realsense2_camera.dir/src/named_filter.cpp.o[0m
[ 72%] [32mBuilding CXX object CMakeFiles/realsense2_camera.dir/src/profile_manager.cpp.o[0m
[ 77%] [32mBuilding CXX object CMakeFiles/realsense2_camera.dir/src/image_publisher.cpp.o[0m
[ 81%] [32mBuilding CXX object CMakeFiles/realsense2_camera.dir/src/tfs.cpp.o[0m
[ 86%] [32mBuilding CXX object CMakeFiles/realsense2_camera.dir/src/ros_param_backend.cpp.o[0m
[ 90%] [32mBuilding CXX object CMakeFiles/gtest_template.dir/test/gtest_template.cpp.o[0m
[ 95%] [32m[1mLinking CXX executable gtest_template[0m
[ 95%] Built target gtest_template
[100%] [32m[1mLinking CXX shared library librealsense2_camera.so[0m
[100%] Built target realsense2_camera
-- Install configuration: "Release"
-- Execute custom install script
-- Symlinking: /home/sparklab/sparklab/gnss-ros_ws/install/realsense2_camera/lib/realsense2_camera/realsense2_camera_node
-- Symlinking: /home/sparklab/sparklab/gnss-ros_ws/install/realsense2_camera/lib/librealsense2_camera.so
-- Symlinking: /home/sparklab/sparklab/gnss-ros_ws/install/realsense2_camera/include/base_realsense_node.h
-- Symlinking: /home/sparklab/sparklab/gnss-ros_ws/install/realsense2_camera/include/constants.h
-- Symlinking: /home/sparklab/sparklab/gnss-ros_ws/install/realsense2_camera/include/dynamic_params.h
-- Symlinking: /home/sparklab/sparklab/gnss-ros_ws/install/realsense2_camera/include/gl_window.h
-- Symlinking: /home/sparklab/sparklab/gnss-ros_ws/install/realsense2_camera/include/image_publisher.h
-- Symlinking: /home/sparklab/sparklab/gnss-ros_ws/install/realsense2_camera/include/named_filter.h
-- Symlinking: /home/sparklab/sparklab/gnss-ros_ws/install/realsense2_camera/include/profile_manager.h
-- Symlinking: /home/sparklab/sparklab/gnss-ros_ws/install/realsense2_camera/include/realsense_node_factory.h
-- Symlinking: /home/sparklab/sparklab/gnss-ros_ws/install/realsense2_camera/include/ros_param_backend.h
-- Symlinking: /home/sparklab/sparklab/gnss-ros_ws/install/realsense2_camera/include/ros_sensor.h
-- Symlinking: /home/sparklab/sparklab/gnss-ros_ws/install/realsense2_camera/include/ros_utils.h
-- Symlinking: /home/sparklab/sparklab/gnss-ros_ws/install/realsense2_camera/include/sensor_params.h
-- Symlinking: /home/sparklab/sparklab/gnss-ros_ws/install/realsense2_camera/share/realsense2_camera/launch/default.rviz
-- Symlinking: /home/sparklab/sparklab/gnss-ros_ws/install/realsense2_camera/share/realsense2_camera/launch/rs_intra_process_demo_launch.py
-- Symlinking: /home/sparklab/sparklab/gnss-ros_ws/install/realsense2_camera/share/realsense2_camera/launch/rs_launch.py
-- Symlinking: /home/sparklab/sparklab/gnss-ros_ws/install/realsense2_camera/share/realsense2_camera/launch/rs_multi_camera_launch.py
-- Symlinking: /home/sparklab/sparklab/gnss-ros_ws/install/realsense2_camera/share/realsense2_camera/examples/align_depth/README.md
-- Symlinking: /home/sparklab/sparklab/gnss-ros_ws/install/realsense2_camera/share/realsense2_camera/examples/align_depth/rs_align_depth_launch.py
-- Symlinking: /home/sparklab/sparklab/gnss-ros_ws/install/realsense2_camera/share/realsense2_camera/examples/dual_camera/README.md
-- Symlinking: /home/sparklab/sparklab/gnss-ros_ws/install/realsense2_camera/share/realsense2_camera/examples/dual_camera/rs_dual_camera_launch.py
-- Symlinking: /home/sparklab/sparklab/gnss-ros_ws/install/realsense2_camera/share/realsense2_camera/examples/dual_camera/rviz/dual_camera_pointcloud.rviz
-- Symlinking: /home/sparklab/sparklab/gnss-ros_ws/install/realsense2_camera/share/realsense2_camera/examples/launch_from_rosbag/README.md
-- Symlinking: /home/sparklab/sparklab/gnss-ros_ws/install/realsense2_camera/share/realsense2_camera/examples/launch_from_rosbag/rs_launch_from_rosbag.py
-- Symlinking: /home/sparklab/sparklab/gnss-ros_ws/install/realsense2_camera/share/realsense2_camera/examples/launch_params_from_file/README.md
-- Symlinking: /home/sparklab/sparklab/gnss-ros_ws/install/realsense2_camera/share/realsense2_camera/examples/launch_params_from_file/config/config.yaml
-- Symlinking: /home/sparklab/sparklab/gnss-ros_ws/install/realsense2_camera/share/realsense2_camera/examples/launch_params_from_file/rs_launch_get_params_from_yaml.py
-- Symlinking: /home/sparklab/sparklab/gnss-ros_ws/install/realsense2_camera/share/realsense2_camera/examples/pointcloud/README.md
-- Symlinking: /home/sparklab/sparklab/gnss-ros_ws/install/realsense2_camera/share/realsense2_camera/examples/pointcloud/rs_d405_pointcloud_launch.py
-- Symlinking: /home/sparklab/sparklab/gnss-ros_ws/install/realsense2_camera/share/realsense2_camera/examples/pointcloud/rs_d455_pointcloud_launch.py
-- Symlinking: /home/sparklab/sparklab/gnss-ros_ws/install/realsense2_camera/share/realsense2_camera/examples/pointcloud/rs_pointcloud_launch.py
-- Symlinking: /home/sparklab/sparklab/gnss-ros_ws/install/realsense2_camera/share/realsense2_camera/examples/pointcloud/rviz/pointcloud.rviz
-- Symlinking: /home/sparklab/sparklab/gnss-ros_ws/install/realsense2_camera/share/realsense2_camera/examples/pointcloud/rviz/urdf_pointcloud.rviz
-- Symlinking: /home/sparklab/sparklab/gnss-ros_ws/install/realsense2_camera/share/realsense2_camera/environment/library_path.sh
-- Symlinking: /home/sparklab/sparklab/gnss-ros_ws/install/realsense2_camera/share/realsense2_camera/environment/library_path.dsv
-- Symlinking: /home/sparklab/sparklab/gnss-ros_ws/install/realsense2_camera/share/ament_index/resource_index/package_run_dependencies/realsense2_camera
-- Symlinking: /home/sparklab/sparklab/gnss-ros_ws/install/realsense2_camera/share/ament_index/resource_index/parent_prefix_path/realsense2_camera
-- Symlinking: /home/sparklab/sparklab/gnss-ros_ws/install/realsense2_camera/share/realsense2_camera/environment/ament_prefix_path.sh
-- Symlinking: /home/sparklab/sparklab/gnss-ros_ws/install/realsense2_camera/share/realsense2_camera/environment/ament_prefix_path.dsv
-- Symlinking: /home/sparklab/sparklab/gnss-ros_ws/install/realsense2_camera/share/realsense2_camera/environment/path.sh
-- Symlinking: /home/sparklab/sparklab/gnss-ros_ws/install/realsense2_camera/share/realsense2_camera/environment/path.dsv
-- Symlinking: /home/sparklab/sparklab/gnss-ros_ws/install/realsense2_camera/share/realsense2_camera/local_setup.bash
-- Symlinking: /home/sparklab/sparklab/gnss-ros_ws/install/realsense2_camera/share/realsense2_camera/local_setup.sh
-- Symlinking: /home/sparklab/sparklab/gnss-ros_ws/install/realsense2_camera/share/realsense2_camera/local_setup.zsh
-- Symlinking: /home/sparklab/sparklab/gnss-ros_ws/install/realsense2_camera/share/realsense2_camera/local_setup.dsv
-- Symlinking: /home/sparklab/sparklab/gnss-ros_ws/install/realsense2_camera/share/realsense2_camera/package.dsv
-- Symlinking: /home/sparklab/sparklab/gnss-ros_ws/install/realsense2_camera/share/ament_index/resource_index/packages/realsense2_camera
-- Symlinking: /home/sparklab/sparklab/gnss-ros_ws/install/realsense2_camera/share/ament_index/resource_index/rclcpp_components/realsense2_camera
-- Symlinking: /home/sparklab/sparklab/gnss-ros_ws/install/realsense2_camera/share/realsense2_camera/cmake/ament_cmake_export_include_directories-extras.cmake
-- Symlinking: /home/sparklab/sparklab/gnss-ros_ws/install/realsense2_camera/share/realsense2_camera/cmake/ament_cmake_export_libraries-extras.cmake
-- Symlinking: /home/sparklab/sparklab/gnss-ros_ws/install/realsense2_camera/share/realsense2_camera/cmake/ament_cmake_export_dependencies-extras.cmake
-- Symlinking: /home/sparklab/sparklab/gnss-ros_ws/install/realsense2_camera/share/realsense2_camera/cmake/realsense2_cameraConfig.cmake
-- Symlinking: /home/sparklab/sparklab/gnss-ros_ws/install/realsense2_camera/share/realsense2_camera/cmake/realsense2_cameraConfig-version.cmake
-- Symlinking: /home/sparklab/sparklab/gnss-ros_ws/install/realsense2_camera/share/realsense2_camera/package.xml
