[0.009s] Invoking command in '/home/sparklab/sparklab/gnss-ros_ws/build/realsense2_camera': AMENT_PREFIX_PATH=/home/sparklab/sparklab/gnss-ros_ws/install/realsense2_camera_msgs:${AMENT_PREFIX_PATH} CMAKE_PREFIX_PATH=/home/sparklab/sparklab/gnss-ros_ws/install/realsense2_camera_msgs:/opt/ros/humble LD_LIBRARY_PATH=/home/sparklab/sparklab/gnss-ros_ws/install/realsense2_camera_msgs/lib:${LD_LIBRARY_PATH} PYTHONPATH=/home/sparklab/sparklab/gnss-ros_ws/install/realsense2_camera_msgs/local/lib/python3.10/dist-packages:${PYTHONPATH} /usr/bin/cmake /home/sparklab/sparklab/gnss-ros_ws/src/realsense-ros/realsense2_camera -DAMENT_CMAKE_SYMLINK_INSTALL=1 -DCMAKE_INSTALL_PREFIX=/home/sparklab/sparklab/gnss-ros_ws/install/realsense2_camera
[0.020s] -- Create Release Build.
[0.022s] -- Found ament_cmake: 1.3.11 (/opt/ros/humble/share/ament_cmake/cmake)
[0.145s] -- Override CMake install command with custom implementation using symlinks instead of copying resources
[0.153s] -- Found builtin_interfaces: 1.2.1 (/opt/ros/humble/share/builtin_interfaces/cmake)
[0.178s] -- Found rosidl_generator_c: 3.1.6 (/opt/ros/humble/share/rosidl_generator_c/cmake)
[0.181s] -- Found rosidl_adapter: 3.1.6 (/opt/ros/humble/share/rosidl_adapter/cmake)
[0.187s] -- Found rosidl_generator_cpp: 3.1.6 (/opt/ros/humble/share/rosidl_generator_cpp/cmake)
[0.198s] -- Using all available rosidl_typesupport_c: rosidl_typesupport_fastrtps_c;rosidl_typesupport_introspection_c
[0.212s] -- Using all available rosidl_typesupport_cpp: rosidl_typesupport_fastrtps_cpp;rosidl_typesupport_introspection_cpp
[0.224s] -- Found cv_bridge: 3.2.1 (/opt/ros/humble/share/cv_bridge/cmake)
[0.282s] -- Found image_transport: 3.1.11 (/opt/ros/humble/share/image_transport/cmake)
[0.315s] -- Found rmw_implementation_cmake: 6.1.2 (/opt/ros/humble/share/rmw_implementation_cmake/cmake)
[0.316s] -- Found rmw_fastrtps_cpp: 6.2.7 (/opt/ros/humble/share/rmw_fastrtps_cpp/cmake)
[0.434s] -- Using RMW implementation 'rmw_fastrtps_cpp' as default
[0.500s] -- Found rclcpp_components: 16.0.12 (/opt/ros/humble/share/rclcpp_components/cmake)
[0.518s] -- Found realsense2_camera_msgs: 4.55.1 (/home/sparklab/sparklab/gnss-ros_ws/install/realsense2_camera_msgs/share/realsense2_camera_msgs/cmake)
[0.538s] -- Found nav_msgs: 4.8.0 (/opt/ros/humble/share/nav_msgs/cmake)
[0.556s] -- Found tf2_ros: 0.25.12 (/opt/ros/humble/share/tf2_ros/cmake)
[0.625s] -- Found diagnostic_updater: 4.0.2 (/opt/ros/humble/share/diagnostic_updater/cmake)
[0.658s] -- Found OpenCV: /usr (found version "4.5.4") found components: core 
[0.659s] -- Build for ROS2 Humble
[0.666s] -- Found ament_cmake_gtest: 1.3.11 (/opt/ros/humble/share/ament_cmake_gtest/cmake)
[0.670s] -- Found gtest sources under '/opt/ros/humble/src/gtest_vendor': C++ tests using 'Google Test' will be built
[0.676s] -- Found ament_cmake_pytest: 1.3.11 (/opt/ros/humble/share/ament_cmake_pytest/cmake)
[3.669s] -- rs_device_info:
[3.669s] -- Device Name                   Serial Number       Firmware Version
[3.669s] Intel RealSense D455          115422250396        5.16.0.1
[3.669s] 
[3.669s] -- D455 device found
[6.179s] -- Configuring done
[6.214s] -- Generating done
[6.222s] -- Build files have been written to: /home/sparklab/sparklab/gnss-ros_ws/build/realsense2_camera
[6.231s] Invoked command in '/home/sparklab/sparklab/gnss-ros_ws/build/realsense2_camera' returned '0': AMENT_PREFIX_PATH=/home/sparklab/sparklab/gnss-ros_ws/install/realsense2_camera_msgs:${AMENT_PREFIX_PATH} CMAKE_PREFIX_PATH=/home/sparklab/sparklab/gnss-ros_ws/install/realsense2_camera_msgs:/opt/ros/humble LD_LIBRARY_PATH=/home/sparklab/sparklab/gnss-ros_ws/install/realsense2_camera_msgs/lib:${LD_LIBRARY_PATH} PYTHONPATH=/home/sparklab/sparklab/gnss-ros_ws/install/realsense2_camera_msgs/local/lib/python3.10/dist-packages:${PYTHONPATH} /usr/bin/cmake /home/sparklab/sparklab/gnss-ros_ws/src/realsense-ros/realsense2_camera -DAMENT_CMAKE_SYMLINK_INSTALL=1 -DCMAKE_INSTALL_PREFIX=/home/sparklab/sparklab/gnss-ros_ws/install/realsense2_camera
[6.233s] Invoking command in '/home/sparklab/sparklab/gnss-ros_ws/build/realsense2_camera': AMENT_PREFIX_PATH=/home/sparklab/sparklab/gnss-ros_ws/install/realsense2_camera_msgs:${AMENT_PREFIX_PATH} CMAKE_PREFIX_PATH=/home/sparklab/sparklab/gnss-ros_ws/install/realsense2_camera_msgs:/opt/ros/humble LD_LIBRARY_PATH=/home/sparklab/sparklab/gnss-ros_ws/install/realsense2_camera_msgs/lib:${LD_LIBRARY_PATH} PYTHONPATH=/home/sparklab/sparklab/gnss-ros_ws/install/realsense2_camera_msgs/local/lib/python3.10/dist-packages:${PYTHONPATH} /usr/bin/cmake --build /home/sparklab/sparklab/gnss-ros_ws/build/realsense2_camera -- -j4 -l4
[6.280s] [ 13%] [32mBuilding CXX object CMakeFiles/realsense2_camera_node.dir/rclcpp_components/node_main_realsense2_camera_node.cpp.o[0m
[6.280s] [ 13%] [32mBuilding CXX object gtest/CMakeFiles/gtest_main.dir/src/gtest_main.cc.o[0m
[6.280s] [ 13%] [32mBuilding CXX object CMakeFiles/realsense2_camera.dir/src/realsense_node_factory.cpp.o[0m
[6.282s] [ 18%] [32mBuilding CXX object gtest/CMakeFiles/gtest.dir/src/gtest-all.cc.o[0m
[6.989s] [ 22%] [32m[1mLinking CXX static library libgtest_main.a[0m
[7.031s] [ 22%] Built target gtest_main
[7.039s] [ 27%] [32mBuilding CXX object CMakeFiles/realsense2_camera.dir/src/base_realsense_node.cpp.o[0m
[10.238s] [ 31%] [32m[1mLinking CXX executable realsense2_camera_node[0m
[10.395s] [ 31%] Built target realsense2_camera_node
[10.403s] [ 36%] [32mBuilding CXX object CMakeFiles/realsense2_camera.dir/src/parameters.cpp.o[0m
[14.512s] [ 40%] [32m[1mLinking CXX static library libgtest.a[0m
[14.550s] [ 40%] Built target gtest
[14.559s] [ 45%] [32mBuilding CXX object CMakeFiles/realsense2_camera.dir/src/rs_node_setup.cpp.o[0m
[17.572s] [ 50%] [32mBuilding CXX object CMakeFiles/realsense2_camera.dir/src/ros_sensor.cpp.o[0m
[18.277s] [ 54%] [32mBuilding CXX object CMakeFiles/realsense2_camera.dir/src/ros_utils.cpp.o[0m
[22.184s] [ 59%] [32mBuilding CXX object CMakeFiles/realsense2_camera.dir/src/dynamic_params.cpp.o[0m
[22.548s] [ 63%] [32mBuilding CXX object CMakeFiles/realsense2_camera.dir/src/sensor_params.cpp.o[0m
[25.738s] [ 68%] [32mBuilding CXX object CMakeFiles/realsense2_camera.dir/src/named_filter.cpp.o[0m
[28.210s] [ 72%] [32mBuilding CXX object CMakeFiles/realsense2_camera.dir/src/profile_manager.cpp.o[0m
[28.429s] [ 77%] [32mBuilding CXX object CMakeFiles/realsense2_camera.dir/src/image_publisher.cpp.o[0m
[28.857s] [ 81%] [32mBuilding CXX object CMakeFiles/realsense2_camera.dir/src/tfs.cpp.o[0m
[34.126s] [ 86%] [32mBuilding CXX object CMakeFiles/realsense2_camera.dir/src/ros_param_backend.cpp.o[0m
[34.213s] [ 90%] [32mBuilding CXX object CMakeFiles/gtest_template.dir/test/gtest_template.cpp.o[0m
[35.118s] [ 95%] [32m[1mLinking CXX executable gtest_template[0m
[35.235s] [ 95%] Built target gtest_template
[38.896s] [100%] [32m[1mLinking CXX shared library librealsense2_camera.so[0m
[39.329s] [100%] Built target realsense2_camera
[39.339s] Invoked command in '/home/sparklab/sparklab/gnss-ros_ws/build/realsense2_camera' returned '0': AMENT_PREFIX_PATH=/home/sparklab/sparklab/gnss-ros_ws/install/realsense2_camera_msgs:${AMENT_PREFIX_PATH} CMAKE_PREFIX_PATH=/home/sparklab/sparklab/gnss-ros_ws/install/realsense2_camera_msgs:/opt/ros/humble LD_LIBRARY_PATH=/home/sparklab/sparklab/gnss-ros_ws/install/realsense2_camera_msgs/lib:${LD_LIBRARY_PATH} PYTHONPATH=/home/sparklab/sparklab/gnss-ros_ws/install/realsense2_camera_msgs/local/lib/python3.10/dist-packages:${PYTHONPATH} /usr/bin/cmake --build /home/sparklab/sparklab/gnss-ros_ws/build/realsense2_camera -- -j4 -l4
[39.341s] Invoking command in '/home/sparklab/sparklab/gnss-ros_ws/build/realsense2_camera': AMENT_PREFIX_PATH=/home/sparklab/sparklab/gnss-ros_ws/install/realsense2_camera_msgs:${AMENT_PREFIX_PATH} CMAKE_PREFIX_PATH=/home/sparklab/sparklab/gnss-ros_ws/install/realsense2_camera_msgs:/opt/ros/humble LD_LIBRARY_PATH=/home/sparklab/sparklab/gnss-ros_ws/install/realsense2_camera_msgs/lib:${LD_LIBRARY_PATH} PYTHONPATH=/home/sparklab/sparklab/gnss-ros_ws/install/realsense2_camera_msgs/local/lib/python3.10/dist-packages:${PYTHONPATH} /usr/bin/cmake --install /home/sparklab/sparklab/gnss-ros_ws/build/realsense2_camera
[39.347s] -- Install configuration: "Release"
[39.348s] -- Execute custom install script
[39.348s] -- Symlinking: /home/sparklab/sparklab/gnss-ros_ws/install/realsense2_camera/lib/realsense2_camera/realsense2_camera_node
[39.356s] -- Symlinking: /home/sparklab/sparklab/gnss-ros_ws/install/realsense2_camera/lib/librealsense2_camera.so
[39.363s] -- Symlinking: /home/sparklab/sparklab/gnss-ros_ws/install/realsense2_camera/include/base_realsense_node.h
[39.371s] -- Symlinking: /home/sparklab/sparklab/gnss-ros_ws/install/realsense2_camera/include/constants.h
[39.378s] -- Symlinking: /home/sparklab/sparklab/gnss-ros_ws/install/realsense2_camera/include/dynamic_params.h
[39.385s] -- Symlinking: /home/sparklab/sparklab/gnss-ros_ws/install/realsense2_camera/include/gl_window.h
[39.393s] -- Symlinking: /home/sparklab/sparklab/gnss-ros_ws/install/realsense2_camera/include/image_publisher.h
[39.400s] -- Symlinking: /home/sparklab/sparklab/gnss-ros_ws/install/realsense2_camera/include/named_filter.h
[39.407s] -- Symlinking: /home/sparklab/sparklab/gnss-ros_ws/install/realsense2_camera/include/profile_manager.h
[39.415s] -- Symlinking: /home/sparklab/sparklab/gnss-ros_ws/install/realsense2_camera/include/realsense_node_factory.h
[39.422s] -- Symlinking: /home/sparklab/sparklab/gnss-ros_ws/install/realsense2_camera/include/ros_param_backend.h
[39.430s] -- Symlinking: /home/sparklab/sparklab/gnss-ros_ws/install/realsense2_camera/include/ros_sensor.h
[39.437s] -- Symlinking: /home/sparklab/sparklab/gnss-ros_ws/install/realsense2_camera/include/ros_utils.h
[39.444s] -- Symlinking: /home/sparklab/sparklab/gnss-ros_ws/install/realsense2_camera/include/sensor_params.h
[39.452s] -- Symlinking: /home/sparklab/sparklab/gnss-ros_ws/install/realsense2_camera/share/realsense2_camera/launch/default.rviz
[39.459s] -- Symlinking: /home/sparklab/sparklab/gnss-ros_ws/install/realsense2_camera/share/realsense2_camera/launch/rs_intra_process_demo_launch.py
[39.467s] -- Symlinking: /home/sparklab/sparklab/gnss-ros_ws/install/realsense2_camera/share/realsense2_camera/launch/rs_launch.py
[39.474s] -- Symlinking: /home/sparklab/sparklab/gnss-ros_ws/install/realsense2_camera/share/realsense2_camera/launch/rs_multi_camera_launch.py
[39.482s] -- Symlinking: /home/sparklab/sparklab/gnss-ros_ws/install/realsense2_camera/share/realsense2_camera/examples/align_depth/README.md
[39.489s] -- Symlinking: /home/sparklab/sparklab/gnss-ros_ws/install/realsense2_camera/share/realsense2_camera/examples/align_depth/rs_align_depth_launch.py
[39.497s] -- Symlinking: /home/sparklab/sparklab/gnss-ros_ws/install/realsense2_camera/share/realsense2_camera/examples/dual_camera/README.md
[39.504s] -- Symlinking: /home/sparklab/sparklab/gnss-ros_ws/install/realsense2_camera/share/realsense2_camera/examples/dual_camera/rs_dual_camera_launch.py
[39.511s] -- Symlinking: /home/sparklab/sparklab/gnss-ros_ws/install/realsense2_camera/share/realsense2_camera/examples/dual_camera/rviz/dual_camera_pointcloud.rviz
[39.519s] -- Symlinking: /home/sparklab/sparklab/gnss-ros_ws/install/realsense2_camera/share/realsense2_camera/examples/launch_from_rosbag/README.md
[39.526s] -- Symlinking: /home/sparklab/sparklab/gnss-ros_ws/install/realsense2_camera/share/realsense2_camera/examples/launch_from_rosbag/rs_launch_from_rosbag.py
[39.533s] -- Symlinking: /home/sparklab/sparklab/gnss-ros_ws/install/realsense2_camera/share/realsense2_camera/examples/launch_params_from_file/README.md
[39.541s] -- Symlinking: /home/sparklab/sparklab/gnss-ros_ws/install/realsense2_camera/share/realsense2_camera/examples/launch_params_from_file/config/config.yaml
[39.548s] -- Symlinking: /home/sparklab/sparklab/gnss-ros_ws/install/realsense2_camera/share/realsense2_camera/examples/launch_params_from_file/rs_launch_get_params_from_yaml.py
[39.556s] -- Symlinking: /home/sparklab/sparklab/gnss-ros_ws/install/realsense2_camera/share/realsense2_camera/examples/pointcloud/README.md
[39.563s] -- Symlinking: /home/sparklab/sparklab/gnss-ros_ws/install/realsense2_camera/share/realsense2_camera/examples/pointcloud/rs_d405_pointcloud_launch.py
[39.570s] -- Symlinking: /home/sparklab/sparklab/gnss-ros_ws/install/realsense2_camera/share/realsense2_camera/examples/pointcloud/rs_d455_pointcloud_launch.py
[39.578s] -- Symlinking: /home/sparklab/sparklab/gnss-ros_ws/install/realsense2_camera/share/realsense2_camera/examples/pointcloud/rs_pointcloud_launch.py
[39.585s] -- Symlinking: /home/sparklab/sparklab/gnss-ros_ws/install/realsense2_camera/share/realsense2_camera/examples/pointcloud/rviz/pointcloud.rviz
[39.592s] -- Symlinking: /home/sparklab/sparklab/gnss-ros_ws/install/realsense2_camera/share/realsense2_camera/examples/pointcloud/rviz/urdf_pointcloud.rviz
[39.600s] -- Symlinking: /home/sparklab/sparklab/gnss-ros_ws/install/realsense2_camera/share/realsense2_camera/environment/library_path.sh
[39.607s] -- Symlinking: /home/sparklab/sparklab/gnss-ros_ws/install/realsense2_camera/share/realsense2_camera/environment/library_path.dsv
[39.615s] -- Symlinking: /home/sparklab/sparklab/gnss-ros_ws/install/realsense2_camera/share/ament_index/resource_index/package_run_dependencies/realsense2_camera
[39.622s] -- Symlinking: /home/sparklab/sparklab/gnss-ros_ws/install/realsense2_camera/share/ament_index/resource_index/parent_prefix_path/realsense2_camera
[39.630s] -- Symlinking: /home/sparklab/sparklab/gnss-ros_ws/install/realsense2_camera/share/realsense2_camera/environment/ament_prefix_path.sh
[39.637s] -- Symlinking: /home/sparklab/sparklab/gnss-ros_ws/install/realsense2_camera/share/realsense2_camera/environment/ament_prefix_path.dsv
[39.645s] -- Symlinking: /home/sparklab/sparklab/gnss-ros_ws/install/realsense2_camera/share/realsense2_camera/environment/path.sh
[39.652s] -- Symlinking: /home/sparklab/sparklab/gnss-ros_ws/install/realsense2_camera/share/realsense2_camera/environment/path.dsv
[39.660s] -- Symlinking: /home/sparklab/sparklab/gnss-ros_ws/install/realsense2_camera/share/realsense2_camera/local_setup.bash
[39.667s] -- Symlinking: /home/sparklab/sparklab/gnss-ros_ws/install/realsense2_camera/share/realsense2_camera/local_setup.sh
[39.674s] -- Symlinking: /home/sparklab/sparklab/gnss-ros_ws/install/realsense2_camera/share/realsense2_camera/local_setup.zsh
[39.682s] -- Symlinking: /home/sparklab/sparklab/gnss-ros_ws/install/realsense2_camera/share/realsense2_camera/local_setup.dsv
[39.689s] -- Symlinking: /home/sparklab/sparklab/gnss-ros_ws/install/realsense2_camera/share/realsense2_camera/package.dsv
[39.697s] -- Symlinking: /home/sparklab/sparklab/gnss-ros_ws/install/realsense2_camera/share/ament_index/resource_index/packages/realsense2_camera
[39.704s] -- Symlinking: /home/sparklab/sparklab/gnss-ros_ws/install/realsense2_camera/share/ament_index/resource_index/rclcpp_components/realsense2_camera
[39.712s] -- Symlinking: /home/sparklab/sparklab/gnss-ros_ws/install/realsense2_camera/share/realsense2_camera/cmake/ament_cmake_export_include_directories-extras.cmake
[39.719s] -- Symlinking: /home/sparklab/sparklab/gnss-ros_ws/install/realsense2_camera/share/realsense2_camera/cmake/ament_cmake_export_libraries-extras.cmake
[39.727s] -- Symlinking: /home/sparklab/sparklab/gnss-ros_ws/install/realsense2_camera/share/realsense2_camera/cmake/ament_cmake_export_dependencies-extras.cmake
[39.734s] -- Symlinking: /home/sparklab/sparklab/gnss-ros_ws/install/realsense2_camera/share/realsense2_camera/cmake/realsense2_cameraConfig.cmake
[39.742s] -- Symlinking: /home/sparklab/sparklab/gnss-ros_ws/install/realsense2_camera/share/realsense2_camera/cmake/realsense2_cameraConfig-version.cmake
[39.749s] -- Symlinking: /home/sparklab/sparklab/gnss-ros_ws/install/realsense2_camera/share/realsense2_camera/package.xml
[39.758s] Invoked command in '/home/sparklab/sparklab/gnss-ros_ws/build/realsense2_camera' returned '0': AMENT_PREFIX_PATH=/home/sparklab/sparklab/gnss-ros_ws/install/realsense2_camera_msgs:${AMENT_PREFIX_PATH} CMAKE_PREFIX_PATH=/home/sparklab/sparklab/gnss-ros_ws/install/realsense2_camera_msgs:/opt/ros/humble LD_LIBRARY_PATH=/home/sparklab/sparklab/gnss-ros_ws/install/realsense2_camera_msgs/lib:${LD_LIBRARY_PATH} PYTHONPATH=/home/sparklab/sparklab/gnss-ros_ws/install/realsense2_camera_msgs/local/lib/python3.10/dist-packages:${PYTHONPATH} /usr/bin/cmake --install /home/sparklab/sparklab/gnss-ros_ws/build/realsense2_camera
