[0.012s] Invoking command in '/home/sparklab/sparklab/gnss-ros_ws/build/ublox': AMENT_PREFIX_PATH=/home/sparklab/sparklab/gnss-ros_ws/install/ublox_gps:/home/sparklab/sparklab/gnss-ros_ws/install/ublox_msgs:/home/sparklab/sparklab/gnss-ros_ws/install/ublox_serialization:${AMENT_PREFIX_PATH} CMAKE_PREFIX_PATH=/home/sparklab/sparklab/gnss-ros_ws/install/ublox_gps:/home/sparklab/sparklab/gnss-ros_ws/install/ublox_msgs:/home/sparklab/sparklab/gnss-ros_ws/install/ublox_serialization:/home/sparklab/sparklab/gnss-ros_ws/install/velodyne:/home/sparklab/sparklab/gnss-ros_ws/install/velodyne_pointcloud:/home/sparklab/sparklab/gnss-ros_ws/install/velodyne_driver:/home/sparklab/sparklab/gnss-ros_ws/install/velodyne_msgs:/home/sparklab/sparklab/gnss-ros_ws/install/velodyne_laserscan:/home/sparklab/sparklab/gnss-ros_ws/install/realsense2_description:/home/sparklab/sparklab/gnss-ros_ws/install/realsense2_camera:/home/sparklab/sparklab/gnss-ros_ws/install/realsense2_camera_msgs:/opt/ros/humble LD_LIBRARY_PATH=/home/sparklab/sparklab/gnss-ros_ws/install/ublox_gps/lib:/home/sparklab/sparklab/gnss-ros_ws/install/ublox_msgs/lib:${LD_LIBRARY_PATH} PYTHONPATH=/home/sparklab/sparklab/gnss-ros_ws/install/ublox_msgs/local/lib/python3.10/dist-packages:${PYTHONPATH} /usr/bin/cmake /home/sparklab/sparklab/gnss-ros_ws/src/GNSS-ROS/ublox/ublox -DAMENT_CMAKE_SYMLINK_INSTALL=1 -DCMAKE_INSTALL_PREFIX=/home/sparklab/sparklab/gnss-ros_ws/install/ublox
[0.066s] -- The C compiler identification is GNU 11.4.0
[0.132s] -- The CXX compiler identification is GNU 11.4.0
[0.139s] -- Detecting C compiler ABI info
[0.209s] -- Detecting C compiler ABI info - done
[0.216s] -- Check for working C compiler: /usr/bin/cc - skipped
[0.217s] -- Detecting C compile features
[0.217s] -- Detecting C compile features - done
[0.220s] -- Detecting CXX compiler ABI info
[0.301s] -- Detecting CXX compiler ABI info - done
[0.309s] -- Check for working CXX compiler: /usr/bin/c++ - skipped
[0.309s] -- Detecting CXX compile features
[0.310s] -- Detecting CXX compile features - done
[0.314s] -- Found ament_cmake: 1.3.11 (/opt/ros/humble/share/ament_cmake/cmake)
[0.470s] -- Found Python3: /usr/bin/python3 (found version "3.10.12") found components: Interpreter 
[0.537s] -- Override CMake install command with custom implementation using symlinks instead of copying resources
[0.652s] -- Configuring done
[0.655s] -- Generating done
[0.656s] -- Build files have been written to: /home/sparklab/sparklab/gnss-ros_ws/build/ublox
[0.660s] Invoked command in '/home/sparklab/sparklab/gnss-ros_ws/build/ublox' returned '0': AMENT_PREFIX_PATH=/home/sparklab/sparklab/gnss-ros_ws/install/ublox_gps:/home/sparklab/sparklab/gnss-ros_ws/install/ublox_msgs:/home/sparklab/sparklab/gnss-ros_ws/install/ublox_serialization:${AMENT_PREFIX_PATH} CMAKE_PREFIX_PATH=/home/sparklab/sparklab/gnss-ros_ws/install/ublox_gps:/home/sparklab/sparklab/gnss-ros_ws/install/ublox_msgs:/home/sparklab/sparklab/gnss-ros_ws/install/ublox_serialization:/home/sparklab/sparklab/gnss-ros_ws/install/velodyne:/home/sparklab/sparklab/gnss-ros_ws/install/velodyne_pointcloud:/home/sparklab/sparklab/gnss-ros_ws/install/velodyne_driver:/home/sparklab/sparklab/gnss-ros_ws/install/velodyne_msgs:/home/sparklab/sparklab/gnss-ros_ws/install/velodyne_laserscan:/home/sparklab/sparklab/gnss-ros_ws/install/realsense2_description:/home/sparklab/sparklab/gnss-ros_ws/install/realsense2_camera:/home/sparklab/sparklab/gnss-ros_ws/install/realsense2_camera_msgs:/opt/ros/humble LD_LIBRARY_PATH=/home/sparklab/sparklab/gnss-ros_ws/install/ublox_gps/lib:/home/sparklab/sparklab/gnss-ros_ws/install/ublox_msgs/lib:${LD_LIBRARY_PATH} PYTHONPATH=/home/sparklab/sparklab/gnss-ros_ws/install/ublox_msgs/local/lib/python3.10/dist-packages:${PYTHONPATH} /usr/bin/cmake /home/sparklab/sparklab/gnss-ros_ws/src/GNSS-ROS/ublox/ublox -DAMENT_CMAKE_SYMLINK_INSTALL=1 -DCMAKE_INSTALL_PREFIX=/home/sparklab/sparklab/gnss-ros_ws/install/ublox
[0.661s] Invoking command in '/home/sparklab/sparklab/gnss-ros_ws/build/ublox': AMENT_PREFIX_PATH=/home/sparklab/sparklab/gnss-ros_ws/install/ublox_gps:/home/sparklab/sparklab/gnss-ros_ws/install/ublox_msgs:/home/sparklab/sparklab/gnss-ros_ws/install/ublox_serialization:${AMENT_PREFIX_PATH} CMAKE_PREFIX_PATH=/home/sparklab/sparklab/gnss-ros_ws/install/ublox_gps:/home/sparklab/sparklab/gnss-ros_ws/install/ublox_msgs:/home/sparklab/sparklab/gnss-ros_ws/install/ublox_serialization:/home/sparklab/sparklab/gnss-ros_ws/install/velodyne:/home/sparklab/sparklab/gnss-ros_ws/install/velodyne_pointcloud:/home/sparklab/sparklab/gnss-ros_ws/install/velodyne_driver:/home/sparklab/sparklab/gnss-ros_ws/install/velodyne_msgs:/home/sparklab/sparklab/gnss-ros_ws/install/velodyne_laserscan:/home/sparklab/sparklab/gnss-ros_ws/install/realsense2_description:/home/sparklab/sparklab/gnss-ros_ws/install/realsense2_camera:/home/sparklab/sparklab/gnss-ros_ws/install/realsense2_camera_msgs:/opt/ros/humble LD_LIBRARY_PATH=/home/sparklab/sparklab/gnss-ros_ws/install/ublox_gps/lib:/home/sparklab/sparklab/gnss-ros_ws/install/ublox_msgs/lib:${LD_LIBRARY_PATH} PYTHONPATH=/home/sparklab/sparklab/gnss-ros_ws/install/ublox_msgs/local/lib/python3.10/dist-packages:${PYTHONPATH} /usr/bin/cmake --build /home/sparklab/sparklab/gnss-ros_ws/build/ublox -- -j4 -l4
[0.699s] Invoked command in '/home/sparklab/sparklab/gnss-ros_ws/build/ublox' returned '0': AMENT_PREFIX_PATH=/home/sparklab/sparklab/gnss-ros_ws/install/ublox_gps:/home/sparklab/sparklab/gnss-ros_ws/install/ublox_msgs:/home/sparklab/sparklab/gnss-ros_ws/install/ublox_serialization:${AMENT_PREFIX_PATH} CMAKE_PREFIX_PATH=/home/sparklab/sparklab/gnss-ros_ws/install/ublox_gps:/home/sparklab/sparklab/gnss-ros_ws/install/ublox_msgs:/home/sparklab/sparklab/gnss-ros_ws/install/ublox_serialization:/home/sparklab/sparklab/gnss-ros_ws/install/velodyne:/home/sparklab/sparklab/gnss-ros_ws/install/velodyne_pointcloud:/home/sparklab/sparklab/gnss-ros_ws/install/velodyne_driver:/home/sparklab/sparklab/gnss-ros_ws/install/velodyne_msgs:/home/sparklab/sparklab/gnss-ros_ws/install/velodyne_laserscan:/home/sparklab/sparklab/gnss-ros_ws/install/realsense2_description:/home/sparklab/sparklab/gnss-ros_ws/install/realsense2_camera:/home/sparklab/sparklab/gnss-ros_ws/install/realsense2_camera_msgs:/opt/ros/humble LD_LIBRARY_PATH=/home/sparklab/sparklab/gnss-ros_ws/install/ublox_gps/lib:/home/sparklab/sparklab/gnss-ros_ws/install/ublox_msgs/lib:${LD_LIBRARY_PATH} PYTHONPATH=/home/sparklab/sparklab/gnss-ros_ws/install/ublox_msgs/local/lib/python3.10/dist-packages:${PYTHONPATH} /usr/bin/cmake --build /home/sparklab/sparklab/gnss-ros_ws/build/ublox -- -j4 -l4
[0.700s] Invoking command in '/home/sparklab/sparklab/gnss-ros_ws/build/ublox': AMENT_PREFIX_PATH=/home/sparklab/sparklab/gnss-ros_ws/install/ublox_gps:/home/sparklab/sparklab/gnss-ros_ws/install/ublox_msgs:/home/sparklab/sparklab/gnss-ros_ws/install/ublox_serialization:${AMENT_PREFIX_PATH} CMAKE_PREFIX_PATH=/home/sparklab/sparklab/gnss-ros_ws/install/ublox_gps:/home/sparklab/sparklab/gnss-ros_ws/install/ublox_msgs:/home/sparklab/sparklab/gnss-ros_ws/install/ublox_serialization:/home/sparklab/sparklab/gnss-ros_ws/install/velodyne:/home/sparklab/sparklab/gnss-ros_ws/install/velodyne_pointcloud:/home/sparklab/sparklab/gnss-ros_ws/install/velodyne_driver:/home/sparklab/sparklab/gnss-ros_ws/install/velodyne_msgs:/home/sparklab/sparklab/gnss-ros_ws/install/velodyne_laserscan:/home/sparklab/sparklab/gnss-ros_ws/install/realsense2_description:/home/sparklab/sparklab/gnss-ros_ws/install/realsense2_camera:/home/sparklab/sparklab/gnss-ros_ws/install/realsense2_camera_msgs:/opt/ros/humble LD_LIBRARY_PATH=/home/sparklab/sparklab/gnss-ros_ws/install/ublox_gps/lib:/home/sparklab/sparklab/gnss-ros_ws/install/ublox_msgs/lib:${LD_LIBRARY_PATH} PYTHONPATH=/home/sparklab/sparklab/gnss-ros_ws/install/ublox_msgs/local/lib/python3.10/dist-packages:${PYTHONPATH} /usr/bin/cmake --install /home/sparklab/sparklab/gnss-ros_ws/build/ublox
[0.708s] -- Install configuration: ""
[0.708s] -- Execute custom install script
[0.708s] -- Symlinking: /home/sparklab/sparklab/gnss-ros_ws/install/ublox/share/ament_index/resource_index/package_run_dependencies/ublox
[0.717s] -- Symlinking: /home/sparklab/sparklab/gnss-ros_ws/install/ublox/share/ament_index/resource_index/parent_prefix_path/ublox
[0.726s] -- Symlinking: /home/sparklab/sparklab/gnss-ros_ws/install/ublox/share/ublox/environment/ament_prefix_path.sh
[0.734s] -- Symlinking: /home/sparklab/sparklab/gnss-ros_ws/install/ublox/share/ublox/environment/ament_prefix_path.dsv
[0.743s] -- Symlinking: /home/sparklab/sparklab/gnss-ros_ws/install/ublox/share/ublox/environment/path.sh
[0.751s] -- Symlinking: /home/sparklab/sparklab/gnss-ros_ws/install/ublox/share/ublox/environment/path.dsv
[0.760s] -- Symlinking: /home/sparklab/sparklab/gnss-ros_ws/install/ublox/share/ublox/local_setup.bash
[0.768s] -- Symlinking: /home/sparklab/sparklab/gnss-ros_ws/install/ublox/share/ublox/local_setup.sh
[0.777s] -- Symlinking: /home/sparklab/sparklab/gnss-ros_ws/install/ublox/share/ublox/local_setup.zsh
[0.785s] -- Symlinking: /home/sparklab/sparklab/gnss-ros_ws/install/ublox/share/ublox/local_setup.dsv
[0.794s] -- Symlinking: /home/sparklab/sparklab/gnss-ros_ws/install/ublox/share/ublox/package.dsv
[0.803s] -- Symlinking: /home/sparklab/sparklab/gnss-ros_ws/install/ublox/share/ament_index/resource_index/packages/ublox
[0.811s] -- Symlinking: /home/sparklab/sparklab/gnss-ros_ws/install/ublox/share/ublox/cmake/ubloxConfig.cmake
[0.820s] -- Symlinking: /home/sparklab/sparklab/gnss-ros_ws/install/ublox/share/ublox/cmake/ubloxConfig-version.cmake
[0.828s] -- Symlinking: /home/sparklab/sparklab/gnss-ros_ws/install/ublox/share/ublox/package.xml
[0.839s] Invoked command in '/home/sparklab/sparklab/gnss-ros_ws/build/ublox' returned '0': AMENT_PREFIX_PATH=/home/sparklab/sparklab/gnss-ros_ws/install/ublox_gps:/home/sparklab/sparklab/gnss-ros_ws/install/ublox_msgs:/home/sparklab/sparklab/gnss-ros_ws/install/ublox_serialization:${AMENT_PREFIX_PATH} CMAKE_PREFIX_PATH=/home/sparklab/sparklab/gnss-ros_ws/install/ublox_gps:/home/sparklab/sparklab/gnss-ros_ws/install/ublox_msgs:/home/sparklab/sparklab/gnss-ros_ws/install/ublox_serialization:/home/sparklab/sparklab/gnss-ros_ws/install/velodyne:/home/sparklab/sparklab/gnss-ros_ws/install/velodyne_pointcloud:/home/sparklab/sparklab/gnss-ros_ws/install/velodyne_driver:/home/sparklab/sparklab/gnss-ros_ws/install/velodyne_msgs:/home/sparklab/sparklab/gnss-ros_ws/install/velodyne_laserscan:/home/sparklab/sparklab/gnss-ros_ws/install/realsense2_description:/home/sparklab/sparklab/gnss-ros_ws/install/realsense2_camera:/home/sparklab/sparklab/gnss-ros_ws/install/realsense2_camera_msgs:/opt/ros/humble LD_LIBRARY_PATH=/home/sparklab/sparklab/gnss-ros_ws/install/ublox_gps/lib:/home/sparklab/sparklab/gnss-ros_ws/install/ublox_msgs/lib:${LD_LIBRARY_PATH} PYTHONPATH=/home/sparklab/sparklab/gnss-ros_ws/install/ublox_msgs/local/lib/python3.10/dist-packages:${PYTHONPATH} /usr/bin/cmake --install /home/sparklab/sparklab/gnss-ros_ws/build/ublox
