[0.018s] Invoking command in '/home/sparklab/sparklab/gnss-ros_ws/build/velodyne_msgs': CMAKE_PREFIX_PATH=${CMAKE_PREFIX_PATH}:/opt/ros/humble /usr/bin/cmake --build /home/sparklab/sparklab/gnss-ros_ws/build/velodyne_msgs -- -j4 -l4
[0.100s] [  2%] Built target velodyne_msgs__cpp
[0.104s] [ 12%] Built target velodyne_msgs__rosidl_generator_c
[0.119s] [ 12%] Built target ament_cmake_python_symlink_velodyne_msgs
[0.176s] [ 23%] Built target velodyne_msgs__rosidl_typesupport_cpp
[0.181s] [ 33%] Built target velodyne_msgs__rosidl_typesupport_fastrtps_cpp
[0.184s] [ 43%] Built target velodyne_msgs__rosidl_typesupport_c
[0.194s] [ 53%] Built target velodyne_msgs__rosidl_typesupport_introspection_c
[0.215s] [ 64%] Built target velodyne_msgs__rosidl_typesupport_introspection_cpp
[0.244s] [ 74%] Built target velodyne_msgs__rosidl_typesupport_fastrtps_c
[0.311s] [ 74%] Built target velodyne_msgs
[0.382s] [ 76%] Built target velodyne_msgs__py
[0.457s] running egg_info
[0.458s] writing velodyne_msgs.egg-info/PKG-INFO
[0.458s] writing dependency_links to velodyne_msgs.egg-info/dependency_links.txt
[0.458s] writing top-level names to velodyne_msgs.egg-info/top_level.txt
[0.461s] reading manifest file 'velodyne_msgs.egg-info/SOURCES.txt'
[0.461s] writing manifest file 'velodyne_msgs.egg-info/SOURCES.txt'
[0.496s] [ 84%] Built target velodyne_msgs__rosidl_generator_py
[0.501s] [ 84%] Built target ament_cmake_python_build_velodyne_msgs_egg
[0.558s] [ 89%] Built target velodyne_msgs__rosidl_typesupport_fastrtps_c__pyext
[0.561s] [ 94%] Built target velodyne_msgs__rosidl_typesupport_introspection_c__pyext
[0.567s] [100%] Built target velodyne_msgs__rosidl_typesupport_c__pyext
[0.620s] Invoked command in '/home/sparklab/sparklab/gnss-ros_ws/build/velodyne_msgs' returned '0': CMAKE_PREFIX_PATH=${CMAKE_PREFIX_PATH}:/opt/ros/humble /usr/bin/cmake --build /home/sparklab/sparklab/gnss-ros_ws/build/velodyne_msgs -- -j4 -l4
[0.621s] Invoking command in '/home/sparklab/sparklab/gnss-ros_ws/build/velodyne_msgs': CMAKE_PREFIX_PATH=${CMAKE_PREFIX_PATH}:/opt/ros/humble /usr/bin/cmake --install /home/sparklab/sparklab/gnss-ros_ws/build/velodyne_msgs
[0.630s] -- Install configuration: ""
[0.630s] -- Execute custom install script
[0.631s] -- Up-to-date symlink: /home/sparklab/sparklab/gnss-ros_ws/install/velodyne_msgs/share/ament_index/resource_index/rosidl_interfaces/velodyne_msgs
[0.631s] -- Up-to-date symlink: /home/sparklab/sparklab/gnss-ros_ws/install/velodyne_msgs/include/velodyne_msgs/velodyne_msgs/msg/detail/velodyne_packet__functions.h
[0.631s] -- Up-to-date symlink: /home/sparklab/sparklab/gnss-ros_ws/install/velodyne_msgs/include/velodyne_msgs/velodyne_msgs/msg/detail/velodyne_packet__struct.h
[0.631s] -- Up-to-date symlink: /home/sparklab/sparklab/gnss-ros_ws/install/velodyne_msgs/include/velodyne_msgs/velodyne_msgs/msg/detail/velodyne_packet__type_support.h
[0.632s] -- Up-to-date symlink: /home/sparklab/sparklab/gnss-ros_ws/install/velodyne_msgs/include/velodyne_msgs/velodyne_msgs/msg/detail/velodyne_scan__functions.h
[0.632s] -- Up-to-date symlink: /home/sparklab/sparklab/gnss-ros_ws/install/velodyne_msgs/include/velodyne_msgs/velodyne_msgs/msg/detail/velodyne_scan__struct.h
[0.632s] -- Up-to-date symlink: /home/sparklab/sparklab/gnss-ros_ws/install/velodyne_msgs/include/velodyne_msgs/velodyne_msgs/msg/detail/velodyne_scan__type_support.h
[0.632s] -- Up-to-date symlink: /home/sparklab/sparklab/gnss-ros_ws/install/velodyne_msgs/include/velodyne_msgs/velodyne_msgs/msg/rosidl_generator_c__visibility_control.h
[0.632s] -- Up-to-date symlink: /home/sparklab/sparklab/gnss-ros_ws/install/velodyne_msgs/include/velodyne_msgs/velodyne_msgs/msg/velodyne_packet.h
[0.632s] -- Up-to-date symlink: /home/sparklab/sparklab/gnss-ros_ws/install/velodyne_msgs/include/velodyne_msgs/velodyne_msgs/msg/velodyne_scan.h
[0.633s] -- Up-to-date symlink: /home/sparklab/sparklab/gnss-ros_ws/install/velodyne_msgs/share/velodyne_msgs/environment/library_path.sh
[0.633s] -- Up-to-date symlink: /home/sparklab/sparklab/gnss-ros_ws/install/velodyne_msgs/share/velodyne_msgs/environment/library_path.dsv
[0.633s] -- Up-to-date symlink: /home/sparklab/sparklab/gnss-ros_ws/install/velodyne_msgs/include/velodyne_msgs/velodyne_msgs/msg/detail/velodyne_packet__rosidl_typesupport_fastrtps_c.h
[0.634s] -- Up-to-date symlink: /home/sparklab/sparklab/gnss-ros_ws/install/velodyne_msgs/include/velodyne_msgs/velodyne_msgs/msg/detail/velodyne_scan__rosidl_typesupport_fastrtps_c.h
[0.634s] -- Up-to-date symlink: /home/sparklab/sparklab/gnss-ros_ws/install/velodyne_msgs/include/velodyne_msgs/velodyne_msgs/msg/rosidl_typesupport_fastrtps_c__visibility_control.h
[0.634s] -- Up-to-date symlink: /home/sparklab/sparklab/gnss-ros_ws/install/velodyne_msgs/include/velodyne_msgs/velodyne_msgs/msg/detail/velodyne_packet__builder.hpp
[0.635s] -- Up-to-date symlink: /home/sparklab/sparklab/gnss-ros_ws/install/velodyne_msgs/include/velodyne_msgs/velodyne_msgs/msg/detail/velodyne_packet__struct.hpp
[0.635s] -- Up-to-date symlink: /home/sparklab/sparklab/gnss-ros_ws/install/velodyne_msgs/include/velodyne_msgs/velodyne_msgs/msg/detail/velodyne_packet__traits.hpp
[0.635s] -- Up-to-date symlink: /home/sparklab/sparklab/gnss-ros_ws/install/velodyne_msgs/include/velodyne_msgs/velodyne_msgs/msg/detail/velodyne_packet__type_support.hpp
[0.636s] -- Up-to-date symlink: /home/sparklab/sparklab/gnss-ros_ws/install/velodyne_msgs/include/velodyne_msgs/velodyne_msgs/msg/detail/velodyne_scan__builder.hpp
[0.636s] -- Up-to-date symlink: /home/sparklab/sparklab/gnss-ros_ws/install/velodyne_msgs/include/velodyne_msgs/velodyne_msgs/msg/detail/velodyne_scan__struct.hpp
[0.636s] -- Up-to-date symlink: /home/sparklab/sparklab/gnss-ros_ws/install/velodyne_msgs/include/velodyne_msgs/velodyne_msgs/msg/detail/velodyne_scan__traits.hpp
[0.636s] -- Up-to-date symlink: /home/sparklab/sparklab/gnss-ros_ws/install/velodyne_msgs/include/velodyne_msgs/velodyne_msgs/msg/detail/velodyne_scan__type_support.hpp
[0.637s] -- Up-to-date symlink: /home/sparklab/sparklab/gnss-ros_ws/install/velodyne_msgs/include/velodyne_msgs/velodyne_msgs/msg/rosidl_generator_cpp__visibility_control.hpp
[0.637s] -- Up-to-date symlink: /home/sparklab/sparklab/gnss-ros_ws/install/velodyne_msgs/include/velodyne_msgs/velodyne_msgs/msg/velodyne_packet.hpp
[0.637s] -- Up-to-date symlink: /home/sparklab/sparklab/gnss-ros_ws/install/velodyne_msgs/include/velodyne_msgs/velodyne_msgs/msg/velodyne_scan.hpp
[0.638s] -- Up-to-date symlink: /home/sparklab/sparklab/gnss-ros_ws/install/velodyne_msgs/include/velodyne_msgs/velodyne_msgs/msg/detail/velodyne_packet__rosidl_typesupport_fastrtps_cpp.hpp
[0.638s] -- Up-to-date symlink: /home/sparklab/sparklab/gnss-ros_ws/install/velodyne_msgs/include/velodyne_msgs/velodyne_msgs/msg/detail/velodyne_scan__rosidl_typesupport_fastrtps_cpp.hpp
[0.638s] -- Up-to-date symlink: /home/sparklab/sparklab/gnss-ros_ws/install/velodyne_msgs/include/velodyne_msgs/velodyne_msgs/msg/rosidl_typesupport_fastrtps_cpp__visibility_control.h
[0.639s] -- Up-to-date symlink: /home/sparklab/sparklab/gnss-ros_ws/install/velodyne_msgs/include/velodyne_msgs/velodyne_msgs/msg/detail/velodyne_packet__rosidl_typesupport_introspection_c.h
[0.639s] -- Up-to-date symlink: /home/sparklab/sparklab/gnss-ros_ws/install/velodyne_msgs/include/velodyne_msgs/velodyne_msgs/msg/detail/velodyne_scan__rosidl_typesupport_introspection_c.h
[0.639s] -- Up-to-date symlink: /home/sparklab/sparklab/gnss-ros_ws/install/velodyne_msgs/include/velodyne_msgs/velodyne_msgs/msg/rosidl_typesupport_introspection_c__visibility_control.h
[0.640s] -- Up-to-date symlink: /home/sparklab/sparklab/gnss-ros_ws/install/velodyne_msgs/include/velodyne_msgs/velodyne_msgs/msg/detail/velodyne_packet__rosidl_typesupport_introspection_cpp.hpp
[0.640s] -- Up-to-date symlink: /home/sparklab/sparklab/gnss-ros_ws/install/velodyne_msgs/include/velodyne_msgs/velodyne_msgs/msg/detail/velodyne_scan__rosidl_typesupport_introspection_cpp.hpp
[0.640s] -- Up-to-date symlink: /home/sparklab/sparklab/gnss-ros_ws/install/velodyne_msgs/share/velodyne_msgs/environment/pythonpath.sh
[0.641s] -- Up-to-date symlink: /home/sparklab/sparklab/gnss-ros_ws/install/velodyne_msgs/share/velodyne_msgs/environment/pythonpath.dsv
[0.641s] -- Up-to-date symlink: /home/sparklab/sparklab/gnss-ros_ws/install/velodyne_msgs/local/lib/python3.10/dist-packages/velodyne_msgs-2.5.1-py3.10.egg-info/PKG-INFO
[0.641s] -- Up-to-date symlink: /home/sparklab/sparklab/gnss-ros_ws/install/velodyne_msgs/local/lib/python3.10/dist-packages/velodyne_msgs-2.5.1-py3.10.egg-info/SOURCES.txt
[0.642s] -- Up-to-date symlink: /home/sparklab/sparklab/gnss-ros_ws/install/velodyne_msgs/local/lib/python3.10/dist-packages/velodyne_msgs-2.5.1-py3.10.egg-info/dependency_links.txt
[0.642s] -- Up-to-date symlink: /home/sparklab/sparklab/gnss-ros_ws/install/velodyne_msgs/local/lib/python3.10/dist-packages/velodyne_msgs-2.5.1-py3.10.egg-info/top_level.txt
[0.643s] -- Up-to-date symlink: /home/sparklab/sparklab/gnss-ros_ws/install/velodyne_msgs/local/lib/python3.10/dist-packages/velodyne_msgs/__init__.py
[0.643s] -- Up-to-date symlink: /home/sparklab/sparklab/gnss-ros_ws/install/velodyne_msgs/local/lib/python3.10/dist-packages/velodyne_msgs/_velodyne_msgs_s.ep.rosidl_typesupport_c.c
[0.643s] -- Up-to-date symlink: /home/sparklab/sparklab/gnss-ros_ws/install/velodyne_msgs/local/lib/python3.10/dist-packages/velodyne_msgs/_velodyne_msgs_s.ep.rosidl_typesupport_fastrtps_c.c
[0.644s] -- Up-to-date symlink: /home/sparklab/sparklab/gnss-ros_ws/install/velodyne_msgs/local/lib/python3.10/dist-packages/velodyne_msgs/_velodyne_msgs_s.ep.rosidl_typesupport_introspection_c.c
[0.644s] -- Up-to-date symlink: /home/sparklab/sparklab/gnss-ros_ws/install/velodyne_msgs/local/lib/python3.10/dist-packages/velodyne_msgs/libvelodyne_msgs__rosidl_generator_py.so
[0.644s] -- Up-to-date symlink: /home/sparklab/sparklab/gnss-ros_ws/install/velodyne_msgs/local/lib/python3.10/dist-packages/velodyne_msgs/msg/__init__.py
[0.644s] -- Up-to-date symlink: /home/sparklab/sparklab/gnss-ros_ws/install/velodyne_msgs/local/lib/python3.10/dist-packages/velodyne_msgs/msg/_velodyne_packet.py
[0.644s] -- Up-to-date symlink: /home/sparklab/sparklab/gnss-ros_ws/install/velodyne_msgs/local/lib/python3.10/dist-packages/velodyne_msgs/msg/_velodyne_packet_s.c
[0.645s] -- Up-to-date symlink: /home/sparklab/sparklab/gnss-ros_ws/install/velodyne_msgs/local/lib/python3.10/dist-packages/velodyne_msgs/msg/_velodyne_scan.py
[0.645s] -- Up-to-date symlink: /home/sparklab/sparklab/gnss-ros_ws/install/velodyne_msgs/local/lib/python3.10/dist-packages/velodyne_msgs/msg/_velodyne_scan_s.c
[0.645s] -- Up-to-date symlink: /home/sparklab/sparklab/gnss-ros_ws/install/velodyne_msgs/local/lib/python3.10/dist-packages/velodyne_msgs/velodyne_msgs_s__rosidl_typesupport_c.cpython-310-x86_64-linux-gnu.so
[0.645s] -- Up-to-date symlink: /home/sparklab/sparklab/gnss-ros_ws/install/velodyne_msgs/local/lib/python3.10/dist-packages/velodyne_msgs/velodyne_msgs_s__rosidl_typesupport_fastrtps_c.cpython-310-x86_64-linux-gnu.so
[0.646s] -- Up-to-date symlink: /home/sparklab/sparklab/gnss-ros_ws/install/velodyne_msgs/local/lib/python3.10/dist-packages/velodyne_msgs/velodyne_msgs_s__rosidl_typesupport_introspection_c.cpython-310-x86_64-linux-gnu.so
[0.646s] -- Up-to-date symlink: /home/sparklab/sparklab/gnss-ros_ws/install/velodyne_msgs/local/lib/python3.10/dist-packages/velodyne_msgs/velodyne_msgs_s__rosidl_typesupport_fastrtps_c.cpython-310-x86_64-linux-gnu.so
[0.647s] -- Up-to-date symlink: /home/sparklab/sparklab/gnss-ros_ws/install/velodyne_msgs/local/lib/python3.10/dist-packages/velodyne_msgs/velodyne_msgs_s__rosidl_typesupport_introspection_c.cpython-310-x86_64-linux-gnu.so
[0.647s] -- Up-to-date symlink: /home/sparklab/sparklab/gnss-ros_ws/install/velodyne_msgs/local/lib/python3.10/dist-packages/velodyne_msgs/velodyne_msgs_s__rosidl_typesupport_c.cpython-310-x86_64-linux-gnu.so
[0.647s] -- Up-to-date symlink: /home/sparklab/sparklab/gnss-ros_ws/install/velodyne_msgs/share/velodyne_msgs/msg/VelodynePacket.idl
[0.648s] -- Up-to-date symlink: /home/sparklab/sparklab/gnss-ros_ws/install/velodyne_msgs/share/velodyne_msgs/msg/VelodyneScan.idl
[0.648s] -- Up-to-date symlink: /home/sparklab/sparklab/gnss-ros_ws/install/velodyne_msgs/share/velodyne_msgs/msg/VelodynePacket.msg
[0.648s] -- Up-to-date symlink: /home/sparklab/sparklab/gnss-ros_ws/install/velodyne_msgs/share/velodyne_msgs/msg/VelodyneScan.msg
[0.649s] -- Up-to-date symlink: /home/sparklab/sparklab/gnss-ros_ws/install/velodyne_msgs/share/ament_index/resource_index/package_run_dependencies/velodyne_msgs
[0.649s] -- Up-to-date symlink: /home/sparklab/sparklab/gnss-ros_ws/install/velodyne_msgs/share/ament_index/resource_index/parent_prefix_path/velodyne_msgs
[0.649s] -- Up-to-date symlink: /home/sparklab/sparklab/gnss-ros_ws/install/velodyne_msgs/share/velodyne_msgs/environment/ament_prefix_path.sh
[0.649s] -- Up-to-date symlink: /home/sparklab/sparklab/gnss-ros_ws/install/velodyne_msgs/share/velodyne_msgs/environment/ament_prefix_path.dsv
[0.650s] -- Up-to-date symlink: /home/sparklab/sparklab/gnss-ros_ws/install/velodyne_msgs/share/velodyne_msgs/environment/path.sh
[0.658s] -- Up-to-date symlink: /home/sparklab/sparklab/gnss-ros_ws/install/velodyne_msgs/share/velodyne_msgs/environment/path.dsv
[0.658s] -- Up-to-date symlink: /home/sparklab/sparklab/gnss-ros_ws/install/velodyne_msgs/share/velodyne_msgs/local_setup.bash
[0.658s] -- Up-to-date symlink: /home/sparklab/sparklab/gnss-ros_ws/install/velodyne_msgs/share/velodyne_msgs/local_setup.sh
[0.658s] -- Up-to-date symlink: /home/sparklab/sparklab/gnss-ros_ws/install/velodyne_msgs/share/velodyne_msgs/local_setup.zsh
[0.658s] -- Up-to-date symlink: /home/sparklab/sparklab/gnss-ros_ws/install/velodyne_msgs/share/velodyne_msgs/local_setup.dsv
[0.658s] -- Symlinking: /home/sparklab/sparklab/gnss-ros_ws/install/velodyne_msgs/share/velodyne_msgs/package.dsv
[0.660s] -- Up-to-date symlink: /home/sparklab/sparklab/gnss-ros_ws/install/velodyne_msgs/share/ament_index/resource_index/packages/velodyne_msgs
[0.661s] -- Up-to-date symlink: /home/sparklab/sparklab/gnss-ros_ws/install/velodyne_msgs/share/velodyne_msgs/cmake/rosidl_cmake-extras.cmake
[0.661s] -- Up-to-date symlink: /home/sparklab/sparklab/gnss-ros_ws/install/velodyne_msgs/share/velodyne_msgs/cmake/ament_cmake_export_dependencies-extras.cmake
[0.661s] -- Up-to-date symlink: /home/sparklab/sparklab/gnss-ros_ws/install/velodyne_msgs/share/velodyne_msgs/cmake/ament_cmake_export_include_directories-extras.cmake
[0.661s] -- Up-to-date symlink: /home/sparklab/sparklab/gnss-ros_ws/install/velodyne_msgs/share/velodyne_msgs/cmake/ament_cmake_export_libraries-extras.cmake
[0.662s] -- Up-to-date symlink: /home/sparklab/sparklab/gnss-ros_ws/install/velodyne_msgs/share/velodyne_msgs/cmake/ament_cmake_export_targets-extras.cmake
[0.662s] -- Up-to-date symlink: /home/sparklab/sparklab/gnss-ros_ws/install/velodyne_msgs/share/velodyne_msgs/cmake/rosidl_cmake_export_typesupport_targets-extras.cmake
[0.667s] -- Up-to-date symlink: /home/sparklab/sparklab/gnss-ros_ws/install/velodyne_msgs/share/velodyne_msgs/cmake/rosidl_cmake_export_typesupport_libraries-extras.cmake
[0.667s] -- Up-to-date symlink: /home/sparklab/sparklab/gnss-ros_ws/install/velodyne_msgs/share/velodyne_msgs/cmake/velodyne_msgsConfig.cmake
[0.667s] -- Up-to-date symlink: /home/sparklab/sparklab/gnss-ros_ws/install/velodyne_msgs/share/velodyne_msgs/cmake/velodyne_msgsConfig-version.cmake
[0.667s] -- Up-to-date symlink: /home/sparklab/sparklab/gnss-ros_ws/install/velodyne_msgs/share/velodyne_msgs/package.xml
[0.667s] -- Up-to-date: /home/sparklab/sparklab/gnss-ros_ws/install/velodyne_msgs/lib/libvelodyne_msgs__rosidl_generator_c.so
[0.668s] -- Up-to-date: /home/sparklab/sparklab/gnss-ros_ws/install/velodyne_msgs/lib/libvelodyne_msgs__rosidl_typesupport_fastrtps_c.so
[0.668s] -- Up-to-date: /home/sparklab/sparklab/gnss-ros_ws/install/velodyne_msgs/lib/libvelodyne_msgs__rosidl_typesupport_fastrtps_cpp.so
[0.668s] -- Up-to-date: /home/sparklab/sparklab/gnss-ros_ws/install/velodyne_msgs/lib/libvelodyne_msgs__rosidl_typesupport_introspection_c.so
[0.668s] -- Up-to-date: /home/sparklab/sparklab/gnss-ros_ws/install/velodyne_msgs/lib/libvelodyne_msgs__rosidl_typesupport_c.so
[0.668s] -- Up-to-date: /home/sparklab/sparklab/gnss-ros_ws/install/velodyne_msgs/lib/libvelodyne_msgs__rosidl_typesupport_introspection_cpp.so
[0.668s] -- Up-to-date: /home/sparklab/sparklab/gnss-ros_ws/install/velodyne_msgs/lib/libvelodyne_msgs__rosidl_typesupport_cpp.so
[0.702s] Listing '/home/sparklab/sparklab/gnss-ros_ws/install/velodyne_msgs/local/lib/python3.10/dist-packages/velodyne_msgs'...
[0.702s] Listing '/home/sparklab/sparklab/gnss-ros_ws/install/velodyne_msgs/local/lib/python3.10/dist-packages/velodyne_msgs/msg'...
[0.708s] -- Up-to-date: /home/sparklab/sparklab/gnss-ros_ws/install/velodyne_msgs/lib/libvelodyne_msgs__rosidl_generator_py.so
[0.709s] -- Up-to-date: /home/sparklab/sparklab/gnss-ros_ws/install/velodyne_msgs/share/velodyne_msgs/cmake/export_velodyne_msgs__rosidl_generator_cExport.cmake
[0.711s] -- Up-to-date: /home/sparklab/sparklab/gnss-ros_ws/install/velodyne_msgs/share/velodyne_msgs/cmake/export_velodyne_msgs__rosidl_generator_cExport-noconfig.cmake
[0.712s] -- Up-to-date: /home/sparklab/sparklab/gnss-ros_ws/install/velodyne_msgs/share/velodyne_msgs/cmake/export_velodyne_msgs__rosidl_typesupport_fastrtps_cExport.cmake
[0.713s] -- Up-to-date: /home/sparklab/sparklab/gnss-ros_ws/install/velodyne_msgs/share/velodyne_msgs/cmake/export_velodyne_msgs__rosidl_typesupport_fastrtps_cExport-noconfig.cmake
[0.714s] -- Up-to-date: /home/sparklab/sparklab/gnss-ros_ws/install/velodyne_msgs/share/velodyne_msgs/cmake/export_velodyne_msgs__rosidl_generator_cppExport.cmake
[0.715s] -- Up-to-date: /home/sparklab/sparklab/gnss-ros_ws/install/velodyne_msgs/share/velodyne_msgs/cmake/export_velodyne_msgs__rosidl_typesupport_fastrtps_cppExport.cmake
[0.715s] -- Up-to-date: /home/sparklab/sparklab/gnss-ros_ws/install/velodyne_msgs/share/velodyne_msgs/cmake/export_velodyne_msgs__rosidl_typesupport_fastrtps_cppExport-noconfig.cmake
[0.715s] -- Up-to-date: /home/sparklab/sparklab/gnss-ros_ws/install/velodyne_msgs/share/velodyne_msgs/cmake/velodyne_msgs__rosidl_typesupport_introspection_cExport.cmake
[0.715s] -- Up-to-date: /home/sparklab/sparklab/gnss-ros_ws/install/velodyne_msgs/share/velodyne_msgs/cmake/velodyne_msgs__rosidl_typesupport_introspection_cExport-noconfig.cmake
[0.715s] -- Up-to-date: /home/sparklab/sparklab/gnss-ros_ws/install/velodyne_msgs/share/velodyne_msgs/cmake/velodyne_msgs__rosidl_typesupport_cExport.cmake
[0.715s] -- Up-to-date: /home/sparklab/sparklab/gnss-ros_ws/install/velodyne_msgs/share/velodyne_msgs/cmake/velodyne_msgs__rosidl_typesupport_cExport-noconfig.cmake
[0.716s] -- Up-to-date: /home/sparklab/sparklab/gnss-ros_ws/install/velodyne_msgs/share/velodyne_msgs/cmake/velodyne_msgs__rosidl_typesupport_introspection_cppExport.cmake
[0.716s] -- Up-to-date: /home/sparklab/sparklab/gnss-ros_ws/install/velodyne_msgs/share/velodyne_msgs/cmake/velodyne_msgs__rosidl_typesupport_introspection_cppExport-noconfig.cmake
[0.716s] -- Up-to-date: /home/sparklab/sparklab/gnss-ros_ws/install/velodyne_msgs/share/velodyne_msgs/cmake/velodyne_msgs__rosidl_typesupport_cppExport.cmake
[0.716s] -- Up-to-date: /home/sparklab/sparklab/gnss-ros_ws/install/velodyne_msgs/share/velodyne_msgs/cmake/velodyne_msgs__rosidl_typesupport_cppExport-noconfig.cmake
[0.716s] -- Up-to-date: /home/sparklab/sparklab/gnss-ros_ws/install/velodyne_msgs/share/velodyne_msgs/cmake/export_velodyne_msgs__rosidl_generator_pyExport.cmake
[0.716s] -- Up-to-date: /home/sparklab/sparklab/gnss-ros_ws/install/velodyne_msgs/share/velodyne_msgs/cmake/export_velodyne_msgs__rosidl_generator_pyExport-noconfig.cmake
[0.716s] Invoked command in '/home/sparklab/sparklab/gnss-ros_ws/build/velodyne_msgs' returned '0': CMAKE_PREFIX_PATH=${CMAKE_PREFIX_PATH}:/opt/ros/humble /usr/bin/cmake --install /home/sparklab/sparklab/gnss-ros_ws/build/velodyne_msgs
