[0.024s] Invoking command in '/home/sparklab/sparklab/gnss-ros_ws/build/velodyne_driver': CMAKE_PREFIX_PATH=/home/sparklab/sparklab/gnss-ros_ws/install/velodyne_msgs:/home/sparklab/sparklab/gnss-ros_ws/install/velodyne:/home/sparklab/sparklab/gnss-ros_ws/install/velodyne_pointcloud:/home/sparklab/sparklab/gnss-ros_ws/install/velodyne_driver:/home/sparklab/sparklab/gnss-ros_ws/install/velodyne_laserscan:/home/sparklab/sparklab/gnss-ros_ws/install/realsense2_description:/home/sparklab/sparklab/gnss-ros_ws/install/realsense2_camera:/home/sparklab/sparklab/gnss-ros_ws/install/realsense2_camera_msgs:/opt/ros/humble LD_LIBRARY_PATH=/home/sparklab/sparklab/gnss-ros_ws/install/velodyne_msgs/lib:/home/sparklab/sparklab/gnss-ros_ws/install/velodyne_pointcloud/lib:/home/sparklab/sparklab/gnss-ros_ws/install/velodyne_driver/lib:/home/sparklab/sparklab/gnss-ros_ws/install/velodyne_laserscan/lib:/home/sparklab/sparklab/gnss-ros_ws/install/realsense2_camera/lib:/home/sparklab/sparklab/gnss-ros_ws/install/realsense2_camera_msgs/lib:/opt/ros/humble/opt/rviz_ogre_vendor/lib:/opt/ros/humble/lib/x86_64-linux-gnu:/opt/ros/humble/lib /usr/bin/cmake --build /home/sparklab/sparklab/gnss-ros_ws/build/velodyne_driver -- -j4 -l4
[0.106s] [35m[1mConsolidate compiler generated dependencies of target velodyne_input[0m
[0.145s] [ 16%] Built target gtest_main
[0.158s] [ 33%] Built target gtest
[0.165s] [ 50%] Built target velodyne_input
[0.188s] [35m[1mConsolidate compiler generated dependencies of target time_test[0m
[0.196s] [35m[1mConsolidate compiler generated dependencies of target velodyne_driver[0m
[0.216s] [ 66%] Built target time_test
[0.225s] [ 83%] Built target velodyne_driver
[0.237s] [35m[1mConsolidate compiler generated dependencies of target velodyne_driver_node[0m
[0.261s] [100%] Built target velodyne_driver_node
[0.281s] Invoked command in '/home/sparklab/sparklab/gnss-ros_ws/build/velodyne_driver' returned '0': CMAKE_PREFIX_PATH=/home/sparklab/sparklab/gnss-ros_ws/install/velodyne_msgs:/home/sparklab/sparklab/gnss-ros_ws/install/velodyne:/home/sparklab/sparklab/gnss-ros_ws/install/velodyne_pointcloud:/home/sparklab/sparklab/gnss-ros_ws/install/velodyne_driver:/home/sparklab/sparklab/gnss-ros_ws/install/velodyne_laserscan:/home/sparklab/sparklab/gnss-ros_ws/install/realsense2_description:/home/sparklab/sparklab/gnss-ros_ws/install/realsense2_camera:/home/sparklab/sparklab/gnss-ros_ws/install/realsense2_camera_msgs:/opt/ros/humble LD_LIBRARY_PATH=/home/sparklab/sparklab/gnss-ros_ws/install/velodyne_msgs/lib:/home/sparklab/sparklab/gnss-ros_ws/install/velodyne_pointcloud/lib:/home/sparklab/sparklab/gnss-ros_ws/install/velodyne_driver/lib:/home/sparklab/sparklab/gnss-ros_ws/install/velodyne_laserscan/lib:/home/sparklab/sparklab/gnss-ros_ws/install/realsense2_camera/lib:/home/sparklab/sparklab/gnss-ros_ws/install/realsense2_camera_msgs/lib:/opt/ros/humble/opt/rviz_ogre_vendor/lib:/opt/ros/humble/lib/x86_64-linux-gnu:/opt/ros/humble/lib /usr/bin/cmake --build /home/sparklab/sparklab/gnss-ros_ws/build/velodyne_driver -- -j4 -l4
[0.281s] Invoking command in '/home/sparklab/sparklab/gnss-ros_ws/build/velodyne_driver': CMAKE_PREFIX_PATH=/home/sparklab/sparklab/gnss-ros_ws/install/velodyne_msgs:/home/sparklab/sparklab/gnss-ros_ws/install/velodyne:/home/sparklab/sparklab/gnss-ros_ws/install/velodyne_pointcloud:/home/sparklab/sparklab/gnss-ros_ws/install/velodyne_driver:/home/sparklab/sparklab/gnss-ros_ws/install/velodyne_laserscan:/home/sparklab/sparklab/gnss-ros_ws/install/realsense2_description:/home/sparklab/sparklab/gnss-ros_ws/install/realsense2_camera:/home/sparklab/sparklab/gnss-ros_ws/install/realsense2_camera_msgs:/opt/ros/humble LD_LIBRARY_PATH=/home/sparklab/sparklab/gnss-ros_ws/install/velodyne_msgs/lib:/home/sparklab/sparklab/gnss-ros_ws/install/velodyne_pointcloud/lib:/home/sparklab/sparklab/gnss-ros_ws/install/velodyne_driver/lib:/home/sparklab/sparklab/gnss-ros_ws/install/velodyne_laserscan/lib:/home/sparklab/sparklab/gnss-ros_ws/install/realsense2_camera/lib:/home/sparklab/sparklab/gnss-ros_ws/install/realsense2_camera_msgs/lib:/opt/ros/humble/opt/rviz_ogre_vendor/lib:/opt/ros/humble/lib/x86_64-linux-gnu:/opt/ros/humble/lib /usr/bin/cmake --install /home/sparklab/sparklab/gnss-ros_ws/build/velodyne_driver
[0.289s] -- Install configuration: ""
[0.289s] -- Execute custom install script
[0.289s] -- Up-to-date symlink: /home/sparklab/sparklab/gnss-ros_ws/install/velodyne_driver/lib/velodyne_driver/velodyne_driver_node
[0.293s] -- Up-to-date symlink: /home/sparklab/sparklab/gnss-ros_ws/install/velodyne_driver/include/velodyne_driver/driver.hpp
[0.293s] -- Up-to-date symlink: /home/sparklab/sparklab/gnss-ros_ws/install/velodyne_driver/include/velodyne_driver/input.hpp
[0.293s] -- Up-to-date symlink: /home/sparklab/sparklab/gnss-ros_ws/install/velodyne_driver/include/velodyne_driver/time_conversion.hpp
[0.293s] -- Up-to-date symlink: /home/sparklab/sparklab/gnss-ros_ws/install/velodyne_driver/share/velodyne_driver/config/VLP16-velodyne_driver_node-params.yaml
[0.294s] -- Up-to-date symlink: /home/sparklab/sparklab/gnss-ros_ws/install/velodyne_driver/share/velodyne_driver/config/VLP32C-velodyne_driver_node-params.yaml
[0.294s] -- Up-to-date symlink: /home/sparklab/sparklab/gnss-ros_ws/install/velodyne_driver/share/velodyne_driver/config/VLS128-velodyne_driver_node-params.yaml
[0.294s] -- Up-to-date symlink: /home/sparklab/sparklab/gnss-ros_ws/install/velodyne_driver/share/velodyne_driver/launch/velodyne_driver_node-VLP16-composed-launch.py
[0.294s] -- Up-to-date symlink: /home/sparklab/sparklab/gnss-ros_ws/install/velodyne_driver/share/velodyne_driver/launch/velodyne_driver_node-VLP16-launch.py
[0.294s] -- Up-to-date symlink: /home/sparklab/sparklab/gnss-ros_ws/install/velodyne_driver/share/velodyne_driver/launch/velodyne_driver_node-VLP32C-composed-launch.py
[0.294s] -- Up-to-date symlink: /home/sparklab/sparklab/gnss-ros_ws/install/velodyne_driver/share/velodyne_driver/launch/velodyne_driver_node-VLP32C-launch.py
[0.294s] -- Up-to-date symlink: /home/sparklab/sparklab/gnss-ros_ws/install/velodyne_driver/share/velodyne_driver/launch/velodyne_driver_node-VLS128-composed-launch.py
[0.294s] -- Up-to-date symlink: /home/sparklab/sparklab/gnss-ros_ws/install/velodyne_driver/share/velodyne_driver/launch/velodyne_driver_node-VLS128-launch.py
[0.294s] -- Up-to-date symlink: /home/sparklab/sparklab/gnss-ros_ws/install/velodyne_driver/lib/velodyne_driver/vdump
[0.294s] -- Up-to-date symlink: /home/sparklab/sparklab/gnss-ros_ws/install/velodyne_driver/share/ament_index/resource_index/package_run_dependencies/velodyne_driver
[0.294s] -- Up-to-date symlink: /home/sparklab/sparklab/gnss-ros_ws/install/velodyne_driver/share/ament_index/resource_index/parent_prefix_path/velodyne_driver
[0.301s] -- Up-to-date symlink: /home/sparklab/sparklab/gnss-ros_ws/install/velodyne_driver/share/velodyne_driver/environment/ament_prefix_path.sh
[0.301s] -- Up-to-date symlink: /home/sparklab/sparklab/gnss-ros_ws/install/velodyne_driver/share/velodyne_driver/environment/ament_prefix_path.dsv
[0.301s] -- Up-to-date symlink: /home/sparklab/sparklab/gnss-ros_ws/install/velodyne_driver/share/velodyne_driver/environment/path.sh
[0.301s] -- Up-to-date symlink: /home/sparklab/sparklab/gnss-ros_ws/install/velodyne_driver/share/velodyne_driver/environment/path.dsv
[0.301s] -- Up-to-date symlink: /home/sparklab/sparklab/gnss-ros_ws/install/velodyne_driver/share/velodyne_driver/local_setup.bash
[0.301s] -- Up-to-date symlink: /home/sparklab/sparklab/gnss-ros_ws/install/velodyne_driver/share/velodyne_driver/local_setup.sh
[0.301s] -- Up-to-date symlink: /home/sparklab/sparklab/gnss-ros_ws/install/velodyne_driver/share/velodyne_driver/local_setup.zsh
[0.302s] -- Up-to-date symlink: /home/sparklab/sparklab/gnss-ros_ws/install/velodyne_driver/share/velodyne_driver/local_setup.dsv
[0.302s] -- Symlinking: /home/sparklab/sparklab/gnss-ros_ws/install/velodyne_driver/share/velodyne_driver/package.dsv
[0.303s] -- Up-to-date symlink: /home/sparklab/sparklab/gnss-ros_ws/install/velodyne_driver/share/ament_index/resource_index/packages/velodyne_driver
[0.304s] -- Up-to-date symlink: /home/sparklab/sparklab/gnss-ros_ws/install/velodyne_driver/share/ament_index/resource_index/rclcpp_components/velodyne_driver
[0.304s] -- Up-to-date symlink: /home/sparklab/sparklab/gnss-ros_ws/install/velodyne_driver/share/velodyne_driver/cmake/ament_cmake_export_include_directories-extras.cmake
[0.304s] -- Up-to-date symlink: /home/sparklab/sparklab/gnss-ros_ws/install/velodyne_driver/share/velodyne_driver/cmake/ament_cmake_export_targets-extras.cmake
[0.304s] -- Up-to-date symlink: /home/sparklab/sparklab/gnss-ros_ws/install/velodyne_driver/share/velodyne_driver/cmake/ament_cmake_export_dependencies-extras.cmake
[0.304s] -- Up-to-date symlink: /home/sparklab/sparklab/gnss-ros_ws/install/velodyne_driver/share/velodyne_driver/cmake/velodyne_driverConfig.cmake
[0.304s] -- Up-to-date symlink: /home/sparklab/sparklab/gnss-ros_ws/install/velodyne_driver/share/velodyne_driver/cmake/velodyne_driverConfig-version.cmake
[0.305s] -- Up-to-date symlink: /home/sparklab/sparklab/gnss-ros_ws/install/velodyne_driver/share/velodyne_driver/package.xml
[0.305s] -- Up-to-date: /home/sparklab/sparklab/gnss-ros_ws/install/velodyne_driver/lib/libvelodyne_input.so
[0.305s] -- Up-to-date: /home/sparklab/sparklab/gnss-ros_ws/install/velodyne_driver/lib/libvelodyne_driver.so
[0.306s] -- Up-to-date: /home/sparklab/sparklab/gnss-ros_ws/install/velodyne_driver/share/velodyne_driver/cmake/velodyne_driverExport.cmake
[0.306s] -- Up-to-date: /home/sparklab/sparklab/gnss-ros_ws/install/velodyne_driver/share/velodyne_driver/cmake/velodyne_driverExport-noconfig.cmake
[0.318s] Invoked command in '/home/sparklab/sparklab/gnss-ros_ws/build/velodyne_driver' returned '0': CMAKE_PREFIX_PATH=/home/sparklab/sparklab/gnss-ros_ws/install/velodyne_msgs:/home/sparklab/sparklab/gnss-ros_ws/install/velodyne:/home/sparklab/sparklab/gnss-ros_ws/install/velodyne_pointcloud:/home/sparklab/sparklab/gnss-ros_ws/install/velodyne_driver:/home/sparklab/sparklab/gnss-ros_ws/install/velodyne_laserscan:/home/sparklab/sparklab/gnss-ros_ws/install/realsense2_description:/home/sparklab/sparklab/gnss-ros_ws/install/realsense2_camera:/home/sparklab/sparklab/gnss-ros_ws/install/realsense2_camera_msgs:/opt/ros/humble LD_LIBRARY_PATH=/home/sparklab/sparklab/gnss-ros_ws/install/velodyne_msgs/lib:/home/sparklab/sparklab/gnss-ros_ws/install/velodyne_pointcloud/lib:/home/sparklab/sparklab/gnss-ros_ws/install/velodyne_driver/lib:/home/sparklab/sparklab/gnss-ros_ws/install/velodyne_laserscan/lib:/home/sparklab/sparklab/gnss-ros_ws/install/realsense2_camera/lib:/home/sparklab/sparklab/gnss-ros_ws/install/realsense2_camera_msgs/lib:/opt/ros/humble/opt/rviz_ogre_vendor/lib:/opt/ros/humble/lib/x86_64-linux-gnu:/opt/ros/humble/lib /usr/bin/cmake --install /home/sparklab/sparklab/gnss-ros_ws/build/velodyne_driver
